-------- Aggregate Performance --------
 WRITE Checkpoint Perf: 38679.2 BW[MB/s] 207444901888 Bytes 5.11477 MaxTime[sec] 
-------- Aggregate Performance --------
 READ Restart Perf: 991153 BW[MB/s] 207444901888 Bytes 0.199601 MaxTime[sec] 
 CONTENTS VERIFIED... Success 
The DiffOfTime = 12.180122496
193M	/lustre/ovis/darshanTest/darshan-Part00000000-of-00000512.data
228M	/lustre/ovis/darshanTest/darshan-Part00000001-of-00000512.data
180M	/lustre/ovis/darshanTest/darshan-Part00000002-of-00000512.data
241M	/lustre/ovis/darshanTest/darshan-Part00000003-of-00000512.data
226M	/lustre/ovis/darshanTest/darshan-Part00000004-of-00000512.data
237M	/lustre/ovis/darshanTest/darshan-Part00000005-of-00000512.data
259M	/lustre/ovis/darshanTest/darshan-Part00000006-of-00000512.data
162M	/lustre/ovis/darshanTest/darshan-Part00000007-of-00000512.data
182M	/lustre/ovis/darshanTest/darshan-Part00000008-of-00000512.data
117M	/lustre/ovis/darshanTest/darshan-Part00000009-of-00000512.data
150M	/lustre/ovis/darshanTest/darshan-Part00000010-of-00000512.data
216M	/lustre/ovis/darshanTest/darshan-Part00000011-of-00000512.data
276M	/lustre/ovis/darshanTest/darshan-Part00000012-of-00000512.data
211M	/lustre/ovis/darshanTest/darshan-Part00000013-of-00000512.data
245M	/lustre/ovis/darshanTest/darshan-Part00000014-of-00000512.data
187M	/lustre/ovis/darshanTest/darshan-Part00000015-of-00000512.data
162M	/lustre/ovis/darshanTest/darshan-Part00000016-of-00000512.data
118M	/lustre/ovis/darshanTest/darshan-Part00000017-of-00000512.data
223M	/lustre/ovis/darshanTest/darshan-Part00000018-of-00000512.data
168M	/lustre/ovis/darshanTest/darshan-Part00000019-of-00000512.data
217M	/lustre/ovis/darshanTest/darshan-Part00000020-of-00000512.data
167M	/lustre/ovis/darshanTest/darshan-Part00000021-of-00000512.data
228M	/lustre/ovis/darshanTest/darshan-Part00000022-of-00000512.data
335M	/lustre/ovis/darshanTest/darshan-Part00000023-of-00000512.data
133M	/lustre/ovis/darshanTest/darshan-Part00000024-of-00000512.data
197M	/lustre/ovis/darshanTest/darshan-Part00000025-of-00000512.data
213M	/lustre/ovis/darshanTest/darshan-Part00000026-of-00000512.data
264M	/lustre/ovis/darshanTest/darshan-Part00000027-of-00000512.data
167M	/lustre/ovis/darshanTest/darshan-Part00000028-of-00000512.data
201M	/lustre/ovis/darshanTest/darshan-Part00000029-of-00000512.data
169M	/lustre/ovis/darshanTest/darshan-Part00000030-of-00000512.data
194M	/lustre/ovis/darshanTest/darshan-Part00000031-of-00000512.data
379M	/lustre/ovis/darshanTest/darshan-Part00000032-of-00000512.data
379M	/lustre/ovis/darshanTest/darshan-Part00000033-of-00000512.data
379M	/lustre/ovis/darshanTest/darshan-Part00000034-of-00000512.data
379M	/lustre/ovis/darshanTest/darshan-Part00000035-of-00000512.data
379M	/lustre/ovis/darshanTest/darshan-Part00000036-of-00000512.data
379M	/lustre/ovis/darshanTest/darshan-Part00000037-of-00000512.data
379M	/lustre/ovis/darshanTest/darshan-Part00000038-of-00000512.data
379M	/lustre/ovis/darshanTest/darshan-Part00000039-of-00000512.data
378M	/lustre/ovis/darshanTest/darshan-Part00000040-of-00000512.data
331M	/lustre/ovis/darshanTest/darshan-Part00000041-of-00000512.data
457M	/lustre/ovis/darshanTest/darshan-Part00000042-of-00000512.data
379M	/lustre/ovis/darshanTest/darshan-Part00000043-of-00000512.data
379M	/lustre/ovis/darshanTest/darshan-Part00000044-of-00000512.data
379M	/lustre/ovis/darshanTest/darshan-Part00000045-of-00000512.data
379M	/lustre/ovis/darshanTest/darshan-Part00000046-of-00000512.data
378M	/lustre/ovis/darshanTest/darshan-Part00000047-of-00000512.data
378M	/lustre/ovis/darshanTest/darshan-Part00000048-of-00000512.data
378M	/lustre/ovis/darshanTest/darshan-Part00000049-of-00000512.data
379M	/lustre/ovis/darshanTest/darshan-Part00000050-of-00000512.data
379M	/lustre/ovis/darshanTest/darshan-Part00000051-of-00000512.data
379M	/lustre/ovis/darshanTest/darshan-Part00000052-of-00000512.data
378M	/lustre/ovis/darshanTest/darshan-Part00000053-of-00000512.data
379M	/lustre/ovis/darshanTest/darshan-Part00000054-of-00000512.data
379M	/lustre/ovis/darshanTest/darshan-Part00000055-of-00000512.data
379M	/lustre/ovis/darshanTest/darshan-Part00000056-of-00000512.data
379M	/lustre/ovis/darshanTest/darshan-Part00000057-of-00000512.data
379M	/lustre/ovis/darshanTest/darshan-Part00000058-of-00000512.data
378M	/lustre/ovis/darshanTest/darshan-Part00000059-of-00000512.data
379M	/lustre/ovis/darshanTest/darshan-Part00000060-of-00000512.data
379M	/lustre/ovis/darshanTest/darshan-Part00000061-of-00000512.data
379M	/lustre/ovis/darshanTest/darshan-Part00000062-of-00000512.data
379M	/lustre/ovis/darshanTest/darshan-Part00000063-of-00000512.data
379M	/lustre/ovis/darshanTest/darshan-Part00000064-of-00000512.data
378M	/lustre/ovis/darshanTest/darshan-Part00000065-of-00000512.data
379M	/lustre/ovis/darshanTest/darshan-Part00000066-of-00000512.data
379M	/lustre/ovis/darshanTest/darshan-Part00000067-of-00000512.data
378M	/lustre/ovis/darshanTest/darshan-Part00000068-of-00000512.data
378M	/lustre/ovis/darshanTest/darshan-Part00000069-of-00000512.data
379M	/lustre/ovis/darshanTest/darshan-Part00000070-of-00000512.data
378M	/lustre/ovis/darshanTest/darshan-Part00000071-of-00000512.data
378M	/lustre/ovis/darshanTest/darshan-Part00000072-of-00000512.data
377M	/lustre/ovis/darshanTest/darshan-Part00000073-of-00000512.data
378M	/lustre/ovis/darshanTest/darshan-Part00000074-of-00000512.data
378M	/lustre/ovis/darshanTest/darshan-Part00000075-of-00000512.data
378M	/lustre/ovis/darshanTest/darshan-Part00000076-of-00000512.data
378M	/lustre/ovis/darshanTest/darshan-Part00000077-of-00000512.data
379M	/lustre/ovis/darshanTest/darshan-Part00000078-of-00000512.data
378M	/lustre/ovis/darshanTest/darshan-Part00000079-of-00000512.data
379M	/lustre/ovis/darshanTest/darshan-Part00000080-of-00000512.data
379M	/lustre/ovis/darshanTest/darshan-Part00000081-of-00000512.data
379M	/lustre/ovis/darshanTest/darshan-Part00000082-of-00000512.data
378M	/lustre/ovis/darshanTest/darshan-Part00000083-of-00000512.data
378M	/lustre/ovis/darshanTest/darshan-Part00000084-of-00000512.data
378M	/lustre/ovis/darshanTest/darshan-Part00000085-of-00000512.data
378M	/lustre/ovis/darshanTest/darshan-Part00000086-of-00000512.data
379M	/lustre/ovis/darshanTest/darshan-Part00000087-of-00000512.data
378M	/lustre/ovis/darshanTest/darshan-Part00000088-of-00000512.data
378M	/lustre/ovis/darshanTest/darshan-Part00000089-of-00000512.data
378M	/lustre/ovis/darshanTest/darshan-Part00000090-of-00000512.data
379M	/lustre/ovis/darshanTest/darshan-Part00000091-of-00000512.data
378M	/lustre/ovis/darshanTest/darshan-Part00000092-of-00000512.data
378M	/lustre/ovis/darshanTest/darshan-Part00000093-of-00000512.data
378M	/lustre/ovis/darshanTest/darshan-Part00000094-of-00000512.data
378M	/lustre/ovis/darshanTest/darshan-Part00000095-of-00000512.data
378M	/lustre/ovis/darshanTest/darshan-Part00000096-of-00000512.data
379M	/lustre/ovis/darshanTest/darshan-Part00000097-of-00000512.data
378M	/lustre/ovis/darshanTest/darshan-Part00000098-of-00000512.data
379M	/lustre/ovis/darshanTest/darshan-Part00000099-of-00000512.data
379M	/lustre/ovis/darshanTest/darshan-Part00000100-of-00000512.data
379M	/lustre/ovis/darshanTest/darshan-Part00000101-of-00000512.data
378M	/lustre/ovis/darshanTest/darshan-Part00000102-of-00000512.data
379M	/lustre/ovis/darshanTest/darshan-Part00000103-of-00000512.data
379M	/lustre/ovis/darshanTest/darshan-Part00000104-of-00000512.data
379M	/lustre/ovis/darshanTest/darshan-Part00000105-of-00000512.data
379M	/lustre/ovis/darshanTest/darshan-Part00000106-of-00000512.data
378M	/lustre/ovis/darshanTest/darshan-Part00000107-of-00000512.data
379M	/lustre/ovis/darshanTest/darshan-Part00000108-of-00000512.data
457M	/lustre/ovis/darshanTest/darshan-Part00000109-of-00000512.data
378M	/lustre/ovis/darshanTest/darshan-Part00000110-of-00000512.data
379M	/lustre/ovis/darshanTest/darshan-Part00000111-of-00000512.data
378M	/lustre/ovis/darshanTest/darshan-Part00000112-of-00000512.data
379M	/lustre/ovis/darshanTest/darshan-Part00000113-of-00000512.data
379M	/lustre/ovis/darshanTest/darshan-Part00000114-of-00000512.data
379M	/lustre/ovis/darshanTest/darshan-Part00000115-of-00000512.data
379M	/lustre/ovis/darshanTest/darshan-Part00000116-of-00000512.data
319M	/lustre/ovis/darshanTest/darshan-Part00000117-of-00000512.data
378M	/lustre/ovis/darshanTest/darshan-Part00000118-of-00000512.data
379M	/lustre/ovis/darshanTest/darshan-Part00000119-of-00000512.data
379M	/lustre/ovis/darshanTest/darshan-Part00000120-of-00000512.data
379M	/lustre/ovis/darshanTest/darshan-Part00000121-of-00000512.data
378M	/lustre/ovis/darshanTest/darshan-Part00000122-of-00000512.data
379M	/lustre/ovis/darshanTest/darshan-Part00000123-of-00000512.data
379M	/lustre/ovis/darshanTest/darshan-Part00000124-of-00000512.data
379M	/lustre/ovis/darshanTest/darshan-Part00000125-of-00000512.data
379M	/lustre/ovis/darshanTest/darshan-Part00000126-of-00000512.data
379M	/lustre/ovis/darshanTest/darshan-Part00000127-of-00000512.data
322M	/lustre/ovis/darshanTest/darshan-Part00000128-of-00000512.data
404M	/lustre/ovis/darshanTest/darshan-Part00000129-of-00000512.data
379M	/lustre/ovis/darshanTest/darshan-Part00000130-of-00000512.data
379M	/lustre/ovis/darshanTest/darshan-Part00000131-of-00000512.data
379M	/lustre/ovis/darshanTest/darshan-Part00000132-of-00000512.data
379M	/lustre/ovis/darshanTest/darshan-Part00000133-of-00000512.data
379M	/lustre/ovis/darshanTest/darshan-Part00000134-of-00000512.data
379M	/lustre/ovis/darshanTest/darshan-Part00000135-of-00000512.data
379M	/lustre/ovis/darshanTest/darshan-Part00000136-of-00000512.data
379M	/lustre/ovis/darshanTest/darshan-Part00000137-of-00000512.data
379M	/lustre/ovis/darshanTest/darshan-Part00000138-of-00000512.data
378M	/lustre/ovis/darshanTest/darshan-Part00000139-of-00000512.data
427M	/lustre/ovis/darshanTest/darshan-Part00000140-of-00000512.data
379M	/lustre/ovis/darshanTest/darshan-Part00000141-of-00000512.data
349M	/lustre/ovis/darshanTest/darshan-Part00000142-of-00000512.data
457M	/lustre/ovis/darshanTest/darshan-Part00000143-of-00000512.data
457M	/lustre/ovis/darshanTest/darshan-Part00000144-of-00000512.data
433M	/lustre/ovis/darshanTest/darshan-Part00000145-of-00000512.data
359M	/lustre/ovis/darshanTest/darshan-Part00000146-of-00000512.data
379M	/lustre/ovis/darshanTest/darshan-Part00000147-of-00000512.data
378M	/lustre/ovis/darshanTest/darshan-Part00000148-of-00000512.data
378M	/lustre/ovis/darshanTest/darshan-Part00000149-of-00000512.data
379M	/lustre/ovis/darshanTest/darshan-Part00000150-of-00000512.data
379M	/lustre/ovis/darshanTest/darshan-Part00000151-of-00000512.data
379M	/lustre/ovis/darshanTest/darshan-Part00000152-of-00000512.data
457M	/lustre/ovis/darshanTest/darshan-Part00000153-of-00000512.data
379M	/lustre/ovis/darshanTest/darshan-Part00000154-of-00000512.data
378M	/lustre/ovis/darshanTest/darshan-Part00000155-of-00000512.data
379M	/lustre/ovis/darshanTest/darshan-Part00000156-of-00000512.data
379M	/lustre/ovis/darshanTest/darshan-Part00000157-of-00000512.data
378M	/lustre/ovis/darshanTest/darshan-Part00000158-of-00000512.data
379M	/lustre/ovis/darshanTest/darshan-Part00000159-of-00000512.data
307M	/lustre/ovis/darshanTest/darshan-Part00000160-of-00000512.data
379M	/lustre/ovis/darshanTest/darshan-Part00000161-of-00000512.data
378M	/lustre/ovis/darshanTest/darshan-Part00000162-of-00000512.data
457M	/lustre/ovis/darshanTest/darshan-Part00000163-of-00000512.data
379M	/lustre/ovis/darshanTest/darshan-Part00000164-of-00000512.data
379M	/lustre/ovis/darshanTest/darshan-Part00000165-of-00000512.data
379M	/lustre/ovis/darshanTest/darshan-Part00000166-of-00000512.data
424M	/lustre/ovis/darshanTest/darshan-Part00000167-of-00000512.data
457M	/lustre/ovis/darshanTest/darshan-Part00000168-of-00000512.data
457M	/lustre/ovis/darshanTest/darshan-Part00000169-of-00000512.data
378M	/lustre/ovis/darshanTest/darshan-Part00000170-of-00000512.data
378M	/lustre/ovis/darshanTest/darshan-Part00000171-of-00000512.data
378M	/lustre/ovis/darshanTest/darshan-Part00000172-of-00000512.data
379M	/lustre/ovis/darshanTest/darshan-Part00000173-of-00000512.data
379M	/lustre/ovis/darshanTest/darshan-Part00000174-of-00000512.data
379M	/lustre/ovis/darshanTest/darshan-Part00000175-of-00000512.data
378M	/lustre/ovis/darshanTest/darshan-Part00000176-of-00000512.data
379M	/lustre/ovis/darshanTest/darshan-Part00000177-of-00000512.data
379M	/lustre/ovis/darshanTest/darshan-Part00000178-of-00000512.data
457M	/lustre/ovis/darshanTest/darshan-Part00000179-of-00000512.data
457M	/lustre/ovis/darshanTest/darshan-Part00000180-of-00000512.data
379M	/lustre/ovis/darshanTest/darshan-Part00000181-of-00000512.data
379M	/lustre/ovis/darshanTest/darshan-Part00000182-of-00000512.data
457M	/lustre/ovis/darshanTest/darshan-Part00000183-of-00000512.data
379M	/lustre/ovis/darshanTest/darshan-Part00000184-of-00000512.data
420M	/lustre/ovis/darshanTest/darshan-Part00000185-of-00000512.data
378M	/lustre/ovis/darshanTest/darshan-Part00000186-of-00000512.data
378M	/lustre/ovis/darshanTest/darshan-Part00000187-of-00000512.data
378M	/lustre/ovis/darshanTest/darshan-Part00000188-of-00000512.data
379M	/lustre/ovis/darshanTest/darshan-Part00000189-of-00000512.data
378M	/lustre/ovis/darshanTest/darshan-Part00000190-of-00000512.data
457M	/lustre/ovis/darshanTest/darshan-Part00000191-of-00000512.data
379M	/lustre/ovis/darshanTest/darshan-Part00000192-of-00000512.data
378M	/lustre/ovis/darshanTest/darshan-Part00000193-of-00000512.data
378M	/lustre/ovis/darshanTest/darshan-Part00000194-of-00000512.data
379M	/lustre/ovis/darshanTest/darshan-Part00000195-of-00000512.data
379M	/lustre/ovis/darshanTest/darshan-Part00000196-of-00000512.data
348M	/lustre/ovis/darshanTest/darshan-Part00000197-of-00000512.data
379M	/lustre/ovis/darshanTest/darshan-Part00000198-of-00000512.data
379M	/lustre/ovis/darshanTest/darshan-Part00000199-of-00000512.data
379M	/lustre/ovis/darshanTest/darshan-Part00000200-of-00000512.data
379M	/lustre/ovis/darshanTest/darshan-Part00000201-of-00000512.data
306M	/lustre/ovis/darshanTest/darshan-Part00000202-of-00000512.data
379M	/lustre/ovis/darshanTest/darshan-Part00000203-of-00000512.data
379M	/lustre/ovis/darshanTest/darshan-Part00000204-of-00000512.data
378M	/lustre/ovis/darshanTest/darshan-Part00000205-of-00000512.data
378M	/lustre/ovis/darshanTest/darshan-Part00000206-of-00000512.data
379M	/lustre/ovis/darshanTest/darshan-Part00000207-of-00000512.data
379M	/lustre/ovis/darshanTest/darshan-Part00000208-of-00000512.data
379M	/lustre/ovis/darshanTest/darshan-Part00000209-of-00000512.data
379M	/lustre/ovis/darshanTest/darshan-Part00000210-of-00000512.data
379M	/lustre/ovis/darshanTest/darshan-Part00000211-of-00000512.data
349M	/lustre/ovis/darshanTest/darshan-Part00000212-of-00000512.data
379M	/lustre/ovis/darshanTest/darshan-Part00000213-of-00000512.data
379M	/lustre/ovis/darshanTest/darshan-Part00000214-of-00000512.data
379M	/lustre/ovis/darshanTest/darshan-Part00000215-of-00000512.data
310M	/lustre/ovis/darshanTest/darshan-Part00000216-of-00000512.data
379M	/lustre/ovis/darshanTest/darshan-Part00000217-of-00000512.data
379M	/lustre/ovis/darshanTest/darshan-Part00000218-of-00000512.data
378M	/lustre/ovis/darshanTest/darshan-Part00000219-of-00000512.data
378M	/lustre/ovis/darshanTest/darshan-Part00000220-of-00000512.data
364M	/lustre/ovis/darshanTest/darshan-Part00000221-of-00000512.data
362M	/lustre/ovis/darshanTest/darshan-Part00000222-of-00000512.data
379M	/lustre/ovis/darshanTest/darshan-Part00000223-of-00000512.data
457M	/lustre/ovis/darshanTest/darshan-Part00000224-of-00000512.data
379M	/lustre/ovis/darshanTest/darshan-Part00000225-of-00000512.data
378M	/lustre/ovis/darshanTest/darshan-Part00000226-of-00000512.data
379M	/lustre/ovis/darshanTest/darshan-Part00000227-of-00000512.data
379M	/lustre/ovis/darshanTest/darshan-Part00000228-of-00000512.data
379M	/lustre/ovis/darshanTest/darshan-Part00000229-of-00000512.data
379M	/lustre/ovis/darshanTest/darshan-Part00000230-of-00000512.data
379M	/lustre/ovis/darshanTest/darshan-Part00000231-of-00000512.data
457M	/lustre/ovis/darshanTest/darshan-Part00000232-of-00000512.data
379M	/lustre/ovis/darshanTest/darshan-Part00000233-of-00000512.data
457M	/lustre/ovis/darshanTest/darshan-Part00000234-of-00000512.data
379M	/lustre/ovis/darshanTest/darshan-Part00000235-of-00000512.data
379M	/lustre/ovis/darshanTest/darshan-Part00000236-of-00000512.data
378M	/lustre/ovis/darshanTest/darshan-Part00000237-of-00000512.data
378M	/lustre/ovis/darshanTest/darshan-Part00000238-of-00000512.data
457M	/lustre/ovis/darshanTest/darshan-Part00000239-of-00000512.data
379M	/lustre/ovis/darshanTest/darshan-Part00000240-of-00000512.data
378M	/lustre/ovis/darshanTest/darshan-Part00000241-of-00000512.data
457M	/lustre/ovis/darshanTest/darshan-Part00000242-of-00000512.data
379M	/lustre/ovis/darshanTest/darshan-Part00000243-of-00000512.data
379M	/lustre/ovis/darshanTest/darshan-Part00000244-of-00000512.data
379M	/lustre/ovis/darshanTest/darshan-Part00000245-of-00000512.data
379M	/lustre/ovis/darshanTest/darshan-Part00000246-of-00000512.data
379M	/lustre/ovis/darshanTest/darshan-Part00000247-of-00000512.data
378M	/lustre/ovis/darshanTest/darshan-Part00000248-of-00000512.data
379M	/lustre/ovis/darshanTest/darshan-Part00000249-of-00000512.data
379M	/lustre/ovis/darshanTest/darshan-Part00000250-of-00000512.data
379M	/lustre/ovis/darshanTest/darshan-Part00000251-of-00000512.data
379M	/lustre/ovis/darshanTest/darshan-Part00000252-of-00000512.data
378M	/lustre/ovis/darshanTest/darshan-Part00000253-of-00000512.data
379M	/lustre/ovis/darshanTest/darshan-Part00000254-of-00000512.data
379M	/lustre/ovis/darshanTest/darshan-Part00000255-of-00000512.data
378M	/lustre/ovis/darshanTest/darshan-Part00000256-of-00000512.data
379M	/lustre/ovis/darshanTest/darshan-Part00000257-of-00000512.data
379M	/lustre/ovis/darshanTest/darshan-Part00000258-of-00000512.data
379M	/lustre/ovis/darshanTest/darshan-Part00000259-of-00000512.data
379M	/lustre/ovis/darshanTest/darshan-Part00000260-of-00000512.data
378M	/lustre/ovis/darshanTest/darshan-Part00000261-of-00000512.data
457M	/lustre/ovis/darshanTest/darshan-Part00000262-of-00000512.data
378M	/lustre/ovis/darshanTest/darshan-Part00000263-of-00000512.data
379M	/lustre/ovis/darshanTest/darshan-Part00000264-of-00000512.data
378M	/lustre/ovis/darshanTest/darshan-Part00000265-of-00000512.data
379M	/lustre/ovis/darshanTest/darshan-Part00000266-of-00000512.data
378M	/lustre/ovis/darshanTest/darshan-Part00000267-of-00000512.data
379M	/lustre/ovis/darshanTest/darshan-Part00000268-of-00000512.data
379M	/lustre/ovis/darshanTest/darshan-Part00000269-of-00000512.data
379M	/lustre/ovis/darshanTest/darshan-Part00000270-of-00000512.data
379M	/lustre/ovis/darshanTest/darshan-Part00000271-of-00000512.data
379M	/lustre/ovis/darshanTest/darshan-Part00000272-of-00000512.data
378M	/lustre/ovis/darshanTest/darshan-Part00000273-of-00000512.data
378M	/lustre/ovis/darshanTest/darshan-Part00000274-of-00000512.data
379M	/lustre/ovis/darshanTest/darshan-Part00000275-of-00000512.data
379M	/lustre/ovis/darshanTest/darshan-Part00000276-of-00000512.data
350M	/lustre/ovis/darshanTest/darshan-Part00000277-of-00000512.data
379M	/lustre/ovis/darshanTest/darshan-Part00000278-of-00000512.data
379M	/lustre/ovis/darshanTest/darshan-Part00000279-of-00000512.data
378M	/lustre/ovis/darshanTest/darshan-Part00000280-of-00000512.data
378M	/lustre/ovis/darshanTest/darshan-Part00000281-of-00000512.data
379M	/lustre/ovis/darshanTest/darshan-Part00000282-of-00000512.data
379M	/lustre/ovis/darshanTest/darshan-Part00000283-of-00000512.data
379M	/lustre/ovis/darshanTest/darshan-Part00000284-of-00000512.data
378M	/lustre/ovis/darshanTest/darshan-Part00000285-of-00000512.data
379M	/lustre/ovis/darshanTest/darshan-Part00000286-of-00000512.data
379M	/lustre/ovis/darshanTest/darshan-Part00000287-of-00000512.data
379M	/lustre/ovis/darshanTest/darshan-Part00000288-of-00000512.data
378M	/lustre/ovis/darshanTest/darshan-Part00000289-of-00000512.data
379M	/lustre/ovis/darshanTest/darshan-Part00000290-of-00000512.data
379M	/lustre/ovis/darshanTest/darshan-Part00000291-of-00000512.data
457M	/lustre/ovis/darshanTest/darshan-Part00000292-of-00000512.data
372M	/lustre/ovis/darshanTest/darshan-Part00000293-of-00000512.data
379M	/lustre/ovis/darshanTest/darshan-Part00000294-of-00000512.data
343M	/lustre/ovis/darshanTest/darshan-Part00000295-of-00000512.data
379M	/lustre/ovis/darshanTest/darshan-Part00000296-of-00000512.data
372M	/lustre/ovis/darshanTest/darshan-Part00000297-of-00000512.data
379M	/lustre/ovis/darshanTest/darshan-Part00000298-of-00000512.data
378M	/lustre/ovis/darshanTest/darshan-Part00000299-of-00000512.data
379M	/lustre/ovis/darshanTest/darshan-Part00000300-of-00000512.data
379M	/lustre/ovis/darshanTest/darshan-Part00000301-of-00000512.data
379M	/lustre/ovis/darshanTest/darshan-Part00000302-of-00000512.data
379M	/lustre/ovis/darshanTest/darshan-Part00000303-of-00000512.data
379M	/lustre/ovis/darshanTest/darshan-Part00000304-of-00000512.data
379M	/lustre/ovis/darshanTest/darshan-Part00000305-of-00000512.data
379M	/lustre/ovis/darshanTest/darshan-Part00000306-of-00000512.data
378M	/lustre/ovis/darshanTest/darshan-Part00000307-of-00000512.data
379M	/lustre/ovis/darshanTest/darshan-Part00000308-of-00000512.data
379M	/lustre/ovis/darshanTest/darshan-Part00000309-of-00000512.data
457M	/lustre/ovis/darshanTest/darshan-Part00000310-of-00000512.data
379M	/lustre/ovis/darshanTest/darshan-Part00000311-of-00000512.data
379M	/lustre/ovis/darshanTest/darshan-Part00000312-of-00000512.data
379M	/lustre/ovis/darshanTest/darshan-Part00000313-of-00000512.data
379M	/lustre/ovis/darshanTest/darshan-Part00000314-of-00000512.data
378M	/lustre/ovis/darshanTest/darshan-Part00000315-of-00000512.data
379M	/lustre/ovis/darshanTest/darshan-Part00000316-of-00000512.data
379M	/lustre/ovis/darshanTest/darshan-Part00000317-of-00000512.data
379M	/lustre/ovis/darshanTest/darshan-Part00000318-of-00000512.data
379M	/lustre/ovis/darshanTest/darshan-Part00000319-of-00000512.data
379M	/lustre/ovis/darshanTest/darshan-Part00000320-of-00000512.data
378M	/lustre/ovis/darshanTest/darshan-Part00000321-of-00000512.data
457M	/lustre/ovis/darshanTest/darshan-Part00000322-of-00000512.data
379M	/lustre/ovis/darshanTest/darshan-Part00000323-of-00000512.data
378M	/lustre/ovis/darshanTest/darshan-Part00000324-of-00000512.data
379M	/lustre/ovis/darshanTest/darshan-Part00000325-of-00000512.data
379M	/lustre/ovis/darshanTest/darshan-Part00000326-of-00000512.data
379M	/lustre/ovis/darshanTest/darshan-Part00000327-of-00000512.data
379M	/lustre/ovis/darshanTest/darshan-Part00000328-of-00000512.data
378M	/lustre/ovis/darshanTest/darshan-Part00000329-of-00000512.data
379M	/lustre/ovis/darshanTest/darshan-Part00000330-of-00000512.data
379M	/lustre/ovis/darshanTest/darshan-Part00000331-of-00000512.data
378M	/lustre/ovis/darshanTest/darshan-Part00000332-of-00000512.data
379M	/lustre/ovis/darshanTest/darshan-Part00000333-of-00000512.data
379M	/lustre/ovis/darshanTest/darshan-Part00000334-of-00000512.data
342M	/lustre/ovis/darshanTest/darshan-Part00000335-of-00000512.data
379M	/lustre/ovis/darshanTest/darshan-Part00000336-of-00000512.data
379M	/lustre/ovis/darshanTest/darshan-Part00000337-of-00000512.data
379M	/lustre/ovis/darshanTest/darshan-Part00000338-of-00000512.data
378M	/lustre/ovis/darshanTest/darshan-Part00000339-of-00000512.data
378M	/lustre/ovis/darshanTest/darshan-Part00000340-of-00000512.data
408M	/lustre/ovis/darshanTest/darshan-Part00000341-of-00000512.data
457M	/lustre/ovis/darshanTest/darshan-Part00000342-of-00000512.data
379M	/lustre/ovis/darshanTest/darshan-Part00000343-of-00000512.data
379M	/lustre/ovis/darshanTest/darshan-Part00000344-of-00000512.data
379M	/lustre/ovis/darshanTest/darshan-Part00000345-of-00000512.data
379M	/lustre/ovis/darshanTest/darshan-Part00000346-of-00000512.data
378M	/lustre/ovis/darshanTest/darshan-Part00000347-of-00000512.data
379M	/lustre/ovis/darshanTest/darshan-Part00000348-of-00000512.data
379M	/lustre/ovis/darshanTest/darshan-Part00000349-of-00000512.data
379M	/lustre/ovis/darshanTest/darshan-Part00000350-of-00000512.data
379M	/lustre/ovis/darshanTest/darshan-Part00000351-of-00000512.data
379M	/lustre/ovis/darshanTest/darshan-Part00000352-of-00000512.data
379M	/lustre/ovis/darshanTest/darshan-Part00000353-of-00000512.data
378M	/lustre/ovis/darshanTest/darshan-Part00000354-of-00000512.data
370M	/lustre/ovis/darshanTest/darshan-Part00000355-of-00000512.data
379M	/lustre/ovis/darshanTest/darshan-Part00000356-of-00000512.data
379M	/lustre/ovis/darshanTest/darshan-Part00000357-of-00000512.data
378M	/lustre/ovis/darshanTest/darshan-Part00000358-of-00000512.data
379M	/lustre/ovis/darshanTest/darshan-Part00000359-of-00000512.data
378M	/lustre/ovis/darshanTest/darshan-Part00000360-of-00000512.data
378M	/lustre/ovis/darshanTest/darshan-Part00000361-of-00000512.data
379M	/lustre/ovis/darshanTest/darshan-Part00000362-of-00000512.data
379M	/lustre/ovis/darshanTest/darshan-Part00000363-of-00000512.data
379M	/lustre/ovis/darshanTest/darshan-Part00000364-of-00000512.data
379M	/lustre/ovis/darshanTest/darshan-Part00000365-of-00000512.data
379M	/lustre/ovis/darshanTest/darshan-Part00000366-of-00000512.data
379M	/lustre/ovis/darshanTest/darshan-Part00000367-of-00000512.data
379M	/lustre/ovis/darshanTest/darshan-Part00000368-of-00000512.data
369M	/lustre/ovis/darshanTest/darshan-Part00000369-of-00000512.data
378M	/lustre/ovis/darshanTest/darshan-Part00000370-of-00000512.data
378M	/lustre/ovis/darshanTest/darshan-Part00000371-of-00000512.data
379M	/lustre/ovis/darshanTest/darshan-Part00000372-of-00000512.data
379M	/lustre/ovis/darshanTest/darshan-Part00000373-of-00000512.data
378M	/lustre/ovis/darshanTest/darshan-Part00000374-of-00000512.data
376M	/lustre/ovis/darshanTest/darshan-Part00000375-of-00000512.data
345M	/lustre/ovis/darshanTest/darshan-Part00000376-of-00000512.data
379M	/lustre/ovis/darshanTest/darshan-Part00000377-of-00000512.data
379M	/lustre/ovis/darshanTest/darshan-Part00000378-of-00000512.data
379M	/lustre/ovis/darshanTest/darshan-Part00000379-of-00000512.data
374M	/lustre/ovis/darshanTest/darshan-Part00000380-of-00000512.data
379M	/lustre/ovis/darshanTest/darshan-Part00000381-of-00000512.data
379M	/lustre/ovis/darshanTest/darshan-Part00000382-of-00000512.data
379M	/lustre/ovis/darshanTest/darshan-Part00000383-of-00000512.data
379M	/lustre/ovis/darshanTest/darshan-Part00000384-of-00000512.data
379M	/lustre/ovis/darshanTest/darshan-Part00000385-of-00000512.data
378M	/lustre/ovis/darshanTest/darshan-Part00000386-of-00000512.data
379M	/lustre/ovis/darshanTest/darshan-Part00000387-of-00000512.data
457M	/lustre/ovis/darshanTest/darshan-Part00000388-of-00000512.data
378M	/lustre/ovis/darshanTest/darshan-Part00000389-of-00000512.data
378M	/lustre/ovis/darshanTest/darshan-Part00000390-of-00000512.data
379M	/lustre/ovis/darshanTest/darshan-Part00000391-of-00000512.data
378M	/lustre/ovis/darshanTest/darshan-Part00000392-of-00000512.data
379M	/lustre/ovis/darshanTest/darshan-Part00000393-of-00000512.data
379M	/lustre/ovis/darshanTest/darshan-Part00000394-of-00000512.data
379M	/lustre/ovis/darshanTest/darshan-Part00000395-of-00000512.data
378M	/lustre/ovis/darshanTest/darshan-Part00000396-of-00000512.data
379M	/lustre/ovis/darshanTest/darshan-Part00000397-of-00000512.data
379M	/lustre/ovis/darshanTest/darshan-Part00000398-of-00000512.data
457M	/lustre/ovis/darshanTest/darshan-Part00000399-of-00000512.data
378M	/lustre/ovis/darshanTest/darshan-Part00000400-of-00000512.data
378M	/lustre/ovis/darshanTest/darshan-Part00000401-of-00000512.data
378M	/lustre/ovis/darshanTest/darshan-Part00000402-of-00000512.data
379M	/lustre/ovis/darshanTest/darshan-Part00000403-of-00000512.data
379M	/lustre/ovis/darshanTest/darshan-Part00000404-of-00000512.data
379M	/lustre/ovis/darshanTest/darshan-Part00000405-of-00000512.data
379M	/lustre/ovis/darshanTest/darshan-Part00000406-of-00000512.data
379M	/lustre/ovis/darshanTest/darshan-Part00000407-of-00000512.data
379M	/lustre/ovis/darshanTest/darshan-Part00000408-of-00000512.data
379M	/lustre/ovis/darshanTest/darshan-Part00000409-of-00000512.data
457M	/lustre/ovis/darshanTest/darshan-Part00000410-of-00000512.data
378M	/lustre/ovis/darshanTest/darshan-Part00000411-of-00000512.data
379M	/lustre/ovis/darshanTest/darshan-Part00000412-of-00000512.data
359M	/lustre/ovis/darshanTest/darshan-Part00000413-of-00000512.data
377M	/lustre/ovis/darshanTest/darshan-Part00000414-of-00000512.data
379M	/lustre/ovis/darshanTest/darshan-Part00000415-of-00000512.data
457M	/lustre/ovis/darshanTest/darshan-Part00000416-of-00000512.data
378M	/lustre/ovis/darshanTest/darshan-Part00000417-of-00000512.data
379M	/lustre/ovis/darshanTest/darshan-Part00000418-of-00000512.data
379M	/lustre/ovis/darshanTest/darshan-Part00000419-of-00000512.data
457M	/lustre/ovis/darshanTest/darshan-Part00000420-of-00000512.data
379M	/lustre/ovis/darshanTest/darshan-Part00000421-of-00000512.data
379M	/lustre/ovis/darshanTest/darshan-Part00000422-of-00000512.data
457M	/lustre/ovis/darshanTest/darshan-Part00000423-of-00000512.data
379M	/lustre/ovis/darshanTest/darshan-Part00000424-of-00000512.data
379M	/lustre/ovis/darshanTest/darshan-Part00000425-of-00000512.data
325M	/lustre/ovis/darshanTest/darshan-Part00000426-of-00000512.data
379M	/lustre/ovis/darshanTest/darshan-Part00000427-of-00000512.data
379M	/lustre/ovis/darshanTest/darshan-Part00000428-of-00000512.data
457M	/lustre/ovis/darshanTest/darshan-Part00000429-of-00000512.data
379M	/lustre/ovis/darshanTest/darshan-Part00000430-of-00000512.data
458M	/lustre/ovis/darshanTest/darshan-Part00000431-of-00000512.data
349M	/lustre/ovis/darshanTest/darshan-Part00000432-of-00000512.data
326M	/lustre/ovis/darshanTest/darshan-Part00000433-of-00000512.data
379M	/lustre/ovis/darshanTest/darshan-Part00000434-of-00000512.data
379M	/lustre/ovis/darshanTest/darshan-Part00000435-of-00000512.data
379M	/lustre/ovis/darshanTest/darshan-Part00000436-of-00000512.data
379M	/lustre/ovis/darshanTest/darshan-Part00000437-of-00000512.data
379M	/lustre/ovis/darshanTest/darshan-Part00000438-of-00000512.data
379M	/lustre/ovis/darshanTest/darshan-Part00000439-of-00000512.data
379M	/lustre/ovis/darshanTest/darshan-Part00000440-of-00000512.data
457M	/lustre/ovis/darshanTest/darshan-Part00000441-of-00000512.data
378M	/lustre/ovis/darshanTest/darshan-Part00000442-of-00000512.data
378M	/lustre/ovis/darshanTest/darshan-Part00000443-of-00000512.data
351M	/lustre/ovis/darshanTest/darshan-Part00000444-of-00000512.data
457M	/lustre/ovis/darshanTest/darshan-Part00000445-of-00000512.data
379M	/lustre/ovis/darshanTest/darshan-Part00000446-of-00000512.data
377M	/lustre/ovis/darshanTest/darshan-Part00000447-of-00000512.data
316M	/lustre/ovis/darshanTest/darshan-Part00000448-of-00000512.data
379M	/lustre/ovis/darshanTest/darshan-Part00000449-of-00000512.data
457M	/lustre/ovis/darshanTest/darshan-Part00000450-of-00000512.data
378M	/lustre/ovis/darshanTest/darshan-Part00000451-of-00000512.data
379M	/lustre/ovis/darshanTest/darshan-Part00000452-of-00000512.data
379M	/lustre/ovis/darshanTest/darshan-Part00000453-of-00000512.data
379M	/lustre/ovis/darshanTest/darshan-Part00000454-of-00000512.data
379M	/lustre/ovis/darshanTest/darshan-Part00000455-of-00000512.data
378M	/lustre/ovis/darshanTest/darshan-Part00000456-of-00000512.data
456M	/lustre/ovis/darshanTest/darshan-Part00000457-of-00000512.data
457M	/lustre/ovis/darshanTest/darshan-Part00000458-of-00000512.data
378M	/lustre/ovis/darshanTest/darshan-Part00000459-of-00000512.data
378M	/lustre/ovis/darshanTest/darshan-Part00000460-of-00000512.data
457M	/lustre/ovis/darshanTest/darshan-Part00000461-of-00000512.data
320M	/lustre/ovis/darshanTest/darshan-Part00000462-of-00000512.data
379M	/lustre/ovis/darshanTest/darshan-Part00000463-of-00000512.data
311M	/lustre/ovis/darshanTest/darshan-Part00000464-of-00000512.data
379M	/lustre/ovis/darshanTest/darshan-Part00000465-of-00000512.data
379M	/lustre/ovis/darshanTest/darshan-Part00000466-of-00000512.data
334M	/lustre/ovis/darshanTest/darshan-Part00000467-of-00000512.data
378M	/lustre/ovis/darshanTest/darshan-Part00000468-of-00000512.data
379M	/lustre/ovis/darshanTest/darshan-Part00000469-of-00000512.data
379M	/lustre/ovis/darshanTest/darshan-Part00000470-of-00000512.data
378M	/lustre/ovis/darshanTest/darshan-Part00000471-of-00000512.data
378M	/lustre/ovis/darshanTest/darshan-Part00000472-of-00000512.data
378M	/lustre/ovis/darshanTest/darshan-Part00000473-of-00000512.data
379M	/lustre/ovis/darshanTest/darshan-Part00000474-of-00000512.data
379M	/lustre/ovis/darshanTest/darshan-Part00000475-of-00000512.data
328M	/lustre/ovis/darshanTest/darshan-Part00000476-of-00000512.data
378M	/lustre/ovis/darshanTest/darshan-Part00000477-of-00000512.data
318M	/lustre/ovis/darshanTest/darshan-Part00000478-of-00000512.data
379M	/lustre/ovis/darshanTest/darshan-Part00000479-of-00000512.data
378M	/lustre/ovis/darshanTest/darshan-Part00000480-of-00000512.data
379M	/lustre/ovis/darshanTest/darshan-Part00000481-of-00000512.data
379M	/lustre/ovis/darshanTest/darshan-Part00000482-of-00000512.data
378M	/lustre/ovis/darshanTest/darshan-Part00000483-of-00000512.data
415M	/lustre/ovis/darshanTest/darshan-Part00000484-of-00000512.data
379M	/lustre/ovis/darshanTest/darshan-Part00000485-of-00000512.data
379M	/lustre/ovis/darshanTest/darshan-Part00000486-of-00000512.data
378M	/lustre/ovis/darshanTest/darshan-Part00000487-of-00000512.data
457M	/lustre/ovis/darshanTest/darshan-Part00000488-of-00000512.data
379M	/lustre/ovis/darshanTest/darshan-Part00000489-of-00000512.data
379M	/lustre/ovis/darshanTest/darshan-Part00000490-of-00000512.data
379M	/lustre/ovis/darshanTest/darshan-Part00000491-of-00000512.data
379M	/lustre/ovis/darshanTest/darshan-Part00000492-of-00000512.data
379M	/lustre/ovis/darshanTest/darshan-Part00000493-of-00000512.data
379M	/lustre/ovis/darshanTest/darshan-Part00000494-of-00000512.data
368M	/lustre/ovis/darshanTest/darshan-Part00000495-of-00000512.data
378M	/lustre/ovis/darshanTest/darshan-Part00000496-of-00000512.data
379M	/lustre/ovis/darshanTest/darshan-Part00000497-of-00000512.data
379M	/lustre/ovis/darshanTest/darshan-Part00000498-of-00000512.data
379M	/lustre/ovis/darshanTest/darshan-Part00000499-of-00000512.data
378M	/lustre/ovis/darshanTest/darshan-Part00000500-of-00000512.data
378M	/lustre/ovis/darshanTest/darshan-Part00000501-of-00000512.data
379M	/lustre/ovis/darshanTest/darshan-Part00000502-of-00000512.data
379M	/lustre/ovis/darshanTest/darshan-Part00000503-of-00000512.data
378M	/lustre/ovis/darshanTest/darshan-Part00000504-of-00000512.data
457M	/lustre/ovis/darshanTest/darshan-Part00000505-of-00000512.data
329M	/lustre/ovis/darshanTest/darshan-Part00000506-of-00000512.data
378M	/lustre/ovis/darshanTest/darshan-Part00000507-of-00000512.data
379M	/lustre/ovis/darshanTest/darshan-Part00000508-of-00000512.data
379M	/lustre/ovis/darshanTest/darshan-Part00000509-of-00000512.data
379M	/lustre/ovis/darshanTest/darshan-Part00000510-of-00000512.data
376M	/lustre/ovis/darshanTest/darshan-Part00000511-of-00000512.data
