JOBID IS: 255462
----------------------------------------------------------------
            sw4 version 2.0

 This program comes with ABSOLUTELY NO WARRANTY; released under GPL.
 This is free software, and you are welcome to redistribute     
 it under certain conditions, see LICENSE.txt for more details  
----------------------------------------------------------------
  Compiled on: Thu Mar 24 13:41:44 MDT 2022
  By user:     oaaziz
  Machine:     voltrino
  Compiler:    /opt/cray/pe/craype/2.7.5/bin/CC
  3rd party include dir: /include, and library dir: /lib
----------------------------------------------------------------

Input file: /projects/ovis/UCF/voltrino_run/sw4lite/new_gh_1node.in
Default Supergrid thickness has been tuned; # grid points = 30 grid sizes
Default Supergrid damping coefficient has been tuned; damping coefficient = 2.00000000e-02

* Processing the grid command...
* Setting nx to 425 to be consistent with h=3.00000000e-03
* Setting ny to 425 to be consistent with h=3.00000000e-03
* Setting nz to 6665 to be consistent with h=3.00000000e-03
* Changing x from 1.27000000e+00 to 1.27200000e+00 to be consistent with h=3.00000000e-03
* Changing z from 1.99900000e+01 to 1.99920000e+01 to be consistent with h=3.00000000e-03
* Changing y from 1.27000000e+00 to 1.27200000e+00 to be consistent with h=3.00000000e-03

***Topography grid: min z = -9.999000e-02, max z = -1.074611e-44, top Cartesian z = 1.000000e+00

Global grid sizes (without ghost points)
Grid         h        Nx        Ny        Nz       Points
   0     0.003       425       425      6332   1143717500
   1     0.003       425       425       350     63218750
Total number of grid points (without ghost points): 1.20694e+09

	Warning: ignoring developer line option 'corder=0'

   Execution time, reading input file 1.70078993e-01 seconds 
----------------------------------------------------
 Making Output Directory: gaussianHill-h0p01/
		
... Done!
----------------------------------------------------
Geographic and Cartesian coordinates of the corners of the computational grid:
0: Lon= 1.180000e+02, Lat=3.700000e+01, x=0.000000e+00, y=0.000000e+00
1: Lon= 1.180000e+02, Lat=3.700001e+01, x=1.272000e+00, y=0.000000e+00
2: Lon= 1.180000e+02, Lat=3.700001e+01, x=1.272000e+00, y=1.272000e+00
3: Lon= 1.180000e+02, Lat=3.700000e+01, x=0.000000e+00, y=1.272000e+00

Considering all material blocks
block command: outside = 0, material = 1240167618

       ----------- Material properties ranges ---------------
       1.50000000e+00 kg/m^3 <=  Density <= 1.50000000e+00 kg/m^3
       2.00000000e+00 m/s    <=  Vp      <= 2.00000000e+00 m/s
       1.00000000e+00 m/s    <=  Vs      <= 1.00000000e+00 m/s
       2.00000000e+00        <=  Vp/Vs   <= 2.00000000e+00
       1.50000000e+00 Pa     <=  mu      <= 1.50000000e+00 Pa
       3.00000000e+00 Pa     <=  lambda  <= 3.00000000e+00 Pa
       ------------------------------------------------------

***** PPW = minVs/h/maxFrequency ********
g=0, h=3.000000e-03, minVs/h=333.333 (Cartesian)
g=1, h=3.000000e-03, minVs/h=333.333 (curvilinear)

   Execution time, start up phase 1.15195894e+00 seconds 
Running sw4 on 512 processors...
Writing output to directory: gaussianHill-h0p01/
============================================================
 Running program on 512 MPI tasks using the following data: 

 Start Time = 0 Goal Time = 0.595151
 Number of time steps = 500 dt: 0.0011903

-----------------------------------------------------------------------
  Total seismic moment (M0): 0.87 Nm 
  Moment magnitude     (Mw): -6.10699
  Number of moment sources 1
-----------------------------------------------------------------------
  Begin time stepping...
Time step       1  t =   1.1903014e-03
Time step     101  t =   1.2022044e-01
Time step     201  t =   2.3925059e-01
Time step     301  t =   3.5828073e-01
Time step     401  t =   4.7731087e-01
Time step     500  t =   5.9515071e-01
  Time stepping finished...
   Execution time, solver phase 9 minutes 3.31619921e+01 seconds 

----------------------------------------
          Execution time summary 
 Total      BC total   Step   Image&Time series  Comm.ref   Comm.bndry BC impose  
5.72730018e+027.08068851e+014.29420183e+029.28933267e-040.00000000e+000.00000000e+000.00000000e+00
----------------------------------------

============================================================
 program sw4 finished! 
============================================================
Writing ASCII USGS file, of size 501: gaussianHill-h0p01/sta02.txt
Writing ASCII USGS file, of size 501: gaussianHill-h0p01/sta03.txt
Writing ASCII USGS file, of size 501: gaussianHill-h0p01/sta01.txt
Writing ASCII USGS file, of size 501: gaussianHill-h0p01/sta04.txt
The DiffOfTime = 576.435128997
