JOBID IS: 255453
Initializing redistribution using a pencil layout on 512 ranks.
distribution 1D: [512:1:1]
distribution 3D: [8:8:8]
distribution 2z: [32:16:1]
distribution 2x: [1:32:16]
distribution 2y: [32:1:16]
DFFT  init  max 8.644e-02s  avg 8.469e-02s  min 8.410e-02s  dev 4.214e-04s

Hex representations of double precision floats
0.000000e+00 = 0
1.000000e+00 = 3ff0000000000000
8589934592.000000 = 4200000000000000


TESTING 0

DFFT  fd32  max 3.019e+00s  avg 2.334e+00s  min 1.447e+00s  dev 4.092e-01s
DFFT  f1dx  max 3.008e-01s  avg 2.823e-01s  min 2.516e-01s  dev 6.740e-03s
DFFT  fd23  max 2.979e+00s  avg 2.337e+00s  min 1.485e+00s  dev 4.061e-01s
DFFT  fd32  max 1.300e+00s  avg 9.903e-01s  min 5.424e-01s  dev 2.006e-01s
DFFT  f1dy  max 2.978e-01s  avg 2.795e-01s  min 2.558e-01s  dev 5.283e-03s
DFFT  fd23  max 1.379e+00s  avg 1.022e+00s  min 5.597e-01s  dev 2.145e-01s
DFFT  fd32  max 1.042e+00s  avg 7.861e-01s  min 4.524e-01s  dev 1.415e-01s
DFFT  f1dz  max 3.029e-01s  avg 2.826e-01s  min 2.519e-01s  dev 6.877e-03s
DFFT fdist  max 9.381e+00s  avg 7.469e+00s  min 5.245e+00s  dev 9.057e-01s
DFFT fdfft  max 9.015e-01s  avg 8.444e-01s  min 7.593e-01s  dev 1.852e-02s
FORWARD     max 1.064e+01s  avg 1.063e+01s  min 1.061e+01s  dev 4.846e-03s

k-space:
real in [1.000000e+00,1.000000e+00] = [3ff0000000000000,3ff0000000000000]
imag in [0.000000e+00,0.000000e+00] = [0,0]

DFFT  b1dz  max 2.969e-01s  avg 2.792e-01s  min 2.582e-01s  dev 4.937e-03s
DFFT  bd23  max 1.139e+00s  avg 8.235e-01s  min 4.811e-01s  dev 1.586e-01s
DFFT  bd32  max 1.211e+00s  avg 9.641e-01s  min 5.453e-01s  dev 1.702e-01s
DFFT  b1dy  max 3.001e-01s  avg 2.830e-01s  min 2.536e-01s  dev 6.178e-03s
DFFT  bd23  max 1.249e+00s  avg 9.865e-01s  min 5.950e-01s  dev 1.811e-01s
DFFT  bd32  max 2.807e+00s  avg 2.203e+00s  min 1.320e+00s  dev 4.121e-01s
DFFT  b1dx  max 2.970e-01s  avg 2.796e-01s  min 2.591e-01s  dev 4.714e-03s
DFFT  bd23  max 3.070e+00s  avg 2.398e+00s  min 1.562e+00s  dev 4.174e-01s
DFFT bdist  max 9.295e+00s  avg 7.375e+00s  min 5.072e+00s  dev 8.984e-01s
DFFT bdfft  max 8.907e-01s  avg 8.417e-01s  min 7.713e-01s  dev 1.530e-02s
BACKWARD    max 1.037e+01s  avg 1.037e+01s  min 1.037e+01s  dev 7.918e-06s

r-space:
a[0,0,0] = (8589934592.000000,0.000000) = (4200000000000000,0)
real in [0.000000e+00,0.000000e+00] = [0,0]
imag in [0.000000e+00,0.000000e+00] = [0,0]


TESTING 1

DFFT  fd32  max 2.852e+00s  avg 2.216e+00s  min 1.336e+00s  dev 4.110e-01s
DFFT  f1dx  max 3.006e-01s  avg 2.823e-01s  min 2.521e-01s  dev 6.787e-03s
DFFT  fd23  max 3.044e+00s  avg 2.375e+00s  min 1.542e+00s  dev 4.176e-01s
DFFT  fd32  max 1.212e+00s  avg 9.625e-01s  min 5.692e-01s  dev 1.714e-01s
DFFT  f1dy  max 2.972e-01s  avg 2.796e-01s  min 2.556e-01s  dev 5.261e-03s
DFFT  fd23  max 1.254e+00s  avg 9.903e-01s  min 5.959e-01s  dev 1.794e-01s
DFFT  fd32  max 8.149e-01s  avg 6.489e-01s  min 3.632e-01s  dev 1.109e-01s
DFFT  f1dz  max 3.024e-01s  avg 2.826e-01s  min 2.519e-01s  dev 6.835e-03s
DFFT fdist  max 8.966e+00s  avg 7.192e+00s  min 4.999e+00s  dev 8.802e-01s
DFFT fdfft  max 9.002e-01s  avg 8.445e-01s  min 7.604e-01s  dev 1.852e-02s
FORWARD     max 1.009e+01s  avg 1.008e+01s  min 1.007e+01s  dev 4.404e-03s

k-space:
real in [1.000000e+00,1.000000e+00] = [3ff0000000000000,3ff0000000000000]
imag in [0.000000e+00,0.000000e+00] = [0,0]

DFFT  b1dz  max 2.974e-01s  avg 2.793e-01s  min 2.585e-01s  dev 4.965e-03s
DFFT  bd23  max 8.713e-01s  avg 6.677e-01s  min 3.851e-01s  dev 1.177e-01s
DFFT  bd32  max 1.212e+00s  avg 9.627e-01s  min 5.685e-01s  dev 1.706e-01s
DFFT  b1dy  max 2.997e-01s  avg 2.830e-01s  min 2.546e-01s  dev 6.158e-03s
DFFT  bd23  max 1.248e+00s  avg 9.870e-01s  min 5.958e-01s  dev 1.821e-01s
DFFT  bd32  max 2.855e+00s  avg 2.276e+00s  min 1.411e+00s  dev 3.971e-01s
DFFT  b1dx  max 2.966e-01s  avg 2.796e-01s  min 2.591e-01s  dev 4.680e-03s
DFFT  bd23  max 2.996e+00s  avg 2.309e+00s  min 1.441e+00s  dev 4.097e-01s
DFFT bdist  max 9.021e+00s  avg 7.203e+00s  min 5.109e+00s  dev 8.600e-01s
DFFT bdfft  max 8.918e-01s  avg 8.419e-01s  min 7.722e-01s  dev 1.524e-02s
BACKWARD    max 1.008e+01s  avg 1.008e+01s  min 1.008e+01s  dev 6.053e-06s

r-space:
a[0,0,0] = (8589934592.000000,0.000000) = (4200000000000000,0)
real in [0.000000e+00,0.000000e+00] = [0,0]
imag in [0.000000e+00,0.000000e+00] = [0,0]


TESTING 2

DFFT  fd32  max 2.879e+00s  avg 2.204e+00s  min 1.283e+00s  dev 4.464e-01s
DFFT  f1dx  max 3.009e-01s  avg 2.825e-01s  min 2.525e-01s  dev 6.780e-03s
DFFT  fd23  max 3.064e+00s  avg 2.392e+00s  min 1.501e+00s  dev 4.178e-01s
DFFT  fd32  max 1.215e+00s  avg 9.642e-01s  min 5.699e-01s  dev 1.729e-01s
DFFT  f1dy  max 2.974e-01s  avg 2.796e-01s  min 2.556e-01s  dev 5.292e-03s
DFFT  fd23  max 1.248e+00s  avg 9.866e-01s  min 5.848e-01s  dev 1.797e-01s
DFFT  fd32  max 8.113e-01s  avg 6.466e-01s  min 3.638e-01s  dev 1.109e-01s
DFFT  f1dz  max 3.027e-01s  avg 2.826e-01s  min 2.522e-01s  dev 6.874e-03s
DFFT fdist  max 9.093e+00s  avg 7.193e+00s  min 5.064e+00s  dev 9.124e-01s
DFFT fdfft  max 9.009e-01s  avg 8.446e-01s  min 7.612e-01s  dev 1.856e-02s
FORWARD     max 1.013e+01s  avg 1.012e+01s  min 1.011e+01s  dev 4.447e-03s

k-space:
real in [1.000000e+00,1.000000e+00] = [3ff0000000000000,3ff0000000000000]
imag in [0.000000e+00,0.000000e+00] = [0,0]

DFFT  b1dz  max 2.976e-01s  avg 2.792e-01s  min 2.589e-01s  dev 4.882e-03s
DFFT  bd23  max 8.711e-01s  avg 6.671e-01s  min 3.870e-01s  dev 1.174e-01s
DFFT  bd32  max 1.200e+00s  avg 9.595e-01s  min 5.610e-01s  dev 1.703e-01s
DFFT  b1dy  max 3.003e-01s  avg 2.831e-01s  min 2.543e-01s  dev 6.189e-03s
DFFT  bd23  max 1.256e+00s  avg 9.898e-01s  min 5.855e-01s  dev 1.816e-01s
DFFT  bd32  max 2.919e+00s  avg 2.304e+00s  min 1.448e+00s  dev 4.047e-01s
DFFT  b1dx  max 2.972e-01s  avg 2.796e-01s  min 2.593e-01s  dev 4.640e-03s
DFFT  bd23  max 2.941e+00s  avg 2.253e+00s  min 1.336e+00s  dev 4.230e-01s
DFFT bdist  max 9.031e+00s  avg 7.173e+00s  min 4.980e+00s  dev 8.847e-01s
DFFT bdfft  max 8.920e-01s  avg 8.419e-01s  min 7.726e-01s  dev 1.521e-02s
BACKWARD    max 1.008e+01s  avg 1.008e+01s  min 1.008e+01s  dev 4.857e-06s

r-space:
a[0,0,0] = (8589934592.000000,0.000000) = (4200000000000000,0)
real in [0.000000e+00,0.000000e+00] = [0,0]
imag in [0.000000e+00,0.000000e+00] = [0,0]


TESTING 3

DFFT  fd32  max 2.873e+00s  avg 2.255e+00s  min 1.408e+00s  dev 3.960e-01s
DFFT  f1dx  max 3.011e-01s  avg 2.824e-01s  min 2.524e-01s  dev 6.772e-03s
DFFT  fd23  max 3.059e+00s  avg 2.373e+00s  min 1.491e+00s  dev 4.213e-01s
DFFT  fd32  max 1.217e+00s  avg 9.638e-01s  min 5.891e-01s  dev 1.714e-01s
DFFT  f1dy  max 2.975e-01s  avg 2.795e-01s  min 2.553e-01s  dev 5.274e-03s
DFFT  fd23  max 1.251e+00s  avg 9.857e-01s  min 5.822e-01s  dev 1.783e-01s
DFFT  fd32  max 8.107e-01s  avg 6.482e-01s  min 3.643e-01s  dev 1.096e-01s
DFFT  f1dz  max 3.030e-01s  avg 2.826e-01s  min 2.523e-01s  dev 6.876e-03s
DFFT fdist  max 9.103e+00s  avg 7.225e+00s  min 5.007e+00s  dev 8.748e-01s
DFFT fdfft  max 9.016e-01s  avg 8.446e-01s  min 7.601e-01s  dev 1.855e-02s
FORWARD     max 1.013e+01s  avg 1.012e+01s  min 1.011e+01s  dev 4.272e-03s

k-space:
real in [1.000000e+00,1.000000e+00] = [3ff0000000000000,3ff0000000000000]
imag in [0.000000e+00,0.000000e+00] = [0,0]

DFFT  b1dz  max 2.976e-01s  avg 2.794e-01s  min 2.589e-01s  dev 4.964e-03s
DFFT  bd23  max 8.668e-01s  avg 6.653e-01s  min 3.784e-01s  dev 1.175e-01s
DFFT  bd32  max 1.209e+00s  avg 9.619e-01s  min 5.485e-01s  dev 1.735e-01s
DFFT  b1dy  max 3.007e-01s  avg 2.830e-01s  min 2.542e-01s  dev 6.168e-03s
DFFT  bd23  max 1.252e+00s  avg 9.887e-01s  min 5.859e-01s  dev 1.807e-01s
DFFT  bd32  max 2.796e+00s  avg 2.176e+00s  min 1.264e+00s  dev 4.030e-01s
DFFT  b1dx  max 2.972e-01s  avg 2.797e-01s  min 2.591e-01s  dev 4.705e-03s
DFFT  bd23  max 2.963e+00s  avg 2.292e+00s  min 1.447e+00s  dev 4.099e-01s
DFFT bdist  max 8.860e+00s  avg 7.085e+00s  min 4.914e+00s  dev 8.693e-01s
DFFT bdfft  max 8.919e-01s  avg 8.421e-01s  min 7.724e-01s  dev 1.528e-02s
BACKWARD    max 9.983e+00s  avg 9.983e+00s  min 9.983e+00s  dev 6.659e-06s

r-space:
a[0,0,0] = (8589934592.000000,0.000000) = (4200000000000000,0)
real in [0.000000e+00,0.000000e+00] = [0,0]
imag in [0.000000e+00,0.000000e+00] = [0,0]


TESTING 4

DFFT  fd32  max 2.864e+00s  avg 2.219e+00s  min 1.334e+00s  dev 4.209e-01s
DFFT  f1dx  max 3.014e-01s  avg 2.825e-01s  min 2.522e-01s  dev 6.759e-03s
DFFT  fd23  max 2.938e+00s  avg 2.258e+00s  min 1.404e+00s  dev 4.211e-01s
DFFT  fd32  max 1.214e+00s  avg 9.623e-01s  min 5.696e-01s  dev 1.738e-01s
DFFT  f1dy  max 2.974e-01s  avg 2.795e-01s  min 2.550e-01s  dev 5.272e-03s
DFFT  fd23  max 1.244e+00s  avg 9.852e-01s  min 5.844e-01s  dev 1.794e-01s
DFFT  fd32  max 8.160e-01s  avg 6.473e-01s  min 3.628e-01s  dev 1.112e-01s
DFFT  f1dz  max 3.039e-01s  avg 2.827e-01s  min 2.528e-01s  dev 6.908e-03s
DFFT fdist  max 8.840e+00s  avg 7.072e+00s  min 4.850e+00s  dev 9.021e-01s
DFFT fdfft  max 9.027e-01s  avg 8.448e-01s  min 7.601e-01s  dev 1.857e-02s
FORWARD     max 9.995e+00s  avg 9.988e+00s  min 9.974e+00s  dev 4.297e-03s

k-space:
real in [1.000000e+00,1.000000e+00] = [3ff0000000000000,3ff0000000000000]
imag in [0.000000e+00,0.000000e+00] = [0,0]

DFFT  b1dz  max 2.974e-01s  avg 2.793e-01s  min 2.587e-01s  dev 4.889e-03s
DFFT  bd23  max 8.605e-01s  avg 6.671e-01s  min 3.784e-01s  dev 1.180e-01s
DFFT  bd32  max 1.218e+00s  avg 9.612e-01s  min 5.821e-01s  dev 1.704e-01s
DFFT  b1dy  max 3.006e-01s  avg 2.832e-01s  min 2.545e-01s  dev 6.205e-03s
DFFT  bd23  max 1.250e+00s  avg 9.904e-01s  min 5.724e-01s  dev 1.811e-01s
DFFT  bd32  max 2.780e+00s  avg 2.153e+00s  min 1.249e+00s  dev 4.245e-01s
DFFT  b1dx  max 2.980e-01s  avg 2.797e-01s  min 2.599e-01s  dev 4.710e-03s
DFFT  bd23  max 3.005e+00s  avg 2.358e+00s  min 1.530e+00s  dev 4.006e-01s
DFFT bdist  max 8.944e+00s  avg 7.130e+00s  min 4.960e+00s  dev 8.853e-01s
DFFT bdfft  max 8.927e-01s  avg 8.421e-01s  min 7.735e-01s  dev 1.527e-02s
BACKWARD    max 1.001e+01s  avg 1.001e+01s  min 1.001e+01s  dev 4.591e-06s

r-space:
a[0,0,0] = (8589934592.000000,0.000000) = (4200000000000000,0)
real in [0.000000e+00,0.000000e+00] = [0,0]
imag in [0.000000e+00,0.000000e+00] = [0,0]


TESTING 5

DFFT  fd32  max 2.856e+00s  avg 2.234e+00s  min 1.359e+00s  dev 4.043e-01s
DFFT  f1dx  max 3.011e-01s  avg 2.824e-01s  min 2.521e-01s  dev 6.777e-03s
DFFT  fd23  max 3.033e+00s  avg 2.345e+00s  min 1.475e+00s  dev 4.141e-01s
DFFT  fd32  max 1.222e+00s  avg 9.648e-01s  min 5.685e-01s  dev 1.723e-01s
DFFT  f1dy  max 2.978e-01s  avg 2.796e-01s  min 2.557e-01s  dev 5.287e-03s
DFFT  fd23  max 1.248e+00s  avg 9.876e-01s  min 5.921e-01s  dev 1.792e-01s
DFFT  fd32  max 8.105e-01s  avg 6.473e-01s  min 3.622e-01s  dev 1.113e-01s
DFFT  f1dz  max 3.030e-01s  avg 2.826e-01s  min 2.523e-01s  dev 6.859e-03s
DFFT fdist  max 9.000e+00s  avg 7.179e+00s  min 4.972e+00s  dev 8.792e-01s
DFFT fdfft  max 9.019e-01s  avg 8.445e-01s  min 7.604e-01s  dev 1.854e-02s
FORWARD     max 1.009e+01s  avg 1.008e+01s  min 1.007e+01s  dev 4.380e-03s

k-space:
real in [1.000000e+00,1.000000e+00] = [3ff0000000000000,3ff0000000000000]
imag in [0.000000e+00,0.000000e+00] = [0,0]

DFFT  b1dz  max 2.974e-01s  avg 2.794e-01s  min 2.587e-01s  dev 4.958e-03s
DFFT  bd23  max 8.718e-01s  avg 6.656e-01s  min 3.780e-01s  dev 1.190e-01s
DFFT  bd32  max 1.221e+00s  avg 9.628e-01s  min 5.741e-01s  dev 1.721e-01s
DFFT  b1dy  max 3.006e-01s  avg 2.832e-01s  min 2.549e-01s  dev 6.200e-03s
DFFT  bd23  max 1.244e+00s  avg 9.892e-01s  min 5.925e-01s  dev 1.806e-01s
DFFT  bd32  max 2.829e+00s  avg 2.136e+00s  min 1.069e+00s  dev 4.951e-01s
DFFT  b1dx  max 2.971e-01s  avg 2.796e-01s  min 2.594e-01s  dev 4.666e-03s
DFFT  bd23  max 3.024e+00s  avg 2.315e+00s  min 1.501e+00s  dev 4.116e-01s
DFFT bdist  max 9.065e+00s  avg 7.068e+00s  min 4.808e+00s  dev 9.668e-01s
DFFT bdfft  max 8.925e-01s  avg 8.422e-01s  min 7.731e-01s  dev 1.528e-02s
BACKWARD    max 1.009e+01s  avg 1.009e+01s  min 1.009e+01s  dev 7.080e-06s

r-space:
a[0,0,0] = (8589934592.000000,0.000000) = (4200000000000000,0)
real in [0.000000e+00,0.000000e+00] = [0,0]
imag in [0.000000e+00,0.000000e+00] = [0,0]


TESTING 6

DFFT  fd32  max 2.860e+00s  avg 2.233e+00s  min 1.375e+00s  dev 4.012e-01s
DFFT  f1dx  max 3.018e-01s  avg 2.826e-01s  min 2.522e-01s  dev 6.801e-03s
DFFT  fd23  max 3.043e+00s  avg 2.356e+00s  min 1.480e+00s  dev 4.132e-01s
DFFT  fd32  max 1.213e+00s  avg 9.658e-01s  min 5.749e-01s  dev 1.713e-01s
DFFT  f1dy  max 2.974e-01s  avg 2.796e-01s  min 2.552e-01s  dev 5.268e-03s
DFFT  fd23  max 1.252e+00s  avg 9.853e-01s  min 5.813e-01s  dev 1.800e-01s
DFFT  fd32  max 8.200e-01s  avg 6.476e-01s  min 3.665e-01s  dev 1.113e-01s
DFFT  f1dz  max 3.035e-01s  avg 2.828e-01s  min 2.525e-01s  dev 6.846e-03s
DFFT fdist  max 8.968e+00s  avg 7.188e+00s  min 5.016e+00s  dev 8.579e-01s
DFFT fdfft  max 9.027e-01s  avg 8.450e-01s  min 7.601e-01s  dev 1.855e-02s
FORWARD     max 1.010e+01s  avg 1.009e+01s  min 1.008e+01s  dev 4.374e-03s

k-space:
real in [1.000000e+00,1.000000e+00] = [3ff0000000000000,3ff0000000000000]
imag in [0.000000e+00,0.000000e+00] = [0,0]

DFFT  b1dz  max 2.978e-01s  avg 2.793e-01s  min 2.589e-01s  dev 4.909e-03s
DFFT  bd23  max 8.665e-01s  avg 6.661e-01s  min 3.724e-01s  dev 1.176e-01s
DFFT  bd32  max 1.205e+00s  avg 9.612e-01s  min 5.818e-01s  dev 1.732e-01s
DFFT  b1dy  max 3.009e-01s  avg 2.832e-01s  min 2.544e-01s  dev 6.183e-03s
DFFT  bd23  max 1.258e+00s  avg 9.907e-01s  min 5.973e-01s  dev 1.809e-01s
DFFT  bd32  max 3.034e+00s  avg 2.426e+00s  min 1.570e+00s  dev 3.993e-01s
DFFT  b1dx  max 2.972e-01s  avg 2.796e-01s  min 2.595e-01s  dev 4.671e-03s
DFFT  bd23  max 2.960e+00s  avg 2.291e+00s  min 1.396e+00s  dev 4.086e-01s
DFFT bdist  max 9.060e+00s  avg 7.335e+00s  min 5.194e+00s  dev 8.579e-01s
DFFT bdfft  max 8.929e-01s  avg 8.421e-01s  min 7.730e-01s  dev 1.522e-02s
BACKWARD    max 1.022e+01s  avg 1.022e+01s  min 1.022e+01s  dev 6.289e-06s

r-space:
a[0,0,0] = (8589934592.000000,0.000000) = (4200000000000000,0)
real in [0.000000e+00,0.000000e+00] = [0,0]
imag in [0.000000e+00,0.000000e+00] = [0,0]


TESTING 7

DFFT  fd32  max 2.925e+00s  avg 2.283e+00s  min 1.392e+00s  dev 3.943e-01s
DFFT  f1dx  max 3.014e-01s  avg 2.826e-01s  min 2.526e-01s  dev 6.749e-03s
DFFT  fd23  max 2.950e+00s  avg 2.297e+00s  min 1.411e+00s  dev 4.083e-01s
DFFT  fd32  max 1.216e+00s  avg 9.641e-01s  min 5.793e-01s  dev 1.716e-01s
DFFT  f1dy  max 2.973e-01s  avg 2.796e-01s  min 2.554e-01s  dev 5.270e-03s
DFFT  fd23  max 1.253e+00s  avg 9.868e-01s  min 5.953e-01s  dev 1.788e-01s
DFFT  fd32  max 8.195e-01s  avg 6.484e-01s  min 3.628e-01s  dev 1.111e-01s
DFFT  f1dz  max 3.030e-01s  avg 2.828e-01s  min 2.524e-01s  dev 6.827e-03s
DFFT fdist  max 9.033e+00s  avg 7.179e+00s  min 5.079e+00s  dev 8.567e-01s
DFFT fdfft  max 9.017e-01s  avg 8.449e-01s  min 7.609e-01s  dev 1.847e-02s
FORWARD     max 1.008e+01s  avg 1.008e+01s  min 1.006e+01s  dev 4.342e-03s

k-space:
real in [1.000000e+00,1.000000e+00] = [3ff0000000000000,3ff0000000000000]
imag in [0.000000e+00,0.000000e+00] = [0,0]

DFFT  b1dz  max 2.977e-01s  avg 2.794e-01s  min 2.589e-01s  dev 4.937e-03s
DFFT  bd23  max 8.669e-01s  avg 6.662e-01s  min 3.797e-01s  dev 1.168e-01s
DFFT  bd32  max 1.207e+00s  avg 9.626e-01s  min 5.556e-01s  dev 1.711e-01s
DFFT  b1dy  max 3.006e-01s  avg 2.831e-01s  min 2.544e-01s  dev 6.182e-03s
DFFT  bd23  max 1.261e+00s  avg 9.870e-01s  min 5.806e-01s  dev 1.810e-01s
DFFT  bd32  max 2.998e+00s  avg 2.406e+00s  min 1.587e+00s  dev 3.936e-01s
DFFT  b1dx  max 2.976e-01s  avg 2.796e-01s  min 2.597e-01s  dev 4.705e-03s
DFFT  bd23  max 3.019e+00s  avg 2.339e+00s  min 1.488e+00s  dev 4.241e-01s
DFFT bdist  max 9.171e+00s  avg 7.361e+00s  min 5.235e+00s  dev 8.775e-01s
DFFT bdfft  max 8.926e-01s  avg 8.422e-01s  min 7.738e-01s  dev 1.528e-02s
BACKWARD    max 1.025e+01s  avg 1.025e+01s  min 1.025e+01s  dev 9.700e-06s

r-space:
a[0,0,0] = (8589934592.000000,0.000000) = (4200000000000000,0)
real in [0.000000e+00,0.000000e+00] = [0,0]
imag in [0.000000e+00,0.000000e+00] = [0,0]


TESTING 8

DFFT  fd32  max 2.867e+00s  avg 2.239e+00s  min 1.367e+00s  dev 4.032e-01s
DFFT  f1dx  max 3.010e-01s  avg 2.825e-01s  min 2.522e-01s  dev 6.736e-03s
DFFT  fd23  max 3.130e+00s  avg 2.465e+00s  min 1.626e+00s  dev 4.328e-01s
DFFT  fd32  max 1.218e+00s  avg 9.652e-01s  min 5.699e-01s  dev 1.715e-01s
DFFT  f1dy  max 2.977e-01s  avg 2.796e-01s  min 2.554e-01s  dev 5.285e-03s
DFFT  fd23  max 1.242e+00s  avg 9.868e-01s  min 5.789e-01s  dev 1.796e-01s
DFFT  fd32  max 8.148e-01s  avg 6.465e-01s  min 3.737e-01s  dev 1.116e-01s
DFFT  f1dz  max 3.030e-01s  avg 2.826e-01s  min 2.517e-01s  dev 6.883e-03s
DFFT fdist  max 9.051e+00s  avg 7.303e+00s  min 5.111e+00s  dev 8.837e-01s
DFFT fdfft  max 9.017e-01s  avg 8.446e-01s  min 7.602e-01s  dev 1.851e-02s
FORWARD     max 1.019e+01s  avg 1.018e+01s  min 1.017e+01s  dev 4.383e-03s

k-space:
real in [1.000000e+00,1.000000e+00] = [3ff0000000000000,3ff0000000000000]
imag in [0.000000e+00,0.000000e+00] = [0,0]

DFFT  b1dz  max 2.977e-01s  avg 2.794e-01s  min 2.592e-01s  dev 4.937e-03s
DFFT  bd23  max 8.785e-01s  avg 6.656e-01s  min 3.783e-01s  dev 1.195e-01s
DFFT  bd32  max 1.217e+00s  avg 9.630e-01s  min 5.564e-01s  dev 1.726e-01s
DFFT  b1dy  max 3.008e-01s  avg 2.830e-01s  min 2.546e-01s  dev 6.167e-03s
DFFT  bd23  max 1.260e+00s  avg 9.887e-01s  min 5.714e-01s  dev 1.802e-01s
DFFT  bd32  max 2.994e+00s  avg 2.375e+00s  min 1.525e+00s  dev 3.951e-01s
DFFT  b1dx  max 2.973e-01s  avg 2.797e-01s  min 2.592e-01s  dev 4.671e-03s
DFFT  bd23  max 2.973e+00s  avg 2.324e+00s  min 1.458e+00s  dev 3.982e-01s
DFFT bdist  max 9.120e+00s  avg 7.317e+00s  min 5.279e+00s  dev 8.443e-01s
DFFT bdfft  max 8.928e-01s  avg 8.421e-01s  min 7.733e-01s  dev 1.525e-02s
BACKWARD    max 1.022e+01s  avg 1.022e+01s  min 1.022e+01s  dev 8.962e-06s

r-space:
a[0,0,0] = (8589934592.000000,0.000000) = (4200000000000000,0)
real in [0.000000e+00,0.000000e+00] = [0,0]
imag in [0.000000e+00,0.000000e+00] = [0,0]


TESTING 9

DFFT  fd32  max 2.876e+00s  avg 2.247e+00s  min 1.397e+00s  dev 3.940e-01s
DFFT  f1dx  max 3.010e-01s  avg 2.823e-01s  min 2.519e-01s  dev 6.773e-03s
DFFT  fd23  max 2.957e+00s  avg 2.291e+00s  min 1.454e+00s  dev 4.131e-01s
DFFT  fd32  max 1.238e+00s  avg 9.661e-01s  min 5.777e-01s  dev 1.713e-01s
DFFT  f1dy  max 2.974e-01s  avg 2.797e-01s  min 2.557e-01s  dev 5.271e-03s
DFFT  fd23  max 1.245e+00s  avg 9.834e-01s  min 5.854e-01s  dev 1.816e-01s
DFFT  fd32  max 8.105e-01s  avg 6.463e-01s  min 3.638e-01s  dev 1.114e-01s
DFFT  f1dz  max 3.030e-01s  avg 2.826e-01s  min 2.516e-01s  dev 6.897e-03s
DFFT fdist  max 8.935e+00s  avg 7.134e+00s  min 4.993e+00s  dev 8.729e-01s
DFFT fdfft  max 9.014e-01s  avg 8.446e-01s  min 7.596e-01s  dev 1.856e-02s
FORWARD     max 1.004e+01s  avg 1.004e+01s  min 1.002e+01s  dev 4.274e-03s

k-space:
real in [1.000000e+00,1.000000e+00] = [3ff0000000000000,3ff0000000000000]
imag in [0.000000e+00,0.000000e+00] = [0,0]

DFFT  b1dz  max 2.972e-01s  avg 2.793e-01s  min 2.584e-01s  dev 4.895e-03s
DFFT  bd23  max 8.709e-01s  avg 6.659e-01s  min 3.755e-01s  dev 1.175e-01s
DFFT  bd32  max 1.209e+00s  avg 9.604e-01s  min 5.391e-01s  dev 1.728e-01s
DFFT  b1dy  max 3.008e-01s  avg 2.831e-01s  min 2.547e-01s  dev 6.178e-03s
DFFT  bd23  max 1.248e+00s  avg 9.882e-01s  min 5.897e-01s  dev 1.803e-01s
DFFT  bd32  max 2.898e+00s  avg 2.329e+00s  min 1.498e+00s  dev 3.941e-01s
DFFT  b1dx  max 2.971e-01s  avg 2.795e-01s  min 2.591e-01s  dev 4.671e-03s
DFFT  bd23  max 3.056e+00s  avg 2.374e+00s  min 1.524e+00s  dev 4.100e-01s
DFFT bdist  max 9.048e+00s  avg 7.318e+00s  min 5.181e+00s  dev 8.567e-01s
DFFT bdfft  max 8.923e-01s  avg 8.419e-01s  min 7.727e-01s  dev 1.519e-02s
BACKWARD    max 1.018e+01s  avg 1.018e+01s  min 1.018e+01s  dev 8.166e-06s

r-space:
a[0,0,0] = (8589934592.000000,0.000000) = (4200000000000000,0)
real in [0.000000e+00,0.000000e+00] = [0,0]
imag in [0.000000e+00,0.000000e+00] = [0,0]


TESTING a

DFFT  fd32  max 2.981e+00s  avg 2.324e+00s  min 1.423e+00s  dev 4.035e-01s
DFFT  f1dx  max 3.012e-01s  avg 2.825e-01s  min 2.524e-01s  dev 6.766e-03s
DFFT  fd23  max 3.018e+00s  avg 2.334e+00s  min 1.470e+00s  dev 4.089e-01s
DFFT  fd32  max 1.210e+00s  avg 9.641e-01s  min 5.727e-01s  dev 1.716e-01s
DFFT  f1dy  max 2.972e-01s  avg 2.796e-01s  min 2.548e-01s  dev 5.243e-03s
DFFT  fd23  max 1.245e+00s  avg 9.838e-01s  min 5.940e-01s  dev 1.811e-01s
DFFT  fd32  max 8.078e-01s  avg 6.469e-01s  min 3.620e-01s  dev 1.109e-01s
DFFT  f1dz  max 3.031e-01s  avg 2.827e-01s  min 2.526e-01s  dev 6.881e-03s
DFFT fdist  max 9.069e+00s  avg 7.253e+00s  min 5.030e+00s  dev 8.672e-01s
DFFT fdfft  max 9.015e-01s  avg 8.448e-01s  min 7.598e-01s  dev 1.849e-02s
FORWARD     max 1.018e+01s  avg 1.017e+01s  min 1.016e+01s  dev 4.150e-03s

k-space:
real in [1.000000e+00,1.000000e+00] = [3ff0000000000000,3ff0000000000000]
imag in [0.000000e+00,0.000000e+00] = [0,0]

DFFT  b1dz  max 2.979e-01s  avg 2.793e-01s  min 2.588e-01s  dev 4.926e-03s
DFFT  bd23  max 8.700e-01s  avg 6.676e-01s  min 3.839e-01s  dev 1.183e-01s
DFFT  bd32  max 1.218e+00s  avg 9.662e-01s  min 5.838e-01s  dev 1.696e-01s
DFFT  b1dy  max 3.005e-01s  avg 2.831e-01s  min 2.542e-01s  dev 6.167e-03s
DFFT  bd23  max 1.246e+00s  avg 9.866e-01s  min 5.855e-01s  dev 1.812e-01s
DFFT  bd32  max 2.988e+00s  avg 2.374e+00s  min 1.507e+00s  dev 4.013e-01s
DFFT  b1dx  max 2.979e-01s  avg 2.796e-01s  min 2.596e-01s  dev 4.679e-03s
DFFT  bd23  max 3.190e+00s  avg 2.490e+00s  min 1.632e+00s  dev 4.398e-01s
DFFT bdist  max 9.365e+00s  avg 7.484e+00s  min 5.162e+00s  dev 8.957e-01s
DFFT bdfft  max 8.930e-01s  avg 8.419e-01s  min 7.730e-01s  dev 1.523e-02s
BACKWARD    max 1.041e+01s  avg 1.041e+01s  min 1.041e+01s  dev 4.586e-06s

r-space:
a[0,0,0] = (8589934592.000000,0.000000) = (4200000000000000,0)
real in [0.000000e+00,0.000000e+00] = [0,0]
imag in [0.000000e+00,0.000000e+00] = [0,0]


TESTING b

DFFT  fd32  max 2.932e+00s  avg 2.295e+00s  min 1.430e+00s  dev 3.944e-01s
DFFT  f1dx  max 3.017e-01s  avg 2.825e-01s  min 2.521e-01s  dev 6.793e-03s
DFFT  fd23  max 3.077e+00s  avg 2.390e+00s  min 1.561e+00s  dev 4.161e-01s
DFFT  fd32  max 1.219e+00s  avg 9.682e-01s  min 5.710e-01s  dev 1.720e-01s
DFFT  f1dy  max 2.970e-01s  avg 2.795e-01s  min 2.555e-01s  dev 5.238e-03s
DFFT  fd23  max 1.246e+00s  avg 9.837e-01s  min 5.743e-01s  dev 1.815e-01s
DFFT  fd32  max 8.207e-01s  avg 6.500e-01s  min 3.623e-01s  dev 1.098e-01s
DFFT  f1dz  max 3.031e-01s  avg 2.827e-01s  min 2.521e-01s  dev 6.869e-03s
DFFT fdist  max 9.026e+00s  avg 7.287e+00s  min 5.102e+00s  dev 8.694e-01s
DFFT fdfft  max 9.018e-01s  avg 8.447e-01s  min 7.601e-01s  dev 1.850e-02s
FORWARD     max 1.021e+01s  avg 1.021e+01s  min 1.019e+01s  dev 4.253e-03s

k-space:
real in [1.000000e+00,1.000000e+00] = [3ff0000000000000,3ff0000000000000]
imag in [0.000000e+00,0.000000e+00] = [0,0]

DFFT  b1dz  max 2.978e-01s  avg 2.793e-01s  min 2.590e-01s  dev 4.946e-03s
DFFT  bd23  max 8.791e-01s  avg 6.664e-01s  min 3.991e-01s  dev 1.190e-01s
DFFT  bd32  max 1.207e+00s  avg 9.619e-01s  min 5.685e-01s  dev 1.702e-01s
DFFT  b1dy  max 3.009e-01s  avg 2.831e-01s  min 2.540e-01s  dev 6.197e-03s
DFFT  bd23  max 1.260e+00s  avg 9.879e-01s  min 5.721e-01s  dev 1.819e-01s
DFFT  bd32  max 2.987e+00s  avg 2.371e+00s  min 1.537e+00s  dev 4.077e-01s
DFFT  b1dx  max 2.971e-01s  avg 2.796e-01s  min 2.591e-01s  dev 4.664e-03s
DFFT  bd23  max 2.989e+00s  avg 2.317e+00s  min 1.441e+00s  dev 4.146e-01s
DFFT bdist  max 9.211e+00s  avg 7.304e+00s  min 5.122e+00s  dev 8.844e-01s
DFFT bdfft  max 8.928e-01s  avg 8.419e-01s  min 7.739e-01s  dev 1.528e-02s
BACKWARD    max 1.022e+01s  avg 1.022e+01s  min 1.022e+01s  dev 7.817e-06s

r-space:
a[0,0,0] = (8589934592.000000,0.000000) = (4200000000000000,0)
real in [0.000000e+00,0.000000e+00] = [0,0]
imag in [0.000000e+00,0.000000e+00] = [0,0]


TESTING c

DFFT  fd32  max 2.911e+00s  avg 2.283e+00s  min 1.384e+00s  dev 3.907e-01s
DFFT  f1dx  max 3.011e-01s  avg 2.825e-01s  min 2.524e-01s  dev 6.748e-03s
DFFT  fd23  max 2.949e+00s  avg 2.268e+00s  min 1.397e+00s  dev 4.174e-01s
DFFT  fd32  max 1.205e+00s  avg 9.617e-01s  min 5.729e-01s  dev 1.716e-01s
DFFT  f1dy  max 2.980e-01s  avg 2.796e-01s  min 2.552e-01s  dev 5.279e-03s
DFFT  fd23  max 1.255e+00s  avg 9.863e-01s  min 5.838e-01s  dev 1.809e-01s
DFFT  fd32  max 8.120e-01s  avg 6.473e-01s  min 3.691e-01s  dev 1.100e-01s
DFFT  f1dz  max 3.036e-01s  avg 2.826e-01s  min 2.525e-01s  dev 6.833e-03s
DFFT fdist  max 8.949e+00s  avg 7.147e+00s  min 5.058e+00s  dev 8.608e-01s
DFFT fdfft  max 9.027e-01s  avg 8.447e-01s  min 7.601e-01s  dev 1.849e-02s
FORWARD     max 1.004e+01s  avg 1.004e+01s  min 1.002e+01s  dev 4.231e-03s

k-space:
real in [1.000000e+00,1.000000e+00] = [3ff0000000000000,3ff0000000000000]
imag in [0.000000e+00,0.000000e+00] = [0,0]

DFFT  b1dz  max 2.973e-01s  avg 2.793e-01s  min 2.584e-01s  dev 4.909e-03s
DFFT  bd23  max 8.898e-01s  avg 6.696e-01s  min 3.792e-01s  dev 1.184e-01s
DFFT  bd32  max 1.210e+00s  avg 9.615e-01s  min 5.446e-01s  dev 1.708e-01s
DFFT  b1dy  max 3.010e-01s  avg 2.830e-01s  min 2.543e-01s  dev 6.172e-03s
DFFT  bd23  max 1.245e+00s  avg 9.882e-01s  min 5.905e-01s  dev 1.796e-01s
DFFT  bd32  max 2.836e+00s  avg 2.230e+00s  min 1.348e+00s  dev 4.037e-01s
DFFT  b1dx  max 2.969e-01s  avg 2.796e-01s  min 2.587e-01s  dev 4.674e-03s
DFFT  bd23  max 3.018e+00s  avg 2.342e+00s  min 1.511e+00s  dev 4.101e-01s
DFFT bdist  max 9.039e+00s  avg 7.192e+00s  min 5.045e+00s  dev 8.767e-01s
DFFT bdfft  max 8.921e-01s  avg 8.419e-01s  min 7.721e-01s  dev 1.523e-02s
BACKWARD    max 1.010e+01s  avg 1.010e+01s  min 1.010e+01s  dev 3.511e-06s

r-space:
a[0,0,0] = (8589934592.000000,0.000000) = (4200000000000000,0)
real in [0.000000e+00,0.000000e+00] = [0,0]
imag in [0.000000e+00,0.000000e+00] = [0,0]


TESTING d

DFFT  fd32  max 2.936e+00s  avg 2.313e+00s  min 1.431e+00s  dev 3.938e-01s
DFFT  f1dx  max 3.017e-01s  avg 2.824e-01s  min 2.527e-01s  dev 6.743e-03s
DFFT  fd23  max 3.059e+00s  avg 2.387e+00s  min 1.537e+00s  dev 4.225e-01s
DFFT  fd32  max 1.202e+00s  avg 9.605e-01s  min 5.725e-01s  dev 1.715e-01s
DFFT  f1dy  max 2.974e-01s  avg 2.797e-01s  min 2.552e-01s  dev 5.279e-03s
DFFT  fd23  max 1.245e+00s  avg 9.834e-01s  min 5.884e-01s  dev 1.804e-01s
DFFT  fd32  max 8.071e-01s  avg 6.441e-01s  min 3.622e-01s  dev 1.119e-01s
DFFT  f1dz  max 3.036e-01s  avg 2.826e-01s  min 2.519e-01s  dev 6.892e-03s
DFFT fdist  max 9.113e+00s  avg 7.288e+00s  min 5.085e+00s  dev 8.809e-01s
DFFT fdfft  max 9.028e-01s  avg 8.446e-01s  min 7.602e-01s  dev 1.854e-02s
FORWARD     max 1.017e+01s  avg 1.016e+01s  min 1.015e+01s  dev 4.213e-03s

k-space:
real in [1.000000e+00,1.000000e+00] = [3ff0000000000000,3ff0000000000000]
imag in [0.000000e+00,0.000000e+00] = [0,0]

DFFT  b1dz  max 2.974e-01s  avg 2.792e-01s  min 2.584e-01s  dev 4.951e-03s
DFFT  bd23  max 8.783e-01s  avg 6.658e-01s  min 4.019e-01s  dev 1.183e-01s
DFFT  bd32  max 1.206e+00s  avg 9.605e-01s  min 5.724e-01s  dev 1.724e-01s
DFFT  b1dy  max 3.005e-01s  avg 2.830e-01s  min 2.544e-01s  dev 6.199e-03s
DFFT  bd23  max 1.248e+00s  avg 9.877e-01s  min 5.858e-01s  dev 1.813e-01s
DFFT  bd32  max 2.818e+00s  avg 2.222e+00s  min 1.342e+00s  dev 3.929e-01s
DFFT  b1dx  max 2.971e-01s  avg 2.796e-01s  min 2.590e-01s  dev 4.692e-03s
DFFT  bd23  max 2.944e+00s  avg 2.261e+00s  min 1.417e+00s  dev 4.190e-01s
DFFT bdist  max 8.942e+00s  avg 7.098e+00s  min 4.935e+00s  dev 8.722e-01s
DFFT bdfft  max 8.922e-01s  avg 8.419e-01s  min 7.737e-01s  dev 1.527e-02s
BACKWARD    max 9.990e+00s  avg 9.990e+00s  min 9.990e+00s  dev 8.939e-06s

r-space:
a[0,0,0] = (8589934592.000000,0.000000) = (4200000000000000,0)
real in [0.000000e+00,0.000000e+00] = [0,0]
imag in [0.000000e+00,0.000000e+00] = [0,0]


TESTING e

DFFT  fd32  max 2.985e+00s  avg 2.353e+00s  min 1.469e+00s  dev 4.058e-01s
DFFT  f1dx  max 3.010e-01s  avg 2.824e-01s  min 2.521e-01s  dev 6.767e-03s
DFFT  fd23  max 2.984e+00s  avg 2.335e+00s  min 1.478e+00s  dev 4.031e-01s
DFFT  fd32  max 1.209e+00s  avg 9.611e-01s  min 5.436e-01s  dev 1.733e-01s
DFFT  f1dy  max 2.977e-01s  avg 2.795e-01s  min 2.555e-01s  dev 5.289e-03s
DFFT  fd23  max 1.240e+00s  avg 9.841e-01s  min 5.824e-01s  dev 1.818e-01s
DFFT  fd32  max 8.069e-01s  avg 6.489e-01s  min 3.893e-01s  dev 1.096e-01s
DFFT  f1dz  max 3.030e-01s  avg 2.826e-01s  min 2.523e-01s  dev 6.875e-03s
DFFT fdist  max 9.108e+00s  avg 7.281e+00s  min 4.980e+00s  dev 8.800e-01s
DFFT fdfft  max 9.017e-01s  avg 8.446e-01s  min 7.603e-01s  dev 1.852e-02s
FORWARD     max 1.014e+01s  avg 1.013e+01s  min 1.012e+01s  dev 4.291e-03s

k-space:
real in [1.000000e+00,1.000000e+00] = [3ff0000000000000,3ff0000000000000]
imag in [0.000000e+00,0.000000e+00] = [0,0]

DFFT  b1dz  max 2.977e-01s  avg 2.793e-01s  min 2.588e-01s  dev 4.971e-03s
DFFT  bd23  max 8.788e-01s  avg 6.674e-01s  min 3.940e-01s  dev 1.165e-01s
DFFT  bd32  max 1.208e+00s  avg 9.609e-01s  min 5.394e-01s  dev 1.706e-01s
DFFT  b1dy  max 3.010e-01s  avg 2.831e-01s  min 2.541e-01s  dev 6.196e-03s
DFFT  bd23  max 1.260e+00s  avg 9.890e-01s  min 5.768e-01s  dev 1.817e-01s
DFFT  bd32  max 2.894e+00s  avg 2.257e+00s  min 1.396e+00s  dev 4.035e-01s
DFFT  b1dx  max 2.972e-01s  avg 2.796e-01s  min 2.590e-01s  dev 4.669e-03s
DFFT  bd23  max 3.040e+00s  avg 2.366e+00s  min 1.502e+00s  dev 4.121e-01s
DFFT bdist  max 9.101e+00s  avg 7.240e+00s  min 5.076e+00s  dev 8.739e-01s
DFFT bdfft  max 8.925e-01s  avg 8.419e-01s  min 7.737e-01s  dev 1.531e-02s
BACKWARD    max 1.018e+01s  avg 1.018e+01s  min 1.018e+01s  dev 1.250e-05s

r-space:
a[0,0,0] = (8589934592.000000,0.000000) = (4200000000000000,0)
real in [0.000000e+00,0.000000e+00] = [0,0]
imag in [0.000000e+00,0.000000e+00] = [0,0]


TESTING f

DFFT  fd32  max 2.971e+00s  avg 2.341e+00s  min 1.445e+00s  dev 4.044e-01s
DFFT  f1dx  max 3.012e-01s  avg 2.824e-01s  min 2.525e-01s  dev 6.715e-03s
DFFT  fd23  max 3.037e+00s  avg 2.357e+00s  min 1.484e+00s  dev 4.184e-01s
DFFT  fd32  max 1.220e+00s  avg 9.665e-01s  min 5.762e-01s  dev 1.710e-01s
DFFT  f1dy  max 2.979e-01s  avg 2.796e-01s  min 2.549e-01s  dev 5.292e-03s
DFFT  fd23  max 1.247e+00s  avg 9.827e-01s  min 5.797e-01s  dev 1.808e-01s
DFFT  fd32  max 8.080e-01s  avg 6.484e-01s  min 3.628e-01s  dev 1.095e-01s
DFFT  f1dz  max 3.029e-01s  avg 2.826e-01s  min 2.522e-01s  dev 6.839e-03s
DFFT fdist  max 9.074e+00s  avg 7.296e+00s  min 5.065e+00s  dev 8.798e-01s
DFFT fdfft  max 9.020e-01s  avg 8.446e-01s  min 7.601e-01s  dev 1.848e-02s
FORWARD     max 1.020e+01s  avg 1.019e+01s  min 1.018e+01s  dev 4.043e-03s

k-space:
real in [1.000000e+00,1.000000e+00] = [3ff0000000000000,3ff0000000000000]
imag in [0.000000e+00,0.000000e+00] = [0,0]

DFFT  b1dz  max 2.975e-01s  avg 2.793e-01s  min 2.584e-01s  dev 4.945e-03s
DFFT  bd23  max 8.723e-01s  avg 6.663e-01s  min 3.793e-01s  dev 1.185e-01s
DFFT  bd32  max 1.205e+00s  avg 9.647e-01s  min 5.707e-01s  dev 1.701e-01s
DFFT  b1dy  max 3.012e-01s  avg 2.830e-01s  min 2.546e-01s  dev 6.190e-03s
DFFT  bd23  max 1.255e+00s  avg 9.874e-01s  min 5.875e-01s  dev 1.816e-01s
DFFT  bd32  max 2.810e+00s  avg 2.161e+00s  min 1.233e+00s  dev 4.329e-01s
DFFT  b1dx  max 2.974e-01s  avg 2.796e-01s  min 2.593e-01s  dev 4.691e-03s
DFFT  bd23  max 2.950e+00s  avg 2.271e+00s  min 1.444e+00s  dev 4.144e-01s
DFFT bdist  max 8.852e+00s  avg 7.050e+00s  min 4.837e+00s  dev 8.939e-01s
DFFT bdfft  max 8.927e-01s  avg 8.420e-01s  min 7.726e-01s  dev 1.530e-02s
BACKWARD    max 9.988e+00s  avg 9.988e+00s  min 9.988e+00s  dev 4.526e-06s

r-space:
a[0,0,0] = (8589934592.000000,0.000000) = (4200000000000000,0)
real in [0.000000e+00,0.000000e+00] = [0,0]
imag in [0.000000e+00,0.000000e+00] = [0,0]


TESTING 10

DFFT  fd32  max 2.858e+00s  avg 2.234e+00s  min 1.357e+00s  dev 3.996e-01s
DFFT  f1dx  max 3.016e-01s  avg 2.824e-01s  min 2.519e-01s  dev 6.795e-03s
DFFT  fd23  max 3.133e+00s  avg 2.457e+00s  min 1.584e+00s  dev 4.166e-01s
DFFT  fd32  max 1.212e+00s  avg 9.629e-01s  min 5.812e-01s  dev 1.692e-01s
DFFT  f1dy  max 2.973e-01s  avg 2.796e-01s  min 2.554e-01s  dev 5.263e-03s
DFFT  fd23  max 1.251e+00s  avg 9.875e-01s  min 5.918e-01s  dev 1.795e-01s
DFFT  fd32  max 8.141e-01s  avg 6.481e-01s  min 3.772e-01s  dev 1.101e-01s
DFFT  f1dz  max 3.034e-01s  avg 2.825e-01s  min 2.518e-01s  dev 6.906e-03s
DFFT fdist  max 9.139e+00s  avg 7.290e+00s  min 5.162e+00s  dev 8.723e-01s
DFFT fdfft  max 9.023e-01s  avg 8.445e-01s  min 7.595e-01s  dev 1.859e-02s
FORWARD     max 1.019e+01s  avg 1.018e+01s  min 1.017e+01s  dev 4.230e-03s

k-space:
real in [1.000000e+00,1.000000e+00] = [3ff0000000000000,3ff0000000000000]
imag in [0.000000e+00,0.000000e+00] = [0,0]

DFFT  b1dz  max 2.976e-01s  avg 2.793e-01s  min 2.586e-01s  dev 4.931e-03s
DFFT  bd23  max 8.679e-01s  avg 6.670e-01s  min 3.905e-01s  dev 1.183e-01s
DFFT  bd32  max 1.220e+00s  avg 9.623e-01s  min 5.833e-01s  dev 1.721e-01s
DFFT  b1dy  max 3.006e-01s  avg 2.831e-01s  min 2.540e-01s  dev 6.199e-03s
DFFT  bd23  max 1.245e+00s  avg 9.892e-01s  min 5.860e-01s  dev 1.802e-01s
DFFT  bd32  max 2.893e+00s  avg 2.288e+00s  min 1.416e+00s  dev 3.922e-01s
DFFT  b1dx  max 2.980e-01s  avg 2.797e-01s  min 2.597e-01s  dev 4.743e-03s
DFFT  bd23  max 3.021e+00s  avg 2.347e+00s  min 1.494e+00s  dev 4.139e-01s
DFFT bdist  max 9.104e+00s  avg 7.254e+00s  min 5.067e+00s  dev 8.672e-01s
DFFT bdfft  max 8.921e-01s  avg 8.420e-01s  min 7.727e-01s  dev 1.530e-02s
BACKWARD    max 1.014e+01s  avg 1.014e+01s  min 1.014e+01s  dev 5.673e-06s

r-space:
a[0,0,0] = (8589934592.000000,0.000000) = (4200000000000000,0)
real in [0.000000e+00,0.000000e+00] = [0,0]
imag in [0.000000e+00,0.000000e+00] = [0,0]


TESTING 11

DFFT  fd32  max 2.855e+00s  avg 2.230e+00s  min 1.369e+00s  dev 3.981e-01s
DFFT  f1dx  max 3.012e-01s  avg 2.825e-01s  min 2.522e-01s  dev 6.777e-03s
DFFT  fd23  max 3.004e+00s  avg 2.347e+00s  min 1.548e+00s  dev 4.141e-01s
DFFT  fd32  max 1.205e+00s  avg 9.636e-01s  min 5.671e-01s  dev 1.713e-01s
DFFT  f1dy  max 2.979e-01s  avg 2.796e-01s  min 2.559e-01s  dev 5.289e-03s
DFFT  fd23  max 1.246e+00s  avg 9.838e-01s  min 5.740e-01s  dev 1.808e-01s
DFFT  fd32  max 8.090e-01s  avg 6.478e-01s  min 3.742e-01s  dev 1.109e-01s
DFFT  f1dz  max 3.032e-01s  avg 2.827e-01s  min 2.527e-01s  dev 6.861e-03s
DFFT fdist  max 9.046e+00s  avg 7.172e+00s  min 4.984e+00s  dev 8.704e-01s
DFFT fdfft  max 9.023e-01s  avg 8.447e-01s  min 7.608e-01s  dev 1.855e-02s
FORWARD     max 1.003e+01s  avg 1.002e+01s  min 1.001e+01s  dev 4.270e-03s

k-space:
real in [1.000000e+00,1.000000e+00] = [3ff0000000000000,3ff0000000000000]
imag in [0.000000e+00,0.000000e+00] = [0,0]

DFFT  b1dz  max 2.975e-01s  avg 2.793e-01s  min 2.584e-01s  dev 4.933e-03s
DFFT  bd23  max 8.720e-01s  avg 6.671e-01s  min 4.055e-01s  dev 1.167e-01s
DFFT  bd32  max 1.208e+00s  avg 9.646e-01s  min 5.400e-01s  dev 1.693e-01s
DFFT  b1dy  max 3.005e-01s  avg 2.831e-01s  min 2.545e-01s  dev 6.189e-03s
DFFT  bd23  max 1.249e+00s  avg 9.874e-01s  min 5.844e-01s  dev 1.814e-01s
DFFT  bd32  max 2.936e+00s  avg 2.312e+00s  min 1.463e+00s  dev 4.006e-01s
DFFT  b1dx  max 2.972e-01s  avg 2.796e-01s  min 2.590e-01s  dev 4.665e-03s
DFFT  bd23  max 3.090e+00s  avg 2.390e+00s  min 1.483e+00s  dev 4.173e-01s
DFFT bdist  max 9.073e+00s  avg 7.322e+00s  min 5.243e+00s  dev 8.658e-01s
DFFT bdfft  max 8.917e-01s  avg 8.420e-01s  min 7.726e-01s  dev 1.527e-02s
BACKWARD    max 1.025e+01s  avg 1.025e+01s  min 1.025e+01s  dev 5.024e-06s

r-space:
a[0,0,0] = (8589934592.000000,0.000000) = (4200000000000000,0)
real in [0.000000e+00,0.000000e+00] = [0,0]
imag in [0.000000e+00,0.000000e+00] = [0,0]


TESTING 12

DFFT  fd32  max 2.876e+00s  avg 2.218e+00s  min 1.318e+00s  dev 4.240e-01s
DFFT  f1dx  max 3.013e-01s  avg 2.825e-01s  min 2.520e-01s  dev 6.766e-03s
DFFT  fd23  max 2.961e+00s  avg 2.290e+00s  min 1.450e+00s  dev 4.070e-01s
DFFT  fd32  max 1.220e+00s  avg 9.643e-01s  min 5.735e-01s  dev 1.729e-01s
DFFT  f1dy  max 2.975e-01s  avg 2.795e-01s  min 2.550e-01s  dev 5.295e-03s
DFFT  fd23  max 1.244e+00s  avg 9.859e-01s  min 5.913e-01s  dev 1.793e-01s
DFFT  fd32  max 8.034e-01s  avg 6.463e-01s  min 3.642e-01s  dev 1.112e-01s
DFFT  f1dz  max 3.034e-01s  avg 2.826e-01s  min 2.524e-01s  dev 6.862e-03s
DFFT fdist  max 8.926e+00s  avg 7.104e+00s  min 4.965e+00s  dev 8.809e-01s
DFFT fdfft  max 9.022e-01s  avg 8.446e-01s  min 7.595e-01s  dev 1.854e-02s
FORWARD     max 1.001e+01s  avg 1.001e+01s  min 9.995e+00s  dev 4.201e-03s

k-space:
real in [1.000000e+00,1.000000e+00] = [3ff0000000000000,3ff0000000000000]
imag in [0.000000e+00,0.000000e+00] = [0,0]

DFFT  b1dz  max 2.972e-01s  avg 2.794e-01s  min 2.582e-01s  dev 4.918e-03s
DFFT  bd23  max 8.847e-01s  avg 6.675e-01s  min 3.793e-01s  dev 1.175e-01s
DFFT  bd32  max 1.213e+00s  avg 9.650e-01s  min 5.876e-01s  dev 1.677e-01s
DFFT  b1dy  max 3.011e-01s  avg 2.831e-01s  min 2.545e-01s  dev 6.197e-03s
DFFT  bd23  max 1.246e+00s  avg 9.870e-01s  min 5.892e-01s  dev 1.822e-01s
DFFT  bd32  max 2.936e+00s  avg 2.327e+00s  min 1.471e+00s  dev 4.066e-01s
DFFT  b1dx  max 2.970e-01s  avg 2.796e-01s  min 2.590e-01s  dev 4.685e-03s
DFFT  bd23  max 3.029e+00s  avg 2.368e+00s  min 1.528e+00s  dev 4.129e-01s
DFFT bdist  max 9.050e+00s  avg 7.315e+00s  min 5.180e+00s  dev 8.725e-01s
DFFT bdfft  max 8.921e-01s  avg 8.421e-01s  min 7.722e-01s  dev 1.528e-02s
BACKWARD    max 1.021e+01s  avg 1.021e+01s  min 1.021e+01s  dev 4.370e-06s

r-space:
a[0,0,0] = (8589934592.000000,0.000000) = (4200000000000000,0)
real in [0.000000e+00,0.000000e+00] = [0,0]
imag in [0.000000e+00,0.000000e+00] = [0,0]


TESTING 13

DFFT  fd32  max 2.978e+00s  avg 2.334e+00s  min 1.431e+00s  dev 3.939e-01s
DFFT  f1dx  max 3.016e-01s  avg 2.824e-01s  min 2.524e-01s  dev 6.761e-03s
DFFT  fd23  max 3.034e+00s  avg 2.361e+00s  min 1.511e+00s  dev 4.169e-01s
DFFT  fd32  max 1.224e+00s  avg 9.652e-01s  min 5.797e-01s  dev 1.713e-01s
DFFT  f1dy  max 2.973e-01s  avg 2.796e-01s  min 2.555e-01s  dev 5.240e-03s
DFFT  fd23  max 1.238e+00s  avg 9.853e-01s  min 5.815e-01s  dev 1.803e-01s
DFFT  fd32  max 8.174e-01s  avg 6.486e-01s  min 3.631e-01s  dev 1.100e-01s
DFFT  f1dz  max 3.035e-01s  avg 2.826e-01s  min 2.523e-01s  dev 6.870e-03s
DFFT fdist  max 9.097e+00s  avg 7.294e+00s  min 5.186e+00s  dev 8.613e-01s
DFFT fdfft  max 9.025e-01s  avg 8.445e-01s  min 7.606e-01s  dev 1.849e-02s
FORWARD     max 1.020e+01s  avg 1.020e+01s  min 1.018e+01s  dev 4.105e-03s

k-space:
real in [1.000000e+00,1.000000e+00] = [3ff0000000000000,3ff0000000000000]
imag in [0.000000e+00,0.000000e+00] = [0,0]

DFFT  b1dz  max 2.978e-01s  avg 2.793e-01s  min 2.590e-01s  dev 4.910e-03s
DFFT  bd23  max 8.797e-01s  avg 6.651e-01s  min 3.706e-01s  dev 1.188e-01s
DFFT  bd32  max 1.208e+00s  avg 9.591e-01s  min 5.567e-01s  dev 1.704e-01s
DFFT  b1dy  max 3.008e-01s  avg 2.830e-01s  min 2.544e-01s  dev 6.207e-03s
DFFT  bd23  max 1.249e+00s  avg 9.912e-01s  min 5.805e-01s  dev 1.800e-01s
DFFT  bd32  max 2.905e+00s  avg 2.303e+00s  min 1.431e+00s  dev 3.941e-01s
DFFT  b1dx  max 2.979e-01s  avg 2.796e-01s  min 2.597e-01s  dev 4.700e-03s
DFFT  bd23  max 3.052e+00s  avg 2.380e+00s  min 1.519e+00s  dev 4.087e-01s
DFFT bdist  max 9.058e+00s  avg 7.298e+00s  min 5.070e+00s  dev 8.648e-01s
DFFT bdfft  max 8.928e-01s  avg 8.420e-01s  min 7.736e-01s  dev 1.525e-02s
BACKWARD    max 1.019e+01s  avg 1.019e+01s  min 1.019e+01s  dev 5.395e-06s

r-space:
a[0,0,0] = (8589934592.000000,0.000000) = (4200000000000000,0)
real in [0.000000e+00,0.000000e+00] = [0,0]
imag in [0.000000e+00,0.000000e+00] = [0,0]


TESTING 14

DFFT  fd32  max 2.855e+00s  avg 2.227e+00s  min 1.390e+00s  dev 3.925e-01s
DFFT  f1dx  max 3.015e-01s  avg 2.824e-01s  min 2.520e-01s  dev 6.782e-03s
DFFT  fd23  max 2.977e+00s  avg 2.322e+00s  min 1.497e+00s  dev 4.023e-01s
DFFT  fd32  max 1.209e+00s  avg 9.590e-01s  min 5.747e-01s  dev 1.728e-01s
DFFT  f1dy  max 2.975e-01s  avg 2.796e-01s  min 2.554e-01s  dev 5.292e-03s
DFFT  fd23  max 1.246e+00s  avg 9.852e-01s  min 5.899e-01s  dev 1.797e-01s
DFFT  fd32  max 8.064e-01s  avg 6.461e-01s  min 3.696e-01s  dev 1.106e-01s
DFFT  f1dz  max 3.030e-01s  avg 2.827e-01s  min 2.528e-01s  dev 6.854e-03s
DFFT fdist  max 8.953e+00s  avg 7.139e+00s  min 5.084e+00s  dev 8.541e-01s
DFFT fdfft  max 9.021e-01s  avg 8.447e-01s  min 7.603e-01s  dev 1.852e-02s
FORWARD     max 1.001e+01s  avg 1.000e+01s  min 9.989e+00s  dev 4.273e-03s

k-space:
real in [1.000000e+00,1.000000e+00] = [3ff0000000000000,3ff0000000000000]
imag in [0.000000e+00,0.000000e+00] = [0,0]

DFFT  b1dz  max 2.976e-01s  avg 2.792e-01s  min 2.584e-01s  dev 4.957e-03s
DFFT  bd23  max 8.697e-01s  avg 6.649e-01s  min 3.803e-01s  dev 1.186e-01s
DFFT  bd32  max 1.198e+00s  avg 9.605e-01s  min 5.798e-01s  dev 1.709e-01s
DFFT  b1dy  max 3.006e-01s  avg 2.831e-01s  min 2.546e-01s  dev 6.188e-03s
DFFT  bd23  max 1.255e+00s  avg 9.864e-01s  min 5.835e-01s  dev 1.817e-01s
DFFT  bd32  max 2.858e+00s  avg 2.247e+00s  min 1.385e+00s  dev 4.144e-01s
DFFT  b1dx  max 2.970e-01s  avg 2.796e-01s  min 2.589e-01s  dev 4.710e-03s
DFFT  bd23  max 3.015e+00s  avg 2.338e+00s  min 1.491e+00s  dev 4.092e-01s
DFFT bdist  max 8.999e+00s  avg 7.197e+00s  min 5.019e+00s  dev 8.826e-01s
DFFT bdfft  max 8.922e-01s  avg 8.419e-01s  min 7.726e-01s  dev 1.532e-02s
BACKWARD    max 1.009e+01s  avg 1.009e+01s  min 1.009e+01s  dev 5.853e-06s

r-space:
a[0,0,0] = (8589934592.000000,0.000000) = (4200000000000000,0)
real in [0.000000e+00,0.000000e+00] = [0,0]
imag in [0.000000e+00,0.000000e+00] = [0,0]


TESTING 15

DFFT  fd32  max 2.954e+00s  avg 2.280e+00s  min 1.414e+00s  dev 4.036e-01s
DFFT  f1dx  max 3.010e-01s  avg 2.824e-01s  min 2.523e-01s  dev 6.765e-03s
DFFT  fd23  max 3.052e+00s  avg 2.387e+00s  min 1.523e+00s  dev 4.201e-01s
DFFT  fd32  max 1.251e+00s  avg 9.659e-01s  min 5.640e-01s  dev 1.734e-01s
DFFT  f1dy  max 2.973e-01s  avg 2.796e-01s  min 2.550e-01s  dev 5.300e-03s
DFFT  fd23  max 1.241e+00s  avg 9.863e-01s  min 5.828e-01s  dev 1.794e-01s
DFFT  fd32  max 8.102e-01s  avg 6.472e-01s  min 3.637e-01s  dev 1.110e-01s
DFFT  f1dz  max 3.032e-01s  avg 2.826e-01s  min 2.522e-01s  dev 6.847e-03s
DFFT fdist  max 9.151e+00s  avg 7.267e+00s  min 5.094e+00s  dev 8.774e-01s
DFFT fdfft  max 9.016e-01s  avg 8.445e-01s  min 7.596e-01s  dev 1.854e-02s
FORWARD     max 1.023e+01s  avg 1.022e+01s  min 1.021e+01s  dev 4.227e-03s

k-space:
real in [1.000000e+00,1.000000e+00] = [3ff0000000000000,3ff0000000000000]
imag in [0.000000e+00,0.000000e+00] = [0,0]

DFFT  b1dz  max 2.978e-01s  avg 2.794e-01s  min 2.586e-01s  dev 4.900e-03s
DFFT  bd23  max 8.772e-01s  avg 6.698e-01s  min 3.790e-01s  dev 1.173e-01s
DFFT  bd32  max 1.208e+00s  avg 9.592e-01s  min 5.659e-01s  dev 1.722e-01s
DFFT  b1dy  max 3.007e-01s  avg 2.831e-01s  min 2.541e-01s  dev 6.204e-03s
DFFT  bd23  max 1.250e+00s  avg 9.892e-01s  min 5.884e-01s  dev 1.800e-01s
DFFT  bd32  max 2.872e+00s  avg 2.264e+00s  min 1.406e+00s  dev 4.100e-01s
DFFT  b1dx  max 2.976e-01s  avg 2.797e-01s  min 2.594e-01s  dev 4.670e-03s
DFFT  bd23  max 2.994e+00s  avg 2.347e+00s  min 1.529e+00s  dev 4.089e-01s
DFFT bdist  max 9.070e+00s  avg 7.229e+00s  min 5.023e+00s  dev 8.776e-01s
DFFT bdfft  max 8.922e-01s  avg 8.421e-01s  min 7.726e-01s  dev 1.522e-02s
BACKWARD    max 1.010e+01s  avg 1.010e+01s  min 1.010e+01s  dev 3.524e-06s

r-space:
a[0,0,0] = (8589934592.000000,0.000000) = (4200000000000000,0)
real in [0.000000e+00,0.000000e+00] = [0,0]
imag in [0.000000e+00,0.000000e+00] = [0,0]


TESTING 16

DFFT  fd32  max 2.933e+00s  avg 2.274e+00s  min 1.385e+00s  dev 4.045e-01s
DFFT  f1dx  max 3.016e-01s  avg 2.824e-01s  min 2.524e-01s  dev 6.767e-03s
DFFT  fd23  max 2.949e+00s  avg 2.288e+00s  min 1.439e+00s  dev 4.080e-01s
DFFT  fd32  max 1.210e+00s  avg 9.643e-01s  min 5.711e-01s  dev 1.715e-01s
DFFT  f1dy  max 2.972e-01s  avg 2.796e-01s  min 2.553e-01s  dev 5.272e-03s
DFFT  fd23  max 1.241e+00s  avg 9.848e-01s  min 5.819e-01s  dev 1.794e-01s
DFFT  fd32  max 8.163e-01s  avg 6.493e-01s  min 3.668e-01s  dev 1.096e-01s
DFFT  f1dz  max 3.035e-01s  avg 2.827e-01s  min 2.522e-01s  dev 6.872e-03s
DFFT fdist  max 9.004e+00s  avg 7.161e+00s  min 4.964e+00s  dev 8.734e-01s
DFFT fdfft  max 9.022e-01s  avg 8.448e-01s  min 7.600e-01s  dev 1.853e-02s
FORWARD     max 1.007e+01s  avg 1.006e+01s  min 1.005e+01s  dev 4.189e-03s

k-space:
real in [1.000000e+00,1.000000e+00] = [3ff0000000000000,3ff0000000000000]
imag in [0.000000e+00,0.000000e+00] = [0,0]

DFFT  b1dz  max 2.980e-01s  avg 2.793e-01s  min 2.591e-01s  dev 4.927e-03s
DFFT  bd23  max 8.752e-01s  avg 6.657e-01s  min 3.787e-01s  dev 1.183e-01s
DFFT  bd32  max 1.205e+00s  avg 9.619e-01s  min 5.567e-01s  dev 1.711e-01s
DFFT  b1dy  max 3.004e-01s  avg 2.831e-01s  min 2.542e-01s  dev 6.162e-03s
DFFT  bd23  max 1.247e+00s  avg 9.880e-01s  min 5.963e-01s  dev 1.802e-01s
DFFT  bd32  max 2.916e+00s  avg 2.317e+00s  min 1.467e+00s  dev 3.872e-01s
DFFT  b1dx  max 2.973e-01s  avg 2.796e-01s  min 2.588e-01s  dev 4.737e-03s
DFFT  bd23  max 3.024e+00s  avg 2.357e+00s  min 1.530e+00s  dev 4.148e-01s
DFFT bdist  max 9.154e+00s  avg 7.290e+00s  min 5.186e+00s  dev 8.561e-01s
DFFT bdfft  max 8.924e-01s  avg 8.421e-01s  min 7.726e-01s  dev 1.530e-02s
BACKWARD    max 1.017e+01s  avg 1.017e+01s  min 1.017e+01s  dev 6.834e-06s

r-space:
a[0,0,0] = (8589934592.000000,0.000000) = (4200000000000000,0)
real in [0.000000e+00,0.000000e+00] = [0,0]
imag in [0.000000e+00,0.000000e+00] = [0,0]


TESTING 17

DFFT  fd32  max 3.010e+00s  avg 2.329e+00s  min 1.416e+00s  dev 4.113e-01s
DFFT  f1dx  max 3.010e-01s  avg 2.825e-01s  min 2.518e-01s  dev 6.751e-03s
DFFT  fd23  max 3.041e+00s  avg 2.365e+00s  min 1.470e+00s  dev 4.129e-01s
DFFT  fd32  max 1.218e+00s  avg 9.628e-01s  min 5.766e-01s  dev 1.720e-01s
DFFT  f1dy  max 2.974e-01s  avg 2.795e-01s  min 2.551e-01s  dev 5.255e-03s
DFFT  fd23  max 1.242e+00s  avg 9.853e-01s  min 5.594e-01s  dev 1.822e-01s
DFFT  fd32  max 8.078e-01s  avg 6.456e-01s  min 3.635e-01s  dev 1.113e-01s
DFFT  f1dz  max 3.032e-01s  avg 2.827e-01s  min 2.521e-01s  dev 6.849e-03s
DFFT fdist  max 9.221e+00s  avg 7.288e+00s  min 5.110e+00s  dev 8.801e-01s
DFFT fdfft  max 9.015e-01s  avg 8.447e-01s  min 7.590e-01s  dev 1.849e-02s
FORWARD     max 1.024e+01s  avg 1.023e+01s  min 1.022e+01s  dev 4.239e-03s

k-space:
real in [1.000000e+00,1.000000e+00] = [3ff0000000000000,3ff0000000000000]
imag in [0.000000e+00,0.000000e+00] = [0,0]

DFFT  b1dz  max 2.974e-01s  avg 2.793e-01s  min 2.583e-01s  dev 4.982e-03s
DFFT  bd23  max 8.774e-01s  avg 6.658e-01s  min 3.798e-01s  dev 1.187e-01s
DFFT  bd32  max 1.213e+00s  avg 9.614e-01s  min 5.525e-01s  dev 1.705e-01s
DFFT  b1dy  max 3.004e-01s  avg 2.830e-01s  min 2.547e-01s  dev 6.150e-03s
DFFT  bd23  max 1.250e+00s  avg 9.879e-01s  min 5.935e-01s  dev 1.821e-01s
DFFT  bd32  max 2.850e+00s  avg 2.248e+00s  min 1.420e+00s  dev 4.042e-01s
DFFT  b1dx  max 2.971e-01s  avg 2.797e-01s  min 2.592e-01s  dev 4.705e-03s
DFFT  bd23  max 3.001e+00s  avg 2.321e+00s  min 1.431e+00s  dev 4.149e-01s
DFFT bdist  max 8.940e+00s  avg 7.183e+00s  min 5.047e+00s  dev 8.755e-01s
DFFT bdfft  max 8.925e-01s  avg 8.420e-01s  min 7.727e-01s  dev 1.531e-02s
BACKWARD    max 1.009e+01s  avg 1.009e+01s  min 1.009e+01s  dev 5.573e-06s

r-space:
a[0,0,0] = (8589934592.000000,0.000000) = (4200000000000000,0)
real in [0.000000e+00,0.000000e+00] = [0,0]
imag in [0.000000e+00,0.000000e+00] = [0,0]


TESTING 18

DFFT  fd32  max 2.969e+00s  avg 2.322e+00s  min 1.448e+00s  dev 4.079e-01s
DFFT  f1dx  max 3.012e-01s  avg 2.824e-01s  min 2.521e-01s  dev 6.758e-03s
DFFT  fd23  max 3.039e+00s  avg 2.376e+00s  min 1.544e+00s  dev 4.202e-01s
DFFT  fd32  max 1.208e+00s  avg 9.624e-01s  min 5.654e-01s  dev 1.705e-01s
DFFT  f1dy  max 2.973e-01s  avg 2.796e-01s  min 2.549e-01s  dev 5.276e-03s
DFFT  fd23  max 1.241e+00s  avg 9.838e-01s  min 5.846e-01s  dev 1.793e-01s
DFFT  fd32  max 8.102e-01s  avg 6.469e-01s  min 3.640e-01s  dev 1.112e-01s
DFFT  f1dz  max 3.027e-01s  avg 2.826e-01s  min 2.520e-01s  dev 6.878e-03s
DFFT fdist  max 9.105e+00s  avg 7.291e+00s  min 5.051e+00s  dev 8.853e-01s
DFFT fdfft  max 9.013e-01s  avg 8.446e-01s  min 7.596e-01s  dev 1.851e-02s
FORWARD     max 1.018e+01s  avg 1.017e+01s  min 1.016e+01s  dev 4.252e-03s

k-space:
real in [1.000000e+00,1.000000e+00] = [3ff0000000000000,3ff0000000000000]
imag in [0.000000e+00,0.000000e+00] = [0,0]

DFFT  b1dz  max 2.970e-01s  avg 2.793e-01s  min 2.582e-01s  dev 4.919e-03s
DFFT  bd23  max 8.681e-01s  avg 6.672e-01s  min 3.782e-01s  dev 1.160e-01s
DFFT  bd32  max 1.208e+00s  avg 9.649e-01s  min 5.506e-01s  dev 1.696e-01s
DFFT  b1dy  max 3.010e-01s  avg 2.831e-01s  min 2.542e-01s  dev 6.224e-03s
DFFT  bd23  max 1.249e+00s  avg 9.882e-01s  min 5.841e-01s  dev 1.827e-01s
DFFT  bd32  max 2.834e+00s  avg 2.168e+00s  min 1.219e+00s  dev 4.556e-01s
DFFT  b1dx  max 2.974e-01s  avg 2.796e-01s  min 2.592e-01s  dev 4.691e-03s
DFFT  bd23  max 3.022e+00s  avg 2.353e+00s  min 1.535e+00s  dev 4.110e-01s
DFFT bdist  max 8.993e+00s  avg 7.141e+00s  min 4.883e+00s  dev 9.191e-01s
DFFT bdfft  max 8.921e-01s  avg 8.420e-01s  min 7.725e-01s  dev 1.529e-02s
BACKWARD    max 1.008e+01s  avg 1.008e+01s  min 1.008e+01s  dev 1.232e-05s

r-space:
a[0,0,0] = (8589934592.000000,0.000000) = (4200000000000000,0)
real in [0.000000e+00,0.000000e+00] = [0,0]
imag in [0.000000e+00,0.000000e+00] = [0,0]

The DiffOfTime = 516.837934743
