JOBID IS: 255458
Initializing redistribution using a pencil layout on 512 ranks.
distribution 1D: [512:1:1]
distribution 3D: [8:8:8]
distribution 2z: [32:16:1]
distribution 2x: [1:32:16]
distribution 2y: [32:1:16]
DFFT  init  max 8.813e-02s  avg 8.477e-02s  min 8.404e-02s  dev 6.444e-04s

Hex representations of double precision floats
0.000000e+00 = 0
1.000000e+00 = 3ff0000000000000
8589934592.000000 = 4200000000000000


TESTING 0

DFFT  fd32  max 2.927e+00s  avg 2.272e+00s  min 1.424e+00s  dev 3.968e-01s
DFFT  f1dx  max 3.034e-01s  avg 2.830e-01s  min 2.534e-01s  dev 6.332e-03s
DFFT  fd23  max 2.976e+00s  avg 2.332e+00s  min 1.469e+00s  dev 4.064e-01s
DFFT  fd32  max 1.287e+00s  avg 9.934e-01s  min 5.500e-01s  dev 1.973e-01s
DFFT  f1dy  max 3.017e-01s  avg 2.799e-01s  min 2.574e-01s  dev 4.832e-03s
DFFT  fd23  max 1.380e+00s  avg 1.023e+00s  min 5.463e-01s  dev 2.150e-01s
DFFT  fd32  max 1.025e+00s  avg 7.801e-01s  min 4.557e-01s  dev 1.385e-01s
DFFT  f1dz  max 3.031e-01s  avg 2.832e-01s  min 2.523e-01s  dev 6.345e-03s
DFFT fdist  max 9.323e+00s  avg 7.400e+00s  min 5.060e+00s  dev 8.852e-01s
DFFT fdfft  max 9.059e-01s  avg 8.462e-01s  min 7.631e-01s  dev 1.709e-02s
FORWARD     max 1.052e+01s  avg 1.052e+01s  min 1.050e+01s  dev 5.510e-03s

k-space:
real in [1.000000e+00,1.000000e+00] = [3ff0000000000000,3ff0000000000000]
imag in [0.000000e+00,0.000000e+00] = [0,0]

DFFT  b1dz  max 3.004e-01s  avg 2.793e-01s  min 2.564e-01s  dev 5.063e-03s
DFFT  bd23  max 1.133e+00s  avg 8.198e-01s  min 4.729e-01s  dev 1.563e-01s
DFFT  bd32  max 1.210e+00s  avg 9.590e-01s  min 5.727e-01s  dev 1.728e-01s
DFFT  b1dy  max 2.991e-01s  avg 2.832e-01s  min 2.523e-01s  dev 6.346e-03s
DFFT  bd23  max 1.274e+00s  avg 9.895e-01s  min 5.771e-01s  dev 1.819e-01s
DFFT  bd32  max 2.881e+00s  avg 2.223e+00s  min 1.361e+00s  dev 4.202e-01s
DFFT  b1dx  max 2.995e-01s  avg 2.796e-01s  min 2.573e-01s  dev 4.918e-03s
DFFT  bd23  max 2.979e+00s  avg 2.295e+00s  min 1.412e+00s  dev 4.155e-01s
DFFT bdist  max 9.103e+00s  avg 7.286e+00s  min 4.989e+00s  dev 9.086e-01s
DFFT bdfft  max 8.907e-01s  avg 8.421e-01s  min 7.667e-01s  dev 1.579e-02s
BACKWARD    max 1.038e+01s  avg 1.038e+01s  min 1.038e+01s  dev 3.976e-06s

r-space:
a[0,0,0] = (8589934592.000000,0.000000) = (4200000000000000,0)
real in [0.000000e+00,0.000000e+00] = [0,0]
imag in [0.000000e+00,0.000000e+00] = [0,0]


TESTING 1

DFFT  fd32  max 2.947e+00s  avg 2.294e+00s  min 1.424e+00s  dev 3.992e-01s
DFFT  f1dx  max 3.037e-01s  avg 2.830e-01s  min 2.532e-01s  dev 6.229e-03s
DFFT  fd23  max 2.967e+00s  avg 2.255e+00s  min 1.320e+00s  dev 4.520e-01s
DFFT  fd32  max 1.213e+00s  avg 9.600e-01s  min 5.763e-01s  dev 1.721e-01s
DFFT  f1dy  max 3.023e-01s  avg 2.799e-01s  min 2.572e-01s  dev 4.890e-03s
DFFT  fd23  max 1.255e+00s  avg 9.832e-01s  min 5.846e-01s  dev 1.804e-01s
DFFT  fd32  max 8.051e-01s  avg 6.453e-01s  min 3.704e-01s  dev 1.106e-01s
DFFT  f1dz  max 3.030e-01s  avg 2.832e-01s  min 2.517e-01s  dev 6.421e-03s
DFFT fdist  max 8.924e+00s  avg 7.138e+00s  min 4.686e+00s  dev 9.024e-01s
DFFT fdfft  max 9.057e-01s  avg 8.461e-01s  min 7.622e-01s  dev 1.714e-02s
FORWARD     max 1.011e+01s  avg 1.011e+01s  min 1.009e+01s  dev 5.272e-03s

k-space:
real in [1.000000e+00,1.000000e+00] = [3ff0000000000000,3ff0000000000000]
imag in [0.000000e+00,0.000000e+00] = [0,0]

DFFT  b1dz  max 3.006e-01s  avg 2.793e-01s  min 2.567e-01s  dev 5.064e-03s
DFFT  bd23  max 8.847e-01s  avg 6.680e-01s  min 3.883e-01s  dev 1.189e-01s
DFFT  bd32  max 1.212e+00s  avg 9.630e-01s  min 5.711e-01s  dev 1.732e-01s
DFFT  b1dy  max 2.993e-01s  avg 2.831e-01s  min 2.521e-01s  dev 6.413e-03s
DFFT  bd23  max 1.264e+00s  avg 9.835e-01s  min 5.844e-01s  dev 1.830e-01s
DFFT  bd32  max 2.893e+00s  avg 2.246e+00s  min 1.355e+00s  dev 4.088e-01s
DFFT  b1dx  max 2.996e-01s  avg 2.796e-01s  min 2.568e-01s  dev 4.838e-03s
DFFT  bd23  max 3.180e+00s  avg 2.458e+00s  min 1.632e+00s  dev 4.143e-01s
DFFT bdist  max 9.227e+00s  avg 7.319e+00s  min 5.215e+00s  dev 8.987e-01s
DFFT bdfft  max 8.900e-01s  avg 8.420e-01s  min 7.663e-01s  dev 1.578e-02s
BACKWARD    max 1.033e+01s  avg 1.033e+01s  min 1.033e+01s  dev 7.135e-06s

r-space:
a[0,0,0] = (8589934592.000000,0.000000) = (4200000000000000,0)
real in [0.000000e+00,0.000000e+00] = [0,0]
imag in [0.000000e+00,0.000000e+00] = [0,0]


TESTING 2

DFFT  fd32  max 2.893e+00s  avg 2.176e+00s  min 1.210e+00s  dev 4.735e-01s
DFFT  f1dx  max 3.038e-01s  avg 2.830e-01s  min 2.533e-01s  dev 6.287e-03s
DFFT  fd23  max 3.008e+00s  avg 2.347e+00s  min 1.495e+00s  dev 4.137e-01s
DFFT  fd32  max 1.217e+00s  avg 9.612e-01s  min 5.846e-01s  dev 1.725e-01s
DFFT  f1dy  max 3.017e-01s  avg 2.799e-01s  min 2.575e-01s  dev 4.843e-03s
DFFT  fd23  max 1.248e+00s  avg 9.843e-01s  min 5.894e-01s  dev 1.809e-01s
DFFT  fd32  max 8.125e-01s  avg 6.469e-01s  min 3.726e-01s  dev 1.104e-01s
DFFT  f1dz  max 3.036e-01s  avg 2.831e-01s  min 2.516e-01s  dev 6.458e-03s
DFFT fdist  max 8.957e+00s  avg 7.115e+00s  min 4.810e+00s  dev 9.361e-01s
DFFT fdfft  max 9.058e-01s  avg 8.461e-01s  min 7.624e-01s  dev 1.718e-02s
FORWARD     max 1.011e+01s  avg 1.010e+01s  min 1.008e+01s  dev 5.321e-03s

k-space:
real in [1.000000e+00,1.000000e+00] = [3ff0000000000000,3ff0000000000000]
imag in [0.000000e+00,0.000000e+00] = [0,0]

DFFT  b1dz  max 3.010e-01s  avg 2.794e-01s  min 2.561e-01s  dev 5.018e-03s
DFFT  bd23  max 8.923e-01s  avg 6.649e-01s  min 3.923e-01s  dev 1.177e-01s
DFFT  bd32  max 1.206e+00s  avg 9.605e-01s  min 5.733e-01s  dev 1.723e-01s
DFFT  b1dy  max 2.992e-01s  avg 2.831e-01s  min 2.529e-01s  dev 6.435e-03s
DFFT  bd23  max 1.286e+00s  avg 9.894e-01s  min 5.852e-01s  dev 1.833e-01s
DFFT  bd32  max 2.909e+00s  avg 2.267e+00s  min 1.407e+00s  dev 4.086e-01s
DFFT  b1dx  max 2.997e-01s  avg 2.796e-01s  min 2.567e-01s  dev 4.827e-03s
DFFT  bd23  max 3.073e+00s  avg 2.377e+00s  min 1.545e+00s  dev 4.184e-01s
DFFT bdist  max 9.233e+00s  avg 7.258e+00s  min 5.107e+00s  dev 8.913e-01s
DFFT bdfft  max 8.896e-01s  avg 8.421e-01s  min 7.665e-01s  dev 1.574e-02s
BACKWARD    max 1.027e+01s  avg 1.027e+01s  min 1.027e+01s  dev 5.499e-06s

r-space:
a[0,0,0] = (8589934592.000000,0.000000) = (4200000000000000,0)
real in [0.000000e+00,0.000000e+00] = [0,0]
imag in [0.000000e+00,0.000000e+00] = [0,0]


TESTING 3

DFFT  fd32  max 2.905e+00s  avg 2.254e+00s  min 1.337e+00s  dev 3.985e-01s
DFFT  f1dx  max 3.038e-01s  avg 2.831e-01s  min 2.531e-01s  dev 6.338e-03s
DFFT  fd23  max 2.994e+00s  avg 2.322e+00s  min 1.470e+00s  dev 4.114e-01s
DFFT  fd32  max 1.214e+00s  avg 9.644e-01s  min 5.850e-01s  dev 1.710e-01s
DFFT  f1dy  max 3.017e-01s  avg 2.800e-01s  min 2.576e-01s  dev 4.763e-03s
DFFT  fd23  max 1.268e+00s  avg 9.857e-01s  min 6.028e-01s  dev 1.799e-01s
DFFT  fd32  max 8.152e-01s  avg 6.460e-01s  min 3.615e-01s  dev 1.121e-01s
DFFT  f1dz  max 3.036e-01s  avg 2.832e-01s  min 2.517e-01s  dev 6.438e-03s
DFFT fdist  max 8.973e+00s  avg 7.172e+00s  min 5.051e+00s  dev 8.636e-01s
DFFT fdfft  max 9.055e-01s  avg 8.462e-01s  min 7.624e-01s  dev 1.715e-02s
FORWARD     max 1.011e+01s  avg 1.011e+01s  min 1.009e+01s  dev 5.361e-03s

k-space:
real in [1.000000e+00,1.000000e+00] = [3ff0000000000000,3ff0000000000000]
imag in [0.000000e+00,0.000000e+00] = [0,0]

DFFT  b1dz  max 3.004e-01s  avg 2.794e-01s  min 2.560e-01s  dev 5.013e-03s
DFFT  bd23  max 8.707e-01s  avg 6.651e-01s  min 3.729e-01s  dev 1.182e-01s
DFFT  bd32  max 1.234e+00s  avg 9.641e-01s  min 5.741e-01s  dev 1.745e-01s
DFFT  b1dy  max 2.991e-01s  avg 2.832e-01s  min 2.526e-01s  dev 6.389e-03s
DFFT  bd23  max 1.251e+00s  avg 9.838e-01s  min 5.776e-01s  dev 1.825e-01s
DFFT  bd32  max 2.893e+00s  avg 2.237e+00s  min 1.355e+00s  dev 4.141e-01s
DFFT  b1dx  max 2.991e-01s  avg 2.796e-01s  min 2.572e-01s  dev 4.870e-03s
DFFT  bd23  max 3.037e+00s  avg 2.339e+00s  min 1.508e+00s  dev 4.203e-01s
DFFT bdist  max 9.009e+00s  avg 7.189e+00s  min 5.045e+00s  dev 9.084e-01s
DFFT bdfft  max 8.908e-01s  avg 8.422e-01s  min 7.664e-01s  dev 1.573e-02s
BACKWARD    max 1.019e+01s  avg 1.019e+01s  min 1.019e+01s  dev 7.060e-06s

r-space:
a[0,0,0] = (8589934592.000000,0.000000) = (4200000000000000,0)
real in [0.000000e+00,0.000000e+00] = [0,0]
imag in [0.000000e+00,0.000000e+00] = [0,0]


TESTING 4

DFFT  fd32  max 2.887e+00s  avg 2.241e+00s  min 1.315e+00s  dev 3.993e-01s
DFFT  f1dx  max 3.039e-01s  avg 2.830e-01s  min 2.532e-01s  dev 6.236e-03s
DFFT  fd23  max 3.003e+00s  avg 2.313e+00s  min 1.440e+00s  dev 4.147e-01s
DFFT  fd32  max 1.201e+00s  avg 9.584e-01s  min 5.779e-01s  dev 1.718e-01s
DFFT  f1dy  max 3.021e-01s  avg 2.799e-01s  min 2.575e-01s  dev 4.834e-03s
DFFT  fd23  max 1.253e+00s  avg 9.834e-01s  min 5.863e-01s  dev 1.798e-01s
DFFT  fd32  max 8.074e-01s  avg 6.456e-01s  min 3.612e-01s  dev 1.105e-01s
DFFT  f1dz  max 3.035e-01s  avg 2.833e-01s  min 2.520e-01s  dev 6.424e-03s
DFFT fdist  max 8.919e+00s  avg 7.142e+00s  min 4.642e+00s  dev 8.724e-01s
DFFT fdfft  max 9.056e-01s  avg 8.462e-01s  min 7.627e-01s  dev 1.708e-02s
FORWARD     max 1.007e+01s  avg 1.006e+01s  min 1.005e+01s  dev 5.334e-03s

k-space:
real in [1.000000e+00,1.000000e+00] = [3ff0000000000000,3ff0000000000000]
imag in [0.000000e+00,0.000000e+00] = [0,0]

DFFT  b1dz  max 3.009e-01s  avg 2.793e-01s  min 2.565e-01s  dev 5.111e-03s
DFFT  bd23  max 8.720e-01s  avg 6.672e-01s  min 3.904e-01s  dev 1.172e-01s
DFFT  bd32  max 1.201e+00s  avg 9.580e-01s  min 5.795e-01s  dev 1.711e-01s
DFFT  b1dy  max 2.991e-01s  avg 2.832e-01s  min 2.519e-01s  dev 6.404e-03s
DFFT  bd23  max 1.258e+00s  avg 9.885e-01s  min 5.906e-01s  dev 1.801e-01s
DFFT  bd32  max 2.851e+00s  avg 2.240e+00s  min 1.397e+00s  dev 3.957e-01s
DFFT  b1dx  max 3.001e-01s  avg 2.796e-01s  min 2.574e-01s  dev 4.866e-03s
DFFT  bd23  max 3.107e+00s  avg 2.431e+00s  min 1.581e+00s  dev 4.136e-01s
DFFT bdist  max 9.141e+00s  avg 7.285e+00s  min 5.239e+00s  dev 8.745e-01s
DFFT bdfft  max 8.904e-01s  avg 8.421e-01s  min 7.666e-01s  dev 1.581e-02s
BACKWARD    max 1.019e+01s  avg 1.019e+01s  min 1.019e+01s  dev 3.115e-06s

r-space:
a[0,0,0] = (8589934592.000000,0.000000) = (4200000000000000,0)
real in [0.000000e+00,0.000000e+00] = [0,0]
imag in [0.000000e+00,0.000000e+00] = [0,0]


TESTING 5

DFFT  fd32  max 3.029e+00s  avg 2.356e+00s  min 1.443e+00s  dev 4.156e-01s
DFFT  f1dx  max 3.037e-01s  avg 2.831e-01s  min 2.533e-01s  dev 6.294e-03s
DFFT  fd23  max 2.982e+00s  avg 2.331e+00s  min 1.439e+00s  dev 4.048e-01s
DFFT  fd32  max 1.213e+00s  avg 9.635e-01s  min 5.659e-01s  dev 1.728e-01s
DFFT  f1dy  max 3.021e-01s  avg 2.799e-01s  min 2.577e-01s  dev 4.854e-03s
DFFT  fd23  max 1.250e+00s  avg 9.817e-01s  min 5.852e-01s  dev 1.804e-01s
DFFT  fd32  max 8.128e-01s  avg 6.444e-01s  min 3.857e-01s  dev 1.116e-01s
DFFT  f1dz  max 3.036e-01s  avg 2.832e-01s  min 2.514e-01s  dev 6.437e-03s
DFFT fdist  max 9.027e+00s  avg 7.277e+00s  min 4.992e+00s  dev 8.630e-01s
DFFT fdfft  max 9.054e-01s  avg 8.461e-01s  min 7.624e-01s  dev 1.716e-02s
FORWARD     max 1.021e+01s  avg 1.020e+01s  min 1.018e+01s  dev 5.340e-03s

k-space:
real in [1.000000e+00,1.000000e+00] = [3ff0000000000000,3ff0000000000000]
imag in [0.000000e+00,0.000000e+00] = [0,0]

DFFT  b1dz  max 3.005e-01s  avg 2.793e-01s  min 2.563e-01s  dev 5.026e-03s
DFFT  bd23  max 8.680e-01s  avg 6.641e-01s  min 3.765e-01s  dev 1.187e-01s
DFFT  bd32  max 1.225e+00s  avg 9.621e-01s  min 5.721e-01s  dev 1.736e-01s
DFFT  b1dy  max 2.990e-01s  avg 2.831e-01s  min 2.521e-01s  dev 6.412e-03s
DFFT  bd23  max 1.263e+00s  avg 9.916e-01s  min 5.928e-01s  dev 1.808e-01s
DFFT  bd32  max 2.809e+00s  avg 2.211e+00s  min 1.389e+00s  dev 3.975e-01s
DFFT  b1dx  max 2.990e-01s  avg 2.795e-01s  min 2.564e-01s  dev 4.861e-03s
DFFT  bd23  max 3.042e+00s  avg 2.335e+00s  min 1.451e+00s  dev 4.104e-01s
DFFT bdist  max 8.960e+00s  avg 7.164e+00s  min 5.021e+00s  dev 8.756e-01s
DFFT bdfft  max 8.894e-01s  avg 8.420e-01s  min 7.656e-01s  dev 1.577e-02s
BACKWARD    max 1.011e+01s  avg 1.011e+01s  min 1.011e+01s  dev 7.631e-06s

r-space:
a[0,0,0] = (8589934592.000000,0.000000) = (4200000000000000,0)
real in [0.000000e+00,0.000000e+00] = [0,0]
imag in [0.000000e+00,0.000000e+00] = [0,0]


TESTING 6

DFFT  fd32  max 2.879e+00s  avg 2.201e+00s  min 1.302e+00s  dev 4.287e-01s
DFFT  f1dx  max 3.042e-01s  avg 2.829e-01s  min 2.531e-01s  dev 6.346e-03s
DFFT  fd23  max 3.115e+00s  avg 2.443e+00s  min 1.575e+00s  dev 4.167e-01s
DFFT  fd32  max 1.208e+00s  avg 9.582e-01s  min 5.594e-01s  dev 1.725e-01s
DFFT  f1dy  max 3.017e-01s  avg 2.800e-01s  min 2.579e-01s  dev 4.821e-03s
DFFT  fd23  max 1.245e+00s  avg 9.813e-01s  min 5.841e-01s  dev 1.810e-01s
DFFT  fd32  max 8.090e-01s  avg 6.462e-01s  min 3.590e-01s  dev 1.106e-01s
DFFT  f1dz  max 3.038e-01s  avg 2.832e-01s  min 2.519e-01s  dev 6.479e-03s
DFFT fdist  max 9.094e+00s  avg 7.231e+00s  min 4.853e+00s  dev 9.028e-01s
DFFT fdfft  max 9.061e-01s  avg 8.461e-01s  min 7.630e-01s  dev 1.725e-02s
FORWARD     max 1.018e+01s  avg 1.017e+01s  min 1.015e+01s  dev 5.306e-03s

k-space:
real in [1.000000e+00,1.000000e+00] = [3ff0000000000000,3ff0000000000000]
imag in [0.000000e+00,0.000000e+00] = [0,0]

DFFT  b1dz  max 3.002e-01s  avg 2.794e-01s  min 2.559e-01s  dev 5.055e-03s
DFFT  bd23  max 8.654e-01s  avg 6.654e-01s  min 3.883e-01s  dev 1.178e-01s
DFFT  bd32  max 1.208e+00s  avg 9.604e-01s  min 5.728e-01s  dev 1.726e-01s
DFFT  b1dy  max 2.991e-01s  avg 2.832e-01s  min 2.529e-01s  dev 6.414e-03s
DFFT  bd23  max 1.254e+00s  avg 9.862e-01s  min 6.096e-01s  dev 1.804e-01s
DFFT  bd32  max 2.975e+00s  avg 2.358e+00s  min 1.524e+00s  dev 3.956e-01s
DFFT  b1dx  max 2.992e-01s  avg 2.796e-01s  min 2.571e-01s  dev 4.869e-03s
DFFT  bd23  max 3.073e+00s  avg 2.361e+00s  min 1.525e+00s  dev 4.242e-01s
DFFT bdist  max 9.277e+00s  avg 7.332e+00s  min 5.162e+00s  dev 8.874e-01s
DFFT bdfft  max 8.901e-01s  avg 8.422e-01s  min 7.665e-01s  dev 1.579e-02s
BACKWARD    max 1.028e+01s  avg 1.028e+01s  min 1.027e+01s  dev 4.130e-06s

r-space:
a[0,0,0] = (8589934592.000000,0.000000) = (4200000000000000,0)
real in [0.000000e+00,0.000000e+00] = [0,0]
imag in [0.000000e+00,0.000000e+00] = [0,0]


TESTING 7

DFFT  fd32  max 2.905e+00s  avg 2.221e+00s  min 1.272e+00s  dev 4.356e-01s
DFFT  f1dx  max 3.041e-01s  avg 2.830e-01s  min 2.536e-01s  dev 6.318e-03s
DFFT  fd23  max 2.963e+00s  avg 2.266e+00s  min 1.365e+00s  dev 4.299e-01s
DFFT  fd32  max 1.207e+00s  avg 9.610e-01s  min 5.650e-01s  dev 1.738e-01s
DFFT  f1dy  max 3.018e-01s  avg 2.800e-01s  min 2.573e-01s  dev 4.834e-03s
DFFT  fd23  max 1.250e+00s  avg 9.843e-01s  min 5.869e-01s  dev 1.796e-01s
DFFT  fd32  max 8.144e-01s  avg 6.467e-01s  min 3.738e-01s  dev 1.109e-01s
DFFT  f1dz  max 3.037e-01s  avg 2.832e-01s  min 2.522e-01s  dev 6.444e-03s
DFFT fdist  max 9.000e+00s  avg 7.079e+00s  min 4.759e+00s  dev 9.202e-01s
DFFT fdfft  max 9.057e-01s  avg 8.463e-01s  min 7.630e-01s  dev 1.719e-02s
FORWARD     max 1.006e+01s  avg 1.005e+01s  min 1.003e+01s  dev 5.532e-03s

k-space:
real in [1.000000e+00,1.000000e+00] = [3ff0000000000000,3ff0000000000000]
imag in [0.000000e+00,0.000000e+00] = [0,0]

DFFT  b1dz  max 3.011e-01s  avg 2.794e-01s  min 2.566e-01s  dev 5.074e-03s
DFFT  bd23  max 8.686e-01s  avg 6.663e-01s  min 3.918e-01s  dev 1.171e-01s
DFFT  bd32  max 1.207e+00s  avg 9.590e-01s  min 5.767e-01s  dev 1.724e-01s
DFFT  b1dy  max 2.988e-01s  avg 2.832e-01s  min 2.523e-01s  dev 6.387e-03s
DFFT  bd23  max 1.255e+00s  avg 9.868e-01s  min 5.907e-01s  dev 1.813e-01s
DFFT  bd32  max 2.864e+00s  avg 2.268e+00s  min 1.447e+00s  dev 3.898e-01s
DFFT  b1dx  max 3.000e-01s  avg 2.796e-01s  min 2.571e-01s  dev 4.880e-03s
DFFT  bd23  max 3.101e+00s  avg 2.402e+00s  min 1.548e+00s  dev 4.292e-01s
DFFT bdist  max 9.110e+00s  avg 7.283e+00s  min 5.036e+00s  dev 8.903e-01s
DFFT bdfft  max 8.903e-01s  avg 8.423e-01s  min 7.668e-01s  dev 1.577e-02s
BACKWARD    max 1.020e+01s  avg 1.020e+01s  min 1.020e+01s  dev 5.873e-06s

r-space:
a[0,0,0] = (8589934592.000000,0.000000) = (4200000000000000,0)
real in [0.000000e+00,0.000000e+00] = [0,0]
imag in [0.000000e+00,0.000000e+00] = [0,0]


TESTING 8

DFFT  fd32  max 2.884e+00s  avg 2.237e+00s  min 1.347e+00s  dev 4.036e-01s
DFFT  f1dx  max 3.038e-01s  avg 2.831e-01s  min 2.532e-01s  dev 6.287e-03s
DFFT  fd23  max 2.981e+00s  avg 2.253e+00s  min 1.324e+00s  dev 4.774e-01s
DFFT  fd32  max 1.219e+00s  avg 9.603e-01s  min 5.818e-01s  dev 1.724e-01s
DFFT  f1dy  max 3.022e-01s  avg 2.800e-01s  min 2.576e-01s  dev 4.836e-03s
DFFT  fd23  max 1.250e+00s  avg 9.830e-01s  min 5.856e-01s  dev 1.807e-01s
DFFT  fd32  max 8.198e-01s  avg 6.463e-01s  min 3.913e-01s  dev 1.113e-01s
DFFT  f1dz  max 3.035e-01s  avg 2.833e-01s  min 2.519e-01s  dev 6.428e-03s
DFFT fdist  max 8.960e+00s  avg 7.080e+00s  min 4.638e+00s  dev 9.329e-01s
DFFT fdfft  max 9.061e-01s  avg 8.464e-01s  min 7.627e-01s  dev 1.712e-02s
FORWARD     max 1.007e+01s  avg 1.006e+01s  min 1.005e+01s  dev 5.284e-03s

k-space:
real in [1.000000e+00,1.000000e+00] = [3ff0000000000000,3ff0000000000000]
imag in [0.000000e+00,0.000000e+00] = [0,0]

DFFT  b1dz  max 3.013e-01s  avg 2.794e-01s  min 2.562e-01s  dev 5.045e-03s
DFFT  bd23  max 8.678e-01s  avg 6.650e-01s  min 3.762e-01s  dev 1.186e-01s
DFFT  bd32  max 1.244e+00s  avg 9.634e-01s  min 5.663e-01s  dev 1.748e-01s
DFFT  b1dy  max 2.992e-01s  avg 2.833e-01s  min 2.524e-01s  dev 6.390e-03s
DFFT  bd23  max 1.260e+00s  avg 9.888e-01s  min 5.829e-01s  dev 1.814e-01s
DFFT  bd32  max 2.908e+00s  avg 2.317e+00s  min 1.475e+00s  dev 4.032e-01s
DFFT  b1dx  max 2.999e-01s  avg 2.796e-01s  min 2.562e-01s  dev 4.840e-03s
DFFT  bd23  max 2.975e+00s  avg 2.309e+00s  min 1.471e+00s  dev 4.113e-01s
DFFT bdist  max 9.064e+00s  avg 7.243e+00s  min 5.192e+00s  dev 8.818e-01s
DFFT bdfft  max 8.903e-01s  avg 8.423e-01s  min 7.656e-01s  dev 1.577e-02s
BACKWARD    max 1.016e+01s  avg 1.016e+01s  min 1.015e+01s  dev 4.663e-06s

r-space:
a[0,0,0] = (8589934592.000000,0.000000) = (4200000000000000,0)
real in [0.000000e+00,0.000000e+00] = [0,0]
imag in [0.000000e+00,0.000000e+00] = [0,0]


TESTING 9

DFFT  fd32  max 2.865e+00s  avg 2.214e+00s  min 1.361e+00s  dev 4.097e-01s
DFFT  f1dx  max 3.044e-01s  avg 2.832e-01s  min 2.533e-01s  dev 6.297e-03s
DFFT  fd23  max 2.958e+00s  avg 2.276e+00s  min 1.432e+00s  dev 4.142e-01s
DFFT  fd32  max 1.214e+00s  avg 9.620e-01s  min 5.676e-01s  dev 1.710e-01s
DFFT  f1dy  max 3.021e-01s  avg 2.798e-01s  min 2.575e-01s  dev 4.801e-03s
DFFT  fd23  max 1.244e+00s  avg 9.813e-01s  min 5.834e-01s  dev 1.808e-01s
DFFT  fd32  max 8.247e-01s  avg 6.462e-01s  min 3.836e-01s  dev 1.117e-01s
DFFT  f1dz  max 3.040e-01s  avg 2.833e-01s  min 2.522e-01s  dev 6.447e-03s
DFFT fdist  max 8.902e+00s  avg 7.079e+00s  min 4.809e+00s  dev 8.832e-01s
DFFT fdfft  max 9.060e-01s  avg 8.463e-01s  min 7.630e-01s  dev 1.715e-02s
FORWARD     max 1.003e+01s  avg 1.002e+01s  min 1.001e+01s  dev 5.263e-03s

k-space:
real in [1.000000e+00,1.000000e+00] = [3ff0000000000000,3ff0000000000000]
imag in [0.000000e+00,0.000000e+00] = [0,0]

DFFT  b1dz  max 3.008e-01s  avg 2.795e-01s  min 2.563e-01s  dev 5.060e-03s
DFFT  bd23  max 8.714e-01s  avg 6.641e-01s  min 3.835e-01s  dev 1.180e-01s
DFFT  bd32  max 1.210e+00s  avg 9.594e-01s  min 5.726e-01s  dev 1.701e-01s
DFFT  b1dy  max 2.989e-01s  avg 2.832e-01s  min 2.519e-01s  dev 6.389e-03s
DFFT  bd23  max 1.248e+00s  avg 9.849e-01s  min 5.851e-01s  dev 1.817e-01s
DFFT  bd32  max 2.843e+00s  avg 2.165e+00s  min 1.195e+00s  dev 4.659e-01s
DFFT  b1dx  max 2.992e-01s  avg 2.797e-01s  min 2.568e-01s  dev 4.890e-03s
DFFT  bd23  max 3.102e+00s  avg 2.423e+00s  min 1.612e+00s  dev 4.170e-01s
DFFT bdist  max 9.084e+00s  avg 7.197e+00s  min 5.111e+00s  dev 9.289e-01s
DFFT bdfft  max 8.912e-01s  avg 8.423e-01s  min 7.657e-01s  dev 1.576e-02s
BACKWARD    max 1.017e+01s  avg 1.017e+01s  min 1.017e+01s  dev 1.071e-05s

r-space:
a[0,0,0] = (8589934592.000000,0.000000) = (4200000000000000,0)
real in [0.000000e+00,0.000000e+00] = [0,0]
imag in [0.000000e+00,0.000000e+00] = [0,0]


TESTING a

DFFT  fd32  max 2.983e+00s  avg 2.335e+00s  min 1.450e+00s  dev 3.982e-01s
DFFT  f1dx  max 3.039e-01s  avg 2.830e-01s  min 2.535e-01s  dev 6.285e-03s
DFFT  fd23  max 3.048e+00s  avg 2.379e+00s  min 1.487e+00s  dev 4.176e-01s
DFFT  fd32  max 1.207e+00s  avg 9.639e-01s  min 5.723e-01s  dev 1.715e-01s
DFFT  f1dy  max 3.022e-01s  avg 2.800e-01s  min 2.575e-01s  dev 4.831e-03s
DFFT  fd23  max 1.253e+00s  avg 9.831e-01s  min 5.777e-01s  dev 1.810e-01s
DFFT  fd32  max 8.043e-01s  avg 6.428e-01s  min 3.824e-01s  dev 1.113e-01s
DFFT  f1dz  max 3.034e-01s  avg 2.832e-01s  min 2.517e-01s  dev 6.440e-03s
DFFT fdist  max 9.138e+00s  avg 7.304e+00s  min 5.025e+00s  dev 8.683e-01s
DFFT fdfft  max 9.058e-01s  avg 8.462e-01s  min 7.626e-01s  dev 1.712e-02s
FORWARD     max 1.022e+01s  avg 1.021e+01s  min 1.019e+01s  dev 5.372e-03s

k-space:
real in [1.000000e+00,1.000000e+00] = [3ff0000000000000,3ff0000000000000]
imag in [0.000000e+00,0.000000e+00] = [0,0]

DFFT  b1dz  max 3.010e-01s  avg 2.795e-01s  min 2.563e-01s  dev 5.080e-03s
DFFT  bd23  max 8.644e-01s  avg 6.653e-01s  min 3.919e-01s  dev 1.177e-01s
DFFT  bd32  max 1.205e+00s  avg 9.598e-01s  min 5.711e-01s  dev 1.720e-01s
DFFT  b1dy  max 2.992e-01s  avg 2.832e-01s  min 2.526e-01s  dev 6.412e-03s
DFFT  bd23  max 1.254e+00s  avg 9.862e-01s  min 5.929e-01s  dev 1.807e-01s
DFFT  bd32  max 2.888e+00s  avg 2.276e+00s  min 1.441e+00s  dev 4.012e-01s
DFFT  b1dx  max 2.998e-01s  avg 2.797e-01s  min 2.568e-01s  dev 4.855e-03s
DFFT  bd23  max 3.130e+00s  avg 2.404e+00s  min 1.539e+00s  dev 4.092e-01s
DFFT bdist  max 9.064e+00s  avg 7.291e+00s  min 5.266e+00s  dev 8.494e-01s
DFFT bdfft  max 8.909e-01s  avg 8.424e-01s  min 7.664e-01s  dev 1.580e-02s
BACKWARD    max 1.024e+01s  avg 1.024e+01s  min 1.024e+01s  dev 3.768e-06s

r-space:
a[0,0,0] = (8589934592.000000,0.000000) = (4200000000000000,0)
real in [0.000000e+00,0.000000e+00] = [0,0]
imag in [0.000000e+00,0.000000e+00] = [0,0]


TESTING b

DFFT  fd32  max 2.848e+00s  avg 2.174e+00s  min 1.234e+00s  dev 4.251e-01s
DFFT  f1dx  max 3.037e-01s  avg 2.830e-01s  min 2.530e-01s  dev 6.287e-03s
DFFT  fd23  max 2.959e+00s  avg 2.299e+00s  min 1.426e+00s  dev 4.091e-01s
DFFT  fd32  max 1.218e+00s  avg 9.602e-01s  min 5.355e-01s  dev 1.724e-01s
DFFT  f1dy  max 3.018e-01s  avg 2.799e-01s  min 2.577e-01s  dev 4.786e-03s
DFFT  fd23  max 1.256e+00s  avg 9.851e-01s  min 5.950e-01s  dev 1.795e-01s
DFFT  fd32  max 8.287e-01s  avg 6.464e-01s  min 3.879e-01s  dev 1.113e-01s
DFFT  f1dz  max 3.036e-01s  avg 2.832e-01s  min 2.515e-01s  dev 6.457e-03s
DFFT fdist  max 8.863e+00s  avg 7.065e+00s  min 4.960e+00s  dev 8.763e-01s
DFFT fdfft  max 9.059e-01s  avg 8.461e-01s  min 7.622e-01s  dev 1.714e-02s
FORWARD     max 1.003e+01s  avg 1.002e+01s  min 1.000e+01s  dev 5.488e-03s

k-space:
real in [1.000000e+00,1.000000e+00] = [3ff0000000000000,3ff0000000000000]
imag in [0.000000e+00,0.000000e+00] = [0,0]

DFFT  b1dz  max 3.006e-01s  avg 2.792e-01s  min 2.558e-01s  dev 5.052e-03s
DFFT  bd23  max 8.756e-01s  avg 6.669e-01s  min 3.766e-01s  dev 1.170e-01s
DFFT  bd32  max 1.221e+00s  avg 9.602e-01s  min 5.741e-01s  dev 1.729e-01s
DFFT  b1dy  max 2.993e-01s  avg 2.832e-01s  min 2.528e-01s  dev 6.432e-03s
DFFT  bd23  max 1.252e+00s  avg 9.856e-01s  min 5.757e-01s  dev 1.823e-01s
DFFT  bd32  max 2.855e+00s  avg 2.257e+00s  min 1.358e+00s  dev 3.874e-01s
DFFT  b1dx  max 2.991e-01s  avg 2.795e-01s  min 2.565e-01s  dev 4.867e-03s
DFFT  bd23  max 3.052e+00s  avg 2.347e+00s  min 1.503e+00s  dev 4.187e-01s
DFFT bdist  max 9.077e+00s  avg 7.217e+00s  min 5.049e+00s  dev 8.746e-01s
DFFT bdfft  max 8.903e-01s  avg 8.420e-01s  min 7.658e-01s  dev 1.582e-02s
BACKWARD    max 1.016e+01s  avg 1.016e+01s  min 1.016e+01s  dev 6.217e-06s

r-space:
a[0,0,0] = (8589934592.000000,0.000000) = (4200000000000000,0)
real in [0.000000e+00,0.000000e+00] = [0,0]
imag in [0.000000e+00,0.000000e+00] = [0,0]


TESTING c

DFFT  fd32  max 2.869e+00s  avg 2.210e+00s  min 1.253e+00s  dev 4.200e-01s
DFFT  f1dx  max 3.043e-01s  avg 2.831e-01s  min 2.536e-01s  dev 6.296e-03s
DFFT  fd23  max 3.001e+00s  avg 2.323e+00s  min 1.441e+00s  dev 4.101e-01s
DFFT  fd32  max 1.212e+00s  avg 9.608e-01s  min 5.621e-01s  dev 1.727e-01s
DFFT  f1dy  max 3.020e-01s  avg 2.799e-01s  min 2.572e-01s  dev 4.846e-03s
DFFT  fd23  max 1.248e+00s  avg 9.830e-01s  min 5.917e-01s  dev 1.812e-01s
DFFT  fd32  max 8.095e-01s  avg 6.457e-01s  min 3.725e-01s  dev 1.115e-01s
DFFT  f1dz  max 3.037e-01s  avg 2.832e-01s  min 2.517e-01s  dev 6.417e-03s
DFFT fdist  max 8.907e+00s  avg 7.122e+00s  min 4.998e+00s  dev 8.634e-01s
DFFT fdfft  max 9.060e-01s  avg 8.462e-01s  min 7.625e-01s  dev 1.715e-02s
FORWARD     max 1.006e+01s  avg 1.005e+01s  min 1.004e+01s  dev 5.338e-03s

k-space:
real in [1.000000e+00,1.000000e+00] = [3ff0000000000000,3ff0000000000000]
imag in [0.000000e+00,0.000000e+00] = [0,0]

DFFT  b1dz  max 3.007e-01s  avg 2.794e-01s  min 2.560e-01s  dev 5.061e-03s
DFFT  bd23  max 8.759e-01s  avg 6.668e-01s  min 3.865e-01s  dev 1.179e-01s
DFFT  bd32  max 1.214e+00s  avg 9.607e-01s  min 5.735e-01s  dev 1.713e-01s
DFFT  b1dy  max 2.986e-01s  avg 2.831e-01s  min 2.526e-01s  dev 6.398e-03s
DFFT  bd23  max 1.251e+00s  avg 9.863e-01s  min 5.908e-01s  dev 1.819e-01s
DFFT  bd32  max 2.912e+00s  avg 2.292e+00s  min 1.410e+00s  dev 4.089e-01s
DFFT  b1dx  max 2.992e-01s  avg 2.795e-01s  min 2.570e-01s  dev 4.880e-03s
DFFT  bd23  max 2.949e+00s  avg 2.268e+00s  min 1.438e+00s  dev 4.124e-01s
DFFT bdist  max 9.020e+00s  avg 7.174e+00s  min 5.079e+00s  dev 8.869e-01s
DFFT bdfft  max 8.903e-01s  avg 8.420e-01s  min 7.661e-01s  dev 1.578e-02s
BACKWARD    max 1.010e+01s  avg 1.010e+01s  min 1.010e+01s  dev 8.695e-06s

r-space:
a[0,0,0] = (8589934592.000000,0.000000) = (4200000000000000,0)
real in [0.000000e+00,0.000000e+00] = [0,0]
imag in [0.000000e+00,0.000000e+00] = [0,0]


TESTING d

DFFT  fd32  max 2.955e+00s  avg 2.284e+00s  min 1.440e+00s  dev 3.961e-01s
DFFT  f1dx  max 3.036e-01s  avg 2.830e-01s  min 2.530e-01s  dev 6.315e-03s
DFFT  fd23  max 2.940e+00s  avg 2.285e+00s  min 1.435e+00s  dev 4.054e-01s
DFFT  fd32  max 1.223e+00s  avg 9.645e-01s  min 5.778e-01s  dev 1.721e-01s
DFFT  f1dy  max 3.016e-01s  avg 2.799e-01s  min 2.578e-01s  dev 4.819e-03s
DFFT  fd23  max 1.264e+00s  avg 9.845e-01s  min 5.850e-01s  dev 1.801e-01s
DFFT  fd32  max 8.223e-01s  avg 6.462e-01s  min 3.579e-01s  dev 1.117e-01s
DFFT  f1dz  max 3.031e-01s  avg 2.832e-01s  min 2.516e-01s  dev 6.449e-03s
DFFT fdist  max 8.960e+00s  avg 7.164e+00s  min 5.038e+00s  dev 8.453e-01s
DFFT fdfft  max 9.054e-01s  avg 8.460e-01s  min 7.625e-01s  dev 1.717e-02s
FORWARD     max 1.013e+01s  avg 1.012e+01s  min 1.010e+01s  dev 5.542e-03s

k-space:
real in [1.000000e+00,1.000000e+00] = [3ff0000000000000,3ff0000000000000]
imag in [0.000000e+00,0.000000e+00] = [0,0]

DFFT  b1dz  max 3.011e-01s  avg 2.794e-01s  min 2.565e-01s  dev 5.064e-03s
DFFT  bd23  max 8.668e-01s  avg 6.648e-01s  min 3.756e-01s  dev 1.180e-01s
DFFT  bd32  max 1.209e+00s  avg 9.636e-01s  min 5.765e-01s  dev 1.721e-01s
DFFT  b1dy  max 2.994e-01s  avg 2.832e-01s  min 2.527e-01s  dev 6.388e-03s
DFFT  bd23  max 1.256e+00s  avg 9.851e-01s  min 5.842e-01s  dev 1.815e-01s
DFFT  bd32  max 2.870e+00s  avg 2.266e+00s  min 1.400e+00s  dev 4.003e-01s
DFFT  b1dx  max 2.994e-01s  avg 2.796e-01s  min 2.568e-01s  dev 4.885e-03s
DFFT  bd23  max 3.003e+00s  avg 2.296e+00s  min 1.468e+00s  dev 4.109e-01s
DFFT bdist  max 8.977e+00s  avg 7.175e+00s  min 4.986e+00s  dev 8.810e-01s
DFFT bdfft  max 8.901e-01s  avg 8.422e-01s  min 7.665e-01s  dev 1.580e-02s
BACKWARD    max 1.011e+01s  avg 1.011e+01s  min 1.011e+01s  dev 4.712e-06s

r-space:
a[0,0,0] = (8589934592.000000,0.000000) = (4200000000000000,0)
real in [0.000000e+00,0.000000e+00] = [0,0]
imag in [0.000000e+00,0.000000e+00] = [0,0]


TESTING e

DFFT  fd32  max 2.875e+00s  avg 2.215e+00s  min 1.301e+00s  dev 4.145e-01s
DFFT  f1dx  max 3.031e-01s  avg 2.830e-01s  min 2.537e-01s  dev 6.297e-03s
DFFT  fd23  max 2.944e+00s  avg 2.279e+00s  min 1.426e+00s  dev 4.100e-01s
DFFT  fd32  max 1.208e+00s  avg 9.613e-01s  min 5.708e-01s  dev 1.715e-01s
DFFT  f1dy  max 3.014e-01s  avg 2.799e-01s  min 2.574e-01s  dev 4.786e-03s
DFFT  fd23  max 1.252e+00s  avg 9.826e-01s  min 5.888e-01s  dev 1.798e-01s
DFFT  fd32  max 8.026e-01s  avg 6.449e-01s  min 3.631e-01s  dev 1.113e-01s
DFFT  f1dz  max 3.036e-01s  avg 2.831e-01s  min 2.518e-01s  dev 6.450e-03s
DFFT fdist  max 8.892e+00s  avg 7.082e+00s  min 4.899e+00s  dev 8.720e-01s
DFFT fdfft  max 9.058e-01s  avg 8.460e-01s  min 7.630e-01s  dev 1.712e-02s
FORWARD     max 1.001e+01s  avg 1.000e+01s  min 9.983e+00s  dev 5.531e-03s

k-space:
real in [1.000000e+00,1.000000e+00] = [3ff0000000000000,3ff0000000000000]
imag in [0.000000e+00,0.000000e+00] = [0,0]

DFFT  b1dz  max 3.011e-01s  avg 2.794e-01s  min 2.558e-01s  dev 5.046e-03s
DFFT  bd23  max 8.804e-01s  avg 6.669e-01s  min 3.763e-01s  dev 1.196e-01s
DFFT  bd32  max 1.211e+00s  avg 9.609e-01s  min 5.776e-01s  dev 1.734e-01s
DFFT  b1dy  max 2.988e-01s  avg 2.831e-01s  min 2.524e-01s  dev 6.402e-03s
DFFT  bd23  max 1.254e+00s  avg 9.882e-01s  min 5.848e-01s  dev 1.820e-01s
DFFT  bd32  max 2.906e+00s  avg 2.284e+00s  min 1.443e+00s  dev 4.062e-01s
DFFT  b1dx  max 2.990e-01s  avg 2.796e-01s  min 2.566e-01s  dev 4.874e-03s
DFFT  bd23  max 3.182e+00s  avg 2.481e+00s  min 1.632e+00s  dev 4.229e-01s
DFFT bdist  max 9.394e+00s  avg 7.382e+00s  min 5.218e+00s  dev 8.987e-01s
DFFT bdfft  max 8.899e-01s  avg 8.420e-01s  min 7.654e-01s  dev 1.577e-02s
BACKWARD    max 1.033e+01s  avg 1.033e+01s  min 1.033e+01s  dev 4.031e-06s

r-space:
a[0,0,0] = (8589934592.000000,0.000000) = (4200000000000000,0)
real in [0.000000e+00,0.000000e+00] = [0,0]
imag in [0.000000e+00,0.000000e+00] = [0,0]


TESTING f

DFFT  fd32  max 2.888e+00s  avg 2.212e+00s  min 1.268e+00s  dev 4.321e-01s
DFFT  f1dx  max 3.039e-01s  avg 2.830e-01s  min 2.532e-01s  dev 6.316e-03s
DFFT  fd23  max 3.097e+00s  avg 2.411e+00s  min 1.544e+00s  dev 4.102e-01s
DFFT  fd32  max 1.207e+00s  avg 9.581e-01s  min 5.802e-01s  dev 1.717e-01s
DFFT  f1dy  max 3.015e-01s  avg 2.799e-01s  min 2.575e-01s  dev 4.784e-03s
DFFT  fd23  max 1.252e+00s  avg 9.852e-01s  min 5.838e-01s  dev 1.811e-01s
DFFT  fd32  max 8.197e-01s  avg 6.449e-01s  min 3.709e-01s  dev 1.122e-01s
DFFT  f1dz  max 3.035e-01s  avg 2.831e-01s  min 2.519e-01s  dev 6.460e-03s
DFFT fdist  max 9.013e+00s  avg 7.211e+00s  min 4.967e+00s  dev 8.893e-01s
DFFT fdfft  max 9.056e-01s  avg 8.460e-01s  min 7.626e-01s  dev 1.716e-02s
FORWARD     max 1.018e+01s  avg 1.017e+01s  min 1.016e+01s  dev 5.407e-03s

k-space:
real in [1.000000e+00,1.000000e+00] = [3ff0000000000000,3ff0000000000000]
imag in [0.000000e+00,0.000000e+00] = [0,0]

DFFT  b1dz  max 3.007e-01s  avg 2.794e-01s  min 2.560e-01s  dev 5.029e-03s
DFFT  bd23  max 8.714e-01s  avg 6.665e-01s  min 4.064e-01s  dev 1.180e-01s
DFFT  bd32  max 1.207e+00s  avg 9.602e-01s  min 5.549e-01s  dev 1.716e-01s
DFFT  b1dy  max 2.988e-01s  avg 2.831e-01s  min 2.521e-01s  dev 6.401e-03s
DFFT  bd23  max 1.264e+00s  avg 9.907e-01s  min 5.793e-01s  dev 1.810e-01s
DFFT  bd32  max 2.852e+00s  avg 2.228e+00s  min 1.375e+00s  dev 4.040e-01s
DFFT  b1dx  max 2.994e-01s  avg 2.796e-01s  min 2.568e-01s  dev 4.844e-03s
DFFT  bd23  max 3.031e+00s  avg 2.342e+00s  min 1.487e+00s  dev 4.143e-01s
DFFT bdist  max 9.021e+00s  avg 7.188e+00s  min 4.962e+00s  dev 8.886e-01s
DFFT bdfft  max 8.901e-01s  avg 8.421e-01s  min 7.657e-01s  dev 1.572e-02s
BACKWARD    max 1.013e+01s  avg 1.013e+01s  min 1.013e+01s  dev 6.686e-06s

r-space:
a[0,0,0] = (8589934592.000000,0.000000) = (4200000000000000,0)
real in [0.000000e+00,0.000000e+00] = [0,0]
imag in [0.000000e+00,0.000000e+00] = [0,0]


TESTING 10

DFFT  fd32  max 2.911e+00s  avg 2.217e+00s  min 1.266e+00s  dev 4.565e-01s
DFFT  f1dx  max 3.034e-01s  avg 2.829e-01s  min 2.532e-01s  dev 6.257e-03s
DFFT  fd23  max 3.039e+00s  avg 2.378e+00s  min 1.551e+00s  dev 4.141e-01s
DFFT  fd32  max 1.212e+00s  avg 9.599e-01s  min 5.760e-01s  dev 1.740e-01s
DFFT  f1dy  max 3.020e-01s  avg 2.799e-01s  min 2.576e-01s  dev 4.815e-03s
DFFT  fd23  max 1.248e+00s  avg 9.846e-01s  min 5.745e-01s  dev 1.797e-01s
DFFT  fd32  max 8.086e-01s  avg 6.441e-01s  min 3.579e-01s  dev 1.123e-01s
DFFT  f1dz  max 3.031e-01s  avg 2.832e-01s  min 2.517e-01s  dev 6.372e-03s
DFFT fdist  max 8.996e+00s  avg 7.184e+00s  min 4.839e+00s  dev 9.100e-01s
DFFT fdfft  max 9.046e-01s  avg 8.460e-01s  min 7.624e-01s  dev 1.703e-02s
FORWARD     max 1.014e+01s  avg 1.014e+01s  min 1.012e+01s  dev 5.289e-03s

k-space:
real in [1.000000e+00,1.000000e+00] = [3ff0000000000000,3ff0000000000000]
imag in [0.000000e+00,0.000000e+00] = [0,0]

DFFT  b1dz  max 3.003e-01s  avg 2.793e-01s  min 2.564e-01s  dev 5.114e-03s
DFFT  bd23  max 8.736e-01s  avg 6.669e-01s  min 3.839e-01s  dev 1.179e-01s
DFFT  bd32  max 1.204e+00s  avg 9.585e-01s  min 5.760e-01s  dev 1.701e-01s
DFFT  b1dy  max 2.993e-01s  avg 2.832e-01s  min 2.525e-01s  dev 6.387e-03s
DFFT  bd23  max 1.254e+00s  avg 9.867e-01s  min 5.880e-01s  dev 1.811e-01s
DFFT  bd32  max 2.881e+00s  avg 2.281e+00s  min 1.459e+00s  dev 4.055e-01s
DFFT  b1dx  max 2.994e-01s  avg 2.795e-01s  min 2.568e-01s  dev 4.887e-03s
DFFT  bd23  max 3.059e+00s  avg 2.382e+00s  min 1.519e+00s  dev 4.064e-01s
DFFT bdist  max 9.148e+00s  avg 7.275e+00s  min 5.271e+00s  dev 8.598e-01s
DFFT bdfft  max 8.905e-01s  avg 8.420e-01s  min 7.663e-01s  dev 1.584e-02s
BACKWARD    max 1.017e+01s  avg 1.017e+01s  min 1.017e+01s  dev 6.937e-06s

r-space:
a[0,0,0] = (8589934592.000000,0.000000) = (4200000000000000,0)
real in [0.000000e+00,0.000000e+00] = [0,0]
imag in [0.000000e+00,0.000000e+00] = [0,0]


TESTING 11

DFFT  fd32  max 2.883e+00s  avg 2.218e+00s  min 1.331e+00s  dev 4.067e-01s
DFFT  f1dx  max 3.036e-01s  avg 2.830e-01s  min 2.534e-01s  dev 6.261e-03s
DFFT  fd23  max 3.092e+00s  avg 2.399e+00s  min 1.557e+00s  dev 4.256e-01s
DFFT  fd32  max 1.227e+00s  avg 9.645e-01s  min 5.735e-01s  dev 1.730e-01s
DFFT  f1dy  max 3.019e-01s  avg 2.798e-01s  min 2.573e-01s  dev 4.880e-03s
DFFT  fd23  max 1.255e+00s  avg 9.847e-01s  min 5.925e-01s  dev 1.802e-01s
DFFT  fd32  max 8.263e-01s  avg 6.469e-01s  min 3.615e-01s  dev 1.111e-01s
DFFT  f1dz  max 3.031e-01s  avg 2.832e-01s  min 2.516e-01s  dev 6.401e-03s
DFFT fdist  max 9.100e+00s  avg 7.213e+00s  min 5.018e+00s  dev 8.859e-01s
DFFT fdfft  max 9.052e-01s  avg 8.460e-01s  min 7.623e-01s  dev 1.713e-02s
FORWARD     max 1.021e+01s  avg 1.020e+01s  min 1.018e+01s  dev 5.314e-03s

k-space:
real in [1.000000e+00,1.000000e+00] = [3ff0000000000000,3ff0000000000000]
imag in [0.000000e+00,0.000000e+00] = [0,0]

DFFT  b1dz  max 3.005e-01s  avg 2.792e-01s  min 2.563e-01s  dev 5.027e-03s
DFFT  bd23  max 8.844e-01s  avg 6.644e-01s  min 3.752e-01s  dev 1.186e-01s
DFFT  bd32  max 1.211e+00s  avg 9.579e-01s  min 5.660e-01s  dev 1.751e-01s
DFFT  b1dy  max 2.992e-01s  avg 2.831e-01s  min 2.523e-01s  dev 6.460e-03s
DFFT  bd23  max 1.248e+00s  avg 9.858e-01s  min 5.803e-01s  dev 1.805e-01s
DFFT  bd32  max 2.799e+00s  avg 2.203e+00s  min 1.361e+00s  dev 3.988e-01s
DFFT  b1dx  max 2.993e-01s  avg 2.796e-01s  min 2.570e-01s  dev 4.820e-03s
DFFT  bd23  max 3.066e+00s  avg 2.371e+00s  min 1.485e+00s  dev 4.096e-01s
DFFT bdist  max 9.057e+00s  avg 7.182e+00s  min 5.005e+00s  dev 8.770e-01s
DFFT bdfft  max 8.896e-01s  avg 8.420e-01s  min 7.664e-01s  dev 1.576e-02s
BACKWARD    max 1.011e+01s  avg 1.011e+01s  min 1.011e+01s  dev 4.983e-06s

r-space:
a[0,0,0] = (8589934592.000000,0.000000) = (4200000000000000,0)
real in [0.000000e+00,0.000000e+00] = [0,0]
imag in [0.000000e+00,0.000000e+00] = [0,0]


TESTING 12

DFFT  fd32  max 2.911e+00s  avg 2.251e+00s  min 1.391e+00s  dev 4.044e-01s
DFFT  f1dx  max 3.037e-01s  avg 2.830e-01s  min 2.532e-01s  dev 6.366e-03s
DFFT  fd23  max 2.995e+00s  avg 2.345e+00s  min 1.520e+00s  dev 4.139e-01s
DFFT  fd32  max 1.205e+00s  avg 9.609e-01s  min 5.755e-01s  dev 1.711e-01s
DFFT  f1dy  max 3.015e-01s  avg 2.799e-01s  min 2.577e-01s  dev 4.739e-03s
DFFT  fd23  max 1.247e+00s  avg 9.827e-01s  min 5.733e-01s  dev 1.817e-01s
DFFT  fd32  max 8.290e-01s  avg 6.465e-01s  min 3.926e-01s  dev 1.116e-01s
DFFT  f1dz  max 3.034e-01s  avg 2.832e-01s  min 2.519e-01s  dev 6.464e-03s
DFFT fdist  max 8.921e+00s  avg 7.187e+00s  min 4.905e+00s  dev 8.641e-01s
DFFT fdfft  max 9.054e-01s  avg 8.460e-01s  min 7.628e-01s  dev 1.715e-02s
FORWARD     max 1.010e+01s  avg 1.010e+01s  min 1.008e+01s  dev 5.333e-03s

k-space:
real in [1.000000e+00,1.000000e+00] = [3ff0000000000000,3ff0000000000000]
imag in [0.000000e+00,0.000000e+00] = [0,0]

DFFT  b1dz  max 3.004e-01s  avg 2.793e-01s  min 2.557e-01s  dev 5.041e-03s
DFFT  bd23  max 8.708e-01s  avg 6.647e-01s  min 3.753e-01s  dev 1.189e-01s
DFFT  bd32  max 1.212e+00s  avg 9.588e-01s  min 5.778e-01s  dev 1.728e-01s
DFFT  b1dy  max 2.983e-01s  avg 2.831e-01s  min 2.525e-01s  dev 6.358e-03s
DFFT  bd23  max 1.254e+00s  avg 9.857e-01s  min 5.831e-01s  dev 1.820e-01s
DFFT  bd32  max 2.911e+00s  avg 2.282e+00s  min 1.442e+00s  dev 4.012e-01s
DFFT  b1dx  max 2.995e-01s  avg 2.796e-01s  min 2.566e-01s  dev 4.881e-03s
DFFT  bd23  max 3.067e+00s  avg 2.383e+00s  min 1.527e+00s  dev 4.216e-01s
DFFT bdist  max 8.996e+00s  avg 7.274e+00s  min 5.084e+00s  dev 8.894e-01s
DFFT bdfft  max 8.889e-01s  avg 8.419e-01s  min 7.657e-01s  dev 1.576e-02s
BACKWARD    max 1.021e+01s  avg 1.021e+01s  min 1.021e+01s  dev 4.352e-06s

r-space:
a[0,0,0] = (8589934592.000000,0.000000) = (4200000000000000,0)
real in [0.000000e+00,0.000000e+00] = [0,0]
imag in [0.000000e+00,0.000000e+00] = [0,0]


TESTING 13

DFFT  fd32  max 2.886e+00s  avg 2.196e+00s  min 1.252e+00s  dev 4.405e-01s
DFFT  f1dx  max 3.032e-01s  avg 2.830e-01s  min 2.536e-01s  dev 6.261e-03s
DFFT  fd23  max 2.986e+00s  avg 2.302e+00s  min 1.432e+00s  dev 4.200e-01s
DFFT  fd32  max 1.223e+00s  avg 9.617e-01s  min 5.779e-01s  dev 1.720e-01s
DFFT  f1dy  max 3.014e-01s  avg 2.799e-01s  min 2.571e-01s  dev 4.809e-03s
DFFT  fd23  max 1.245e+00s  avg 9.813e-01s  min 5.973e-01s  dev 1.807e-01s
DFFT  fd32  max 8.099e-01s  avg 6.488e-01s  min 3.613e-01s  dev 1.113e-01s
DFFT  f1dz  max 3.031e-01s  avg 2.832e-01s  min 2.520e-01s  dev 6.385e-03s
DFFT fdist  max 9.025e+00s  avg 7.090e+00s  min 4.771e+00s  dev 9.095e-01s
DFFT fdfft  max 9.044e-01s  avg 8.461e-01s  min 7.627e-01s  dev 1.705e-02s
FORWARD     max 1.007e+01s  avg 1.006e+01s  min 1.004e+01s  dev 5.392e-03s

k-space:
real in [1.000000e+00,1.000000e+00] = [3ff0000000000000,3ff0000000000000]
imag in [0.000000e+00,0.000000e+00] = [0,0]

DFFT  b1dz  max 3.001e-01s  avg 2.793e-01s  min 2.563e-01s  dev 5.088e-03s
DFFT  bd23  max 8.685e-01s  avg 6.665e-01s  min 3.855e-01s  dev 1.179e-01s
DFFT  bd32  max 1.208e+00s  avg 9.617e-01s  min 5.721e-01s  dev 1.731e-01s
DFFT  b1dy  max 2.990e-01s  avg 2.832e-01s  min 2.522e-01s  dev 6.363e-03s
DFFT  bd23  max 1.256e+00s  avg 9.869e-01s  min 5.769e-01s  dev 1.816e-01s
DFFT  bd32  max 3.072e+00s  avg 2.409e+00s  min 1.549e+00s  dev 4.246e-01s
DFFT  b1dx  max 2.999e-01s  avg 2.796e-01s  min 2.574e-01s  dev 4.883e-03s
DFFT  bd23  max 2.961e+00s  avg 2.264e+00s  min 1.411e+00s  dev 4.199e-01s
DFFT bdist  max 9.256e+00s  avg 7.288e+00s  min 5.100e+00s  dev 9.174e-01s
DFFT bdfft  max 8.905e-01s  avg 8.421e-01s  min 7.667e-01s  dev 1.579e-02s
BACKWARD    max 1.027e+01s  avg 1.027e+01s  min 1.027e+01s  dev 3.778e-06s

r-space:
a[0,0,0] = (8589934592.000000,0.000000) = (4200000000000000,0)
real in [0.000000e+00,0.000000e+00] = [0,0]
imag in [0.000000e+00,0.000000e+00] = [0,0]


TESTING 14

DFFT  fd32  max 2.896e+00s  avg 2.248e+00s  min 1.361e+00s  dev 3.971e-01s
DFFT  f1dx  max 3.034e-01s  avg 2.830e-01s  min 2.526e-01s  dev 6.268e-03s
DFFT  fd23  max 3.010e+00s  avg 2.344e+00s  min 1.458e+00s  dev 4.209e-01s
DFFT  fd32  max 1.217e+00s  avg 9.607e-01s  min 5.780e-01s  dev 1.713e-01s
DFFT  f1dy  max 3.017e-01s  avg 2.799e-01s  min 2.580e-01s  dev 4.834e-03s
DFFT  fd23  max 1.244e+00s  avg 9.835e-01s  min 5.879e-01s  dev 1.806e-01s
DFFT  fd32  max 8.127e-01s  avg 6.463e-01s  min 3.802e-01s  dev 1.112e-01s
DFFT  f1dz  max 3.033e-01s  avg 2.832e-01s  min 2.513e-01s  dev 6.411e-03s
DFFT fdist  max 8.976e+00s  avg 7.182e+00s  min 4.869e+00s  dev 8.628e-01s
DFFT fdfft  max 9.052e-01s  avg 8.461e-01s  min 7.620e-01s  dev 1.708e-02s
FORWARD     max 1.010e+01s  avg 1.009e+01s  min 1.008e+01s  dev 5.247e-03s

k-space:
real in [1.000000e+00,1.000000e+00] = [3ff0000000000000,3ff0000000000000]
imag in [0.000000e+00,0.000000e+00] = [0,0]

DFFT  b1dz  max 3.004e-01s  avg 2.793e-01s  min 2.561e-01s  dev 5.037e-03s
DFFT  bd23  max 8.613e-01s  avg 6.661e-01s  min 3.788e-01s  dev 1.175e-01s
DFFT  bd32  max 1.209e+00s  avg 9.590e-01s  min 5.665e-01s  dev 1.725e-01s
DFFT  b1dy  max 2.990e-01s  avg 2.832e-01s  min 2.527e-01s  dev 6.389e-03s
DFFT  bd23  max 1.275e+00s  avg 9.929e-01s  min 5.895e-01s  dev 1.830e-01s
DFFT  bd32  max 2.871e+00s  avg 2.274e+00s  min 1.455e+00s  dev 4.008e-01s
DFFT  b1dx  max 2.995e-01s  avg 2.795e-01s  min 2.568e-01s  dev 4.842e-03s
DFFT  bd23  max 3.010e+00s  avg 2.293e+00s  min 1.416e+00s  dev 4.207e-01s
DFFT bdist  max 9.029e+00s  avg 7.185e+00s  min 4.997e+00s  dev 8.942e-01s
DFFT bdfft  max 8.897e-01s  avg 8.420e-01s  min 7.664e-01s  dev 1.572e-02s
BACKWARD    max 1.013e+01s  avg 1.013e+01s  min 1.013e+01s  dev 3.901e-06s

r-space:
a[0,0,0] = (8589934592.000000,0.000000) = (4200000000000000,0)
real in [0.000000e+00,0.000000e+00] = [0,0]
imag in [0.000000e+00,0.000000e+00] = [0,0]


TESTING 15

DFFT  fd32  max 2.897e+00s  avg 2.235e+00s  min 1.358e+00s  dev 4.074e-01s
DFFT  f1dx  max 3.037e-01s  avg 2.830e-01s  min 2.535e-01s  dev 6.299e-03s
DFFT  fd23  max 3.035e+00s  avg 2.359e+00s  min 1.501e+00s  dev 4.135e-01s
DFFT  fd32  max 1.204e+00s  avg 9.620e-01s  min 5.803e-01s  dev 1.712e-01s
DFFT  f1dy  max 3.017e-01s  avg 2.798e-01s  min 2.574e-01s  dev 4.836e-03s
DFFT  fd23  max 1.253e+00s  avg 9.843e-01s  min 5.819e-01s  dev 1.807e-01s
DFFT  fd32  max 8.147e-01s  avg 6.467e-01s  min 3.727e-01s  dev 1.114e-01s
DFFT  f1dz  max 3.032e-01s  avg 2.832e-01s  min 2.526e-01s  dev 6.467e-03s
DFFT fdist  max 9.020e+00s  avg 7.187e+00s  min 4.857e+00s  dev 8.738e-01s
DFFT fdfft  max 9.053e-01s  avg 8.460e-01s  min 7.634e-01s  dev 1.718e-02s
FORWARD     max 1.013e+01s  avg 1.012e+01s  min 1.010e+01s  dev 5.498e-03s

k-space:
real in [1.000000e+00,1.000000e+00] = [3ff0000000000000,3ff0000000000000]
imag in [0.000000e+00,0.000000e+00] = [0,0]

DFFT  b1dz  max 3.007e-01s  avg 2.794e-01s  min 2.560e-01s  dev 5.052e-03s
DFFT  bd23  max 8.724e-01s  avg 6.650e-01s  min 3.764e-01s  dev 1.187e-01s
DFFT  bd32  max 1.227e+00s  avg 9.616e-01s  min 5.870e-01s  dev 1.718e-01s
DFFT  b1dy  max 2.993e-01s  avg 2.832e-01s  min 2.532e-01s  dev 6.407e-03s
DFFT  bd23  max 1.276e+00s  avg 9.870e-01s  min 5.723e-01s  dev 1.820e-01s
DFFT  bd32  max 3.052e+00s  avg 2.391e+00s  min 1.521e+00s  dev 4.247e-01s
DFFT  b1dx  max 2.993e-01s  avg 2.796e-01s  min 2.567e-01s  dev 4.880e-03s
DFFT  bd23  max 3.044e+00s  avg 2.328e+00s  min 1.484e+00s  dev 4.250e-01s
DFFT bdist  max 9.202e+00s  avg 7.332e+00s  min 5.206e+00s  dev 9.244e-01s
DFFT bdfft  max 8.903e-01s  avg 8.421e-01s  min 7.666e-01s  dev 1.581e-02s
BACKWARD    max 1.037e+01s  avg 1.037e+01s  min 1.037e+01s  dev 6.167e-06s

r-space:
a[0,0,0] = (8589934592.000000,0.000000) = (4200000000000000,0)
real in [0.000000e+00,0.000000e+00] = [0,0]
imag in [0.000000e+00,0.000000e+00] = [0,0]


TESTING 16

DFFT  fd32  max 2.905e+00s  avg 2.194e+00s  min 1.244e+00s  dev 4.403e-01s
DFFT  f1dx  max 3.036e-01s  avg 2.830e-01s  min 2.534e-01s  dev 6.312e-03s
DFFT  fd23  max 2.993e+00s  avg 2.326e+00s  min 1.484e+00s  dev 4.111e-01s
DFFT  fd32  max 1.218e+00s  avg 9.633e-01s  min 5.891e-01s  dev 1.747e-01s
DFFT  f1dy  max 3.018e-01s  avg 2.799e-01s  min 2.576e-01s  dev 4.800e-03s
DFFT  fd23  max 1.267e+00s  avg 9.837e-01s  min 5.687e-01s  dev 1.805e-01s
DFFT  fd32  max 8.190e-01s  avg 6.476e-01s  min 3.784e-01s  dev 1.116e-01s
DFFT  f1dz  max 3.033e-01s  avg 2.832e-01s  min 2.521e-01s  dev 6.444e-03s
DFFT fdist  max 8.872e+00s  avg 7.114e+00s  min 4.793e+00s  dev 9.069e-01s
DFFT fdfft  max 9.048e-01s  avg 8.461e-01s  min 7.630e-01s  dev 1.712e-02s
FORWARD     max 1.013e+01s  avg 1.012e+01s  min 1.010e+01s  dev 5.463e-03s

k-space:
real in [1.000000e+00,1.000000e+00] = [3ff0000000000000,3ff0000000000000]
imag in [0.000000e+00,0.000000e+00] = [0,0]

DFFT  b1dz  max 3.010e-01s  avg 2.794e-01s  min 2.562e-01s  dev 5.037e-03s
DFFT  bd23  max 8.646e-01s  avg 6.678e-01s  min 3.832e-01s  dev 1.177e-01s
DFFT  bd32  max 1.216e+00s  avg 9.607e-01s  min 5.826e-01s  dev 1.724e-01s
DFFT  b1dy  max 2.988e-01s  avg 2.832e-01s  min 2.529e-01s  dev 6.404e-03s
DFFT  bd23  max 1.253e+00s  avg 9.853e-01s  min 5.816e-01s  dev 1.810e-01s
DFFT  bd32  max 2.825e+00s  avg 2.221e+00s  min 1.387e+00s  dev 3.920e-01s
DFFT  b1dx  max 2.990e-01s  avg 2.796e-01s  min 2.570e-01s  dev 4.847e-03s
DFFT  bd23  max 2.994e+00s  avg 2.279e+00s  min 1.378e+00s  dev 4.214e-01s
DFFT bdist  max 8.909e+00s  avg 7.113e+00s  min 4.959e+00s  dev 8.917e-01s
DFFT bdfft  max 8.896e-01s  avg 8.422e-01s  min 7.667e-01s  dev 1.575e-02s
BACKWARD    max 1.005e+01s  avg 1.005e+01s  min 1.005e+01s  dev 5.037e-06s

r-space:
a[0,0,0] = (8589934592.000000,0.000000) = (4200000000000000,0)
real in [0.000000e+00,0.000000e+00] = [0,0]
imag in [0.000000e+00,0.000000e+00] = [0,0]


TESTING 17

DFFT  fd32  max 2.880e+00s  avg 2.189e+00s  min 1.226e+00s  dev 4.378e-01s
DFFT  f1dx  max 3.038e-01s  avg 2.831e-01s  min 2.535e-01s  dev 6.296e-03s
DFFT  fd23  max 2.956e+00s  avg 2.314e+00s  min 1.465e+00s  dev 4.029e-01s
DFFT  fd32  max 1.202e+00s  avg 9.610e-01s  min 5.683e-01s  dev 1.706e-01s
DFFT  f1dy  max 3.020e-01s  avg 2.799e-01s  min 2.577e-01s  dev 4.824e-03s
DFFT  fd23  max 1.245e+00s  avg 9.827e-01s  min 5.791e-01s  dev 1.810e-01s
DFFT  fd32  max 8.133e-01s  avg 6.436e-01s  min 3.671e-01s  dev 1.120e-01s
DFFT  f1dz  max 3.031e-01s  avg 2.833e-01s  min 2.524e-01s  dev 6.385e-03s
DFFT fdist  max 8.971e+00s  avg 7.091e+00s  min 4.906e+00s  dev 8.753e-01s
DFFT fdfft  max 9.058e-01s  avg 8.463e-01s  min 7.636e-01s  dev 1.710e-02s
FORWARD     max 1.002e+01s  avg 1.001e+01s  min 9.992e+00s  dev 5.248e-03s

k-space:
real in [1.000000e+00,1.000000e+00] = [3ff0000000000000,3ff0000000000000]
imag in [0.000000e+00,0.000000e+00] = [0,0]

DFFT  b1dz  max 3.014e-01s  avg 2.794e-01s  min 2.564e-01s  dev 5.061e-03s
DFFT  bd23  max 8.814e-01s  avg 6.682e-01s  min 3.789e-01s  dev 1.174e-01s
DFFT  bd32  max 1.237e+00s  avg 9.644e-01s  min 5.743e-01s  dev 1.737e-01s
DFFT  b1dy  max 2.993e-01s  avg 2.832e-01s  min 2.526e-01s  dev 6.401e-03s
DFFT  bd23  max 1.252e+00s  avg 9.855e-01s  min 5.884e-01s  dev 1.818e-01s
DFFT  bd32  max 2.847e+00s  avg 2.203e+00s  min 1.367e+00s  dev 4.187e-01s
DFFT  b1dx  max 3.001e-01s  avg 2.796e-01s  min 2.565e-01s  dev 4.872e-03s
DFFT  bd23  max 3.128e+00s  avg 2.440e+00s  min 1.576e+00s  dev 4.287e-01s
DFFT bdist  max 9.238e+00s  avg 7.261e+00s  min 5.071e+00s  dev 9.062e-01s
DFFT bdfft  max 8.900e-01s  avg 8.422e-01s  min 7.660e-01s  dev 1.578e-02s
BACKWARD    max 1.025e+01s  avg 1.025e+01s  min 1.025e+01s  dev 5.424e-06s

r-space:
a[0,0,0] = (8589934592.000000,0.000000) = (4200000000000000,0)
real in [0.000000e+00,0.000000e+00] = [0,0]
imag in [0.000000e+00,0.000000e+00] = [0,0]


TESTING 18

DFFT  fd32  max 2.871e+00s  avg 2.216e+00s  min 1.304e+00s  dev 4.157e-01s
DFFT  f1dx  max 3.036e-01s  avg 2.831e-01s  min 2.536e-01s  dev 6.293e-03s
DFFT  fd23  max 2.955e+00s  avg 2.271e+00s  min 1.422e+00s  dev 4.182e-01s
DFFT  fd32  max 1.209e+00s  avg 9.592e-01s  min 5.591e-01s  dev 1.732e-01s
DFFT  f1dy  max 3.020e-01s  avg 2.800e-01s  min 2.577e-01s  dev 4.842e-03s
DFFT  fd23  max 1.255e+00s  avg 9.841e-01s  min 5.742e-01s  dev 1.799e-01s
DFFT  fd32  max 8.109e-01s  avg 6.452e-01s  min 3.849e-01s  dev 1.111e-01s
DFFT  f1dz  max 3.034e-01s  avg 2.833e-01s  min 2.524e-01s  dev 6.411e-03s
DFFT fdist  max 8.961e+00s  avg 7.076e+00s  min 4.787e+00s  dev 8.931e-01s
DFFT fdfft  max 9.061e-01s  avg 8.464e-01s  min 7.637e-01s  dev 1.713e-02s
FORWARD     max 1.003e+01s  avg 1.002e+01s  min 1.000e+01s  dev 5.416e-03s

k-space:
real in [1.000000e+00,1.000000e+00] = [3ff0000000000000,3ff0000000000000]
imag in [0.000000e+00,0.000000e+00] = [0,0]

DFFT  b1dz  max 3.010e-01s  avg 2.794e-01s  min 2.558e-01s  dev 5.040e-03s
DFFT  bd23  max 8.731e-01s  avg 6.675e-01s  min 3.854e-01s  dev 1.196e-01s
DFFT  bd32  max 1.222e+00s  avg 9.656e-01s  min 5.685e-01s  dev 1.726e-01s
DFFT  b1dy  max 2.988e-01s  avg 2.833e-01s  min 2.524e-01s  dev 6.433e-03s
DFFT  bd23  max 1.255e+00s  avg 9.852e-01s  min 5.971e-01s  dev 1.814e-01s
DFFT  bd32  max 2.888e+00s  avg 2.280e+00s  min 1.427e+00s  dev 4.095e-01s
DFFT  b1dx  max 2.998e-01s  avg 2.796e-01s  min 2.573e-01s  dev 4.881e-03s
DFFT  bd23  max 2.962e+00s  avg 2.267e+00s  min 1.411e+00s  dev 4.159e-01s
DFFT bdist  max 9.064e+00s  avg 7.165e+00s  min 5.057e+00s  dev 8.798e-01s
DFFT bdfft  max 8.907e-01s  avg 8.423e-01s  min 7.662e-01s  dev 1.581e-02s
BACKWARD    max 1.010e+01s  avg 1.010e+01s  min 1.010e+01s  dev 3.950e-06s

r-space:
a[0,0,0] = (8589934592.000000,0.000000) = (4200000000000000,0)
real in [0.000000e+00,0.000000e+00] = [0,0]
imag in [0.000000e+00,0.000000e+00] = [0,0]

The DiffOfTime = 519.881175153
