JOBID IS: 255454
Initializing redistribution using a pencil layout on 512 ranks.
distribution 1D: [512:1:1]
distribution 3D: [8:8:8]
distribution 2z: [32:16:1]
distribution 2x: [1:32:16]
distribution 2y: [32:1:16]
DFFT  init  max 8.661e-02s  avg 8.463e-02s  min 8.411e-02s  dev 3.783e-04s

Hex representations of double precision floats
0.000000e+00 = 0
1.000000e+00 = 3ff0000000000000
8589934592.000000 = 4200000000000000


TESTING 0

DFFT  fd32  max 2.971e+00s  avg 2.290e+00s  min 1.434e+00s  dev 3.950e-01s
DFFT  f1dx  max 3.003e-01s  avg 2.819e-01s  min 2.527e-01s  dev 6.094e-03s
DFFT  fd23  max 3.070e+00s  avg 2.412e+00s  min 1.573e+00s  dev 4.204e-01s
DFFT  fd32  max 1.291e+00s  avg 9.854e-01s  min 5.518e-01s  dev 1.998e-01s
DFFT  f1dy  max 2.966e-01s  avg 2.791e-01s  min 2.559e-01s  dev 4.589e-03s
DFFT  fd23  max 1.368e+00s  avg 1.020e+00s  min 5.506e-01s  dev 2.134e-01s
DFFT  fd32  max 1.017e+00s  avg 7.716e-01s  min 4.437e-01s  dev 1.383e-01s
DFFT  f1dz  max 3.003e-01s  avg 2.822e-01s  min 2.524e-01s  dev 6.150e-03s
DFFT fdist  max 9.469e+00s  avg 7.479e+00s  min 4.878e+00s  dev 9.086e-01s
DFFT fdfft  max 8.972e-01s  avg 8.432e-01s  min 7.611e-01s  dev 1.647e-02s
FORWARD     max 1.062e+01s  avg 1.062e+01s  min 1.060e+01s  dev 4.878e-03s

k-space:
real in [1.000000e+00,1.000000e+00] = [3ff0000000000000,3ff0000000000000]
imag in [0.000000e+00,0.000000e+00] = [0,0]

DFFT  b1dz  max 3.016e-01s  avg 2.786e-01s  min 2.561e-01s  dev 4.720e-03s
DFFT  bd23  max 1.137e+00s  avg 8.272e-01s  min 4.896e-01s  dev 1.619e-01s
DFFT  bd32  max 1.205e+00s  avg 9.603e-01s  min 5.600e-01s  dev 1.709e-01s
DFFT  b1dy  max 3.022e-01s  avg 2.825e-01s  min 2.520e-01s  dev 6.114e-03s
DFFT  bd23  max 1.265e+00s  avg 9.888e-01s  min 5.763e-01s  dev 1.798e-01s
DFFT  bd32  max 2.821e+00s  avg 2.203e+00s  min 1.341e+00s  dev 4.075e-01s
DFFT  b1dx  max 3.017e-01s  avg 2.791e-01s  min 2.592e-01s  dev 4.562e-03s
DFFT  bd23  max 2.976e+00s  avg 2.317e+00s  min 1.486e+00s  dev 4.010e-01s
DFFT bdist  max 9.218e+00s  avg 7.296e+00s  min 4.870e+00s  dev 8.748e-01s
DFFT bdfft  max 9.056e-01s  avg 8.402e-01s  min 7.673e-01s  dev 1.493e-02s
BACKWARD    max 1.031e+01s  avg 1.031e+01s  min 1.031e+01s  dev 7.125e-06s

r-space:
a[0,0,0] = (8589934592.000000,0.000000) = (4200000000000000,0)
real in [0.000000e+00,0.000000e+00] = [0,0]
imag in [0.000000e+00,0.000000e+00] = [0,0]


TESTING 1

DFFT  fd32  max 2.945e+00s  avg 2.247e+00s  min 1.298e+00s  dev 4.167e-01s
DFFT  f1dx  max 3.009e-01s  avg 2.822e-01s  min 2.537e-01s  dev 6.109e-03s
DFFT  fd23  max 2.993e+00s  avg 2.316e+00s  min 1.442e+00s  dev 4.101e-01s
DFFT  fd32  max 1.217e+00s  avg 9.608e-01s  min 5.673e-01s  dev 1.717e-01s
DFFT  f1dy  max 2.974e-01s  avg 2.792e-01s  min 2.561e-01s  dev 4.612e-03s
DFFT  fd23  max 1.255e+00s  avg 9.854e-01s  min 5.876e-01s  dev 1.800e-01s
DFFT  fd32  max 8.050e-01s  avg 6.452e-01s  min 3.690e-01s  dev 1.107e-01s
DFFT  f1dz  max 3.011e-01s  avg 2.823e-01s  min 2.526e-01s  dev 6.203e-03s
DFFT fdist  max 9.102e+00s  avg 7.155e+00s  min 4.920e+00s  dev 8.821e-01s
DFFT fdfft  max 8.995e-01s  avg 8.437e-01s  min 7.625e-01s  dev 1.658e-02s
FORWARD     max 1.013e+01s  avg 1.012e+01s  min 1.010e+01s  dev 4.661e-03s

k-space:
real in [1.000000e+00,1.000000e+00] = [3ff0000000000000,3ff0000000000000]
imag in [0.000000e+00,0.000000e+00] = [0,0]

DFFT  b1dz  max 3.024e-01s  avg 2.789e-01s  min 2.586e-01s  dev 4.696e-03s
DFFT  bd23  max 8.587e-01s  avg 6.664e-01s  min 3.698e-01s  dev 1.176e-01s
DFFT  bd32  max 1.207e+00s  avg 9.594e-01s  min 5.782e-01s  dev 1.714e-01s
DFFT  b1dy  max 3.023e-01s  avg 2.826e-01s  min 2.530e-01s  dev 6.138e-03s
DFFT  bd23  max 1.261e+00s  avg 9.865e-01s  min 5.968e-01s  dev 1.804e-01s
DFFT  bd32  max 2.917e+00s  avg 2.302e+00s  min 1.432e+00s  dev 4.153e-01s
DFFT  b1dx  max 3.020e-01s  avg 2.793e-01s  min 2.568e-01s  dev 4.597e-03s
DFFT  bd23  max 3.205e+00s  avg 2.519e+00s  min 1.656e+00s  dev 4.059e-01s
DFFT bdist  max 9.315e+00s  avg 7.433e+00s  min 5.151e+00s  dev 8.669e-01s
DFFT bdfft  max 9.067e-01s  avg 8.407e-01s  min 7.684e-01s  dev 1.497e-02s
BACKWARD    max 1.036e+01s  avg 1.036e+01s  min 1.036e+01s  dev 8.560e-06s

r-space:
a[0,0,0] = (8589934592.000000,0.000000) = (4200000000000000,0)
real in [0.000000e+00,0.000000e+00] = [0,0]
imag in [0.000000e+00,0.000000e+00] = [0,0]


TESTING 2

DFFT  fd32  max 2.942e+00s  avg 2.250e+00s  min 1.296e+00s  dev 4.054e-01s
DFFT  f1dx  max 3.017e-01s  avg 2.823e-01s  min 2.538e-01s  dev 6.156e-03s
DFFT  fd23  max 3.066e+00s  avg 2.394e+00s  min 1.532e+00s  dev 4.167e-01s
DFFT  fd32  max 1.209e+00s  avg 9.609e-01s  min 5.703e-01s  dev 1.725e-01s
DFFT  f1dy  max 2.978e-01s  avg 2.794e-01s  min 2.566e-01s  dev 4.649e-03s
DFFT  fd23  max 1.254e+00s  avg 9.845e-01s  min 5.847e-01s  dev 1.816e-01s
DFFT  fd32  max 8.122e-01s  avg 6.475e-01s  min 3.712e-01s  dev 1.095e-01s
DFFT  f1dz  max 3.016e-01s  avg 2.825e-01s  min 2.528e-01s  dev 6.203e-03s
DFFT fdist  max 9.156e+00s  avg 7.237e+00s  min 4.961e+00s  dev 8.672e-01s
DFFT fdfft  max 9.011e-01s  avg 8.442e-01s  min 7.631e-01s  dev 1.665e-02s
FORWARD     max 1.020e+01s  avg 1.019e+01s  min 1.017e+01s  dev 4.478e-03s

k-space:
real in [1.000000e+00,1.000000e+00] = [3ff0000000000000,3ff0000000000000]
imag in [0.000000e+00,0.000000e+00] = [0,0]

DFFT  b1dz  max 3.028e-01s  avg 2.791e-01s  min 2.587e-01s  dev 4.736e-03s
DFFT  bd23  max 8.693e-01s  avg 6.661e-01s  min 3.708e-01s  dev 1.171e-01s
DFFT  bd32  max 1.214e+00s  avg 9.623e-01s  min 5.888e-01s  dev 1.709e-01s
DFFT  b1dy  max 3.033e-01s  avg 2.827e-01s  min 2.532e-01s  dev 6.150e-03s
DFFT  bd23  max 1.247e+00s  avg 9.878e-01s  min 5.983e-01s  dev 1.792e-01s
DFFT  bd32  max 2.811e+00s  avg 2.184e+00s  min 1.361e+00s  dev 4.050e-01s
DFFT  b1dx  max 3.026e-01s  avg 2.794e-01s  min 2.574e-01s  dev 4.660e-03s
DFFT  bd23  max 3.086e+00s  avg 2.405e+00s  min 1.528e+00s  dev 4.122e-01s
DFFT bdist  max 9.073e+00s  avg 7.204e+00s  min 4.832e+00s  dev 8.792e-01s
DFFT bdfft  max 9.086e-01s  avg 8.411e-01s  min 7.693e-01s  dev 1.509e-02s
BACKWARD    max 1.014e+01s  avg 1.014e+01s  min 1.014e+01s  dev 1.464e-05s

r-space:
a[0,0,0] = (8589934592.000000,0.000000) = (4200000000000000,0)
real in [0.000000e+00,0.000000e+00] = [0,0]
imag in [0.000000e+00,0.000000e+00] = [0,0]


TESTING 3

DFFT  fd32  max 2.915e+00s  avg 2.265e+00s  min 1.397e+00s  dev 3.986e-01s
DFFT  f1dx  max 3.026e-01s  avg 2.825e-01s  min 2.533e-01s  dev 6.105e-03s
DFFT  fd23  max 2.943e+00s  avg 2.289e+00s  min 1.411e+00s  dev 4.084e-01s
DFFT  fd32  max 1.216e+00s  avg 9.607e-01s  min 5.836e-01s  dev 1.724e-01s
DFFT  f1dy  max 2.981e-01s  avg 2.796e-01s  min 2.571e-01s  dev 4.654e-03s
DFFT  fd23  max 1.255e+00s  avg 9.868e-01s  min 5.784e-01s  dev 1.785e-01s
DFFT  fd32  max 8.219e-01s  avg 6.460e-01s  min 3.730e-01s  dev 1.115e-01s
DFFT  f1dz  max 3.022e-01s  avg 2.827e-01s  min 2.529e-01s  dev 6.190e-03s
DFFT fdist  max 8.989e+00s  avg 7.148e+00s  min 4.963e+00s  dev 8.533e-01s
DFFT fdfft  max 9.029e-01s  avg 8.447e-01s  min 7.634e-01s  dev 1.662e-02s
FORWARD     max 1.006e+01s  avg 1.006e+01s  min 1.004e+01s  dev 4.427e-03s

k-space:
real in [1.000000e+00,1.000000e+00] = [3ff0000000000000,3ff0000000000000]
imag in [0.000000e+00,0.000000e+00] = [0,0]

DFFT  b1dz  max 3.037e-01s  avg 2.792e-01s  min 2.597e-01s  dev 4.762e-03s
DFFT  bd23  max 8.722e-01s  avg 6.691e-01s  min 3.859e-01s  dev 1.165e-01s
DFFT  bd32  max 1.198e+00s  avg 9.582e-01s  min 5.884e-01s  dev 1.714e-01s
DFFT  b1dy  max 3.034e-01s  avg 2.830e-01s  min 2.534e-01s  dev 6.130e-03s
DFFT  bd23  max 1.253e+00s  avg 9.892e-01s  min 6.005e-01s  dev 1.797e-01s
DFFT  bd32  max 2.842e+00s  avg 2.187e+00s  min 1.223e+00s  dev 4.432e-01s
DFFT  b1dx  max 3.033e-01s  avg 2.795e-01s  min 2.576e-01s  dev 4.625e-03s
DFFT  bd23  max 3.001e+00s  avg 2.307e+00s  min 1.458e+00s  dev 4.198e-01s
DFFT bdist  max 8.983e+00s  avg 7.111e+00s  min 4.714e+00s  dev 9.188e-01s
DFFT bdfft  max 9.104e-01s  avg 8.417e-01s  min 7.707e-01s  dev 1.502e-02s
BACKWARD    max 1.008e+01s  avg 1.008e+01s  min 1.008e+01s  dev 5.016e-05s

r-space:
a[0,0,0] = (8589934592.000000,0.000000) = (4200000000000000,0)
real in [0.000000e+00,0.000000e+00] = [0,0]
imag in [0.000000e+00,0.000000e+00] = [0,0]


TESTING 4

DFFT  fd32  max 2.896e+00s  avg 2.208e+00s  min 1.240e+00s  dev 4.406e-01s
DFFT  f1dx  max 3.023e-01s  avg 2.827e-01s  min 2.541e-01s  dev 6.118e-03s
DFFT  fd23  max 3.048e+00s  avg 2.406e+00s  min 1.538e+00s  dev 4.016e-01s
DFFT  fd32  max 1.217e+00s  avg 9.628e-01s  min 5.707e-01s  dev 1.715e-01s
DFFT  f1dy  max 2.989e-01s  avg 2.796e-01s  min 2.566e-01s  dev 4.683e-03s
DFFT  fd23  max 1.254e+00s  avg 9.840e-01s  min 5.790e-01s  dev 1.799e-01s
DFFT  fd32  max 8.106e-01s  avg 6.422e-01s  min 3.816e-01s  dev 1.128e-01s
DFFT  f1dz  max 3.022e-01s  avg 2.828e-01s  min 2.536e-01s  dev 6.217e-03s
DFFT fdist  max 9.128e+00s  avg 7.203e+00s  min 4.971e+00s  dev 8.871e-01s
DFFT fdfft  max 9.034e-01s  avg 8.451e-01s  min 7.643e-01s  dev 1.664e-02s
FORWARD     max 1.014e+01s  avg 1.013e+01s  min 1.011e+01s  dev 4.374e-03s

k-space:
real in [1.000000e+00,1.000000e+00] = [3ff0000000000000,3ff0000000000000]
imag in [0.000000e+00,0.000000e+00] = [0,0]

DFFT  b1dz  max 3.039e-01s  avg 2.792e-01s  min 2.596e-01s  dev 4.773e-03s
DFFT  bd23  max 8.662e-01s  avg 6.686e-01s  min 3.681e-01s  dev 1.166e-01s
DFFT  bd32  max 1.221e+00s  avg 9.636e-01s  min 5.824e-01s  dev 1.718e-01s
DFFT  b1dy  max 3.036e-01s  avg 2.830e-01s  min 2.539e-01s  dev 6.121e-03s
DFFT  bd23  max 1.250e+00s  avg 9.873e-01s  min 5.918e-01s  dev 1.802e-01s
DFFT  bd32  max 2.915e+00s  avg 2.284e+00s  min 1.404e+00s  dev 4.200e-01s
DFFT  b1dx  max 3.033e-01s  avg 2.796e-01s  min 2.569e-01s  dev 4.606e-03s
DFFT  bd23  max 3.031e+00s  avg 2.352e+00s  min 1.484e+00s  dev 4.185e-01s
DFFT bdist  max 9.130e+00s  avg 7.256e+00s  min 4.906e+00s  dev 8.963e-01s
DFFT bdfft  max 9.107e-01s  avg 8.418e-01s  min 7.704e-01s  dev 1.503e-02s
BACKWARD    max 1.019e+01s  avg 1.019e+01s  min 1.019e+01s  dev 5.206e-06s

r-space:
a[0,0,0] = (8589934592.000000,0.000000) = (4200000000000000,0)
real in [0.000000e+00,0.000000e+00] = [0,0]
imag in [0.000000e+00,0.000000e+00] = [0,0]


TESTING 5

DFFT  fd32  max 2.879e+00s  avg 2.200e+00s  min 1.253e+00s  dev 4.233e-01s
DFFT  f1dx  max 3.028e-01s  avg 2.825e-01s  min 2.537e-01s  dev 6.083e-03s
DFFT  fd23  max 3.085e+00s  avg 2.400e+00s  min 1.560e+00s  dev 4.066e-01s
DFFT  fd32  max 1.202e+00s  avg 9.610e-01s  min 5.775e-01s  dev 1.711e-01s
DFFT  f1dy  max 2.988e-01s  avg 2.797e-01s  min 2.570e-01s  dev 4.648e-03s
DFFT  fd23  max 1.251e+00s  avg 9.861e-01s  min 5.909e-01s  dev 1.813e-01s
DFFT  fd32  max 8.112e-01s  avg 6.433e-01s  min 3.787e-01s  dev 1.121e-01s
DFFT  f1dz  max 3.029e-01s  avg 2.828e-01s  min 2.529e-01s  dev 6.179e-03s
DFFT fdist  max 9.091e+00s  avg 7.191e+00s  min 5.071e+00s  dev 8.647e-01s
DFFT fdfft  max 9.045e-01s  avg 8.450e-01s  min 7.636e-01s  dev 1.657e-02s
FORWARD     max 1.014e+01s  avg 1.014e+01s  min 1.012e+01s  dev 4.703e-03s

k-space:
real in [1.000000e+00,1.000000e+00] = [3ff0000000000000,3ff0000000000000]
imag in [0.000000e+00,0.000000e+00] = [0,0]

DFFT  b1dz  max 3.037e-01s  avg 2.793e-01s  min 2.591e-01s  dev 4.766e-03s
DFFT  bd23  max 8.691e-01s  avg 6.682e-01s  min 4.023e-01s  dev 1.176e-01s
DFFT  bd32  max 1.212e+00s  avg 9.622e-01s  min 5.745e-01s  dev 1.692e-01s
DFFT  b1dy  max 3.042e-01s  avg 2.830e-01s  min 2.531e-01s  dev 6.065e-03s
DFFT  bd23  max 1.258e+00s  avg 9.876e-01s  min 5.842e-01s  dev 1.814e-01s
DFFT  bd32  max 2.906e+00s  avg 2.277e+00s  min 1.407e+00s  dev 4.019e-01s
DFFT  b1dx  max 3.031e-01s  avg 2.795e-01s  min 2.573e-01s  dev 4.614e-03s
DFFT  bd23  max 2.970e+00s  avg 2.295e+00s  min 1.445e+00s  dev 4.070e-01s
DFFT bdist  max 9.042e+00s  avg 7.189e+00s  min 4.905e+00s  dev 8.705e-01s
DFFT bdfft  max 9.110e-01s  avg 8.418e-01s  min 7.694e-01s  dev 1.498e-02s
BACKWARD    max 1.013e+01s  avg 1.013e+01s  min 1.013e+01s  dev 2.068e-05s

r-space:
a[0,0,0] = (8589934592.000000,0.000000) = (4200000000000000,0)
real in [0.000000e+00,0.000000e+00] = [0,0]
imag in [0.000000e+00,0.000000e+00] = [0,0]


TESTING 6

DFFT  fd32  max 2.854e+00s  avg 2.171e+00s  min 1.189e+00s  dev 4.311e-01s
DFFT  f1dx  max 3.030e-01s  avg 2.827e-01s  min 2.541e-01s  dev 6.134e-03s
DFFT  fd23  max 2.998e+00s  avg 2.338e+00s  min 1.503e+00s  dev 4.124e-01s
DFFT  fd32  max 1.212e+00s  avg 9.610e-01s  min 5.743e-01s  dev 1.717e-01s
DFFT  f1dy  max 2.984e-01s  avg 2.796e-01s  min 2.572e-01s  dev 4.642e-03s
DFFT  fd23  max 1.249e+00s  avg 9.853e-01s  min 5.858e-01s  dev 1.803e-01s
DFFT  fd32  max 8.086e-01s  avg 6.457e-01s  min 3.628e-01s  dev 1.105e-01s
DFFT  f1dz  max 3.024e-01s  avg 2.829e-01s  min 2.539e-01s  dev 6.202e-03s
DFFT fdist  max 8.925e+00s  avg 7.101e+00s  min 4.841e+00s  dev 8.841e-01s
DFFT fdfft  max 9.038e-01s  avg 8.452e-01s  min 7.651e-01s  dev 1.662e-02s
FORWARD     max 1.004e+01s  avg 1.003e+01s  min 1.001e+01s  dev 4.722e-03s

k-space:
real in [1.000000e+00,1.000000e+00] = [3ff0000000000000,3ff0000000000000]
imag in [0.000000e+00,0.000000e+00] = [0,0]

DFFT  b1dz  max 3.037e-01s  avg 2.793e-01s  min 2.595e-01s  dev 4.746e-03s
DFFT  bd23  max 8.756e-01s  avg 6.693e-01s  min 4.002e-01s  dev 1.159e-01s
DFFT  bd32  max 1.212e+00s  avg 9.601e-01s  min 5.803e-01s  dev 1.706e-01s
DFFT  b1dy  max 3.040e-01s  avg 2.831e-01s  min 2.529e-01s  dev 6.130e-03s
DFFT  bd23  max 1.249e+00s  avg 9.881e-01s  min 6.022e-01s  dev 1.801e-01s
DFFT  bd32  max 2.964e+00s  avg 2.355e+00s  min 1.502e+00s  dev 4.041e-01s
DFFT  b1dx  max 3.038e-01s  avg 2.796e-01s  min 2.572e-01s  dev 4.608e-03s
DFFT  bd23  max 3.034e+00s  avg 2.342e+00s  min 1.522e+00s  dev 4.195e-01s
DFFT bdist  max 9.154e+00s  avg 7.314e+00s  min 5.029e+00s  dev 8.733e-01s
DFFT bdfft  max 9.116e-01s  avg 8.419e-01s  min 7.696e-01s  dev 1.497e-02s
BACKWARD    max 1.025e+01s  avg 1.025e+01s  min 1.025e+01s  dev 8.479e-06s

r-space:
a[0,0,0] = (8589934592.000000,0.000000) = (4200000000000000,0)
real in [0.000000e+00,0.000000e+00] = [0,0]
imag in [0.000000e+00,0.000000e+00] = [0,0]


TESTING 7

DFFT  fd32  max 2.877e+00s  avg 2.176e+00s  min 1.192e+00s  dev 4.355e-01s
DFFT  f1dx  max 3.027e-01s  avg 2.827e-01s  min 2.542e-01s  dev 6.128e-03s
DFFT  fd23  max 3.048e+00s  avg 2.364e+00s  min 1.488e+00s  dev 4.292e-01s
DFFT  fd32  max 1.237e+00s  avg 9.628e-01s  min 5.830e-01s  dev 1.742e-01s
DFFT  f1dy  max 2.989e-01s  avg 2.797e-01s  min 2.570e-01s  dev 4.671e-03s
DFFT  fd23  max 1.248e+00s  avg 9.863e-01s  min 5.916e-01s  dev 1.802e-01s
DFFT  fd32  max 8.110e-01s  avg 6.439e-01s  min 3.902e-01s  dev 1.119e-01s
DFFT  f1dz  max 3.025e-01s  avg 2.829e-01s  min 2.534e-01s  dev 6.236e-03s
DFFT fdist  max 9.069e+00s  avg 7.134e+00s  min 4.963e+00s  dev 9.016e-01s
DFFT fdfft  max 9.041e-01s  avg 8.453e-01s  min 7.647e-01s  dev 1.666e-02s
FORWARD     max 1.014e+01s  avg 1.013e+01s  min 1.011e+01s  dev 4.745e-03s

k-space:
real in [1.000000e+00,1.000000e+00] = [3ff0000000000000,3ff0000000000000]
imag in [0.000000e+00,0.000000e+00] = [0,0]

DFFT  b1dz  max 3.046e-01s  avg 2.794e-01s  min 2.595e-01s  dev 4.762e-03s
DFFT  bd23  max 8.699e-01s  avg 6.657e-01s  min 3.847e-01s  dev 1.178e-01s
DFFT  bd32  max 1.204e+00s  avg 9.594e-01s  min 5.739e-01s  dev 1.713e-01s
DFFT  b1dy  max 3.039e-01s  avg 2.831e-01s  min 2.540e-01s  dev 6.137e-03s
DFFT  bd23  max 1.253e+00s  avg 9.860e-01s  min 5.944e-01s  dev 1.804e-01s
DFFT  bd32  max 2.931e+00s  avg 2.297e+00s  min 1.435e+00s  dev 3.966e-01s
DFFT  b1dx  max 3.038e-01s  avg 2.796e-01s  min 2.573e-01s  dev 4.668e-03s
DFFT  bd23  max 3.049e+00s  avg 2.356e+00s  min 1.493e+00s  dev 4.151e-01s
DFFT bdist  max 9.107e+00s  avg 7.264e+00s  min 4.992e+00s  dev 8.676e-01s
DFFT bdfft  max 9.124e-01s  avg 8.420e-01s  min 7.708e-01s  dev 1.510e-02s
BACKWARD    max 1.022e+01s  avg 1.022e+01s  min 1.022e+01s  dev 4.887e-06s

r-space:
a[0,0,0] = (8589934592.000000,0.000000) = (4200000000000000,0)
real in [0.000000e+00,0.000000e+00] = [0,0]
imag in [0.000000e+00,0.000000e+00] = [0,0]


TESTING 8

DFFT  fd32  max 2.889e+00s  avg 2.212e+00s  min 1.242e+00s  dev 4.323e-01s
DFFT  f1dx  max 3.028e-01s  avg 2.827e-01s  min 2.542e-01s  dev 6.151e-03s
DFFT  fd23  max 2.944e+00s  avg 2.297e+00s  min 1.456e+00s  dev 3.939e-01s
DFFT  fd32  max 1.210e+00s  avg 9.619e-01s  min 5.783e-01s  dev 1.713e-01s
DFFT  f1dy  max 2.991e-01s  avg 2.797e-01s  min 2.575e-01s  dev 4.662e-03s
DFFT  fd23  max 1.251e+00s  avg 9.866e-01s  min 5.751e-01s  dev 1.788e-01s
DFFT  fd32  max 8.109e-01s  avg 6.449e-01s  min 3.720e-01s  dev 1.117e-01s
DFFT  f1dz  max 3.027e-01s  avg 2.828e-01s  min 2.534e-01s  dev 6.173e-03s
DFFT fdist  max 8.905e+00s  avg 7.102e+00s  min 4.930e+00s  dev 8.706e-01s
DFFT fdfft  max 9.047e-01s  avg 8.453e-01s  min 7.650e-01s  dev 1.664e-02s
FORWARD     max 1.002e+01s  avg 1.002e+01s  min 9.995e+00s  dev 4.790e-03s

k-space:
real in [1.000000e+00,1.000000e+00] = [3ff0000000000000,3ff0000000000000]
imag in [0.000000e+00,0.000000e+00] = [0,0]

DFFT  b1dz  max 3.043e-01s  avg 2.794e-01s  min 2.596e-01s  dev 4.805e-03s
DFFT  bd23  max 8.918e-01s  avg 6.679e-01s  min 3.716e-01s  dev 1.172e-01s
DFFT  bd32  max 1.204e+00s  avg 9.586e-01s  min 5.720e-01s  dev 1.713e-01s
DFFT  b1dy  max 3.042e-01s  avg 2.831e-01s  min 2.535e-01s  dev 6.130e-03s
DFFT  bd23  max 1.257e+00s  avg 9.850e-01s  min 5.888e-01s  dev 1.820e-01s
DFFT  bd32  max 2.987e+00s  avg 2.361e+00s  min 1.535e+00s  dev 4.083e-01s
DFFT  b1dx  max 3.036e-01s  avg 2.797e-01s  min 2.602e-01s  dev 4.652e-03s
DFFT  bd23  max 2.980e+00s  avg 2.331e+00s  min 1.488e+00s  dev 4.041e-01s
DFFT bdist  max 9.115e+00s  avg 7.303e+00s  min 5.146e+00s  dev 8.731e-01s
DFFT bdfft  max 9.121e-01s  avg 8.421e-01s  min 7.733e-01s  dev 1.511e-02s
BACKWARD    max 1.023e+01s  avg 1.023e+01s  min 1.023e+01s  dev 3.447e-06s

r-space:
a[0,0,0] = (8589934592.000000,0.000000) = (4200000000000000,0)
real in [0.000000e+00,0.000000e+00] = [0,0]
imag in [0.000000e+00,0.000000e+00] = [0,0]


TESTING 9

DFFT  fd32  max 2.911e+00s  avg 2.229e+00s  min 1.383e+00s  dev 4.020e-01s
DFFT  f1dx  max 3.031e-01s  avg 2.827e-01s  min 2.544e-01s  dev 6.124e-03s
DFFT  fd23  max 2.961e+00s  avg 2.316e+00s  min 1.477e+00s  dev 3.932e-01s
DFFT  fd32  max 1.218e+00s  avg 9.568e-01s  min 5.770e-01s  dev 1.729e-01s
DFFT  f1dy  max 2.987e-01s  avg 2.798e-01s  min 2.567e-01s  dev 4.663e-03s
DFFT  fd23  max 1.261e+00s  avg 9.847e-01s  min 5.777e-01s  dev 1.782e-01s
DFFT  fd32  max 8.187e-01s  avg 6.427e-01s  min 3.701e-01s  dev 1.126e-01s
DFFT  f1dz  max 3.031e-01s  avg 2.829e-01s  min 2.538e-01s  dev 6.217e-03s
DFFT fdist  max 9.058e+00s  avg 7.129e+00s  min 4.967e+00s  dev 8.505e-01s
DFFT fdfft  max 9.050e-01s  avg 8.454e-01s  min 7.649e-01s  dev 1.664e-02s
FORWARD     max 1.009e+01s  avg 1.008e+01s  min 1.006e+01s  dev 4.810e-03s

k-space:
real in [1.000000e+00,1.000000e+00] = [3ff0000000000000,3ff0000000000000]
imag in [0.000000e+00,0.000000e+00] = [0,0]

DFFT  b1dz  max 3.037e-01s  avg 2.794e-01s  min 2.599e-01s  dev 4.750e-03s
DFFT  bd23  max 8.699e-01s  avg 6.664e-01s  min 3.649e-01s  dev 1.176e-01s
DFFT  bd32  max 1.209e+00s  avg 9.578e-01s  min 5.655e-01s  dev 1.723e-01s
DFFT  b1dy  max 3.046e-01s  avg 2.832e-01s  min 2.539e-01s  dev 6.172e-03s
DFFT  bd23  max 1.261e+00s  avg 9.886e-01s  min 5.836e-01s  dev 1.804e-01s
DFFT  bd32  max 3.008e+00s  avg 2.370e+00s  min 1.508e+00s  dev 4.030e-01s
DFFT  b1dx  max 3.036e-01s  avg 2.796e-01s  min 2.575e-01s  dev 4.637e-03s
DFFT  bd23  max 2.974e+00s  avg 2.261e+00s  min 1.376e+00s  dev 4.450e-01s
DFFT bdist  max 9.156e+00s  avg 7.244e+00s  min 4.963e+00s  dev 8.963e-01s
DFFT bdfft  max 9.118e-01s  avg 8.422e-01s  min 7.713e-01s  dev 1.509e-02s
BACKWARD    max 1.023e+01s  avg 1.023e+01s  min 1.023e+01s  dev 3.396e-06s

r-space:
a[0,0,0] = (8589934592.000000,0.000000) = (4200000000000000,0)
real in [0.000000e+00,0.000000e+00] = [0,0]
imag in [0.000000e+00,0.000000e+00] = [0,0]


TESTING a

DFFT  fd32  max 2.889e+00s  avg 2.197e+00s  min 1.246e+00s  dev 4.263e-01s
DFFT  f1dx  max 3.034e-01s  avg 2.828e-01s  min 2.543e-01s  dev 6.150e-03s
DFFT  fd23  max 3.162e+00s  avg 2.477e+00s  min 1.623e+00s  dev 4.336e-01s
DFFT  fd32  max 1.209e+00s  avg 9.603e-01s  min 5.791e-01s  dev 1.718e-01s
DFFT  f1dy  max 2.989e-01s  avg 2.798e-01s  min 2.567e-01s  dev 4.642e-03s
DFFT  fd23  max 1.252e+00s  avg 9.870e-01s  min 5.693e-01s  dev 1.798e-01s
DFFT  fd32  max 8.114e-01s  avg 6.457e-01s  min 3.665e-01s  dev 1.116e-01s
DFFT  f1dz  max 3.034e-01s  avg 2.829e-01s  min 2.536e-01s  dev 6.232e-03s
DFFT fdist  max 9.193e+00s  avg 7.267e+00s  min 5.050e+00s  dev 9.007e-01s
DFFT fdfft  max 9.056e-01s  avg 8.455e-01s  min 7.646e-01s  dev 1.668e-02s
FORWARD     max 1.024e+01s  avg 1.023e+01s  min 1.022e+01s  dev 4.547e-03s

k-space:
real in [1.000000e+00,1.000000e+00] = [3ff0000000000000,3ff0000000000000]
imag in [0.000000e+00,0.000000e+00] = [0,0]

DFFT  b1dz  max 3.041e-01s  avg 2.793e-01s  min 2.589e-01s  dev 4.783e-03s
DFFT  bd23  max 8.923e-01s  avg 6.658e-01s  min 3.700e-01s  dev 1.178e-01s
DFFT  bd32  max 1.208e+00s  avg 9.618e-01s  min 5.768e-01s  dev 1.707e-01s
DFFT  b1dy  max 3.044e-01s  avg 2.832e-01s  min 2.558e-01s  dev 6.106e-03s
DFFT  bd23  max 1.263e+00s  avg 9.900e-01s  min 5.860e-01s  dev 1.809e-01s
DFFT  bd32  max 3.074e+00s  avg 2.432e+00s  min 1.591e+00s  dev 3.961e-01s
DFFT  b1dx  max 3.033e-01s  avg 2.796e-01s  min 2.602e-01s  dev 4.639e-03s
DFFT  bd23  max 3.008e+00s  avg 2.321e+00s  min 1.448e+00s  dev 4.079e-01s
DFFT bdist  max 9.237e+00s  avg 7.371e+00s  min 5.057e+00s  dev 8.667e-01s
DFFT bdfft  max 9.117e-01s  avg 8.422e-01s  min 7.749e-01s  dev 1.506e-02s
BACKWARD    max 1.036e+01s  avg 1.036e+01s  min 1.036e+01s  dev 1.337e-05s

r-space:
a[0,0,0] = (8589934592.000000,0.000000) = (4200000000000000,0)
real in [0.000000e+00,0.000000e+00] = [0,0]
imag in [0.000000e+00,0.000000e+00] = [0,0]


TESTING b

DFFT  fd32  max 2.923e+00s  avg 2.190e+00s  min 1.227e+00s  dev 4.737e-01s
DFFT  f1dx  max 3.035e-01s  avg 2.828e-01s  min 2.540e-01s  dev 6.129e-03s
DFFT  fd23  max 2.982e+00s  avg 2.327e+00s  min 1.487e+00s  dev 4.047e-01s
DFFT  fd32  max 1.222e+00s  avg 9.641e-01s  min 5.700e-01s  dev 1.709e-01s
DFFT  f1dy  max 2.984e-01s  avg 2.797e-01s  min 2.570e-01s  dev 4.682e-03s
DFFT  fd23  max 1.255e+00s  avg 9.885e-01s  min 5.834e-01s  dev 1.803e-01s
DFFT  fd32  max 8.238e-01s  avg 6.443e-01s  min 3.696e-01s  dev 1.116e-01s
DFFT  f1dz  max 3.032e-01s  avg 2.829e-01s  min 2.532e-01s  dev 6.190e-03s
DFFT fdist  max 9.019e+00s  avg 7.114e+00s  min 4.940e+00s  dev 9.093e-01s
DFFT fdfft  max 9.051e-01s  avg 8.454e-01s  min 7.642e-01s  dev 1.665e-02s
FORWARD     max 1.012e+01s  avg 1.012e+01s  min 1.010e+01s  dev 4.504e-03s

k-space:
real in [1.000000e+00,1.000000e+00] = [3ff0000000000000,3ff0000000000000]
imag in [0.000000e+00,0.000000e+00] = [0,0]

DFFT  b1dz  max 3.044e-01s  avg 2.794e-01s  min 2.590e-01s  dev 4.740e-03s
DFFT  bd23  max 8.769e-01s  avg 6.654e-01s  min 3.708e-01s  dev 1.186e-01s
DFFT  bd32  max 1.222e+00s  avg 9.615e-01s  min 5.816e-01s  dev 1.729e-01s
DFFT  b1dy  max 3.041e-01s  avg 2.832e-01s  min 2.559e-01s  dev 6.096e-03s
DFFT  bd23  max 1.265e+00s  avg 9.901e-01s  min 5.900e-01s  dev 1.796e-01s
DFFT  bd32  max 2.877e+00s  avg 2.256e+00s  min 1.394e+00s  dev 4.060e-01s
DFFT  b1dx  max 3.039e-01s  avg 2.797e-01s  min 2.604e-01s  dev 4.649e-03s
DFFT  bd23  max 3.075e+00s  avg 2.409e+00s  min 1.582e+00s  dev 4.089e-01s
DFFT bdist  max 9.102e+00s  avg 7.283e+00s  min 5.086e+00s  dev 8.602e-01s
DFFT bdfft  max 9.125e-01s  avg 8.423e-01s  min 7.753e-01s  dev 1.499e-02s
BACKWARD    max 1.023e+01s  avg 1.023e+01s  min 1.023e+01s  dev 4.840e-06s

r-space:
a[0,0,0] = (8589934592.000000,0.000000) = (4200000000000000,0)
real in [0.000000e+00,0.000000e+00] = [0,0]
imag in [0.000000e+00,0.000000e+00] = [0,0]


TESTING c

DFFT  fd32  max 2.857e+00s  avg 2.201e+00s  min 1.267e+00s  dev 4.100e-01s
DFFT  f1dx  max 3.028e-01s  avg 2.827e-01s  min 2.540e-01s  dev 6.116e-03s
DFFT  fd23  max 3.072e+00s  avg 2.405e+00s  min 1.561e+00s  dev 4.051e-01s
DFFT  fd32  max 1.201e+00s  avg 9.594e-01s  min 5.806e-01s  dev 1.724e-01s
DFFT  f1dy  max 2.995e-01s  avg 2.797e-01s  min 2.575e-01s  dev 4.659e-03s
DFFT  fd23  max 1.255e+00s  avg 9.851e-01s  min 5.843e-01s  dev 1.792e-01s
DFFT  fd32  max 8.034e-01s  avg 6.445e-01s  min 3.810e-01s  dev 1.105e-01s
DFFT  f1dz  max 3.026e-01s  avg 2.829e-01s  min 2.533e-01s  dev 6.175e-03s
DFFT fdist  max 9.088e+00s  avg 7.195e+00s  min 4.946e+00s  dev 8.635e-01s
DFFT fdfft  max 9.049e-01s  avg 8.454e-01s  min 7.648e-01s  dev 1.660e-02s
FORWARD     max 1.011e+01s  avg 1.010e+01s  min 1.008e+01s  dev 4.619e-03s

k-space:
real in [1.000000e+00,1.000000e+00] = [3ff0000000000000,3ff0000000000000]
imag in [0.000000e+00,0.000000e+00] = [0,0]

DFFT  b1dz  max 3.048e-01s  avg 2.795e-01s  min 2.591e-01s  dev 4.749e-03s
DFFT  bd23  max 8.650e-01s  avg 6.691e-01s  min 3.653e-01s  dev 1.164e-01s
DFFT  bd32  max 1.202e+00s  avg 9.598e-01s  min 5.808e-01s  dev 1.694e-01s
DFFT  b1dy  max 3.043e-01s  avg 2.831e-01s  min 2.564e-01s  dev 6.126e-03s
DFFT  bd23  max 1.267e+00s  avg 9.880e-01s  min 5.817e-01s  dev 1.802e-01s
DFFT  bd32  max 3.014e+00s  avg 2.387e+00s  min 1.522e+00s  dev 4.062e-01s
DFFT  b1dx  max 3.041e-01s  avg 2.796e-01s  min 2.604e-01s  dev 4.603e-03s
DFFT  bd23  max 3.068e+00s  avg 2.375e+00s  min 1.538e+00s  dev 4.121e-01s
DFFT bdist  max 9.257e+00s  avg 7.379e+00s  min 5.054e+00s  dev 8.851e-01s
DFFT bdfft  max 9.132e-01s  avg 8.423e-01s  min 7.759e-01s  dev 1.498e-02s
BACKWARD    max 1.033e+01s  avg 1.033e+01s  min 1.033e+01s  dev 5.397e-06s

r-space:
a[0,0,0] = (8589934592.000000,0.000000) = (4200000000000000,0)
real in [0.000000e+00,0.000000e+00] = [0,0]
imag in [0.000000e+00,0.000000e+00] = [0,0]


TESTING d

DFFT  fd32  max 2.926e+00s  avg 2.250e+00s  min 1.380e+00s  dev 4.025e-01s
DFFT  f1dx  max 3.029e-01s  avg 2.828e-01s  min 2.543e-01s  dev 6.114e-03s
DFFT  fd23  max 2.997e+00s  avg 2.356e+00s  min 1.559e+00s  dev 4.025e-01s
DFFT  fd32  max 1.213e+00s  avg 9.599e-01s  min 5.682e-01s  dev 1.712e-01s
DFFT  f1dy  max 2.993e-01s  avg 2.797e-01s  min 2.572e-01s  dev 4.630e-03s
DFFT  fd23  max 1.264e+00s  avg 9.885e-01s  min 5.913e-01s  dev 1.799e-01s
DFFT  fd32  max 8.119e-01s  avg 6.466e-01s  min 3.737e-01s  dev 1.103e-01s
DFFT  f1dz  max 3.029e-01s  avg 2.829e-01s  min 2.538e-01s  dev 6.245e-03s
DFFT fdist  max 9.083e+00s  avg 7.201e+00s  min 4.966e+00s  dev 8.422e-01s
DFFT fdfft  max 9.050e-01s  avg 8.454e-01s  min 7.653e-01s  dev 1.664e-02s
FORWARD     max 1.013e+01s  avg 1.012e+01s  min 1.010e+01s  dev 4.706e-03s

k-space:
real in [1.000000e+00,1.000000e+00] = [3ff0000000000000,3ff0000000000000]
imag in [0.000000e+00,0.000000e+00] = [0,0]

DFFT  b1dz  max 3.041e-01s  avg 2.794e-01s  min 2.589e-01s  dev 4.698e-03s
DFFT  bd23  max 8.730e-01s  avg 6.688e-01s  min 3.935e-01s  dev 1.162e-01s
DFFT  bd32  max 1.207e+00s  avg 9.607e-01s  min 5.878e-01s  dev 1.716e-01s
DFFT  b1dy  max 3.047e-01s  avg 2.832e-01s  min 2.562e-01s  dev 6.139e-03s
DFFT  bd23  max 1.250e+00s  avg 9.864e-01s  min 5.703e-01s  dev 1.818e-01s
DFFT  bd32  max 2.971e+00s  avg 2.341e+00s  min 1.483e+00s  dev 4.070e-01s
DFFT  b1dx  max 3.037e-01s  avg 2.796e-01s  min 2.598e-01s  dev 4.603e-03s
DFFT  bd23  max 3.168e+00s  avg 2.513e+00s  min 1.645e+00s  dev 4.106e-01s
DFFT bdist  max 9.329e+00s  avg 7.470e+00s  min 5.007e+00s  dev 8.725e-01s
DFFT bdfft  max 9.125e-01s  avg 8.422e-01s  min 7.749e-01s  dev 1.496e-02s
BACKWARD    max 1.038e+01s  avg 1.038e+01s  min 1.038e+01s  dev 5.967e-06s

r-space:
a[0,0,0] = (8589934592.000000,0.000000) = (4200000000000000,0)
real in [0.000000e+00,0.000000e+00] = [0,0]
imag in [0.000000e+00,0.000000e+00] = [0,0]


TESTING e

DFFT  fd32  max 2.862e+00s  avg 2.209e+00s  min 1.246e+00s  dev 4.119e-01s
DFFT  f1dx  max 3.030e-01s  avg 2.827e-01s  min 2.539e-01s  dev 6.179e-03s
DFFT  fd23  max 2.964e+00s  avg 2.303e+00s  min 1.456e+00s  dev 4.121e-01s
DFFT  fd32  max 1.205e+00s  avg 9.608e-01s  min 5.795e-01s  dev 1.708e-01s
DFFT  f1dy  max 2.988e-01s  avg 2.797e-01s  min 2.568e-01s  dev 4.610e-03s
DFFT  fd23  max 1.254e+00s  avg 9.850e-01s  min 5.927e-01s  dev 1.798e-01s
DFFT  fd32  max 8.173e-01s  avg 6.457e-01s  min 3.756e-01s  dev 1.110e-01s
DFFT  f1dz  max 3.028e-01s  avg 2.829e-01s  min 2.539e-01s  dev 6.254e-03s
DFFT fdist  max 8.980e+00s  avg 7.104e+00s  min 4.865e+00s  dev 8.638e-01s
DFFT fdfft  max 9.047e-01s  avg 8.453e-01s  min 7.646e-01s  dev 1.668e-02s
FORWARD     max 1.002e+01s  avg 1.001e+01s  min 9.992e+00s  dev 4.464e-03s

k-space:
real in [1.000000e+00,1.000000e+00] = [3ff0000000000000,3ff0000000000000]
imag in [0.000000e+00,0.000000e+00] = [0,0]

DFFT  b1dz  max 3.044e-01s  avg 2.794e-01s  min 2.589e-01s  dev 4.743e-03s
DFFT  bd23  max 8.897e-01s  avg 6.670e-01s  min 3.817e-01s  dev 1.169e-01s
DFFT  bd32  max 1.215e+00s  avg 9.610e-01s  min 5.854e-01s  dev 1.721e-01s
DFFT  b1dy  max 3.047e-01s  avg 2.831e-01s  min 2.562e-01s  dev 6.127e-03s
DFFT  bd23  max 1.255e+00s  avg 9.860e-01s  min 5.887e-01s  dev 1.821e-01s
DFFT  bd32  max 2.862e+00s  avg 2.221e+00s  min 1.362e+00s  dev 4.131e-01s
DFFT  b1dx  max 3.035e-01s  avg 2.797e-01s  min 2.603e-01s  dev 4.653e-03s
DFFT  bd23  max 3.032e+00s  avg 2.373e+00s  min 1.531e+00s  dev 4.031e-01s
DFFT bdist  max 9.082e+00s  avg 7.208e+00s  min 4.886e+00s  dev 8.808e-01s
DFFT bdfft  max 9.125e-01s  avg 8.422e-01s  min 7.754e-01s  dev 1.504e-02s
BACKWARD    max 1.017e+01s  avg 1.017e+01s  min 1.017e+01s  dev 7.617e-06s

r-space:
a[0,0,0] = (8589934592.000000,0.000000) = (4200000000000000,0)
real in [0.000000e+00,0.000000e+00] = [0,0]
imag in [0.000000e+00,0.000000e+00] = [0,0]


TESTING f

DFFT  fd32  max 2.865e+00s  avg 2.184e+00s  min 1.232e+00s  dev 4.254e-01s
DFFT  f1dx  max 3.029e-01s  avg 2.827e-01s  min 2.541e-01s  dev 6.116e-03s
DFFT  fd23  max 3.037e+00s  avg 2.369e+00s  min 1.530e+00s  dev 4.005e-01s
DFFT  fd32  max 1.210e+00s  avg 9.630e-01s  min 5.894e-01s  dev 1.729e-01s
DFFT  f1dy  max 2.997e-01s  avg 2.798e-01s  min 2.573e-01s  dev 4.695e-03s
DFFT  fd23  max 1.267e+00s  avg 9.876e-01s  min 5.857e-01s  dev 1.802e-01s
DFFT  fd32  max 8.157e-01s  avg 6.455e-01s  min 3.587e-01s  dev 1.123e-01s
DFFT  f1dz  max 3.027e-01s  avg 2.829e-01s  min 2.537e-01s  dev 6.198e-03s
DFFT fdist  max 9.078e+00s  avg 7.149e+00s  min 4.923e+00s  dev 8.736e-01s
DFFT fdfft  max 9.053e-01s  avg 8.454e-01s  min 7.652e-01s  dev 1.664e-02s
FORWARD     max 1.011e+01s  avg 1.010e+01s  min 1.008e+01s  dev 4.600e-03s

k-space:
real in [1.000000e+00,1.000000e+00] = [3ff0000000000000,3ff0000000000000]
imag in [0.000000e+00,0.000000e+00] = [0,0]

DFFT  b1dz  max 3.045e-01s  avg 2.794e-01s  min 2.593e-01s  dev 4.782e-03s
DFFT  bd23  max 8.670e-01s  avg 6.677e-01s  min 3.929e-01s  dev 1.172e-01s
DFFT  bd32  max 1.215e+00s  avg 9.611e-01s  min 5.779e-01s  dev 1.699e-01s
DFFT  b1dy  max 3.042e-01s  avg 2.831e-01s  min 2.556e-01s  dev 6.100e-03s
DFFT  bd23  max 1.249e+00s  avg 9.864e-01s  min 6.041e-01s  dev 1.812e-01s
DFFT  bd32  max 2.961e+00s  avg 2.350e+00s  min 1.480e+00s  dev 3.969e-01s
DFFT  b1dx  max 3.038e-01s  avg 2.796e-01s  min 2.605e-01s  dev 4.636e-03s
DFFT  bd23  max 3.066e+00s  avg 2.379e+00s  min 1.539e+00s  dev 4.094e-01s
DFFT bdist  max 9.173e+00s  avg 7.344e+00s  min 5.121e+00s  dev 8.546e-01s
DFFT bdfft  max 9.125e-01s  avg 8.420e-01s  min 7.754e-01s  dev 1.504e-02s
BACKWARD    max 1.027e+01s  avg 1.027e+01s  min 1.027e+01s  dev 4.994e-06s

r-space:
a[0,0,0] = (8589934592.000000,0.000000) = (4200000000000000,0)
real in [0.000000e+00,0.000000e+00] = [0,0]
imag in [0.000000e+00,0.000000e+00] = [0,0]


TESTING 10

DFFT  fd32  max 2.915e+00s  avg 2.250e+00s  min 1.329e+00s  dev 4.014e-01s
DFFT  f1dx  max 3.030e-01s  avg 2.827e-01s  min 2.540e-01s  dev 6.102e-03s
DFFT  fd23  max 3.065e+00s  avg 2.375e+00s  min 1.499e+00s  dev 4.146e-01s
DFFT  fd32  max 1.215e+00s  avg 9.599e-01s  min 5.819e-01s  dev 1.724e-01s
DFFT  f1dy  max 2.990e-01s  avg 2.797e-01s  min 2.571e-01s  dev 4.661e-03s
DFFT  fd23  max 1.249e+00s  avg 9.858e-01s  min 5.810e-01s  dev 1.793e-01s
DFFT  fd32  max 8.123e-01s  avg 6.440e-01s  min 3.714e-01s  dev 1.133e-01s
DFFT  f1dz  max 3.027e-01s  avg 2.829e-01s  min 2.533e-01s  dev 6.173e-03s
DFFT fdist  max 8.992e+00s  avg 7.214e+00s  min 5.079e+00s  dev 8.465e-01s
DFFT fdfft  max 9.046e-01s  avg 8.452e-01s  min 7.644e-01s  dev 1.658e-02s
FORWARD     max 1.017e+01s  avg 1.016e+01s  min 1.014e+01s  dev 4.745e-03s

k-space:
real in [1.000000e+00,1.000000e+00] = [3ff0000000000000,3ff0000000000000]
imag in [0.000000e+00,0.000000e+00] = [0,0]

DFFT  b1dz  max 3.044e-01s  avg 2.794e-01s  min 2.592e-01s  dev 4.746e-03s
DFFT  bd23  max 8.692e-01s  avg 6.681e-01s  min 3.712e-01s  dev 1.185e-01s
DFFT  bd32  max 1.208e+00s  avg 9.626e-01s  min 5.717e-01s  dev 1.700e-01s
DFFT  b1dy  max 3.042e-01s  avg 2.831e-01s  min 2.562e-01s  dev 6.095e-03s
DFFT  bd23  max 1.253e+00s  avg 9.865e-01s  min 5.866e-01s  dev 1.817e-01s
DFFT  bd32  max 2.935e+00s  avg 2.310e+00s  min 1.429e+00s  dev 4.097e-01s
DFFT  b1dx  max 3.041e-01s  avg 2.796e-01s  min 2.597e-01s  dev 4.643e-03s
DFFT  bd23  max 2.947e+00s  avg 2.276e+00s  min 1.406e+00s  dev 4.098e-01s
DFFT bdist  max 8.918e+00s  avg 7.203e+00s  min 4.841e+00s  dev 8.663e-01s
DFFT bdfft  max 9.127e-01s  avg 8.421e-01s  min 7.750e-01s  dev 1.501e-02s
BACKWARD    max 1.013e+01s  avg 1.013e+01s  min 1.013e+01s  dev 1.103e-05s

r-space:
a[0,0,0] = (8589934592.000000,0.000000) = (4200000000000000,0)
real in [0.000000e+00,0.000000e+00] = [0,0]
imag in [0.000000e+00,0.000000e+00] = [0,0]


TESTING 11

DFFT  fd32  max 2.876e+00s  avg 2.158e+00s  min 1.151e+00s  dev 4.624e-01s
DFFT  f1dx  max 3.031e-01s  avg 2.828e-01s  min 2.542e-01s  dev 6.166e-03s
DFFT  fd23  max 3.096e+00s  avg 2.405e+00s  min 1.569e+00s  dev 4.156e-01s
DFFT  fd32  max 1.200e+00s  avg 9.598e-01s  min 5.603e-01s  dev 1.710e-01s
DFFT  f1dy  max 2.992e-01s  avg 2.797e-01s  min 2.570e-01s  dev 4.660e-03s
DFFT  fd23  max 1.261e+00s  avg 9.871e-01s  min 5.897e-01s  dev 1.798e-01s
DFFT  fd32  max 8.130e-01s  avg 6.448e-01s  min 3.737e-01s  dev 1.113e-01s
DFFT  f1dz  max 3.025e-01s  avg 2.828e-01s  min 2.534e-01s  dev 6.225e-03s
DFFT fdist  max 9.003e+00s  avg 7.154e+00s  min 4.924e+00s  dev 9.213e-01s
DFFT fdfft  max 9.048e-01s  avg 8.452e-01s  min 7.645e-01s  dev 1.668e-02s
FORWARD     max 1.016e+01s  avg 1.015e+01s  min 1.013e+01s  dev 4.691e-03s

k-space:
real in [1.000000e+00,1.000000e+00] = [3ff0000000000000,3ff0000000000000]
imag in [0.000000e+00,0.000000e+00] = [0,0]

DFFT  b1dz  max 3.039e-01s  avg 2.793e-01s  min 2.587e-01s  dev 4.740e-03s
DFFT  bd23  max 8.663e-01s  avg 6.677e-01s  min 4.024e-01s  dev 1.174e-01s
DFFT  bd32  max 1.222e+00s  avg 9.629e-01s  min 5.825e-01s  dev 1.711e-01s
DFFT  b1dy  max 3.045e-01s  avg 2.831e-01s  min 2.563e-01s  dev 6.169e-03s
DFFT  bd23  max 1.250e+00s  avg 9.905e-01s  min 5.864e-01s  dev 1.807e-01s
DFFT  bd32  max 2.896e+00s  avg 2.294e+00s  min 1.398e+00s  dev 3.959e-01s
DFFT  b1dx  max 3.039e-01s  avg 2.795e-01s  min 2.594e-01s  dev 4.619e-03s
DFFT  bd23  max 3.051e+00s  avg 2.366e+00s  min 1.456e+00s  dev 4.098e-01s
DFFT bdist  max 9.103e+00s  avg 7.281e+00s  min 4.922e+00s  dev 8.552e-01s
DFFT bdfft  max 9.122e-01s  avg 8.420e-01s  min 7.744e-01s  dev 1.504e-02s
BACKWARD    max 1.020e+01s  avg 1.020e+01s  min 1.020e+01s  dev 3.859e-06s

r-space:
a[0,0,0] = (8589934592.000000,0.000000) = (4200000000000000,0)
real in [0.000000e+00,0.000000e+00] = [0,0]
imag in [0.000000e+00,0.000000e+00] = [0,0]


TESTING 12

DFFT  fd32  max 2.870e+00s  avg 2.211e+00s  min 1.261e+00s  dev 4.186e-01s
DFFT  f1dx  max 3.040e-01s  avg 2.827e-01s  min 2.542e-01s  dev 6.167e-03s
DFFT  fd23  max 2.941e+00s  avg 2.277e+00s  min 1.441e+00s  dev 4.088e-01s
DFFT  fd32  max 1.212e+00s  avg 9.631e-01s  min 5.819e-01s  dev 1.709e-01s
DFFT  f1dy  max 2.990e-01s  avg 2.797e-01s  min 2.568e-01s  dev 4.673e-03s
DFFT  fd23  max 1.251e+00s  avg 9.833e-01s  min 5.994e-01s  dev 1.805e-01s
DFFT  fd32  max 8.087e-01s  avg 6.481e-01s  min 3.732e-01s  dev 1.091e-01s
DFFT  f1dz  max 3.032e-01s  avg 2.828e-01s  min 2.532e-01s  dev 6.211e-03s
DFFT fdist  max 8.933e+00s  avg 7.083e+00s  min 4.962e+00s  dev 8.730e-01s
DFFT fdfft  max 9.061e-01s  avg 8.452e-01s  min 7.642e-01s  dev 1.670e-02s
FORWARD     max 9.999e+00s  avg 9.993e+00s  min 9.973e+00s  dev 4.732e-03s

k-space:
real in [1.000000e+00,1.000000e+00] = [3ff0000000000000,3ff0000000000000]
imag in [0.000000e+00,0.000000e+00] = [0,0]

DFFT  b1dz  max 3.043e-01s  avg 2.794e-01s  min 2.591e-01s  dev 4.755e-03s
DFFT  bd23  max 8.696e-01s  avg 6.662e-01s  min 3.915e-01s  dev 1.177e-01s
DFFT  bd32  max 1.220e+00s  avg 9.619e-01s  min 5.740e-01s  dev 1.711e-01s
DFFT  b1dy  max 3.043e-01s  avg 2.831e-01s  min 2.557e-01s  dev 6.089e-03s
DFFT  bd23  max 1.250e+00s  avg 9.892e-01s  min 5.950e-01s  dev 1.806e-01s
DFFT  bd32  max 2.825e+00s  avg 2.213e+00s  min 1.328e+00s  dev 4.003e-01s
DFFT  b1dx  max 3.037e-01s  avg 2.796e-01s  min 2.603e-01s  dev 4.655e-03s
DFFT  bd23  max 3.056e+00s  avg 2.378e+00s  min 1.537e+00s  dev 4.144e-01s
DFFT bdist  max 9.048e+00s  avg 7.208e+00s  min 4.868e+00s  dev 8.775e-01s
DFFT bdfft  max 9.122e-01s  avg 8.421e-01s  min 7.752e-01s  dev 1.501e-02s
BACKWARD    max 1.013e+01s  avg 1.013e+01s  min 1.013e+01s  dev 4.283e-06s

r-space:
a[0,0,0] = (8589934592.000000,0.000000) = (4200000000000000,0)
real in [0.000000e+00,0.000000e+00] = [0,0]
imag in [0.000000e+00,0.000000e+00] = [0,0]


TESTING 13

DFFT  fd32  max 2.871e+00s  avg 2.213e+00s  min 1.249e+00s  dev 4.149e-01s
DFFT  f1dx  max 3.028e-01s  avg 2.827e-01s  min 2.544e-01s  dev 6.137e-03s
DFFT  fd23  max 2.949e+00s  avg 2.268e+00s  min 1.369e+00s  dev 4.357e-01s
DFFT  fd32  max 1.206e+00s  avg 9.617e-01s  min 5.723e-01s  dev 1.727e-01s
DFFT  f1dy  max 2.993e-01s  avg 2.797e-01s  min 2.574e-01s  dev 4.668e-03s
DFFT  fd23  max 1.254e+00s  avg 9.860e-01s  min 5.865e-01s  dev 1.798e-01s
DFFT  fd32  max 8.162e-01s  avg 6.459e-01s  min 3.767e-01s  dev 1.117e-01s
DFFT  f1dz  max 3.025e-01s  avg 2.828e-01s  min 2.533e-01s  dev 6.187e-03s
DFFT fdist  max 8.963e+00s  avg 7.075e+00s  min 4.881e+00s  dev 8.940e-01s
DFFT fdfft  max 9.047e-01s  avg 8.452e-01s  min 7.651e-01s  dev 1.663e-02s
FORWARD     max 1.001e+01s  avg 1.001e+01s  min 9.990e+00s  dev 4.501e-03s

k-space:
real in [1.000000e+00,1.000000e+00] = [3ff0000000000000,3ff0000000000000]
imag in [0.000000e+00,0.000000e+00] = [0,0]

DFFT  b1dz  max 3.045e-01s  avg 2.793e-01s  min 2.593e-01s  dev 4.778e-03s
DFFT  bd23  max 8.850e-01s  avg 6.681e-01s  min 3.701e-01s  dev 1.174e-01s
DFFT  bd32  max 1.210e+00s  avg 9.594e-01s  min 5.824e-01s  dev 1.711e-01s
DFFT  b1dy  max 3.043e-01s  avg 2.832e-01s  min 2.563e-01s  dev 6.138e-03s
DFFT  bd23  max 1.258e+00s  avg 9.872e-01s  min 5.824e-01s  dev 1.808e-01s
DFFT  bd32  max 2.985e+00s  avg 2.318e+00s  min 1.397e+00s  dev 4.266e-01s
DFFT  b1dx  max 3.040e-01s  avg 2.795e-01s  min 2.597e-01s  dev 4.640e-03s
DFFT  bd23  max 2.966e+00s  avg 2.297e+00s  min 1.449e+00s  dev 4.068e-01s
DFFT bdist  max 9.067e+00s  avg 7.230e+00s  min 4.864e+00s  dev 8.810e-01s
DFFT bdfft  max 9.129e-01s  avg 8.419e-01s  min 7.752e-01s  dev 1.508e-02s
BACKWARD    max 1.022e+01s  avg 1.022e+01s  min 1.022e+01s  dev 6.925e-06s

r-space:
a[0,0,0] = (8589934592.000000,0.000000) = (4200000000000000,0)
real in [0.000000e+00,0.000000e+00] = [0,0]
imag in [0.000000e+00,0.000000e+00] = [0,0]


TESTING 14

DFFT  fd32  max 2.896e+00s  avg 2.208e+00s  min 1.233e+00s  dev 4.458e-01s
DFFT  f1dx  max 3.030e-01s  avg 2.827e-01s  min 2.545e-01s  dev 6.167e-03s
DFFT  fd23  max 3.009e+00s  avg 2.340e+00s  min 1.518e+00s  dev 4.073e-01s
DFFT  fd32  max 1.204e+00s  avg 9.592e-01s  min 5.675e-01s  dev 1.707e-01s
DFFT  f1dy  max 2.991e-01s  avg 2.796e-01s  min 2.568e-01s  dev 4.625e-03s
DFFT  fd23  max 1.252e+00s  avg 9.884e-01s  min 6.003e-01s  dev 1.784e-01s
DFFT  fd32  max 8.231e-01s  avg 6.441e-01s  min 3.668e-01s  dev 1.125e-01s
DFFT  f1dz  max 3.032e-01s  avg 2.829e-01s  min 2.537e-01s  dev 6.243e-03s
DFFT fdist  max 9.015e+00s  avg 7.140e+00s  min 4.905e+00s  dev 8.945e-01s
DFFT fdfft  max 9.053e-01s  avg 8.452e-01s  min 7.650e-01s  dev 1.668e-02s
FORWARD     max 1.010e+01s  avg 1.009e+01s  min 1.007e+01s  dev 4.854e-03s

k-space:
real in [1.000000e+00,1.000000e+00] = [3ff0000000000000,3ff0000000000000]
imag in [0.000000e+00,0.000000e+00] = [0,0]

DFFT  b1dz  max 3.038e-01s  avg 2.793e-01s  min 2.589e-01s  dev 4.749e-03s
DFFT  bd23  max 8.693e-01s  avg 6.658e-01s  min 3.687e-01s  dev 1.190e-01s
DFFT  bd32  max 1.211e+00s  avg 9.627e-01s  min 5.847e-01s  dev 1.710e-01s
DFFT  b1dy  max 3.047e-01s  avg 2.831e-01s  min 2.561e-01s  dev 6.090e-03s
DFFT  bd23  max 1.248e+00s  avg 9.874e-01s  min 5.915e-01s  dev 1.802e-01s
DFFT  bd32  max 2.942e+00s  avg 2.277e+00s  min 1.402e+00s  dev 4.072e-01s
DFFT  b1dx  max 3.037e-01s  avg 2.796e-01s  min 2.599e-01s  dev 4.643e-03s
DFFT  bd23  max 3.164e+00s  avg 2.480e+00s  min 1.632e+00s  dev 4.211e-01s
DFFT bdist  max 9.298e+00s  avg 7.373e+00s  min 5.016e+00s  dev 8.998e-01s
DFFT bdfft  max 9.122e-01s  avg 8.420e-01s  min 7.749e-01s  dev 1.502e-02s
BACKWARD    max 1.035e+01s  avg 1.035e+01s  min 1.035e+01s  dev 4.615e-06s

r-space:
a[0,0,0] = (8589934592.000000,0.000000) = (4200000000000000,0)
real in [0.000000e+00,0.000000e+00] = [0,0]
imag in [0.000000e+00,0.000000e+00] = [0,0]


TESTING 15

DFFT  fd32  max 2.969e+00s  avg 2.285e+00s  min 1.327e+00s  dev 4.093e-01s
DFFT  f1dx  max 3.033e-01s  avg 2.827e-01s  min 2.544e-01s  dev 6.158e-03s
DFFT  fd23  max 3.040e+00s  avg 2.375e+00s  min 1.513e+00s  dev 4.176e-01s
DFFT  fd32  max 1.214e+00s  avg 9.618e-01s  min 5.820e-01s  dev 1.725e-01s
DFFT  f1dy  max 2.992e-01s  avg 2.797e-01s  min 2.567e-01s  dev 4.638e-03s
DFFT  fd23  max 1.251e+00s  avg 9.877e-01s  min 5.937e-01s  dev 1.781e-01s
DFFT  fd32  max 8.115e-01s  avg 6.444e-01s  min 3.635e-01s  dev 1.118e-01s
DFFT  f1dz  max 3.030e-01s  avg 2.830e-01s  min 2.540e-01s  dev 6.260e-03s
DFFT fdist  max 9.126e+00s  avg 7.254e+00s  min 4.868e+00s  dev 8.662e-01s
DFFT fdfft  max 9.055e-01s  avg 8.454e-01s  min 7.651e-01s  dev 1.670e-02s
FORWARD     max 1.020e+01s  avg 1.019e+01s  min 1.018e+01s  dev 4.595e-03s

k-space:
real in [1.000000e+00,1.000000e+00] = [3ff0000000000000,3ff0000000000000]
imag in [0.000000e+00,0.000000e+00] = [0,0]

DFFT  b1dz  max 3.039e-01s  avg 2.793e-01s  min 2.589e-01s  dev 4.760e-03s
DFFT  bd23  max 8.611e-01s  avg 6.665e-01s  min 3.792e-01s  dev 1.170e-01s
DFFT  bd32  max 1.219e+00s  avg 9.630e-01s  min 5.761e-01s  dev 1.734e-01s
DFFT  b1dy  max 3.046e-01s  avg 2.831e-01s  min 2.562e-01s  dev 6.120e-03s
DFFT  bd23  max 1.250e+00s  avg 9.847e-01s  min 5.978e-01s  dev 1.822e-01s
DFFT  bd32  max 2.859e+00s  avg 2.249e+00s  min 1.377e+00s  dev 4.017e-01s
DFFT  b1dx  max 3.038e-01s  avg 2.796e-01s  min 2.601e-01s  dev 4.655e-03s
DFFT  bd23  max 3.053e+00s  avg 2.341e+00s  min 1.505e+00s  dev 4.138e-01s
DFFT bdist  max 9.076e+00s  avg 7.204e+00s  min 4.992e+00s  dev 8.765e-01s
DFFT bdfft  max 9.124e-01s  avg 8.421e-01s  min 7.752e-01s  dev 1.507e-02s
BACKWARD    max 1.015e+01s  avg 1.015e+01s  min 1.015e+01s  dev 3.680e-06s

r-space:
a[0,0,0] = (8589934592.000000,0.000000) = (4200000000000000,0)
real in [0.000000e+00,0.000000e+00] = [0,0]
imag in [0.000000e+00,0.000000e+00] = [0,0]


TESTING 16

DFFT  fd32  max 3.002e+00s  avg 2.333e+00s  min 1.439e+00s  dev 3.955e-01s
DFFT  f1dx  max 3.036e-01s  avg 2.828e-01s  min 2.541e-01s  dev 6.150e-03s
DFFT  fd23  max 2.921e+00s  avg 2.240e+00s  min 1.350e+00s  dev 4.247e-01s
DFFT  fd32  max 1.216e+00s  avg 9.603e-01s  min 5.651e-01s  dev 1.740e-01s
DFFT  f1dy  max 2.987e-01s  avg 2.797e-01s  min 2.572e-01s  dev 4.665e-03s
DFFT  fd23  max 1.260e+00s  avg 9.867e-01s  min 5.824e-01s  dev 1.802e-01s
DFFT  fd32  max 8.135e-01s  avg 6.463e-01s  min 3.740e-01s  dev 1.101e-01s
DFFT  f1dz  max 3.033e-01s  avg 2.829e-01s  min 2.532e-01s  dev 6.215e-03s
DFFT fdist  max 9.066e+00s  avg 7.166e+00s  min 4.904e+00s  dev 8.647e-01s
DFFT fdfft  max 9.056e-01s  avg 8.454e-01s  min 7.646e-01s  dev 1.666e-02s
FORWARD     max 1.013e+01s  avg 1.012e+01s  min 1.010e+01s  dev 4.729e-03s

k-space:
real in [1.000000e+00,1.000000e+00] = [3ff0000000000000,3ff0000000000000]
imag in [0.000000e+00,0.000000e+00] = [0,0]

DFFT  b1dz  max 3.042e-01s  avg 2.794e-01s  min 2.590e-01s  dev 4.789e-03s
DFFT  bd23  max 8.615e-01s  avg 6.686e-01s  min 3.697e-01s  dev 1.174e-01s
DFFT  bd32  max 1.205e+00s  avg 9.621e-01s  min 5.906e-01s  dev 1.700e-01s
DFFT  b1dy  max 3.040e-01s  avg 2.832e-01s  min 2.559e-01s  dev 6.085e-03s
DFFT  bd23  max 1.259e+00s  avg 9.891e-01s  min 5.789e-01s  dev 1.802e-01s
DFFT  bd32  max 2.806e+00s  avg 2.208e+00s  min 1.381e+00s  dev 3.871e-01s
DFFT  b1dx  max 3.042e-01s  avg 2.796e-01s  min 2.601e-01s  dev 4.648e-03s
DFFT  bd23  max 2.954e+00s  avg 2.287e+00s  min 1.457e+00s  dev 4.085e-01s
DFFT bdist  max 8.896e+00s  avg 7.115e+00s  min 4.855e+00s  dev 8.485e-01s
DFFT bdfft  max 9.124e-01s  avg 8.422e-01s  min 7.750e-01s  dev 1.503e-02s
BACKWARD    max 9.999e+00s  avg 9.999e+00s  min 9.999e+00s  dev 8.081e-06s

r-space:
a[0,0,0] = (8589934592.000000,0.000000) = (4200000000000000,0)
real in [0.000000e+00,0.000000e+00] = [0,0]
imag in [0.000000e+00,0.000000e+00] = [0,0]


TESTING 17

DFFT  fd32  max 2.938e+00s  avg 2.218e+00s  min 1.212e+00s  dev 4.665e-01s
DFFT  f1dx  max 3.028e-01s  avg 2.827e-01s  min 2.541e-01s  dev 6.153e-03s
DFFT  fd23  max 3.013e+00s  avg 2.331e+00s  min 1.468e+00s  dev 4.079e-01s
DFFT  fd32  max 1.203e+00s  avg 9.608e-01s  min 5.740e-01s  dev 1.693e-01s
DFFT  f1dy  max 2.994e-01s  avg 2.798e-01s  min 2.568e-01s  dev 4.684e-03s
DFFT  fd23  max 1.279e+00s  avg 9.915e-01s  min 6.022e-01s  dev 1.801e-01s
DFFT  fd32  max 8.109e-01s  avg 6.464e-01s  min 3.814e-01s  dev 1.106e-01s
DFFT  f1dz  max 3.029e-01s  avg 2.829e-01s  min 2.535e-01s  dev 6.200e-03s
DFFT fdist  max 9.022e+00s  avg 7.148e+00s  min 4.884e+00s  dev 8.906e-01s
DFFT fdfft  max 9.051e-01s  avg 8.453e-01s  min 7.645e-01s  dev 1.668e-02s
FORWARD     max 1.015e+01s  avg 1.015e+01s  min 1.013e+01s  dev 4.575e-03s

k-space:
real in [1.000000e+00,1.000000e+00] = [3ff0000000000000,3ff0000000000000]
imag in [0.000000e+00,0.000000e+00] = [0,0]

DFFT  b1dz  max 3.043e-01s  avg 2.793e-01s  min 2.591e-01s  dev 4.734e-03s
DFFT  bd23  max 8.649e-01s  avg 6.664e-01s  min 3.795e-01s  dev 1.175e-01s
DFFT  bd32  max 1.209e+00s  avg 9.610e-01s  min 5.936e-01s  dev 1.688e-01s
DFFT  b1dy  max 3.044e-01s  avg 2.831e-01s  min 2.559e-01s  dev 6.135e-03s
DFFT  bd23  max 1.258e+00s  avg 9.877e-01s  min 6.027e-01s  dev 1.810e-01s
DFFT  bd32  max 3.100e+00s  avg 2.458e+00s  min 1.604e+00s  dev 4.178e-01s
DFFT  b1dx  max 3.042e-01s  avg 2.796e-01s  min 2.600e-01s  dev 4.643e-03s
DFFT  bd23  max 3.171e+00s  avg 2.420e+00s  min 1.543e+00s  dev 4.297e-01s
DFFT bdist  max 9.427e+00s  avg 7.493e+00s  min 5.133e+00s  dev 9.042e-01s
DFFT bdfft  max 9.129e-01s  avg 8.420e-01s  min 7.749e-01s  dev 1.501e-02s
BACKWARD    max 1.052e+01s  avg 1.052e+01s  min 1.052e+01s  dev 5.154e-06s

r-space:
a[0,0,0] = (8589934592.000000,0.000000) = (4200000000000000,0)
real in [0.000000e+00,0.000000e+00] = [0,0]
imag in [0.000000e+00,0.000000e+00] = [0,0]


TESTING 18

DFFT  fd32  max 2.881e+00s  avg 2.235e+00s  min 1.294e+00s  dev 4.034e-01s
DFFT  f1dx  max 3.030e-01s  avg 2.827e-01s  min 2.544e-01s  dev 6.113e-03s
DFFT  fd23  max 3.015e+00s  avg 2.339e+00s  min 1.468e+00s  dev 4.149e-01s
DFFT  fd32  max 1.204e+00s  avg 9.622e-01s  min 5.857e-01s  dev 1.708e-01s
DFFT  f1dy  max 2.996e-01s  avg 2.798e-01s  min 2.572e-01s  dev 4.685e-03s
DFFT  fd23  max 1.264e+00s  avg 9.857e-01s  min 5.743e-01s  dev 1.795e-01s
DFFT  fd32  max 8.110e-01s  avg 6.447e-01s  min 3.751e-01s  dev 1.112e-01s
DFFT  f1dz  max 3.025e-01s  avg 2.829e-01s  min 2.532e-01s  dev 6.192e-03s
DFFT fdist  max 8.975e+00s  avg 7.166e+00s  min 5.100e+00s  dev 8.501e-01s
DFFT fdfft  max 9.050e-01s  avg 8.453e-01s  min 7.648e-01s  dev 1.664e-02s
FORWARD     max 1.009e+01s  avg 1.008e+01s  min 1.006e+01s  dev 4.725e-03s

k-space:
real in [1.000000e+00,1.000000e+00] = [3ff0000000000000,3ff0000000000000]
imag in [0.000000e+00,0.000000e+00] = [0,0]

DFFT  b1dz  max 3.045e-01s  avg 2.793e-01s  min 2.590e-01s  dev 4.733e-03s
DFFT  bd23  max 8.635e-01s  avg 6.662e-01s  min 3.960e-01s  dev 1.168e-01s
DFFT  bd32  max 1.216e+00s  avg 9.630e-01s  min 5.767e-01s  dev 1.712e-01s
DFFT  b1dy  max 3.044e-01s  avg 2.831e-01s  min 2.560e-01s  dev 6.145e-03s
DFFT  bd23  max 1.250e+00s  avg 9.879e-01s  min 6.063e-01s  dev 1.804e-01s
DFFT  bd32  max 2.811e+00s  avg 2.211e+00s  min 1.358e+00s  dev 4.038e-01s
DFFT  b1dx  max 3.036e-01s  avg 2.795e-01s  min 2.598e-01s  dev 4.612e-03s
DFFT  bd23  max 2.960e+00s  avg 2.302e+00s  min 1.454e+00s  dev 4.005e-01s
DFFT bdist  max 8.909e+00s  avg 7.130e+00s  min 4.914e+00s  dev 8.644e-01s
DFFT bdfft  max 9.124e-01s  avg 8.419e-01s  min 7.748e-01s  dev 1.501e-02s
BACKWARD    max 1.001e+01s  avg 1.001e+01s  min 1.001e+01s  dev 5.795e-06s

r-space:
a[0,0,0] = (8589934592.000000,0.000000) = (4200000000000000,0)
real in [0.000000e+00,0.000000e+00] = [0,0]
imag in [0.000000e+00,0.000000e+00] = [0,0]

The DiffOfTime = 518.500437660
