JOBID IS: 255457
Initializing redistribution using a pencil layout on 512 ranks.
distribution 1D: [512:1:1]
distribution 3D: [8:8:8]
distribution 2z: [32:16:1]
distribution 2x: [1:32:16]
distribution 2y: [32:1:16]
DFFT  init  max 8.647e-02s  avg 8.470e-02s  min 8.399e-02s  dev 4.629e-04s

Hex representations of double precision floats
0.000000e+00 = 0
1.000000e+00 = 3ff0000000000000
8589934592.000000 = 4200000000000000


TESTING 0

DFFT  fd32  max 3.101e+00s  avg 2.405e+00s  min 1.504e+00s  dev 4.227e-01s
DFFT  f1dx  max 3.018e-01s  avg 2.828e-01s  min 2.493e-01s  dev 6.805e-03s
DFFT  fd23  max 2.915e+00s  avg 2.260e+00s  min 1.407e+00s  dev 4.071e-01s
DFFT  fd32  max 1.310e+00s  avg 9.909e-01s  min 5.537e-01s  dev 2.005e-01s
DFFT  f1dy  max 2.970e-01s  avg 2.797e-01s  min 2.537e-01s  dev 5.097e-03s
DFFT  fd23  max 1.380e+00s  avg 1.020e+00s  min 5.496e-01s  dev 2.149e-01s
DFFT  fd32  max 1.027e+00s  avg 7.839e-01s  min 4.492e-01s  dev 1.377e-01s
DFFT  f1dz  max 3.038e-01s  avg 2.828e-01s  min 2.508e-01s  dev 6.779e-03s
DFFT fdist  max 9.443e+00s  avg 7.460e+00s  min 5.000e+00s  dev 9.149e-01s
DFFT fdfft  max 9.026e-01s  avg 8.452e-01s  min 7.559e-01s  dev 1.832e-02s
FORWARD     max 1.065e+01s  avg 1.064e+01s  min 1.062e+01s  dev 5.300e-03s

k-space:
real in [1.000000e+00,1.000000e+00] = [3ff0000000000000,3ff0000000000000]
imag in [0.000000e+00,0.000000e+00] = [0,0]

DFFT  b1dz  max 2.970e-01s  avg 2.794e-01s  min 2.591e-01s  dev 4.651e-03s
DFFT  bd23  max 1.142e+00s  avg 8.241e-01s  min 4.914e-01s  dev 1.589e-01s
DFFT  bd32  max 1.213e+00s  avg 9.663e-01s  min 5.423e-01s  dev 1.703e-01s
DFFT  b1dy  max 3.018e-01s  avg 2.834e-01s  min 2.529e-01s  dev 6.268e-03s
DFFT  bd23  max 1.259e+00s  avg 9.886e-01s  min 5.578e-01s  dev 1.799e-01s
DFFT  bd32  max 2.903e+00s  avg 2.274e+00s  min 1.424e+00s  dev 4.044e-01s
DFFT  b1dx  max 2.988e-01s  avg 2.797e-01s  min 2.564e-01s  dev 4.480e-03s
DFFT  bd23  max 3.001e+00s  avg 2.341e+00s  min 1.487e+00s  dev 4.033e-01s
DFFT bdist  max 9.249e+00s  avg 7.393e+00s  min 5.311e+00s  dev 8.721e-01s
DFFT bdfft  max 8.977e-01s  avg 8.426e-01s  min 7.684e-01s  dev 1.485e-02s
BACKWARD    max 1.042e+01s  avg 1.042e+01s  min 1.042e+01s  dev 3.613e-06s

r-space:
a[0,0,0] = (8589934592.000000,0.000000) = (4200000000000000,0)
real in [0.000000e+00,0.000000e+00] = [0,0]
imag in [0.000000e+00,0.000000e+00] = [0,0]


TESTING 1

DFFT  fd32  max 2.877e+00s  avg 2.194e+00s  min 1.271e+00s  dev 4.229e-01s
DFFT  f1dx  max 3.011e-01s  avg 2.827e-01s  min 2.492e-01s  dev 6.808e-03s
DFFT  fd23  max 3.106e+00s  avg 2.438e+00s  min 1.582e+00s  dev 4.179e-01s
DFFT  fd32  max 1.223e+00s  avg 9.628e-01s  min 5.771e-01s  dev 1.717e-01s
DFFT  f1dy  max 2.973e-01s  avg 2.797e-01s  min 2.541e-01s  dev 5.130e-03s
DFFT  fd23  max 1.240e+00s  avg 9.820e-01s  min 5.636e-01s  dev 1.803e-01s
DFFT  fd32  max 8.044e-01s  avg 6.457e-01s  min 3.702e-01s  dev 1.106e-01s
DFFT  f1dz  max 3.042e-01s  avg 2.828e-01s  min 2.505e-01s  dev 6.810e-03s
DFFT fdist  max 8.976e+00s  avg 7.223e+00s  min 5.121e+00s  dev 8.812e-01s
DFFT fdfft  max 9.025e-01s  avg 8.453e-01s  min 7.549e-01s  dev 1.840e-02s
FORWARD     max 1.016e+01s  avg 1.015e+01s  min 1.013e+01s  dev 5.386e-03s

k-space:
real in [1.000000e+00,1.000000e+00] = [3ff0000000000000,3ff0000000000000]
imag in [0.000000e+00,0.000000e+00] = [0,0]

DFFT  b1dz  max 2.975e-01s  avg 2.795e-01s  min 2.591e-01s  dev 4.680e-03s
DFFT  bd23  max 8.784e-01s  avg 6.688e-01s  min 3.789e-01s  dev 1.167e-01s
DFFT  bd32  max 1.216e+00s  avg 9.603e-01s  min 5.251e-01s  dev 1.722e-01s
DFFT  b1dy  max 3.018e-01s  avg 2.834e-01s  min 2.526e-01s  dev 6.300e-03s
DFFT  bd23  max 1.259e+00s  avg 9.901e-01s  min 5.758e-01s  dev 1.796e-01s
DFFT  bd32  max 2.856e+00s  avg 2.187e+00s  min 1.299e+00s  dev 4.144e-01s
DFFT  b1dx  max 2.986e-01s  avg 2.798e-01s  min 2.568e-01s  dev 4.497e-03s
DFFT  bd23  max 3.008e+00s  avg 2.336e+00s  min 1.500e+00s  dev 4.075e-01s
DFFT bdist  max 9.002e+00s  avg 7.142e+00s  min 5.068e+00s  dev 8.766e-01s
DFFT bdfft  max 8.979e-01s  avg 8.428e-01s  min 7.685e-01s  dev 1.493e-02s
BACKWARD    max 1.012e+01s  avg 1.012e+01s  min 1.012e+01s  dev 4.022e-06s

r-space:
a[0,0,0] = (8589934592.000000,0.000000) = (4200000000000000,0)
real in [0.000000e+00,0.000000e+00] = [0,0]
imag in [0.000000e+00,0.000000e+00] = [0,0]


TESTING 2

DFFT  fd32  max 2.903e+00s  avg 2.240e+00s  min 1.368e+00s  dev 4.094e-01s
DFFT  f1dx  max 3.017e-01s  avg 2.828e-01s  min 2.494e-01s  dev 6.830e-03s
DFFT  fd23  max 2.934e+00s  avg 2.245e+00s  min 1.342e+00s  dev 4.369e-01s
DFFT  fd32  max 1.241e+00s  avg 9.635e-01s  min 5.509e-01s  dev 1.711e-01s
DFFT  f1dy  max 2.975e-01s  avg 2.798e-01s  min 2.541e-01s  dev 5.136e-03s
DFFT  fd23  max 1.250e+00s  avg 9.853e-01s  min 5.727e-01s  dev 1.788e-01s
DFFT  fd32  max 8.097e-01s  avg 6.452e-01s  min 3.643e-01s  dev 1.113e-01s
DFFT  f1dz  max 3.042e-01s  avg 2.829e-01s  min 2.509e-01s  dev 6.778e-03s
DFFT fdist  max 8.906e+00s  avg 7.079e+00s  min 5.033e+00s  dev 8.855e-01s
DFFT fdfft  max 9.034e-01s  avg 8.455e-01s  min 7.556e-01s  dev 1.839e-02s
FORWARD     max 1.005e+01s  avg 1.005e+01s  min 1.003e+01s  dev 5.258e-03s

k-space:
real in [1.000000e+00,1.000000e+00] = [3ff0000000000000,3ff0000000000000]
imag in [0.000000e+00,0.000000e+00] = [0,0]

DFFT  b1dz  max 2.968e-01s  avg 2.795e-01s  min 2.589e-01s  dev 4.663e-03s
DFFT  bd23  max 8.619e-01s  avg 6.678e-01s  min 4.078e-01s  dev 1.147e-01s
DFFT  bd32  max 1.218e+00s  avg 9.641e-01s  min 5.360e-01s  dev 1.708e-01s
DFFT  b1dy  max 3.030e-01s  avg 2.835e-01s  min 2.534e-01s  dev 6.227e-03s
DFFT  bd23  max 1.266e+00s  avg 9.877e-01s  min 5.637e-01s  dev 1.825e-01s
DFFT  bd32  max 2.867e+00s  avg 2.244e+00s  min 1.373e+00s  dev 3.906e-01s
DFFT  b1dx  max 2.983e-01s  avg 2.798e-01s  min 2.561e-01s  dev 4.481e-03s
DFFT  bd23  max 2.955e+00s  avg 2.258e+00s  min 1.349e+00s  dev 4.354e-01s
DFFT bdist  max 8.859e+00s  avg 7.121e+00s  min 5.046e+00s  dev 8.851e-01s
DFFT bdfft  max 8.982e-01s  avg 8.428e-01s  min 7.684e-01s  dev 1.488e-02s
BACKWARD    max 1.007e+01s  avg 1.007e+01s  min 1.007e+01s  dev 5.627e-06s

r-space:
a[0,0,0] = (8589934592.000000,0.000000) = (4200000000000000,0)
real in [0.000000e+00,0.000000e+00] = [0,0]
imag in [0.000000e+00,0.000000e+00] = [0,0]


TESTING 3

DFFT  fd32  max 2.876e+00s  avg 2.239e+00s  min 1.329e+00s  dev 4.008e-01s
DFFT  f1dx  max 3.017e-01s  avg 2.829e-01s  min 2.494e-01s  dev 6.818e-03s
DFFT  fd23  max 2.980e+00s  avg 2.261e+00s  min 1.323e+00s  dev 4.373e-01s
DFFT  fd32  max 1.213e+00s  avg 9.649e-01s  min 5.594e-01s  dev 1.715e-01s
DFFT  f1dy  max 2.973e-01s  avg 2.797e-01s  min 2.544e-01s  dev 5.127e-03s
DFFT  fd23  max 1.258e+00s  avg 9.862e-01s  min 5.622e-01s  dev 1.794e-01s
DFFT  fd32  max 8.177e-01s  avg 6.482e-01s  min 3.629e-01s  dev 1.113e-01s
DFFT  f1dz  max 3.044e-01s  avg 2.829e-01s  min 2.507e-01s  dev 6.773e-03s
DFFT fdist  max 9.033e+00s  avg 7.099e+00s  min 4.950e+00s  dev 8.962e-01s
DFFT fdfft  max 9.034e-01s  avg 8.455e-01s  min 7.554e-01s  dev 1.837e-02s
FORWARD     max 1.006e+01s  avg 1.005e+01s  min 1.004e+01s  dev 5.174e-03s

k-space:
real in [1.000000e+00,1.000000e+00] = [3ff0000000000000,3ff0000000000000]
imag in [0.000000e+00,0.000000e+00] = [0,0]

DFFT  b1dz  max 2.975e-01s  avg 2.797e-01s  min 2.592e-01s  dev 4.686e-03s
DFFT  bd23  max 8.723e-01s  avg 6.682e-01s  min 3.825e-01s  dev 1.181e-01s
DFFT  bd32  max 1.213e+00s  avg 9.601e-01s  min 5.586e-01s  dev 1.732e-01s
DFFT  b1dy  max 3.022e-01s  avg 2.834e-01s  min 2.528e-01s  dev 6.236e-03s
DFFT  bd23  max 1.261e+00s  avg 9.920e-01s  min 5.630e-01s  dev 1.797e-01s
DFFT  bd32  max 2.849e+00s  avg 2.168e+00s  min 1.229e+00s  dev 4.667e-01s
DFFT  b1dx  max 2.991e-01s  avg 2.799e-01s  min 2.569e-01s  dev 4.528e-03s
DFFT  bd23  max 3.113e+00s  avg 2.448e+00s  min 1.627e+00s  dev 4.101e-01s
DFFT bdist  max 9.089e+00s  avg 7.237e+00s  min 5.080e+00s  dev 9.241e-01s
DFFT bdfft  max 8.987e-01s  avg 8.430e-01s  min 7.689e-01s  dev 1.493e-02s
BACKWARD    max 1.021e+01s  avg 1.021e+01s  min 1.021e+01s  dev 6.564e-06s

r-space:
a[0,0,0] = (8589934592.000000,0.000000) = (4200000000000000,0)
real in [0.000000e+00,0.000000e+00] = [0,0]
imag in [0.000000e+00,0.000000e+00] = [0,0]


TESTING 4

DFFT  fd32  max 2.887e+00s  avg 2.245e+00s  min 1.322e+00s  dev 3.994e-01s
DFFT  f1dx  max 3.015e-01s  avg 2.828e-01s  min 2.492e-01s  dev 6.820e-03s
DFFT  fd23  max 3.064e+00s  avg 2.394e+00s  min 1.519e+00s  dev 4.121e-01s
DFFT  fd32  max 1.216e+00s  avg 9.643e-01s  min 5.233e-01s  dev 1.704e-01s
DFFT  f1dy  max 2.975e-01s  avg 2.799e-01s  min 2.540e-01s  dev 5.152e-03s
DFFT  fd23  max 1.255e+00s  avg 9.860e-01s  min 5.715e-01s  dev 1.788e-01s
DFFT  fd32  max 8.085e-01s  avg 6.457e-01s  min 3.647e-01s  dev 1.121e-01s
DFFT  f1dz  max 3.042e-01s  avg 2.829e-01s  min 2.505e-01s  dev 6.745e-03s
DFFT fdist  max 9.073e+00s  avg 7.235e+00s  min 5.142e+00s  dev 8.565e-01s
DFFT fdfft  max 9.032e-01s  avg 8.456e-01s  min 7.554e-01s  dev 1.839e-02s
FORWARD     max 1.015e+01s  avg 1.014e+01s  min 1.012e+01s  dev 5.422e-03s

k-space:
real in [1.000000e+00,1.000000e+00] = [3ff0000000000000,3ff0000000000000]
imag in [0.000000e+00,0.000000e+00] = [0,0]

DFFT  b1dz  max 2.971e-01s  avg 2.796e-01s  min 2.589e-01s  dev 4.681e-03s
DFFT  bd23  max 8.682e-01s  avg 6.669e-01s  min 3.797e-01s  dev 1.170e-01s
DFFT  bd32  max 1.215e+00s  avg 9.614e-01s  min 5.726e-01s  dev 1.724e-01s
DFFT  b1dy  max 3.027e-01s  avg 2.835e-01s  min 2.534e-01s  dev 6.235e-03s
DFFT  bd23  max 1.257e+00s  avg 9.877e-01s  min 5.591e-01s  dev 1.817e-01s
DFFT  bd32  max 2.923e+00s  avg 2.303e+00s  min 1.433e+00s  dev 4.030e-01s
DFFT  b1dx  max 2.986e-01s  avg 2.798e-01s  min 2.565e-01s  dev 4.518e-03s
DFFT  bd23  max 3.132e+00s  avg 2.423e+00s  min 1.579e+00s  dev 4.269e-01s
DFFT bdist  max 9.143e+00s  avg 7.341e+00s  min 5.259e+00s  dev 8.883e-01s
DFFT bdfft  max 8.985e-01s  avg 8.429e-01s  min 7.689e-01s  dev 1.492e-02s
BACKWARD    max 1.030e+01s  avg 1.030e+01s  min 1.030e+01s  dev 4.048e-06s

r-space:
a[0,0,0] = (8589934592.000000,0.000000) = (4200000000000000,0)
real in [0.000000e+00,0.000000e+00] = [0,0]
imag in [0.000000e+00,0.000000e+00] = [0,0]


TESTING 5

DFFT  fd32  max 2.976e+00s  avg 2.313e+00s  min 1.400e+00s  dev 3.999e-01s
DFFT  f1dx  max 3.018e-01s  avg 2.828e-01s  min 2.493e-01s  dev 6.785e-03s
DFFT  fd23  max 3.092e+00s  avg 2.400e+00s  min 1.546e+00s  dev 4.169e-01s
DFFT  fd32  max 1.206e+00s  avg 9.606e-01s  min 5.683e-01s  dev 1.710e-01s
DFFT  f1dy  max 2.978e-01s  avg 2.798e-01s  min 2.542e-01s  dev 5.173e-03s
DFFT  fd23  max 1.260e+00s  avg 9.873e-01s  min 5.815e-01s  dev 1.805e-01s
DFFT  fd32  max 8.049e-01s  avg 6.436e-01s  min 3.658e-01s  dev 1.126e-01s
DFFT  f1dz  max 3.046e-01s  avg 2.829e-01s  min 2.506e-01s  dev 6.773e-03s
DFFT fdist  max 9.095e+00s  avg 7.305e+00s  min 5.182e+00s  dev 8.712e-01s
DFFT fdfft  max 9.042e-01s  avg 8.456e-01s  min 7.557e-01s  dev 1.840e-02s
FORWARD     max 1.026e+01s  avg 1.025e+01s  min 1.023e+01s  dev 5.287e-03s

k-space:
real in [1.000000e+00,1.000000e+00] = [3ff0000000000000,3ff0000000000000]
imag in [0.000000e+00,0.000000e+00] = [0,0]

DFFT  b1dz  max 2.973e-01s  avg 2.795e-01s  min 2.589e-01s  dev 4.699e-03s
DFFT  bd23  max 8.590e-01s  avg 6.685e-01s  min 3.775e-01s  dev 1.171e-01s
DFFT  bd32  max 1.212e+00s  avg 9.604e-01s  min 5.369e-01s  dev 1.726e-01s
DFFT  b1dy  max 3.026e-01s  avg 2.835e-01s  min 2.534e-01s  dev 6.297e-03s
DFFT  bd23  max 1.261e+00s  avg 9.856e-01s  min 5.839e-01s  dev 1.819e-01s
DFFT  bd32  max 2.922e+00s  avg 2.289e+00s  min 1.424e+00s  dev 4.039e-01s
DFFT  b1dx  max 2.988e-01s  avg 2.798e-01s  min 2.562e-01s  dev 4.477e-03s
DFFT  bd23  max 3.033e+00s  avg 2.374e+00s  min 1.534e+00s  dev 4.073e-01s
DFFT bdist  max 9.089e+00s  avg 7.278e+00s  min 5.236e+00s  dev 8.542e-01s
DFFT bdfft  max 8.987e-01s  avg 8.428e-01s  min 7.685e-01s  dev 1.493e-02s
BACKWARD    max 1.019e+01s  avg 1.019e+01s  min 1.019e+01s  dev 5.522e-06s

r-space:
a[0,0,0] = (8589934592.000000,0.000000) = (4200000000000000,0)
real in [0.000000e+00,0.000000e+00] = [0,0]
imag in [0.000000e+00,0.000000e+00] = [0,0]


TESTING 6

DFFT  fd32  max 2.893e+00s  avg 2.242e+00s  min 1.291e+00s  dev 3.999e-01s
DFFT  f1dx  max 3.020e-01s  avg 2.829e-01s  min 2.496e-01s  dev 6.861e-03s
DFFT  fd23  max 3.082e+00s  avg 2.398e+00s  min 1.577e+00s  dev 4.183e-01s
DFFT  fd32  max 1.213e+00s  avg 9.631e-01s  min 5.497e-01s  dev 1.714e-01s
DFFT  f1dy  max 2.979e-01s  avg 2.798e-01s  min 2.541e-01s  dev 5.113e-03s
DFFT  fd23  max 1.283e+00s  avg 9.855e-01s  min 5.842e-01s  dev 1.792e-01s
DFFT  fd32  max 8.081e-01s  avg 6.456e-01s  min 3.654e-01s  dev 1.118e-01s
DFFT  f1dz  max 3.048e-01s  avg 2.831e-01s  min 2.513e-01s  dev 6.816e-03s
DFFT fdist  max 9.087e+00s  avg 7.234e+00s  min 5.176e+00s  dev 8.670e-01s
DFFT fdfft  max 9.047e-01s  avg 8.458e-01s  min 7.562e-01s  dev 1.843e-02s
FORWARD     max 1.019e+01s  avg 1.019e+01s  min 1.017e+01s  dev 5.509e-03s

k-space:
real in [1.000000e+00,1.000000e+00] = [3ff0000000000000,3ff0000000000000]
imag in [0.000000e+00,0.000000e+00] = [0,0]

DFFT  b1dz  max 2.974e-01s  avg 2.796e-01s  min 2.586e-01s  dev 4.658e-03s
DFFT  bd23  max 8.697e-01s  avg 6.683e-01s  min 3.871e-01s  dev 1.159e-01s
DFFT  bd32  max 1.208e+00s  avg 9.608e-01s  min 5.314e-01s  dev 1.715e-01s
DFFT  b1dy  max 3.026e-01s  avg 2.835e-01s  min 2.536e-01s  dev 6.289e-03s
DFFT  bd23  max 1.258e+00s  avg 9.876e-01s  min 5.686e-01s  dev 1.814e-01s
DFFT  bd32  max 3.009e+00s  avg 2.408e+00s  min 1.564e+00s  dev 4.003e-01s
DFFT  b1dx  max 2.988e-01s  avg 2.798e-01s  min 2.564e-01s  dev 4.473e-03s
DFFT  bd23  max 2.972e+00s  avg 2.265e+00s  min 1.335e+00s  dev 4.556e-01s
DFFT bdist  max 9.110e+00s  avg 7.289e+00s  min 5.186e+00s  dev 8.953e-01s
DFFT bdfft  max 8.987e-01s  avg 8.429e-01s  min 7.686e-01s  dev 1.490e-02s
BACKWARD    max 1.022e+01s  avg 1.022e+01s  min 1.022e+01s  dev 3.325e-06s

r-space:
a[0,0,0] = (8589934592.000000,0.000000) = (4200000000000000,0)
real in [0.000000e+00,0.000000e+00] = [0,0]
imag in [0.000000e+00,0.000000e+00] = [0,0]


TESTING 7

DFFT  fd32  max 2.885e+00s  avg 2.223e+00s  min 1.335e+00s  dev 4.070e-01s
DFFT  f1dx  max 3.022e-01s  avg 2.829e-01s  min 2.494e-01s  dev 6.858e-03s
DFFT  fd23  max 3.026e+00s  avg 2.341e+00s  min 1.492e+00s  dev 4.085e-01s
DFFT  fd32  max 1.218e+00s  avg 9.637e-01s  min 5.350e-01s  dev 1.731e-01s
DFFT  f1dy  max 2.973e-01s  avg 2.797e-01s  min 2.538e-01s  dev 5.112e-03s
DFFT  fd23  max 1.254e+00s  avg 9.877e-01s  min 5.783e-01s  dev 1.809e-01s
DFFT  fd32  max 8.248e-01s  avg 6.454e-01s  min 3.633e-01s  dev 1.136e-01s
DFFT  f1dz  max 3.046e-01s  avg 2.830e-01s  min 2.509e-01s  dev 6.784e-03s
DFFT fdist  max 9.035e+00s  avg 7.162e+00s  min 5.130e+00s  dev 8.578e-01s
DFFT fdfft  max 9.041e-01s  avg 8.456e-01s  min 7.553e-01s  dev 1.841e-02s
FORWARD     max 1.012e+01s  avg 1.012e+01s  min 1.010e+01s  dev 5.536e-03s

k-space:
real in [1.000000e+00,1.000000e+00] = [3ff0000000000000,3ff0000000000000]
imag in [0.000000e+00,0.000000e+00] = [0,0]

DFFT  b1dz  max 2.977e-01s  avg 2.796e-01s  min 2.589e-01s  dev 4.688e-03s
DFFT  bd23  max 8.718e-01s  avg 6.708e-01s  min 3.880e-01s  dev 1.164e-01s
DFFT  bd32  max 1.218e+00s  avg 9.623e-01s  min 5.204e-01s  dev 1.732e-01s
DFFT  b1dy  max 3.021e-01s  avg 2.835e-01s  min 2.532e-01s  dev 6.234e-03s
DFFT  bd23  max 1.250e+00s  avg 9.878e-01s  min 5.634e-01s  dev 1.817e-01s
DFFT  bd32  max 3.021e+00s  avg 2.358e+00s  min 1.475e+00s  dev 4.143e-01s
DFFT  b1dx  max 2.989e-01s  avg 2.798e-01s  min 2.564e-01s  dev 4.506e-03s
DFFT  bd23  max 2.958e+00s  avg 2.295e+00s  min 1.442e+00s  dev 4.073e-01s
DFFT bdist  max 9.117e+00s  avg 7.275e+00s  min 5.167e+00s  dev 8.762e-01s
DFFT bdfft  max 8.987e-01s  avg 8.429e-01s  min 7.685e-01s  dev 1.490e-02s
BACKWARD    max 1.022e+01s  avg 1.022e+01s  min 1.022e+01s  dev 7.371e-06s

r-space:
a[0,0,0] = (8589934592.000000,0.000000) = (4200000000000000,0)
real in [0.000000e+00,0.000000e+00] = [0,0]
imag in [0.000000e+00,0.000000e+00] = [0,0]


TESTING 8

DFFT  fd32  max 3.015e+00s  avg 2.367e+00s  min 1.475e+00s  dev 4.022e-01s
DFFT  f1dx  max 3.019e-01s  avg 2.830e-01s  min 2.489e-01s  dev 6.832e-03s
DFFT  fd23  max 2.983e+00s  avg 2.311e+00s  min 1.464e+00s  dev 4.089e-01s
DFFT  fd32  max 1.214e+00s  avg 9.661e-01s  min 5.927e-01s  dev 1.714e-01s
DFFT  f1dy  max 2.977e-01s  avg 2.797e-01s  min 2.546e-01s  dev 5.144e-03s
DFFT  fd23  max 1.242e+00s  avg 9.841e-01s  min 5.660e-01s  dev 1.796e-01s
DFFT  fd32  max 8.031e-01s  avg 6.450e-01s  min 3.635e-01s  dev 1.114e-01s
DFFT  f1dz  max 3.043e-01s  avg 2.830e-01s  min 2.502e-01s  dev 6.780e-03s
DFFT fdist  max 8.943e+00s  avg 7.273e+00s  min 5.210e+00s  dev 8.563e-01s
DFFT fdfft  max 9.039e-01s  avg 8.456e-01s  min 7.542e-01s  dev 1.842e-02s
FORWARD     max 1.017e+01s  avg 1.016e+01s  min 1.014e+01s  dev 5.478e-03s

k-space:
real in [1.000000e+00,1.000000e+00] = [3ff0000000000000,3ff0000000000000]
imag in [0.000000e+00,0.000000e+00] = [0,0]

DFFT  b1dz  max 2.976e-01s  avg 2.796e-01s  min 2.592e-01s  dev 4.729e-03s
DFFT  bd23  max 8.693e-01s  avg 6.680e-01s  min 4.079e-01s  dev 1.153e-01s
DFFT  bd32  max 1.227e+00s  avg 9.664e-01s  min 5.415e-01s  dev 1.725e-01s
DFFT  b1dy  max 3.022e-01s  avg 2.835e-01s  min 2.531e-01s  dev 6.237e-03s
DFFT  bd23  max 1.264e+00s  avg 9.908e-01s  min 5.538e-01s  dev 1.804e-01s
DFFT  bd32  max 2.963e+00s  avg 2.353e+00s  min 1.505e+00s  dev 4.126e-01s
DFFT  b1dx  max 2.989e-01s  avg 2.798e-01s  min 2.567e-01s  dev 4.514e-03s
DFFT  bd23  max 2.970e+00s  avg 2.317e+00s  min 1.471e+00s  dev 4.029e-01s
DFFT bdist  max 9.045e+00s  avg 7.295e+00s  min 5.184e+00s  dev 8.553e-01s
DFFT bdfft  max 8.987e-01s  avg 8.429e-01s  min 7.690e-01s  dev 1.494e-02s
BACKWARD    max 1.019e+01s  avg 1.019e+01s  min 1.019e+01s  dev 7.854e-06s

r-space:
a[0,0,0] = (8589934592.000000,0.000000) = (4200000000000000,0)
real in [0.000000e+00,0.000000e+00] = [0,0]
imag in [0.000000e+00,0.000000e+00] = [0,0]


TESTING 9

DFFT  fd32  max 2.949e+00s  avg 2.296e+00s  min 1.386e+00s  dev 3.969e-01s
DFFT  f1dx  max 3.018e-01s  avg 2.828e-01s  min 2.491e-01s  dev 6.783e-03s
DFFT  fd23  max 3.166e+00s  avg 2.480e+00s  min 1.643e+00s  dev 4.244e-01s
DFFT  fd32  max 1.207e+00s  avg 9.622e-01s  min 5.652e-01s  dev 1.707e-01s
DFFT  f1dy  max 2.978e-01s  avg 2.797e-01s  min 2.544e-01s  dev 5.150e-03s
DFFT  fd23  max 1.249e+00s  avg 9.849e-01s  min 5.878e-01s  dev 1.789e-01s
DFFT  fd32  max 8.119e-01s  avg 6.439e-01s  min 3.652e-01s  dev 1.113e-01s
DFFT  f1dz  max 3.045e-01s  avg 2.829e-01s  min 2.504e-01s  dev 6.793e-03s
DFFT fdist  max 9.218e+00s  avg 7.368e+00s  min 5.268e+00s  dev 8.656e-01s
DFFT fdfft  max 9.041e-01s  avg 8.455e-01s  min 7.551e-01s  dev 1.838e-02s
FORWARD     max 1.030e+01s  avg 1.029e+01s  min 1.027e+01s  dev 5.414e-03s

k-space:
real in [1.000000e+00,1.000000e+00] = [3ff0000000000000,3ff0000000000000]
imag in [0.000000e+00,0.000000e+00] = [0,0]

DFFT  b1dz  max 2.976e-01s  avg 2.797e-01s  min 2.595e-01s  dev 4.704e-03s
DFFT  bd23  max 8.668e-01s  avg 6.680e-01s  min 3.780e-01s  dev 1.170e-01s
DFFT  bd32  max 1.209e+00s  avg 9.608e-01s  min 5.496e-01s  dev 1.727e-01s
DFFT  b1dy  max 3.027e-01s  avg 2.835e-01s  min 2.531e-01s  dev 6.296e-03s
DFFT  bd23  max 1.254e+00s  avg 9.883e-01s  min 5.656e-01s  dev 1.811e-01s
DFFT  bd32  max 2.884e+00s  avg 2.272e+00s  min 1.411e+00s  dev 4.033e-01s
DFFT  b1dx  max 2.986e-01s  avg 2.799e-01s  min 2.565e-01s  dev 4.466e-03s
DFFT  bd23  max 2.975e+00s  avg 2.317e+00s  min 1.463e+00s  dev 4.129e-01s
DFFT bdist  max 8.980e+00s  avg 7.206e+00s  min 5.105e+00s  dev 8.675e-01s
DFFT bdfft  max 8.989e-01s  avg 8.430e-01s  min 7.691e-01s  dev 1.495e-02s
BACKWARD    max 1.009e+01s  avg 1.009e+01s  min 1.009e+01s  dev 3.928e-06s

r-space:
a[0,0,0] = (8589934592.000000,0.000000) = (4200000000000000,0)
real in [0.000000e+00,0.000000e+00] = [0,0]
imag in [0.000000e+00,0.000000e+00] = [0,0]


TESTING a

DFFT  fd32  max 2.862e+00s  avg 2.206e+00s  min 1.274e+00s  dev 4.154e-01s
DFFT  f1dx  max 3.021e-01s  avg 2.828e-01s  min 2.496e-01s  dev 6.852e-03s
DFFT  fd23  max 3.062e+00s  avg 2.379e+00s  min 1.524e+00s  dev 4.131e-01s
DFFT  fd32  max 1.218e+00s  avg 9.603e-01s  min 5.500e-01s  dev 1.716e-01s
DFFT  f1dy  max 2.975e-01s  avg 2.798e-01s  min 2.536e-01s  dev 5.149e-03s
DFFT  fd23  max 1.259e+00s  avg 9.858e-01s  min 5.895e-01s  dev 1.813e-01s
DFFT  fd32  max 8.160e-01s  avg 6.459e-01s  min 3.773e-01s  dev 1.121e-01s
DFFT  f1dz  max 3.047e-01s  avg 2.829e-01s  min 2.509e-01s  dev 6.785e-03s
DFFT fdist  max 9.044e+00s  avg 7.177e+00s  min 5.090e+00s  dev 8.814e-01s
DFFT fdfft  max 9.043e-01s  avg 8.455e-01s  min 7.555e-01s  dev 1.846e-02s
FORWARD     max 1.013e+01s  avg 1.012e+01s  min 1.010e+01s  dev 5.266e-03s

k-space:
real in [1.000000e+00,1.000000e+00] = [3ff0000000000000,3ff0000000000000]
imag in [0.000000e+00,0.000000e+00] = [0,0]

DFFT  b1dz  max 2.967e-01s  avg 2.795e-01s  min 2.588e-01s  dev 4.613e-03s
DFFT  bd23  max 8.727e-01s  avg 6.656e-01s  min 3.777e-01s  dev 1.172e-01s
DFFT  bd32  max 1.220e+00s  avg 9.648e-01s  min 5.350e-01s  dev 1.717e-01s
DFFT  b1dy  max 3.028e-01s  avg 2.836e-01s  min 2.535e-01s  dev 6.248e-03s
DFFT  bd23  max 1.268e+00s  avg 9.894e-01s  min 5.599e-01s  dev 1.816e-01s
DFFT  bd32  max 2.835e+00s  avg 2.222e+00s  min 1.389e+00s  dev 3.991e-01s
DFFT  b1dx  max 2.982e-01s  avg 2.798e-01s  min 2.565e-01s  dev 4.467e-03s
DFFT  bd23  max 2.961e+00s  avg 2.272e+00s  min 1.408e+00s  dev 4.169e-01s
DFFT bdist  max 8.964e+00s  avg 7.114e+00s  min 5.019e+00s  dev 8.716e-01s
DFFT bdfft  max 8.977e-01s  avg 8.429e-01s  min 7.689e-01s  dev 1.483e-02s
BACKWARD    max 1.006e+01s  avg 1.006e+01s  min 1.006e+01s  dev 5.618e-06s

r-space:
a[0,0,0] = (8589934592.000000,0.000000) = (4200000000000000,0)
real in [0.000000e+00,0.000000e+00] = [0,0]
imag in [0.000000e+00,0.000000e+00] = [0,0]


TESTING b

DFFT  fd32  max 2.899e+00s  avg 2.234e+00s  min 1.330e+00s  dev 4.076e-01s
DFFT  f1dx  max 3.020e-01s  avg 2.828e-01s  min 2.492e-01s  dev 6.814e-03s
DFFT  fd23  max 3.152e+00s  avg 2.452e+00s  min 1.618e+00s  dev 4.174e-01s
DFFT  fd32  max 1.212e+00s  avg 9.627e-01s  min 5.811e-01s  dev 1.714e-01s
DFFT  f1dy  max 2.973e-01s  avg 2.797e-01s  min 2.538e-01s  dev 5.125e-03s
DFFT  fd23  max 1.257e+00s  avg 9.862e-01s  min 5.627e-01s  dev 1.798e-01s
DFFT  fd32  max 8.109e-01s  avg 6.428e-01s  min 3.697e-01s  dev 1.130e-01s
DFFT  f1dz  max 3.046e-01s  avg 2.830e-01s  min 2.505e-01s  dev 6.850e-03s
DFFT fdist  max 9.058e+00s  avg 7.278e+00s  min 5.213e+00s  dev 8.749e-01s
DFFT fdfft  max 9.039e-01s  avg 8.455e-01s  min 7.544e-01s  dev 1.847e-02s
FORWARD     max 1.024e+01s  avg 1.024e+01s  min 1.022e+01s  dev 5.437e-03s

k-space:
real in [1.000000e+00,1.000000e+00] = [3ff0000000000000,3ff0000000000000]
imag in [0.000000e+00,0.000000e+00] = [0,0]

DFFT  b1dz  max 2.975e-01s  avg 2.796e-01s  min 2.592e-01s  dev 4.698e-03s
DFFT  bd23  max 8.711e-01s  avg 6.686e-01s  min 3.874e-01s  dev 1.163e-01s
DFFT  bd32  max 1.221e+00s  avg 9.628e-01s  min 5.390e-01s  dev 1.724e-01s
DFFT  b1dy  max 3.022e-01s  avg 2.834e-01s  min 2.527e-01s  dev 6.226e-03s
DFFT  bd23  max 1.256e+00s  avg 9.908e-01s  min 5.614e-01s  dev 1.803e-01s
DFFT  bd32  max 3.064e+00s  avg 2.414e+00s  min 1.557e+00s  dev 4.023e-01s
DFFT  b1dx  max 2.985e-01s  avg 2.798e-01s  min 2.569e-01s  dev 4.532e-03s
DFFT  bd23  max 3.133e+00s  avg 2.465e+00s  min 1.621e+00s  dev 4.317e-01s
DFFT bdist  max 9.344e+00s  avg 7.501e+00s  min 5.416e+00s  dev 8.796e-01s
DFFT bdfft  max 8.981e-01s  avg 8.429e-01s  min 7.688e-01s  dev 1.491e-02s
BACKWARD    max 1.044e+01s  avg 1.044e+01s  min 1.044e+01s  dev 3.597e-06s

r-space:
a[0,0,0] = (8589934592.000000,0.000000) = (4200000000000000,0)
real in [0.000000e+00,0.000000e+00] = [0,0]
imag in [0.000000e+00,0.000000e+00] = [0,0]


TESTING c

DFFT  fd32  max 2.858e+00s  avg 2.181e+00s  min 1.229e+00s  dev 4.399e-01s
DFFT  f1dx  max 3.023e-01s  avg 2.828e-01s  min 2.488e-01s  dev 6.840e-03s
DFFT  fd23  max 3.054e+00s  avg 2.398e+00s  min 1.567e+00s  dev 4.113e-01s
DFFT  fd32  max 1.212e+00s  avg 9.621e-01s  min 5.569e-01s  dev 1.706e-01s
DFFT  f1dy  max 2.976e-01s  avg 2.797e-01s  min 2.540e-01s  dev 5.149e-03s
DFFT  fd23  max 1.243e+00s  avg 9.845e-01s  min 5.781e-01s  dev 1.799e-01s
DFFT  fd32  max 8.180e-01s  avg 6.438e-01s  min 3.630e-01s  dev 1.124e-01s
DFFT  f1dz  max 3.048e-01s  avg 2.829e-01s  min 2.504e-01s  dev 6.783e-03s
DFFT fdist  max 9.065e+00s  avg 7.169e+00s  min 5.139e+00s  dev 8.885e-01s
DFFT fdfft  max 9.047e-01s  avg 8.455e-01s  min 7.540e-01s  dev 1.844e-02s
FORWARD     max 1.010e+01s  avg 1.010e+01s  min 1.007e+01s  dev 5.494e-03s

k-space:
real in [1.000000e+00,1.000000e+00] = [3ff0000000000000,3ff0000000000000]
imag in [0.000000e+00,0.000000e+00] = [0,0]

DFFT  b1dz  max 2.976e-01s  avg 2.796e-01s  min 2.590e-01s  dev 4.719e-03s
DFFT  bd23  max 8.715e-01s  avg 6.698e-01s  min 3.833e-01s  dev 1.157e-01s
DFFT  bd32  max 1.209e+00s  avg 9.598e-01s  min 5.695e-01s  dev 1.722e-01s
DFFT  b1dy  max 3.027e-01s  avg 2.835e-01s  min 2.528e-01s  dev 6.226e-03s
DFFT  bd23  max 1.255e+00s  avg 9.876e-01s  min 5.602e-01s  dev 1.811e-01s
DFFT  bd32  max 2.860e+00s  avg 2.262e+00s  min 1.432e+00s  dev 3.993e-01s
DFFT  b1dx  max 2.991e-01s  avg 2.799e-01s  min 2.566e-01s  dev 4.512e-03s
DFFT  bd23  max 3.079e+00s  avg 2.405e+00s  min 1.544e+00s  dev 4.154e-01s
DFFT bdist  max 8.958e+00s  avg 7.283e+00s  min 5.240e+00s  dev 8.643e-01s
DFFT bdfft  max 8.994e-01s  avg 8.430e-01s  min 7.684e-01s  dev 1.493e-02s
BACKWARD    max 1.017e+01s  avg 1.017e+01s  min 1.017e+01s  dev 8.779e-06s

r-space:
a[0,0,0] = (8589934592.000000,0.000000) = (4200000000000000,0)
real in [0.000000e+00,0.000000e+00] = [0,0]
imag in [0.000000e+00,0.000000e+00] = [0,0]


TESTING d

DFFT  fd32  max 2.920e+00s  avg 2.270e+00s  min 1.409e+00s  dev 4.038e-01s
DFFT  f1dx  max 3.018e-01s  avg 2.828e-01s  min 2.489e-01s  dev 6.798e-03s
DFFT  fd23  max 3.106e+00s  avg 2.421e+00s  min 1.580e+00s  dev 4.219e-01s
DFFT  fd32  max 1.217e+00s  avg 9.627e-01s  min 5.690e-01s  dev 1.734e-01s
DFFT  f1dy  max 2.977e-01s  avg 2.797e-01s  min 2.542e-01s  dev 5.171e-03s
DFFT  fd23  max 1.249e+00s  avg 9.840e-01s  min 5.511e-01s  dev 1.804e-01s
DFFT  fd32  max 8.144e-01s  avg 6.438e-01s  min 3.644e-01s  dev 1.131e-01s
DFFT  f1dz  max 3.046e-01s  avg 2.829e-01s  min 2.504e-01s  dev 6.796e-03s
DFFT fdist  max 9.001e+00s  avg 7.281e+00s  min 5.109e+00s  dev 8.678e-01s
DFFT fdfft  max 9.041e-01s  avg 8.454e-01s  min 7.539e-01s  dev 1.842e-02s
FORWARD     max 1.022e+01s  avg 1.021e+01s  min 1.019e+01s  dev 5.182e-03s

k-space:
real in [1.000000e+00,1.000000e+00] = [3ff0000000000000,3ff0000000000000]
imag in [0.000000e+00,0.000000e+00] = [0,0]

DFFT  b1dz  max 2.976e-01s  avg 2.796e-01s  min 2.589e-01s  dev 4.684e-03s
DFFT  bd23  max 8.580e-01s  avg 6.652e-01s  min 3.867e-01s  dev 1.166e-01s
DFFT  bd32  max 1.225e+00s  avg 9.622e-01s  min 5.425e-01s  dev 1.720e-01s
DFFT  b1dy  max 3.025e-01s  avg 2.835e-01s  min 2.535e-01s  dev 6.260e-03s
DFFT  bd23  max 1.252e+00s  avg 9.916e-01s  min 5.581e-01s  dev 1.803e-01s
DFFT  bd32  max 3.029e+00s  avg 2.402e+00s  min 1.555e+00s  dev 4.055e-01s
DFFT  b1dx  max 2.993e-01s  avg 2.799e-01s  min 2.563e-01s  dev 4.506e-03s
DFFT  bd23  max 3.067e+00s  avg 2.399e+00s  min 1.561e+00s  dev 4.166e-01s
DFFT bdist  max 9.102e+00s  avg 7.420e+00s  min 5.384e+00s  dev 8.693e-01s
DFFT bdfft  max 8.994e-01s  avg 8.430e-01s  min 7.686e-01s  dev 1.495e-02s
BACKWARD    max 1.033e+01s  avg 1.033e+01s  min 1.033e+01s  dev 8.760e-06s

r-space:
a[0,0,0] = (8589934592.000000,0.000000) = (4200000000000000,0)
real in [0.000000e+00,0.000000e+00] = [0,0]
imag in [0.000000e+00,0.000000e+00] = [0,0]


TESTING e

DFFT  fd32  max 2.884e+00s  avg 2.227e+00s  min 1.285e+00s  dev 4.149e-01s
DFFT  f1dx  max 3.021e-01s  avg 2.828e-01s  min 2.488e-01s  dev 6.825e-03s
DFFT  fd23  max 2.946e+00s  avg 2.262e+00s  min 1.402e+00s  dev 4.229e-01s
DFFT  fd32  max 1.219e+00s  avg 9.642e-01s  min 5.784e-01s  dev 1.715e-01s
DFFT  f1dy  max 2.981e-01s  avg 2.798e-01s  min 2.547e-01s  dev 5.165e-03s
DFFT  fd23  max 1.265e+00s  avg 9.861e-01s  min 5.705e-01s  dev 1.800e-01s
DFFT  fd32  max 8.253e-01s  avg 6.452e-01s  min 3.646e-01s  dev 1.118e-01s
DFFT  f1dz  max 3.044e-01s  avg 2.830e-01s  min 2.504e-01s  dev 6.820e-03s
DFFT fdist  max 8.951e+00s  avg 7.085e+00s  min 5.068e+00s  dev 8.845e-01s
DFFT fdfft  max 9.046e-01s  avg 8.456e-01s  min 7.550e-01s  dev 1.849e-02s
FORWARD     max 1.006e+01s  avg 1.005e+01s  min 1.003e+01s  dev 5.167e-03s

k-space:
real in [1.000000e+00,1.000000e+00] = [3ff0000000000000,3ff0000000000000]
imag in [0.000000e+00,0.000000e+00] = [0,0]

DFFT  b1dz  max 2.975e-01s  avg 2.797e-01s  min 2.589e-01s  dev 4.641e-03s
DFFT  bd23  max 8.660e-01s  avg 6.675e-01s  min 4.020e-01s  dev 1.154e-01s
DFFT  bd32  max 1.212e+00s  avg 9.639e-01s  min 4.997e-01s  dev 1.725e-01s
DFFT  b1dy  max 3.029e-01s  avg 2.835e-01s  min 2.531e-01s  dev 6.276e-03s
DFFT  bd23  max 1.254e+00s  avg 9.875e-01s  min 5.857e-01s  dev 1.811e-01s
DFFT  bd32  max 2.849e+00s  avg 2.231e+00s  min 1.404e+00s  dev 3.982e-01s
DFFT  b1dx  max 2.985e-01s  avg 2.799e-01s  min 2.568e-01s  dev 4.499e-03s
DFFT  bd23  max 3.037e+00s  avg 2.360e+00s  min 1.481e+00s  dev 4.170e-01s
DFFT bdist  max 9.044e+00s  avg 7.210e+00s  min 5.098e+00s  dev 8.697e-01s
DFFT bdfft  max 8.990e-01s  avg 8.430e-01s  min 7.688e-01s  dev 1.491e-02s
BACKWARD    max 1.012e+01s  avg 1.012e+01s  min 1.012e+01s  dev 4.440e-06s

r-space:
a[0,0,0] = (8589934592.000000,0.000000) = (4200000000000000,0)
real in [0.000000e+00,0.000000e+00] = [0,0]
imag in [0.000000e+00,0.000000e+00] = [0,0]


TESTING f

DFFT  fd32  max 2.900e+00s  avg 2.250e+00s  min 1.372e+00s  dev 3.989e-01s
DFFT  f1dx  max 3.026e-01s  avg 2.830e-01s  min 2.493e-01s  dev 6.875e-03s
DFFT  fd23  max 2.951e+00s  avg 2.284e+00s  min 1.410e+00s  dev 4.137e-01s
DFFT  fd32  max 1.226e+00s  avg 9.637e-01s  min 5.616e-01s  dev 1.716e-01s
DFFT  f1dy  max 2.974e-01s  avg 2.798e-01s  min 2.540e-01s  dev 5.157e-03s
DFFT  fd23  max 1.250e+00s  avg 9.845e-01s  min 5.801e-01s  dev 1.803e-01s
DFFT  fd32  max 8.171e-01s  avg 6.466e-01s  min 3.638e-01s  dev 1.106e-01s
DFFT  f1dz  max 3.048e-01s  avg 2.830e-01s  min 2.507e-01s  dev 6.774e-03s
DFFT fdist  max 8.801e+00s  avg 7.129e+00s  min 5.052e+00s  dev 8.498e-01s
DFFT fdfft  max 9.048e-01s  avg 8.458e-01s  min 7.549e-01s  dev 1.846e-02s
FORWARD     max 1.006e+01s  avg 1.005e+01s  min 1.003e+01s  dev 5.245e-03s

k-space:
real in [1.000000e+00,1.000000e+00] = [3ff0000000000000,3ff0000000000000]
imag in [0.000000e+00,0.000000e+00] = [0,0]

DFFT  b1dz  max 2.974e-01s  avg 2.796e-01s  min 2.591e-01s  dev 4.688e-03s
DFFT  bd23  max 8.719e-01s  avg 6.662e-01s  min 3.870e-01s  dev 1.175e-01s
DFFT  bd32  max 1.217e+00s  avg 9.581e-01s  min 5.324e-01s  dev 1.739e-01s
DFFT  b1dy  max 3.026e-01s  avg 2.836e-01s  min 2.533e-01s  dev 6.251e-03s
DFFT  bd23  max 1.263e+00s  avg 9.870e-01s  min 5.576e-01s  dev 1.812e-01s
DFFT  bd32  max 2.921e+00s  avg 2.306e+00s  min 1.472e+00s  dev 4.116e-01s
DFFT  b1dx  max 2.990e-01s  avg 2.798e-01s  min 2.568e-01s  dev 4.505e-03s
DFFT  bd23  max 3.078e+00s  avg 2.415e+00s  min 1.595e+00s  dev 4.083e-01s
DFFT bdist  max 9.100e+00s  avg 7.333e+00s  min 5.225e+00s  dev 8.534e-01s
DFFT bdfft  max 8.989e-01s  avg 8.430e-01s  min 7.692e-01s  dev 1.490e-02s
BACKWARD    max 1.025e+01s  avg 1.025e+01s  min 1.025e+01s  dev 8.079e-06s

r-space:
a[0,0,0] = (8589934592.000000,0.000000) = (4200000000000000,0)
real in [0.000000e+00,0.000000e+00] = [0,0]
imag in [0.000000e+00,0.000000e+00] = [0,0]


TESTING 10

DFFT  fd32  max 2.873e+00s  avg 2.209e+00s  min 1.289e+00s  dev 4.243e-01s
DFFT  f1dx  max 3.020e-01s  avg 2.830e-01s  min 2.494e-01s  dev 6.855e-03s
DFFT  fd23  max 3.124e+00s  avg 2.446e+00s  min 1.611e+00s  dev 4.184e-01s
DFFT  fd32  max 1.206e+00s  avg 9.597e-01s  min 5.472e-01s  dev 1.743e-01s
DFFT  f1dy  max 2.980e-01s  avg 2.797e-01s  min 2.537e-01s  dev 5.187e-03s
DFFT  fd23  max 1.244e+00s  avg 9.866e-01s  min 5.586e-01s  dev 1.796e-01s
DFFT  fd32  max 8.094e-01s  avg 6.457e-01s  min 3.640e-01s  dev 1.112e-01s
DFFT  f1dz  max 3.045e-01s  avg 2.830e-01s  min 2.507e-01s  dev 6.794e-03s
DFFT fdist  max 9.065e+00s  avg 7.247e+00s  min 5.035e+00s  dev 8.897e-01s
DFFT fdfft  max 9.045e-01s  avg 8.457e-01s  min 7.551e-01s  dev 1.849e-02s
FORWARD     max 1.017e+01s  avg 1.016e+01s  min 1.014e+01s  dev 5.360e-03s

k-space:
real in [1.000000e+00,1.000000e+00] = [3ff0000000000000,3ff0000000000000]
imag in [0.000000e+00,0.000000e+00] = [0,0]

DFFT  b1dz  max 2.978e-01s  avg 2.797e-01s  min 2.586e-01s  dev 4.703e-03s
DFFT  bd23  max 8.729e-01s  avg 6.685e-01s  min 3.864e-01s  dev 1.159e-01s
DFFT  bd32  max 1.208e+00s  avg 9.610e-01s  min 5.272e-01s  dev 1.703e-01s
DFFT  b1dy  max 3.026e-01s  avg 2.835e-01s  min 2.537e-01s  dev 6.227e-03s
DFFT  bd23  max 1.254e+00s  avg 9.887e-01s  min 5.732e-01s  dev 1.814e-01s
DFFT  bd32  max 2.906e+00s  avg 2.316e+00s  min 1.465e+00s  dev 4.052e-01s
DFFT  b1dx  max 2.995e-01s  avg 2.799e-01s  min 2.562e-01s  dev 4.525e-03s
DFFT  bd23  max 3.042e+00s  avg 2.359e+00s  min 1.508e+00s  dev 4.215e-01s
DFFT bdist  max 9.018e+00s  avg 7.293e+00s  min 5.144e+00s  dev 8.738e-01s
DFFT bdfft  max 8.999e-01s  avg 8.431e-01s  min 7.685e-01s  dev 1.493e-02s
BACKWARD    max 1.018e+01s  avg 1.018e+01s  min 1.018e+01s  dev 1.183e-05s

r-space:
a[0,0,0] = (8589934592.000000,0.000000) = (4200000000000000,0)
real in [0.000000e+00,0.000000e+00] = [0,0]
imag in [0.000000e+00,0.000000e+00] = [0,0]


TESTING 11

DFFT  fd32  max 2.883e+00s  avg 2.218e+00s  min 1.243e+00s  dev 4.180e-01s
DFFT  f1dx  max 3.020e-01s  avg 2.828e-01s  min 2.489e-01s  dev 6.869e-03s
DFFT  fd23  max 3.122e+00s  avg 2.436e+00s  min 1.586e+00s  dev 4.104e-01s
DFFT  fd32  max 1.206e+00s  avg 9.635e-01s  min 5.417e-01s  dev 1.720e-01s
DFFT  f1dy  max 2.982e-01s  avg 2.798e-01s  min 2.544e-01s  dev 5.164e-03s
DFFT  fd23  max 1.249e+00s  avg 9.858e-01s  min 5.772e-01s  dev 1.786e-01s
DFFT  fd32  max 8.088e-01s  avg 6.452e-01s  min 3.635e-01s  dev 1.105e-01s
DFFT  f1dz  max 3.048e-01s  avg 2.829e-01s  min 2.505e-01s  dev 6.820e-03s
DFFT fdist  max 9.111e+00s  avg 7.248e+00s  min 5.034e+00s  dev 8.671e-01s
DFFT fdfft  max 9.050e-01s  avg 8.456e-01s  min 7.543e-01s  dev 1.851e-02s
FORWARD     max 1.018e+01s  avg 1.018e+01s  min 1.016e+01s  dev 5.178e-03s

k-space:
real in [1.000000e+00,1.000000e+00] = [3ff0000000000000,3ff0000000000000]
imag in [0.000000e+00,0.000000e+00] = [0,0]

DFFT  b1dz  max 2.975e-01s  avg 2.797e-01s  min 2.590e-01s  dev 4.636e-03s
DFFT  bd23  max 8.686e-01s  avg 6.676e-01s  min 3.915e-01s  dev 1.154e-01s
DFFT  bd32  max 1.209e+00s  avg 9.580e-01s  min 5.398e-01s  dev 1.726e-01s
DFFT  b1dy  max 3.030e-01s  avg 2.836e-01s  min 2.531e-01s  dev 6.259e-03s
DFFT  bd23  max 1.250e+00s  avg 9.852e-01s  min 5.778e-01s  dev 1.814e-01s
DFFT  bd32  max 2.879e+00s  avg 2.235e+00s  min 1.383e+00s  dev 4.050e-01s
DFFT  b1dx  max 2.988e-01s  avg 2.799e-01s  min 2.569e-01s  dev 4.489e-03s
DFFT  bd23  max 2.952e+00s  avg 2.287e+00s  min 1.446e+00s  dev 4.045e-01s
DFFT bdist  max 8.993e+00s  avg 7.133e+00s  min 5.073e+00s  dev 8.611e-01s
DFFT bdfft  max 8.993e-01s  avg 8.432e-01s  min 7.691e-01s  dev 1.486e-02s
BACKWARD    max 1.006e+01s  avg 1.006e+01s  min 1.006e+01s  dev 1.338e-05s

r-space:
a[0,0,0] = (8589934592.000000,0.000000) = (4200000000000000,0)
real in [0.000000e+00,0.000000e+00] = [0,0]
imag in [0.000000e+00,0.000000e+00] = [0,0]


TESTING 12

DFFT  fd32  max 2.921e+00s  avg 2.259e+00s  min 1.381e+00s  dev 4.037e-01s
DFFT  f1dx  max 3.026e-01s  avg 2.830e-01s  min 2.493e-01s  dev 6.860e-03s
DFFT  fd23  max 3.081e+00s  avg 2.417e+00s  min 1.556e+00s  dev 4.189e-01s
DFFT  fd32  max 1.217e+00s  avg 9.631e-01s  min 5.554e-01s  dev 1.720e-01s
DFFT  f1dy  max 2.972e-01s  avg 2.798e-01s  min 2.544e-01s  dev 5.186e-03s
DFFT  fd23  max 1.254e+00s  avg 9.869e-01s  min 5.510e-01s  dev 1.800e-01s
DFFT  fd32  max 8.146e-01s  avg 6.451e-01s  min 3.586e-01s  dev 1.123e-01s
DFFT  f1dz  max 3.048e-01s  avg 2.830e-01s  min 2.507e-01s  dev 6.856e-03s
DFFT fdist  max 8.980e+00s  avg 7.271e+00s  min 5.225e+00s  dev 8.653e-01s
DFFT fdfft  max 9.045e-01s  avg 8.458e-01s  min 7.555e-01s  dev 1.857e-02s
FORWARD     max 1.020e+01s  avg 1.020e+01s  min 1.018e+01s  dev 5.094e-03s

k-space:
real in [1.000000e+00,1.000000e+00] = [3ff0000000000000,3ff0000000000000]
imag in [0.000000e+00,0.000000e+00] = [0,0]

DFFT  b1dz  max 2.974e-01s  avg 2.797e-01s  min 2.593e-01s  dev 4.701e-03s
DFFT  bd23  max 8.482e-01s  avg 6.657e-01s  min 3.670e-01s  dev 1.160e-01s
DFFT  bd32  max 1.209e+00s  avg 9.600e-01s  min 5.446e-01s  dev 1.725e-01s
DFFT  b1dy  max 3.026e-01s  avg 2.837e-01s  min 2.533e-01s  dev 6.285e-03s
DFFT  bd23  max 1.257e+00s  avg 9.872e-01s  min 5.796e-01s  dev 1.814e-01s
DFFT  bd32  max 2.989e+00s  avg 2.344e+00s  min 1.440e+00s  dev 4.204e-01s
DFFT  b1dx  max 2.991e-01s  avg 2.798e-01s  min 2.568e-01s  dev 4.542e-03s
DFFT  bd23  max 2.985e+00s  avg 2.273e+00s  min 1.398e+00s  dev 4.445e-01s
DFFT bdist  max 9.098e+00s  avg 7.230e+00s  min 5.107e+00s  dev 9.114e-01s
DFFT bdfft  max 8.991e-01s  avg 8.432e-01s  min 7.694e-01s  dev 1.499e-02s
BACKWARD    max 1.019e+01s  avg 1.019e+01s  min 1.019e+01s  dev 5.960e-06s

r-space:
a[0,0,0] = (8589934592.000000,0.000000) = (4200000000000000,0)
real in [0.000000e+00,0.000000e+00] = [0,0]
imag in [0.000000e+00,0.000000e+00] = [0,0]


TESTING 13

DFFT  fd32  max 2.937e+00s  avg 2.281e+00s  min 1.335e+00s  dev 4.000e-01s
DFFT  f1dx  max 3.022e-01s  avg 2.830e-01s  min 2.494e-01s  dev 6.834e-03s
DFFT  fd23  max 2.977e+00s  avg 2.303e+00s  min 1.447e+00s  dev 4.082e-01s
DFFT  fd32  max 1.210e+00s  avg 9.634e-01s  min 5.368e-01s  dev 1.728e-01s
DFFT  f1dy  max 2.980e-01s  avg 2.798e-01s  min 2.543e-01s  dev 5.224e-03s
DFFT  fd23  max 1.253e+00s  avg 9.855e-01s  min 5.588e-01s  dev 1.805e-01s
DFFT  fd32  max 8.255e-01s  avg 6.454e-01s  min 3.643e-01s  dev 1.118e-01s
DFFT  f1dz  max 3.046e-01s  avg 2.831e-01s  min 2.507e-01s  dev 6.833e-03s
DFFT fdist  max 8.904e+00s  avg 7.178e+00s  min 5.145e+00s  dev 8.478e-01s
DFFT fdfft  max 9.048e-01s  avg 8.459e-01s  min 7.548e-01s  dev 1.854e-02s
FORWARD     max 1.012e+01s  avg 1.011e+01s  min 1.009e+01s  dev 5.248e-03s

k-space:
real in [1.000000e+00,1.000000e+00] = [3ff0000000000000,3ff0000000000000]
imag in [0.000000e+00,0.000000e+00] = [0,0]

DFFT  b1dz  max 2.981e-01s  avg 2.797e-01s  min 2.589e-01s  dev 4.702e-03s
DFFT  bd23  max 8.700e-01s  avg 6.674e-01s  min 3.913e-01s  dev 1.173e-01s
DFFT  bd32  max 1.238e+00s  avg 9.674e-01s  min 5.514e-01s  dev 1.706e-01s
DFFT  b1dy  max 3.029e-01s  avg 2.836e-01s  min 2.538e-01s  dev 6.256e-03s
DFFT  bd23  max 1.258e+00s  avg 9.906e-01s  min 5.854e-01s  dev 1.813e-01s
DFFT  bd32  max 2.931e+00s  avg 2.294e+00s  min 1.436e+00s  dev 4.169e-01s
DFFT  b1dx  max 2.996e-01s  avg 2.799e-01s  min 2.566e-01s  dev 4.536e-03s
DFFT  bd23  max 3.063e+00s  avg 2.379e+00s  min 1.478e+00s  dev 4.129e-01s
DFFT bdist  max 9.110e+00s  avg 7.299e+00s  min 5.237e+00s  dev 8.902e-01s
DFFT bdfft  max 9.006e-01s  avg 8.433e-01s  min 7.692e-01s  dev 1.496e-02s
BACKWARD    max 1.026e+01s  avg 1.026e+01s  min 1.026e+01s  dev 1.461e-05s

r-space:
a[0,0,0] = (8589934592.000000,0.000000) = (4200000000000000,0)
real in [0.000000e+00,0.000000e+00] = [0,0]
imag in [0.000000e+00,0.000000e+00] = [0,0]


TESTING 14

DFFT  fd32  max 2.904e+00s  avg 2.224e+00s  min 1.283e+00s  dev 4.238e-01s
DFFT  f1dx  max 3.021e-01s  avg 2.830e-01s  min 2.494e-01s  dev 6.858e-03s
DFFT  fd23  max 3.078e+00s  avg 2.382e+00s  min 1.531e+00s  dev 4.161e-01s
DFFT  fd32  max 1.207e+00s  avg 9.622e-01s  min 5.373e-01s  dev 1.727e-01s
DFFT  f1dy  max 2.983e-01s  avg 2.798e-01s  min 2.540e-01s  dev 5.217e-03s
DFFT  fd23  max 1.257e+00s  avg 9.858e-01s  min 5.735e-01s  dev 1.797e-01s
DFFT  fd32  max 8.090e-01s  avg 6.439e-01s  min 3.637e-01s  dev 1.120e-01s
DFFT  f1dz  max 3.046e-01s  avg 2.830e-01s  min 2.505e-01s  dev 6.853e-03s
DFFT fdist  max 8.975e+00s  avg 7.198e+00s  min 5.136e+00s  dev 8.737e-01s
DFFT fdfft  max 9.050e-01s  avg 8.458e-01s  min 7.550e-01s  dev 1.857e-02s
FORWARD     max 1.017e+01s  avg 1.016e+01s  min 1.014e+01s  dev 5.307e-03s

k-space:
real in [1.000000e+00,1.000000e+00] = [3ff0000000000000,3ff0000000000000]
imag in [0.000000e+00,0.000000e+00] = [0,0]

DFFT  b1dz  max 2.972e-01s  avg 2.798e-01s  min 2.587e-01s  dev 4.645e-03s
DFFT  bd23  max 8.673e-01s  avg 6.677e-01s  min 3.783e-01s  dev 1.163e-01s
DFFT  bd32  max 1.225e+00s  avg 9.643e-01s  min 5.321e-01s  dev 1.732e-01s
DFFT  b1dy  max 3.030e-01s  avg 2.835e-01s  min 2.533e-01s  dev 6.279e-03s
DFFT  bd23  max 1.270e+00s  avg 9.913e-01s  min 5.672e-01s  dev 1.823e-01s
DFFT  bd32  max 2.902e+00s  avg 2.259e+00s  min 1.394e+00s  dev 4.044e-01s
DFFT  b1dx  max 2.988e-01s  avg 2.800e-01s  min 2.567e-01s  dev 4.529e-03s
DFFT  bd23  max 2.949e+00s  avg 2.286e+00s  min 1.457e+00s  dev 4.106e-01s
DFFT bdist  max 8.977e+00s  avg 7.168e+00s  min 5.139e+00s  dev 8.633e-01s
DFFT bdfft  max 8.990e-01s  avg 8.433e-01s  min 7.687e-01s  dev 1.491e-02s
BACKWARD    max 1.011e+01s  avg 1.011e+01s  min 1.011e+01s  dev 1.150e-05s

r-space:
a[0,0,0] = (8589934592.000000,0.000000) = (4200000000000000,0)
real in [0.000000e+00,0.000000e+00] = [0,0]
imag in [0.000000e+00,0.000000e+00] = [0,0]


TESTING 15

DFFT  fd32  max 2.855e+00s  avg 2.211e+00s  min 1.311e+00s  dev 4.146e-01s
DFFT  f1dx  max 3.027e-01s  avg 2.829e-01s  min 2.494e-01s  dev 6.821e-03s
DFFT  fd23  max 3.136e+00s  avg 2.447e+00s  min 1.620e+00s  dev 4.211e-01s
DFFT  fd32  max 1.214e+00s  avg 9.620e-01s  min 5.725e-01s  dev 1.710e-01s
DFFT  f1dy  max 2.979e-01s  avg 2.799e-01s  min 2.545e-01s  dev 5.218e-03s
DFFT  fd23  max 1.259e+00s  avg 9.898e-01s  min 5.691e-01s  dev 1.794e-01s
DFFT  fd32  max 8.079e-01s  avg 6.457e-01s  min 3.652e-01s  dev 1.103e-01s
DFFT  f1dz  max 3.051e-01s  avg 2.830e-01s  min 2.506e-01s  dev 6.861e-03s
DFFT fdist  max 9.018e+00s  avg 7.255e+00s  min 5.178e+00s  dev 8.827e-01s
DFFT fdfft  max 9.057e-01s  avg 8.457e-01s  min 7.550e-01s  dev 1.857e-02s
FORWARD     max 1.019e+01s  avg 1.018e+01s  min 1.016e+01s  dev 5.266e-03s

k-space:
real in [1.000000e+00,1.000000e+00] = [3ff0000000000000,3ff0000000000000]
imag in [0.000000e+00,0.000000e+00] = [0,0]

DFFT  b1dz  max 2.972e-01s  avg 2.796e-01s  min 2.591e-01s  dev 4.647e-03s
DFFT  bd23  max 8.718e-01s  avg 6.661e-01s  min 3.765e-01s  dev 1.171e-01s
DFFT  bd32  max 1.219e+00s  avg 9.622e-01s  min 5.419e-01s  dev 1.726e-01s
DFFT  b1dy  max 3.031e-01s  avg 2.836e-01s  min 2.530e-01s  dev 6.258e-03s
DFFT  bd23  max 1.257e+00s  avg 9.894e-01s  min 5.662e-01s  dev 1.815e-01s
DFFT  bd32  max 2.971e+00s  avg 2.296e+00s  min 1.399e+00s  dev 4.066e-01s
DFFT  b1dx  max 2.990e-01s  avg 2.799e-01s  min 2.569e-01s  dev 4.527e-03s
DFFT  bd23  max 2.960e+00s  avg 2.287e+00s  min 1.464e+00s  dev 4.090e-01s
DFFT bdist  max 8.966e+00s  avg 7.201e+00s  min 5.181e+00s  dev 8.739e-01s
DFFT bdfft  max 8.992e-01s  avg 8.431e-01s  min 7.691e-01s  dev 1.493e-02s
BACKWARD    max 1.018e+01s  avg 1.018e+01s  min 1.018e+01s  dev 9.842e-06s

r-space:
a[0,0,0] = (8589934592.000000,0.000000) = (4200000000000000,0)
real in [0.000000e+00,0.000000e+00] = [0,0]
imag in [0.000000e+00,0.000000e+00] = [0,0]


TESTING 16

DFFT  fd32  max 2.933e+00s  avg 2.252e+00s  min 1.392e+00s  dev 4.150e-01s
DFFT  f1dx  max 3.020e-01s  avg 2.829e-01s  min 2.496e-01s  dev 6.866e-03s
DFFT  fd23  max 3.106e+00s  avg 2.427e+00s  min 1.567e+00s  dev 4.204e-01s
DFFT  fd32  max 1.207e+00s  avg 9.622e-01s  min 5.314e-01s  dev 1.739e-01s
DFFT  f1dy  max 2.976e-01s  avg 2.798e-01s  min 2.537e-01s  dev 5.207e-03s
DFFT  fd23  max 1.255e+00s  avg 9.859e-01s  min 5.674e-01s  dev 1.810e-01s
DFFT  fd32  max 8.102e-01s  avg 6.441e-01s  min 3.652e-01s  dev 1.116e-01s
DFFT  f1dz  max 3.049e-01s  avg 2.830e-01s  min 2.508e-01s  dev 6.835e-03s
DFFT fdist  max 9.044e+00s  avg 7.271e+00s  min 5.026e+00s  dev 8.779e-01s
DFFT fdfft  max 9.045e-01s  avg 8.457e-01s  min 7.557e-01s  dev 1.859e-02s
FORWARD     max 1.023e+01s  avg 1.022e+01s  min 1.020e+01s  dev 5.222e-03s

k-space:
real in [1.000000e+00,1.000000e+00] = [3ff0000000000000,3ff0000000000000]
imag in [0.000000e+00,0.000000e+00] = [0,0]

DFFT  b1dz  max 2.972e-01s  avg 2.796e-01s  min 2.593e-01s  dev 4.655e-03s
DFFT  bd23  max 8.730e-01s  avg 6.707e-01s  min 3.833e-01s  dev 1.177e-01s
DFFT  bd32  max 1.222e+00s  avg 9.652e-01s  min 5.375e-01s  dev 1.722e-01s
DFFT  b1dy  max 3.030e-01s  avg 2.837e-01s  min 2.533e-01s  dev 6.273e-03s
DFFT  bd23  max 1.256e+00s  avg 9.896e-01s  min 5.716e-01s  dev 1.807e-01s
DFFT  bd32  max 2.824e+00s  avg 2.202e+00s  min 1.372e+00s  dev 4.045e-01s
DFFT  b1dx  max 2.991e-01s  avg 2.798e-01s  min 2.564e-01s  dev 4.507e-03s
DFFT  bd23  max 2.987e+00s  avg 2.308e+00s  min 1.413e+00s  dev 4.143e-01s
DFFT bdist  max 8.890e+00s  avg 7.136e+00s  min 5.042e+00s  dev 8.739e-01s
DFFT bdfft  max 8.993e-01s  avg 8.431e-01s  min 7.690e-01s  dev 1.492e-02s
BACKWARD    max 1.006e+01s  avg 1.006e+01s  min 1.006e+01s  dev 4.839e-06s

r-space:
a[0,0,0] = (8589934592.000000,0.000000) = (4200000000000000,0)
real in [0.000000e+00,0.000000e+00] = [0,0]
imag in [0.000000e+00,0.000000e+00] = [0,0]


TESTING 17

DFFT  fd32  max 2.899e+00s  avg 2.219e+00s  min 1.275e+00s  dev 4.273e-01s
DFFT  f1dx  max 3.026e-01s  avg 2.829e-01s  min 2.491e-01s  dev 6.856e-03s
DFFT  fd23  max 3.086e+00s  avg 2.352e+00s  min 1.477e+00s  dev 4.221e-01s
DFFT  fd32  max 1.206e+00s  avg 9.609e-01s  min 5.723e-01s  dev 1.727e-01s
DFFT  f1dy  max 2.981e-01s  avg 2.798e-01s  min 2.539e-01s  dev 5.187e-03s
DFFT  fd23  max 1.251e+00s  avg 9.880e-01s  min 5.567e-01s  dev 1.802e-01s
DFFT  fd32  max 8.238e-01s  avg 6.460e-01s  min 3.684e-01s  dev 1.118e-01s
DFFT  f1dz  max 3.048e-01s  avg 2.830e-01s  min 2.503e-01s  dev 6.872e-03s
DFFT fdist  max 9.132e+00s  avg 7.166e+00s  min 5.075e+00s  dev 9.091e-01s
DFFT fdfft  max 9.055e-01s  avg 8.457e-01s  min 7.546e-01s  dev 1.857e-02s
FORWARD     max 1.018e+01s  avg 1.018e+01s  min 1.015e+01s  dev 5.508e-03s

k-space:
real in [1.000000e+00,1.000000e+00] = [3ff0000000000000,3ff0000000000000]
imag in [0.000000e+00,0.000000e+00] = [0,0]

DFFT  b1dz  max 2.974e-01s  avg 2.796e-01s  min 2.587e-01s  dev 4.681e-03s
DFFT  bd23  max 8.704e-01s  avg 6.682e-01s  min 3.855e-01s  dev 1.164e-01s
DFFT  bd32  max 1.215e+00s  avg 9.628e-01s  min 5.483e-01s  dev 1.717e-01s
DFFT  b1dy  max 3.030e-01s  avg 2.835e-01s  min 2.534e-01s  dev 6.248e-03s
DFFT  bd23  max 1.251e+00s  avg 9.886e-01s  min 5.586e-01s  dev 1.786e-01s
DFFT  bd32  max 2.970e+00s  avg 2.299e+00s  min 1.442e+00s  dev 4.014e-01s
DFFT  b1dx  max 2.989e-01s  avg 2.798e-01s  min 2.563e-01s  dev 4.468e-03s
DFFT  bd23  max 3.068e+00s  avg 2.395e+00s  min 1.533e+00s  dev 4.102e-01s
DFFT bdist  max 9.069e+00s  avg 7.314e+00s  min 5.177e+00s  dev 8.697e-01s
DFFT bdfft  max 8.993e-01s  avg 8.429e-01s  min 7.684e-01s  dev 1.489e-02s
BACKWARD    max 1.028e+01s  avg 1.028e+01s  min 1.028e+01s  dev 3.789e-06s

r-space:
a[0,0,0] = (8589934592.000000,0.000000) = (4200000000000000,0)
real in [0.000000e+00,0.000000e+00] = [0,0]
imag in [0.000000e+00,0.000000e+00] = [0,0]


TESTING 18

DFFT  fd32  max 2.870e+00s  avg 2.217e+00s  min 1.304e+00s  dev 4.079e-01s
DFFT  f1dx  max 3.025e-01s  avg 2.829e-01s  min 2.492e-01s  dev 6.857e-03s
DFFT  fd23  max 3.099e+00s  avg 2.410e+00s  min 1.573e+00s  dev 4.142e-01s
DFFT  fd32  max 1.232e+00s  avg 9.605e-01s  min 5.366e-01s  dev 1.721e-01s
DFFT  f1dy  max 2.981e-01s  avg 2.798e-01s  min 2.538e-01s  dev 5.227e-03s
DFFT  fd23  max 1.258e+00s  avg 9.845e-01s  min 5.643e-01s  dev 1.811e-01s
DFFT  fd32  max 8.115e-01s  avg 6.451e-01s  min 3.639e-01s  dev 1.116e-01s
DFFT  f1dz  max 3.048e-01s  avg 2.829e-01s  min 2.504e-01s  dev 6.892e-03s
DFFT fdist  max 8.995e+00s  avg 7.217e+00s  min 5.137e+00s  dev 8.683e-01s
DFFT fdfft  max 9.054e-01s  avg 8.456e-01s  min 7.548e-01s  dev 1.862e-02s
FORWARD     max 1.019e+01s  avg 1.018e+01s  min 1.016e+01s  dev 5.160e-03s

k-space:
real in [1.000000e+00,1.000000e+00] = [3ff0000000000000,3ff0000000000000]
imag in [0.000000e+00,0.000000e+00] = [0,0]

DFFT  b1dz  max 2.975e-01s  avg 2.796e-01s  min 2.589e-01s  dev 4.654e-03s
DFFT  bd23  max 8.670e-01s  avg 6.672e-01s  min 3.882e-01s  dev 1.162e-01s
DFFT  bd32  max 1.238e+00s  avg 9.614e-01s  min 5.305e-01s  dev 1.729e-01s
DFFT  b1dy  max 3.031e-01s  avg 2.835e-01s  min 2.530e-01s  dev 6.265e-03s
DFFT  bd23  max 1.249e+00s  avg 9.876e-01s  min 5.708e-01s  dev 1.815e-01s
DFFT  bd32  max 2.859e+00s  avg 2.215e+00s  min 1.364e+00s  dev 3.984e-01s
DFFT  b1dx  max 2.985e-01s  avg 2.798e-01s  min 2.567e-01s  dev 4.501e-03s
DFFT  bd23  max 3.135e+00s  avg 2.441e+00s  min 1.587e+00s  dev 4.295e-01s
DFFT bdist  max 9.129e+00s  avg 7.272e+00s  min 5.070e+00s  dev 8.777e-01s
DFFT bdfft  max 8.990e-01s  avg 8.429e-01s  min 7.686e-01s  dev 1.493e-02s
BACKWARD    max 1.025e+01s  avg 1.025e+01s  min 1.025e+01s  dev 4.186e-06s

r-space:
a[0,0,0] = (8589934592.000000,0.000000) = (4200000000000000,0)
real in [0.000000e+00,0.000000e+00] = [0,0]
imag in [0.000000e+00,0.000000e+00] = [0,0]

The DiffOfTime = 521.611954265
