JOBID IS: 256048
# hmmbuild :: profile HMM construction from multiple sequence alignments
# HMMER 3.3.2 (Nov 2020); http://hmmer.org/
# Copyright (C) 2020 Howard Hughes Medical Institute.
# Freely distributed under the BSD open source license.
# - - - - - - - - - - - - - - - - - - - - - - - - - - - - - - - - - - - -
# input alignment file:             /projects/ovis/UCF/voltrino_run/hmmer/Pfam-A.seed
# output HMM file:                  /lscratch/ovis/darshanTest/Pfam/Pfam-A.hmm
# parallelization mode:             MPI
# - - - - - - - - - - - - - - - - - - - - - - - - - - - - - - - - - - - -

# idx name                  nseq  alen  mlen eff_nseq re/pos description
#---- -------------------- ----- ----- ----- -------- ------ -----------
17    2Fe-2S_Ferredox          2    34    34     1.55  1.597 Ferredoxin chloroplastic transit peptide
30    3-alpha                 82    46    44    28.81  1.249 3-alpha domain
31    3-dmu-9_3-mt            19   138   116     1.19  0.590 3-demethylubiquinone-9 3-methyltransferase
1     1-cysPrx_C              40    55    40    19.75  1.367 C-terminal domain of 1-Cys peroxiredoxin
2     120_Rick_ant             2   240   240     0.45  0.590 120 KDa Rickettsia surface antigen
3     12TM_1                   7   504   449     2.29  0.590 Membrane protein of 12 TMs
4     14-3-3                 149   301   222     2.48  0.590 14-3-3 protein
5     17kDa_Anti_2             6   122   115     0.98  0.589 17 kDa outer membrane surface antigen
6     2-Hacid_dh              78   363   313     9.61  0.590 D-isomer specific 2-hydroxyacid dehydrogenase, catalytic domain
7     2-Hacid_dh_C           135   258   178     3.58  0.590 D-isomer specific 2-hydroxyacid dehydrogenase, NAD binding domain
8     2-oxoacid_dh            70   299   232     3.27  0.590 2-oxoacid dehydrogenases acyltransferase (catalytic domain)
9     2-oxogl_dehyd_N        208    44    41    12.19  1.335 2-oxoglutarate dehydrogenase N-terminus
10    2-ph_phosp             125   344   226     2.99  0.590 2-phosphosulpholactate phosphatase
11    2-thiour_desulf        338   250   139     2.09  0.590 2-thiouracil desulfurase
12    23ISL                   16   169   162     1.47  0.591 Unstructured linker between I-set domains 2 and 3 on MYLCK
13    23S_rRNA_IVP           346   127   106     5.89  0.590 23S rRNA-intervening sequence protein
14    2CSK_N                 153   247   141     6.08  0.590 Two-component sensor kinase N-terminal
15    2C_adapt                18    40    35    11.71  1.551 2-cysteine adaptor domain
16    2EXR                   204   291    94     6.81  0.608 2EXR family
32    3-HAO                    4   155   151     0.61  0.589 3-hydroxyanthranilic acid dioxygenase
18    2Fe-2S_thioredx        119   198   145     2.25  0.590 Thioredoxin-like [2Fe-2S] ferredoxin
19    2H-phosphodiest         13   126   117     1.54  0.590 Domain of unknown function (DUF1868)
20    2HCT                    68   518   415     1.81  0.589 2-hydroxycarboxylate transporter family
21    2OG-FeII_Oxy           135   242   101    10.35  0.590 2OG-Fe(II) oxygenase superfamily
22    2OG-FeII_Oxy_2          36   465   192     4.21  0.590 2OG-Fe(II) oxygenase superfamily
23    2OG-FeII_Oxy_3         308   251    98     6.01  0.590 2OG-Fe(II) oxygenase superfamily
24    2OG-FeII_Oxy_4          16   119    98     1.01  0.590 2OG-Fe(II) oxygenase superfamily
25    2OG-FeII_Oxy_5          31   131   101     2.04  0.590 Putative 2OG-Fe(II) oxygenase
26    2OG-FeII_Oxy_6          42   330   211     5.93  0.590 Tet-like 2OG-Fe(II) oxygenase superfamily
27    2OG-Fe_Oxy_2            93   288   191     3.27  0.590 2OG-Fe dioxygenase
28    2TM                    123   146    79     6.17  0.717 2TM domain
29    2_5_RNA_ligase2         89   396   152    12.63  0.590 2'-5' RNA ligase superfamily
33    3-PAP                   23   152   132     2.20  0.590 Myotubularin-associated protein
34    30K_MP_core              1   138   138     0.39  0.595 Core domain of 30K viral movement proteins
35    30K_MP_C_Ter             1   242   242     0.39  0.592 C-Terminal of 30K viral movement proteins
36    3A                       8   286   237     2.58  0.590 3A/RNA2 movement protein family
37    3Beta_HSD                8   301   280     1.32  0.589 3-beta hydroxysteroid dehydrogenase/isomerase family
38    3D                      41    83    72     2.98  0.783 3D domain
39    3H                     178   111    97     2.51  0.590 3H domain
41    3HCDH                   65   109    97     4.29  0.590 3-hydroxyacyl-CoA dehydrogenase, C-terminal domain
40    3HBOH                   13   748   689     0.80  0.591 3HB-oligomer hydrolase (3HBOH) 
42    3HCDH_N                 57   209   180     2.31  0.590 3-hydroxyacyl-CoA dehydrogenase, NAD binding domain
43    3HCDH_RFF               24    75    69     4.15  0.815 3-hydroxybutyryl-CoA dehydrogenase reduced Rossmann-fold domain
44    3keto-disac_hyd        185   533   187     7.55  0.590 3-keto-disaccharide hydrolase
45    40S_S4_C                60    50    48     3.56  1.150 40S ribosomal protein S4 C-terminus
46    40S_SA_C                20   158    95     1.63  0.601 40S ribosomal protein SA C-terminus
47    4F5                     37    45    38    24.10  1.435 4F5 protein related disordered region
49    4HBT                   125    98    79    18.95  0.717 Thioesterase superfamily
48    4HB                     90    78    78     1.76  0.726 Four helical bundle domain
50    4HBT_2                  63   434   122    10.54  0.590 Thioesterase-like superfamily
52    4HB_MCP_1               39   202   181     6.57  0.590 Four helix bundle sensory module for signal transduction
51    4HBT_3                 235   606   249     9.26  0.590 Thioesterase-like superfamily
53    4HFCP_synth             53   282   228     1.94  0.590 4-HFC-P synthase
54    4HPAD_g_N                6    33    31     3.27  1.740 4-Hydroxyphenylacetate decarboxylase subunit gamma N-terminal
55    4PPT_N                  33    98    68     3.97  0.827 4'-phosphopantetheinyl transferase N-terminal domain
56    4_1_CTD                 10   115   107     0.98  0.589 4.1 protein C-terminal domain (CTD)
58    5-nucleotidase          77   334   266     1.23  0.590 5'-nucleotidase
59    53-BP1_Tudor             2   122   122     0.40  0.589 Tumour suppressor p53-binding protein-1 Tudor
60    5HT_transport_N          9    41    41     1.98  1.335 Serotonin (5-HT) neurotransmitter transporter, N-terminus
57    5-FTHF_cyc-lig          18   243   186     2.84  0.590 5-formyltetrahydrofolate cyclo-ligase family
62    5_3_exonuc             749   184    97     2.64  0.590 5'-3' exonuclease, C-terminal SAM fold
61    5TM-5TMR_LYT            59   219   169     4.11  0.590 5TMR of 5TMR-LYT
63    5_3_exonuc_N           716   428   163     2.56  0.590 5'-3' exonuclease, N-terminal resolvase-like domain
65    5_nucleotid_C           51   310   157     5.92  0.590 5'-nucleotidase, C-terminal domain
64    5_nucleotid             85   662   458     1.71  0.590 5' nucleotidase family
66    60KD_IMP               455   614   163     2.59  0.590 60Kd inner membrane protein
67    6PF2K                   11   245   223     1.20  0.591 6-phosphofructo-2-kinase
69    7kD_DNA_binding          3    59    58     0.73  0.960 7kD DNA-binding domain
68    6PGD                   328   424   290     1.81  0.590 6-phosphogluconate dehydrogenase, C-terminal domain
71    7TMR-DISMED2           205   296   136     8.30  0.590 7TMR-DISM extracellular 2
70    7TM-7TMR_HD             62   246   191     6.35  0.590 7TM receptor with intracellular HD hydrolase
72    7TMR-DISM_7TM          174   288   205    10.72  0.590 7TM diverse intracellular signalling
74    7tm_1                   63   717   256     4.37  0.590 7 transmembrane receptor (rhodopsin family)
73    7TMR-HDED              189   607   224     9.42  0.590 7TM-HD extracellular
75    7tm_2                   27   356   245     1.91  0.590 7 transmembrane receptor (Secretin family)
76    7tm_3                  616   732   248     8.50  0.590 7 transmembrane sweet-taste receptor of 3 GCPR
79    7tm_7                   75   500   370    19.26  0.590 7tm Chemosensory receptor
81    7TM_GPCR_Srab           17   343   324     1.69  0.589 Serpentine type 7TM GPCR receptor class ab chemoreceptor
82    7TM_GPCR_Srb             3   239   236     0.59  0.591 Serpentine type 7TM GPCR chemoreceptor Srb
77    7tm_4                    4   294   280     0.62  0.589 Olfactory receptor
78    7tm_6                   36   468   313     6.18  0.590 7tm Odorant receptor
80    7TM_GPCR_Sra            10   332   328     1.06  0.591 Serpentine type 7TM GPCR chemoreceptor Sra
83    7TM_GPCR_Srbc           59   308   273     2.23  0.590 Serpentine type 7TM GPCR chemoreceptor Srbc 
84    7TM_GPCR_Srd            55   325   292     3.83  0.590 Serpentine type 7TM GPCR chemoreceptor Srd
87    7TM_GPCR_Srj            35   337   310     1.29  0.591 Serpentine type 7TM GPCR chemoreceptor Srj
85    7TM_GPCR_Srh           174   348   302     4.34  0.590 Serpentine type 7TM GPCR chemoreceptor Srh
86    7TM_GPCR_Sri            51   323   303     2.51  0.590 Serpentine type 7TM GPCR chemoreceptor Sri
88    7TM_GPCR_Srsx           23   284   257     2.07  0.590 Serpentine type 7TM GPCR chemoreceptor Srsx
89    7TM_GPCR_Srt            37   329   313     1.40  0.589 Serpentine type 7TM GPCR chemoreceptor Srt
90    7TM_GPCR_Sru           109   425   305     2.86  0.590 Serpentine type 7TM GPCR chemoreceptor Sru
91    7TM_GPCR_Srv            25   321   283     2.32  0.590 Serpentine type 7TM GPCR chemoreceptor Srv
92    7TM_GPCR_Srw            85   429   319     3.68  0.590 Serpentine type 7TM GPCR chemoreceptor Srw
93    7TM_GPCR_Srx            67   294   263     3.74  0.590 Serpentine type 7TM GPCR chemoreceptor Srx
95    7TM_GPCR_Str           160   370   307     3.25  0.590 Serpentine type 7TM GPCR chemoreceptor Str
94    7TM_GPCR_Srz            54   341   265     3.03  0.590 Serpentine type 7TM GPCR chemoreceptor Srz
96    7TM_transglut           38   251   248     0.79  0.591 7 transmembrane helices usually fused to an inactive transglutaminase
97    8TM_micro                7   336   255     1.45  0.591 8TM Microsporidial transmembrane domain
98    A-2_8-polyST            22   527   321     5.72  0.590 Alpha-2,8-polysialyltransferase (POLYST)
100   A2L_zn_ribbon           12    37    33    12.00  1.474 A2L zinc ribbon domain
99    A1_Propeptide          121    28    27   121.00  1.782 A1 Propeptide 
101   A2M                     60   113    92     3.41  0.620 Alpha-2-macroglobulin family
102   A2M_BRD                527   449   135    10.90  0.590 Alpha-2-macroglobulin bait region domain
103   A2M_recep              194   130    95     4.71  0.601 A-macroglobulin receptor binding domain
104   AA9                    443   596   207     2.75  0.590 Auxiliary Activity family 9 (formerly GH61)
105   AAA                    207   253   131     5.14  0.590 ATPase family associated with various cellular activities (AAA)
106   AAA-ATPase_like         46   344   280     1.46  0.590 Predicted AAA-ATPase
107   AAA_10                  11   482   362     1.51  0.591 AAA-like domain
108   AAA_11                  44   553   256     3.84  0.590 AAA domain
109   AAA_12                  98   514   195     2.43  0.590 AAA domain
111   AAA_14                 178   259   130     4.74  0.590 AAA domain
110   AAA_13                  13  1021   714     2.59  0.590 AAA domain
112   AAA_15                  32   666   398     6.61  0.590 AAA ATPase domain
113   AAA_16                 119   402   167    15.20  0.590 AAA ATPase domain
114   AAA_17                 264   321   136     7.26  0.590 AAA domain
115   AAA_18                  53   233   128     9.89  0.590 AAA domain
116   AAA_19                  34   324   135     2.02  0.591 AAA domain
117   AAA_2                  138   257   166     3.01  0.590 AAA domain (Cdc48 subfamily)
118   AAA_21                  71   480   303    48.89  0.590 AAA domain, putative AbiEii toxin, Type IV TA system
119   AAA_22                  70   236   130     9.51  0.590 AAA domain
120   AAA_23                 182   815   201    21.73  0.590 AAA domain
121   AAA_24                  51   309   195     5.92  0.590 AAA domain
122   AAA_25                  42   293   194     7.76  0.590 AAA domain
123   AAA_26                  35   338   198     4.87  0.590 AAA domain
124   AAA_27                  47   239   207     1.71  0.590 AAA domain
125   AAA_28                  59   325   164     5.97  0.590 AAA domain
126   AAA_29                  44    69    61     2.75  0.916 P-loop containing region of AAA domain
127   AAA_3                   49   138   131     0.71  0.590 ATPase family associated with various cellular activities (AAA)
128   AAA_30                  97   334   192     3.44  0.590 AAA domain
129   AAA_31                  36   265   177     1.48  0.589 AAA domain
130   AAA_32                 176   142   133     1.60  0.590 LonB-like, AAA domain
131   AAA_33                  56   297   143     6.91  0.590 AAA domain
134   AAA_5                   33   187   139     5.27  0.590 AAA domain (dynein-related subfamily)
132   AAA_34                  62   525   303     1.34  0.590 P-loop containing NTP hydrolase pore-1
136   AAA_7                  296   199   181     2.70  0.590 P-loop containing dynein motor region
135   AAA_6                   80   352   327     1.33  0.591 Hydrolytic ATP binding site of dynein motor region
137   AAA_8                   21   301   259     1.59  0.590 P-loop containing dynein motor region D4
133   AAA_35                  60   404   331     1.48  0.591 AAA-like domain
139   AAA_assoc              135   186    95     3.67  0.601 Domain associated at C-terminal with AAA
138   AAA_9                  379   412   221     2.59  0.590 ATP-binding dynein motor region
140   AAA_assoc_2            659   141    81     3.46  0.700 AAA C-terminal domain
141   AAA_assoc_C             97   125   119     3.21  0.590 C-terminal AAA-associated domain
143   AAA_lid_10               6   114    99     0.82  0.589 AAA lid domain
142   AAA_lid_1                2   100   100     0.47  0.589 AAA+ lid domain
145   AAA_lid_2              179    89    73    12.57  0.773 AAA lid domain
144   AAA_lid_11             357   293   140     2.23  0.590 Dynein heavy chain AAA lid domain
146   AAA_lid_3              582   128    45   582.00  1.149 AAA+ lid domain
147   AAA_lid_4               90    75    74     1.25  0.762 RuvB AAA lid domain
148   AAA_lid_5               30   170   104     2.26  0.589 Midasin AAA lid domain
149   AAA_lid_6              176   104    60    14.19  0.931 AAA lid domain
150   AAA_lid_7              126   210   107     6.99  0.590 Midasin AAA lid domain
151   AAA_lid_8               28   110    72     3.33  0.782 AAA lid domain
152   AAA_lid_9              176   173   104     2.45  0.590 AAA lid domain
155   AalphaY_MDB              1   145   145     0.39  0.587 Mating type protein A alpha Y mating type dependent binding region 
154   AadA_C                   2   104   104     0.58  0.589 Aminoglycoside adenyltransferase C-terminal domain
153   AAA_PrkA                 7   376   358     0.73  0.590 PrkA AAA domain
158   AARP2CN                168   155    85     3.50  0.669 AARP2CN (NUC121) domain
156   AAL_decarboxy          139   262   219     2.04  0.590 Alpha-acetolactate decarboxylase
159   AAT                     16   306   226     4.14  0.590 Acyl-coenzyme A:6-aminopenicillanic acid acyl-transferase
157   AAR2                    96   885   356     4.02  0.590 AAR2 protein
161   AATF-Che1              174   283   136     4.91  0.590 Apoptosis antagonizing transcription factor
160   AATase                   7   548   500     1.67  0.591 Alcohol acetyltransferase
162   AA_kinase              128   459   232    13.10  0.590 Amino acid kinase family
164   AA_permease_2           46   999   428    10.00  0.590 Amino acid permease
165   AA_permease_C           38    58    51     3.37  1.086 C-terminus of AA_permease
166   AA_permease_N           11    72    70     1.62  0.804 Amino acid permease N-terminal
163   AA_permease             25   598   470     5.28  0.590 Amino acid permease
167   AA_synth                44   217   175     1.44  0.591 Amino acid synthesis
169   ABA4-like               82   218   127     3.26  0.590 ABA DEFICIENT 4-like
168   Aa_trans                23   557   410     4.63  0.590 Transmembrane amino acid transporter protein
171   ABA_GPCR                67   333   180     3.72  0.590 Abscisic acid G-protein coupled receptor 
170   ABATE                  214   323   131    12.93  0.590 Putative stress-induced transcription regulator
172   ABA_WDS                 19    78    78     1.05  0.725 ABA/WDS induced protein
173   AbbA_antirepres          5    64    63     1.16  0.888 Antirepressor AbbA
174   ABC-3                   14   268   258     1.58  0.590 ABC 3 transport family
175   ABC1                    29   301   244     2.31  0.590 ABC1 atypical kinase-like domain
176   ABC2_membrane          214   297   211    12.22  0.590 ABC-2 type transporter
177   ABC2_membrane_2         20   539   281     5.98  0.590 ABC-2 family transporter protein
180   ABC2_membrane_5         48   309   205     6.47  0.590 ABC-2 family transporter protein
178   ABC2_membrane_3        137  1133   347    24.88  0.590 ABC-2 family transporter protein
179   ABC2_membrane_4         48   308   179     4.44  0.590 ABC-2 family transporter protein
181   ABC2_membrane_6         12   250   229     2.38  0.590 ABC-2 family transporter protein
184   ABC_cobalt             102   158   121     2.66  0.590 ABC-type cobalt transport system, permease component
182   ABC2_membrane_7         41   454   409     0.72  0.590 ABC-2 type transporter
183   ABC_ATPase              30   324   283     1.27  0.590 ATPase of the ABC class
185   ABC_export              29   661   530     4.46  0.590 Putative ABC exporter
187   ABC_membrane_2          25   321   269     2.86  0.590 ABC transporter transmembrane region 2
188   ABC_membrane_3           4   237   235     0.89  0.591 ABC transporter transmembrane region
186   ABC_membrane            70   334   274    11.37  0.590 ABC transporter transmembrane region
189   ABC_N                   30   231   163     3.78  0.590 ATPase of the ABC class N-terminal
191   ABC_toxin_N             31   162   124     1.55  0.590 ABC toxin N-terminal region
190   ABC_sub_bind             5   300   293     1.34  0.590 ABC transporter substrate binding protein
192   ABC_tran                55   274   150     4.45  0.590 ABC transporter
193   ABC_transp_aux         117   681   267     6.42  0.590 ABC-type uncharacterized transport system
194   ABC_trans_aux           58   203   161     5.91  0.590 ABC-type transport auxiliary lipoprotein component
196   ABC_trans_N            363   153    89     8.01  0.640 ABC-transporter N-terminal
195   ABC_trans_CmpB         374   306   150     3.35  0.590 Putative ABC-transporter type IV
198   ABC_tran_CTD           709   101    69    10.99  0.815 ABC transporter C-terminal domain
197   ABC_tran_2               5   568   542     0.92  0.589 Putative ATP-binding cassette
199   ABC_tran_Xtn           141   115    85     5.94  0.669 ABC transporter
200   Abdominal-A              2    24    24     2.00  1.915 Homeobox protein 
201   AbfB                    91   164   139     2.07  0.590 Alpha-L-arabinofuranosidase B (ABFB) domain
202   AbfS_sensor              5    65    65     2.35  0.863 Sensor histidine kinase (AbfS) sensor domain
203   ABG_transport            9   518   502     0.85  0.592 AbgT putative transporter family
204   ABHD18                   8   541   352     1.15  0.591 Alpha/beta hydrolase domain containing 18 
205   Abhydrolase_1           48   454   245    19.51  0.590 alpha/beta hydrolase fold
207   Abhydrolase_11          39   255   194     1.61  0.591 Alpha/beta hydrolase domain
206   Abhydrolase_10         127  1143   422     3.71  0.590 Alpha/beta hydrolase domain
208   Abhydrolase_2           10   243   217     2.27  0.590 Phospholipase/Carboxylesterase
209   Abhydrolase_3           93   362   210     4.09  0.590 alpha/beta hydrolase fold
210   Abhydrolase_4           32   140   103     3.10  0.590 TAP-like protein
211   Abhydrolase_5            6   173   164     0.81  0.590 Alpha/beta hydrolase family
212   Abhydrolase_6          391  1096   219   391.00  0.582 Alpha/beta hydrolase family
214   Abhydrolase_8            5   197   178     1.07  0.590 Alpha/beta hydrolase
213   Abhydrolase_7            8   394   388     0.61  0.588 Abhydrolase family
215   Abhydrolase_9           65   338   288     1.22  0.590 Alpha/beta-hydrolase family
216   Abhydrolase_9_N         81   248   209     3.10  0.590 Alpha/beta-hydrolase family N-terminus
217   Abhydro_lipase          55   105    63     3.94  0.889 Partial alpha/beta-hydrolase lipase region
218   AbiEii                 168   419   238    20.31  0.590 Nucleotidyl transferase AbiEii toxin, Type IV TA system
220   AbiEi_2                  8   188   143     1.58  0.590 Transcriptional regulator, AbiEi antitoxin, Type IV TA system
223   AbiEi_4                 75    70    49    75.00  1.088 Transcriptional regulator, AbiEi antitoxin
221   AbiEi_3                 17   170   159     2.02  0.590 Transcriptional regulator, AbiEi antitoxin, Type IV TA system
224   AbiGi                    4   241   185     1.19  0.589 Putative abortive phage resistance protein AbiGi, antitoxin
219   AbiEi_1                  7   172   143     1.61  0.590 AbiEi antitoxin C-terminal domain
222   AbiEi_3_N               17    98    93     2.25  0.614 Transcriptional regulator, AbiEi antitoxin N-terminal domain
226   aBig_2                 204   130    89     2.52  0.640 Atrophied bacterial Ig domain
225   AbiGii_2                 4   416   397     1.20  0.590 Putative abortive phage resistance protein AbiGii toxin
228   AbiJ_NTD3               63   227   167     4.17  0.590 AbiJ N-terminal domain 3
227   AbiH                    28   606   261     2.72  0.590 Bacteriophage abortive infection AbiH
229   AbiJ_NTD4               58   289   154     8.99  0.590 AbiJ N-terminal domain 4
231   AbiTii                  56   290   187     6.75  0.590 AbiTii
230   AbiJ_NTD5               15    95    93     2.11  0.614 AbiJ N-terminal domain 5
233   Abi_alpha               25   307   194     3.73  0.590 Abortive infection alpha
234   Abi_C                   52    92    83     6.82  0.684 Abortive infection C-terminus
235   Abi_HHR                 21    85    77     1.28  0.735 Abl-interactor HHR
232   Abi_2                  136   439   181     3.89  0.590 Abi-like protein
237   ABM                     86   117    78    13.87  0.725 Antibiotic biosynthesis monooxygenase
236   AbLIM_anchor            26   561   366     2.12  0.590 Putative adherens-junction anchoring region of AbLIM
239   AbrB                   120   408   314     4.27  0.590 Transition state regulatory protein AbrB
242   Ac110_PIF               23    43    43     5.28  1.276 Per os infectivity factor AC110
240   AbrB-like               38    73    70     1.48  0.805 AbrB-like transcriptional regulator
241   AbrB_C                  11    37    37     5.89  1.472 AbrB C-terminal domain
243   Ac45-VOA1_TM           316    43    39    30.23  1.400 V0 complex accessory subunit Ac45/VOA1 transmembrane domain
244   Ac76                    15    86    83     1.07  0.683 Orf76 (Ac76)
245   Ac81                     6   201   178     1.39  0.590 Baculoviridae AC81
238   Abp2                    31   199   171     0.72  0.592 ARS binding protein 2
246   AcaB                    16   247   214     1.83  0.590 Transcriptional regulator AcaB
247   ACAS_N                 702   136    55     7.36  1.011 Acetyl-coenzyme A synthetase N-terminus
249   ACBP                   453   193    76     5.48  0.744 Acyl CoA binding protein
248   Acatn                   16   614   546     0.76  0.592 Acetyl-coenzyme A transporter 1
250   Acc5b_avian_CoV          1    82    82     0.45  0.686 Accessory protein 5b, avian coronavirus
251   ACCA                   285   190   144     1.70  0.590 Acetyl co-enzyme A carboxylase carboxyltransferase alpha subunit
253   ACC_epsilon             98    75    60     7.70  0.931 Acyl-CoA carboxylase epsilon subunit
256   ACDH_C                  98   323   284     2.39  0.590 Acyl-CoA dehydrogenase, C-terminal, bacterial type
254   ACD                      3   386   386     0.51  0.593 Actin cross-linking domain
255   ACDC                    45   193    91     5.83  0.627 AP2-coincident C-terminal
252   ACC_central            108  1128   723     2.44  0.590 Acetyl-CoA carboxylase, central region
258   AceK_regulatory         52   351   302     1.72  0.591 Isocitrate dehydrogenase kinase/phosphatase (AceK), regulatory domain
257   AceK_kinase             52   288   256     0.93  0.589 Isocitrate dehydrogenase kinase/phosphatase (AceK) kinase domain
260   AcetDehyd-dimer         90   178   138     1.24  0.591 Prokaryotic acetaldehyde dehydrogenase, dimerisation
259   Acetate_kinase           7   404   392     0.86  0.591 Acetokinase family
261   Acetone_carb_G          27   121   114     1.06  0.590 Acetone carboxylase gamma subunit
262   AcetylCoA_hydro          5   230   198     1.47  0.591 Acetyl-CoA hydrolase/transferase N-terminal domain
265   Acetyltransf_10         50   160   128     4.87  0.590 Acetyltransferase (GNAT) domain
263   AcetylCoA_hyd_C        160   216   154     2.21  0.589 Acetyl-CoA hydrolase/transferase C-terminal domain
264   Acetyltransf_1         223   269   116    26.07  0.590 Acetyltransferase (GNAT) family
267   Acetyltransf_13         95    87    69     3.68  0.815 ESCO1/2 acetyl-transferase
266   Acetyltransf_11        465   142    82     4.56  0.692 Udp N-acetylglucosamine O-acyltransferase; Domain 2
268   Acetyltransf_14          8   202   177     1.82  0.591 YopJ Serine/Threonine acetyltransferase
271   Acetyltransf_17        222   213   113     6.59  0.590 Acetyltransferase (GNAT) domain
272   Acetyltransf_18         22   134   123     2.58  0.590 Acetyltransferase (GNAT) domain
273   Acetyltransf_19         12   121   113     1.95  0.590 Acetyltransferase (GNAT) domain
269   Acetyltransf_15         10   436   210     1.91  0.590 Putative acetyl-transferase
270   Acetyltransf_16         32   215   173     1.13  0.590 GNAT acetyltransferase, Mec-17 
275   Acetyltransf_3         170   358   138     9.34  0.590 Acetyltransferase (GNAT) domain
276   Acetyltransf_4           8   197   155     2.86  0.590 Acetyltransferase (GNAT) domain
274   Acetyltransf_2          24   282   240     2.21  0.590 N-acetyltransferase
277   Acetyltransf_5         129   148   102     3.41  0.590 Acetyltransferase (GNAT) domain
279   Acetyltransf_7        1800   291    84    21.10  0.676 Acetyltransferase (GNAT) domain
278   Acetyltransf_6         123   328   143    12.02  0.590 Acetyltransferase (GNAT) domain
280   Acetyltransf_8         172   203   145     4.08  0.590 Acetyltransferase (GNAT) domain
282   Acetyltransf_CG        177   130    80     5.04  0.708 GCN5-related N-acetyl-transferase
283   AChE_tetra               8    37    35     1.98  1.553 Acetylcholinesterase tetramerisation domain
284   ACI44                    3    65    65     0.54  0.859 Metallo-carboxypeptidase inhibitor 
281   Acetyltransf_9          62   181   127     5.76  0.590 Acetyltransferase (GNAT) domain
286   Acid_PPase              32   256   169     1.79  0.590 Acid Phosphatase
287   AcMNPV_Ac109             2   418   418     0.63  0.593 Autographa californica nuclear polyhedrosis virus (AcMNPV) protein
290   AcMNPV_Orf101            2   377   377     0.66  0.589 Autographa californica nuclear polyhedrosis virus (AcMNPV), Orf101
289   AcMNPV_Ac75             14   125   122     1.15  0.591 Autographa californica nuclear polyhedrosis virus (AcMNPV), Ac75
288   AcMNPV_AC11              1   334   334     0.36  0.586 Baculovirus protein AC11
285   Acid_phosphat_B         31   354   230     2.87  0.590 HAD superfamily, subfamily IIIB (Acid phosphatase)
291   AcMNPV_Orf17            20   142   121     1.54  0.590 Autographa californica nuclear polyhedrosis virus (AcMNPV), Orf17
293   AcMNPV_P18               2   157   157     0.59  0.592 Autographa californica nuclear polyhedrosis virus (AcMNPV), P18
292   AcMNPV_Orf18            18   439   327     1.88  0.590 Autographa californica nuclear polyhedrosis virus (AcMNPV), Orf18
295   AcnX_swivel_put         96    92    80     3.29  0.708 Aconitase X swivel domain
298   Aconitase_B_N          141   200   153     1.36  0.590 Aconitate B N-terminal domain
294   AcnX                   107   590   400     2.92  0.590 Aconitase X
297   Aconitase_2_N           41   260   204     0.91  0.590 Aconitate hydratase 2 N-terminus
299   Aconitase_C             11   138   131     1.78  0.590 Aconitase C-terminal domain
301   ACP                    121    91    83     3.20  0.684 Malonate decarboxylase delta subunit (MdcD)
302   Acp26Ab                  2    90    90     0.43  0.629 Drosophila accessory gland-specific peptide 26Ab (Acp26Ab)
296   Aconitase              579   862   463     2.55  0.590 Aconitase family (aconitate hydratase)
303   ACP53EA                 12    93    90     1.57  0.633 Drosophila ACP53EA protein
300   ACOX                   234   276   181     4.40  0.590 Acyl-CoA oxidase
304   ACPS                   149   231   111    13.18  0.590 4'-phosphopantetheinyl transferase superfamily
305   ACP_PD                 114   135   105     3.05  0.590 Acyl carrier protein phosphodiesterase
306   ACP_syn_III            129   113    80     3.97  0.708 3-Oxoacyl-[acyl-carrier-protein (ACP)] synthase III
307   ACP_syn_III_C          145   102    90     4.66  0.633 3-Oxoacyl-[acyl-carrier-protein (ACP)] synthase III C terminal  
308   AcrZ                     7    48    48     1.33  1.148 Multidrug efflux pump-associated protein AcrZ
311   ACT                    128    81    66   128.00  0.800 ACT domain
310   ACS_CODH_B_C            66   249   245     0.67  0.588 ACS/CODH beta subunit C-terminal
314   ActD                    91   203   170     3.08  0.590 Alternative complex III, ActD subunit
316   ACTH_domain             19    20    19    19.00  2.692 Corticotropin ACTH domain
309   ACR_tran                15  1088  1021     1.74  0.590 AcrB/AcrD/AcrF family
315   ACTH_assoc              25    29    28    25.00  1.219 ACTH-associated domain
312   Act-Frag_cataly          7   404   282     1.51  0.589 Actin-fragmin kinase, catalytic
313   ActA                     1   633   633     0.42  0.593 ActA Protein
317   Actin                   24   708   412     2.18  0.590 Actin
324   ACT_3                   56    82    70     3.71  0.804 ACT domain
318   Actino_peptide          14    68    58     4.45  0.961 Ribosomally synthesised peptide in actinomycetes
319   Actin_micro              7   574   354     1.22  0.591 Putative actin-like family
322   Activin_recp            15   144    79     3.19  0.717 Activin types I and II receptor domain
320   Activator-TraM           4   143   142     0.57  0.591 Transcriptional activator TraM 
325   ACT_4                   95    90    80     7.65  0.708 ACT domain
327   ACT_6                   38    91    76     6.61  0.743 ACT domain
323   ACTL7A_N                14    70    65     1.27  0.864 Actin-like protein 7A N-terminus
326   ACT_5                   32    68    62     6.75  0.902 ACT domain
321   Activator_LAG-3          2   476   476     0.54  0.591 Transcriptional activator LAG-3
328   ACT_7                  128    81    65    11.59  0.862 ACT domain 
329   ACT_8                    5   142   141     0.50  0.588 ACT domain pair
330   acVLRF1                102   205   130     3.24  0.590 Actinobacteria/chloroflexi VLRF1 release factor
331   Acyl-ACP_TE              9   293   248     1.71  0.590 Acyl-ACP thioesterase
332   Acyl-CoA_dh_1           49   184   150     6.25  0.590 Acyl-CoA dehydrogenase, C-terminal domain
333   Acyl-CoA_dh_2           18   148   134     3.44  0.590 Acyl-CoA dehydrogenase, C-terminal domain
334   Acyl-CoA_dh_C          411   211   124     6.17  0.590 Acetyl-CoA dehydrogenase C-terminal like
335   Acyl-CoA_dh_M           37   147    97     4.82  0.590 Acyl-CoA dehydrogenase, middle domain
337   Acyl-CoA_ox_N          120   168   120     6.51  0.590 Acyl-coenzyme A oxidase N-terminal
338   Acyl-thio_N             16   154   131     0.79  0.591 Acyl-ATP thioesterase
336   Acyl-CoA_dh_N          666   210   113     6.35  0.590 Acyl-CoA dehydrogenase, N-terminal domain
340   AcylCoA_DH_N           215    35    32   119.96  1.689 Acyl-CoA dehydrogenase N terminal 
342   Acyltransferase         46   252   132     5.23  0.590 Acyltransferase
339   AcylCoA_dehyd_C         44   117   111     1.42  0.591 Acyl-CoA dehydrogenase C terminal
341   Acylphosphatase         43   108    85     3.70  0.669 Acylphosphatase
343   Acyltransf_2             2   266   266     0.41  0.587 Acyltransferase
344   Acyltransf_C            65   101    74     4.88  0.763 Acyltransferase C-terminus
345   Acyl_CoA_thio            9   150   132     1.98  0.590 Acyl-CoA thioesterase
346   Acyl_transf_1            8   400   319     2.03  0.589 Acyl transferase domain
347   Acyl_transf_2            4   295   294     0.49  0.593 Acyl transferase
348   Acyl_transf_3           99   706   328    28.34  0.590 Acyltransferase family
349   AC_1                    29   165   114     1.58  0.591 Autochaperone Domain Type 1
350   AC_N                     3   464   415     0.50  0.593 Adenylyl cyclase N-terminal extracellular and transmembrane region
351   AD                      91   134    90     3.60  0.633 Anticodon-binding domain
352   Ada3                    81   247   127     2.58  0.590 Histone acetyltransferases subunit 3
353   ADAM17_MPD              24    75    62     1.31  0.902 Membrane-proximal domain, switch, for ADAM17
354   ADAMTS_CR_2             76   129    69     3.34  0.815 ADAMTS cysteine-rich domain 2
355   ADAMTS_CR_3              1   115   115     0.36  0.586 ADAMTS cysteine-rich domain
357   ADAM_CR                324   214   115     1.61  0.590 ADAM cysteine-rich
356   ADAMTS_spacer1          46   142   115     2.63  0.590 ADAM-TS Spacer 1
358   Adaptin_binding         27   286    98     4.74  0.590 Alpha and gamma adaptin binding protein p34
361   Ada_Zn_binding         266    75    65     3.45  0.863 Metal binding domain of Ada
359   Adaptin_N               30   895   525     4.64  0.590 Adaptin N terminal region
360   Adap_comp_sub           46   606   259     4.71  0.590 Adaptor complexes medium subunit family
362   ADC                     71   355   238     7.22  0.590 Acetoacetate decarboxylase (ADC)
363   Adcy_cons_dom            6   114    98     1.50  0.591 Adenylate cyclase, conserved domain
364   ADD_ATRX                 8    56    56     1.14  0.993 Cysteine Rich ADD domain
365   ADD_DNMT3               19    56    56     1.41  0.993 Cysteine rich ADD domain in DNMT3
366   Adenine_deam_C         255   226   169     3.05  0.590 Adenine deaminase C-terminal domain
368   Adenosine_kin           92   160   154     0.95  0.590 Adenosine specific kinase
372   Adeno_E1B_19K           16   145   135     1.72  0.591 Adenovirus E1B 19K protein / small t-antigen
369   Adeno_100                3   600   593     0.69  0.588 Late 100kD protein
373   Adeno_E1B_55K           15   414   387     1.52  0.590 Adenovirus EB1 55K protein / large t-antigen
374   Adeno_E1B_55K_N          5    73    71     1.74  0.794 Adenovirus E1B protein N-terminus
370   Adeno_52K               17   230   201     2.67  0.590 Adenoviral protein L1 52/55-kDa
375   Adeno_E3                 4   145   126     0.57  0.588 Adenovirus E3 protein
376   Adeno_E3A                1   104   104     0.36  0.587 Adenovirus E3A
377   Adeno_E3B                1    67    67     0.51  0.835 Adenovirus E3B protein
379   Adeno_E3_15_3            1   117   117     0.39  0.586 Adenovirus 15.3kD protein in E3 region
378   Adeno_E3_14_5            1   100   100     0.36  0.590 Early E3 14.5 kDa protein
380   Adeno_E3_CR1            20   102    95     1.66  0.601 Adenovirus E3 region protein CR1
381   Adeno_E3_CR2             9    39    38     3.49  1.436 Adenovirus E3 region protein CR2
382   Adeno_E4                 1   108   108     0.36  0.584 Mastadenovirus early E4 13 kDa protein
383   Adeno_E4_34              1   145   145     0.36  0.591 Adenovirus early E4 34 kDa protein conserved region
371   Adeno_E1A                1   289   289     0.37  0.585 Early E1A protein
384   Adeno_E4_ORF3            1   113   113     0.37  0.585 Mastadenovirus E4 ORF3 protein
385   Adeno_GP19K              1   132   132     0.37  0.592 Adenovirus GP19K
394   Adeno_PVIII              3   265   216     0.81  0.588 Adenovirus hexon associated protein, protein VIII
386   Adeno_hexon              3   612   586     0.56  0.588 Hexon, adenovirus major coat protein, N-terminal domain
391   Adeno_Penton_B           4   548   461     0.62  0.593 Adenovirus penton base protein
388   Adeno_IVa2               3   386   370     0.67  0.592 Adenovirus IVa2 protein
387   Adeno_hexon_C            3   241   241     0.52  0.591 Hexon, adenovirus major coat protein, C-terminal domain
367   Adenine_glyco          449   253   177     1.72  0.589 Methyladenine glycosylase
392   Adeno_PIX                1   110   110     0.43  0.590 Adenovirus hexon-associated protein (IX)
395   Adeno_PX                 3    43    42     1.47  1.306 Adenovirus late L2 mu core protein (Protein X)
397   Adeno_terminal           4   639   548     0.82  0.588 Adenoviral DNA terminal protein
396   Adeno_shaft              8    45    44     8.00  1.242 Adenoviral fibre protein (repeat/shaft region)
390   Adeno_L433K_22K          3   236   168     0.73  0.589 Adenovirus L4-33K/L4-22K
389   Adeno_knob               1   193   193     0.40  0.591 Adenoviral fibre protein (knob domain)
393   Adeno_PV                 1   355   355     0.40  0.589 Adenovirus minor core protein PV
398   Adeno_VII                2   142   142     0.62  0.592 Adenoviral core protein VII
399   AdenylateSensor         13   157   118     0.70  0.589 Adenylate sensor of SNF1-like protein kinase
400   Adenylate_cycl          22   660   601     1.42  0.590 Adenylate cyclase, class-I
403   Adenyl_transf           50   318   279     1.90  0.590 Streptomycin adenylyltransferase
404   AdeT1_2                  4   422   392     0.56  0.592 Solute-binding protein AdeT 1/2
405   AdHead_fibreRBD          2   207   207     0.79  0.591 C-terminal head domain of the fowl adenovirus type 1 long fibre
406   Adhes-Ig_like           10   114   110     0.76  0.589 Adhesion molecule, immunoglobulin-like
407   Adhesin_Dr               6   146   139     0.90  0.589 Dr-family adhesin
408   Adhesin_E                5   127   125     0.92  0.590 Surface-adhesin protein E
409   Adhesin_P1_C             8   129   116     1.04  0.591 Mycoplasma adhesin P1, C-terminal
411   ADH_N                   66   208   109     2.78  0.590 Alcohol dehydrogenase GroES-like domain
401   Adenylsucc_synt        623   821   415     1.94  0.591 Adenylosuccinate synthetase
402   Adenyl_cycl_N           44   236   199     1.49  0.590 Adenylate cyclase NT domain
410   Adhesin_P1_N            31   139   106     3.79  0.590 Adhesin P1 N-terminal domain
412   ADH_N_2                 52   130   108     2.31  0.590 N-terminal domain of oxidoreductase
413   ADH_N_assoc             78    23    23    37.86  2.309 Alcohol dehydrogenase GroES-associated
414   adh_short               44   235   195     3.43  0.590 short chain dehydrogenase
416   ADH_zinc_N              86   237   129     7.45  0.590 Zinc-binding dehydrogenase
415   adh_short_C2           315   324   236     4.22  0.590 Enoyl-(Acyl carrier protein) reductase
417   ADH_zinc_N_2           127   217   134     8.41  0.590 Zinc-binding dehydrogenase
418   ADI                     12   414   377     2.22  0.590 Arginine deiminase
419   ADIP                    19   178   151     4.16  0.590 Afadin- and alpha -actinin-Binding
420   Adipogenin               3    79    79     0.51  0.719 Adipogenin
421   Adipokin_hormo          14    63    50     4.13  1.107 Adipokinetic hormone
423   ADK_lid                446    76    36    10.35  1.510 Adenylate kinase, active site lid
422   ADK                     21   191   186     1.10  0.590 Adenylate kinase
425   AdoHcyase              144   544   462     0.95  0.591 S-adenosyl-L-homocysteine hydrolase
426   AdoHcyase_NAD           14   164   162     0.64  0.591 S-adenosyl-L-homocysteine hydrolase, NAD binding domain
427   AdoMetDC_leader          3    51    51     0.92  1.087 S-adenosyl-l-methionine decarboxylase leader peptide
424   ADNP_N                  10   850   750     0.63  0.586 Activity-dependent neuroprotector homeobox protein N-terminal
428   AdoMet_dc              232   168   107     3.55  0.590 S-adenosylmethionine decarboxylase 
430   AdoMet_Synthase         86   436   395     0.98  0.589 S-adenosylmethionine synthetase (AdoMet synthetase)
431   ADPrib_exo_Tox          21   307   198     2.64  0.590 ADP-ribosyltransferase exoenzyme
432   ADPRTs_Tse2              5   159   155     0.99  0.588 Tse2 ADP-ribosyltransferase toxins
429   AdoMet_MTase             2   115   115     0.48  0.590 Predicted AdoMet-dependent methyltransferase
433   ADP_PFK_GK              66   635   427     3.06  0.590 ADP-specific Phosphofructokinase/Glucokinase conserved region
435   ADSL_C                 683   163    79     7.00  0.717 Adenylosuccinate lyase C-terminus
434   ADP_ribosyl_GH         641   929   287    12.95  0.590 ADP-ribosylglycohydrolase
436   ADYC                    65   372   178     2.55  0.590 ADYC domain
437   Ad_cyc_g-alpha          22    55    49     4.78  1.128 Adenylate cyclase G-alpha binding domain
438   Ad_Cy_reg                7   191   186     0.80  0.592 Adenylate cyclase regulatory domain
439   Aegerolysin             18   143   131     2.03  0.590 Aegerolysin
440   AEP1                    12   467   396     2.33  0.590 ATPase expression protein 1
441   Aerolysin                5   392   365     1.16  0.591 Aerolysin toxin
443   AF-4_C                  29   284   264     1.03  0.591 AF-4 proto-oncoprotein C-terminal region
444   AF0941-like              7   153   113     1.34  0.590 AF0941-like
445   AF2212-like             41    74    59     5.25  0.946 AF2212-like
447   AF4_int                 30    15    15    30.00  2.904 AF4 interaction motif
446   AF2331-like              3    93    91     0.64  0.626 AF2331-like
448   AfaD                     1   105   105     0.38  0.591 Enterobacteria AfaD invasin protein
449   Afaf                     8   223   198     0.75  0.590 Acrosome formation-associated factor
442   AF-4                    26   652   515     1.48  0.590 AF-4 proto-oncoprotein N-terminal region
451   Afi1                    24   230   128     2.08  0.590 Docking domain of Afi1 for Arf3 in vesicle trafficking
450   AFG1_ATPase              6   391   361     1.20  0.590 AFG1-like ATPase
452   AflR                   138   144    99     6.22  0.590 Aflatoxin regulatory protein
454   AFOR_N                 441   369   199     3.90  0.590 Aldehyde ferredoxin oxidoreductase, N-terminal domain
453   AFOR_C                 232   884   385     4.58  0.590 Aldehyde ferredoxin oxidoreductase, domains 2 & 3
458   AFT                      8   160    92     0.68  0.619 Transcription factor AFT
455   AFP                      9    12    12     9.00  2.089 Insect antifreeze protein repeat
456   AFP_2                    2    52    52     0.96  1.063 Bacterial antifreeze protein repeat
457   AfsA                    12   151   133     3.07  0.590 A-factor biosynthesis hotdog domain
459   Aft1_HRA                10   133    76     1.12  0.742 Aft1 HRA domain
463   AftA_N                  26   520   427     1.11  0.590 Arabinofuranosyltransferase N terminal
460   Aft1_HRR                42   148    69     2.37  0.816 Aft1 HRR domain
461   Aft1_OSA                26    71    57     2.11  0.978 Aft1 osmotic stress response (OSM) domain
462   AftA_C                  30   217   177     0.90  0.589 Arabinofuranosyltransferase A C terminal
464   Ag332                   25    22    21    25.00  2.377 Erythrocyte membrane-associated giant protein antigen 332 
466   Agarase_CBM             11   204   182     1.09  0.589 Agarase CBM like domain
465   AGA2                    15    62    58     2.74  0.961 A-agglutinin-binding subunit Aga2
467   Agenet                 156   112    61    15.16  0.916 Agenet domain
468   Agglutinin               2   154   154     0.62  0.591 Agglutinin domain
469   Agglutinin_C            22   126    93     2.15  0.614 Agglutinin C-terminal
470   AGH                      4   127   121     0.45  0.594 Androgenic gland hormone
471   AgI_II_C2               41   226   181     4.54  0.590 Cell surface antigen I/II C2 terminal domain
472   AGK_C                   19   270   215     0.94  0.588 Acylglycerol kinase C-terminal
473   AglB_L1                 19   133    88     1.93  0.647 Archaeal glycosylation protein B long peripheral domain
474   AGL_N                   98   132    94     5.78  0.608 Alpha-glucosidase, N-terminal
476   Agouti                  15    44    43     1.47  1.276 Agouti protein
477   Ago_hook                22   339   151     2.26  0.590 Argonaute hook
478   AGO_N                   10   146   122     0.69  0.591 Argonaute N domain
479   Ago_N_1                  8   103    95     0.71  0.602 Fungal Argonaute N-terminal domain
480   AGP                     16    37    36     3.88  1.510 Arabinogalactan peptide
475   AGOG                    15   290   248     1.54  0.589 N-glycosylase/DNA lyase
481   aGPT-Pplase1            66   409   280     2.14  0.591 alpha-glutamyl/putrescinyl thymine pyrophosphorylase clade 1
483   aGPT-Pplase3            10   286   274     1.10  0.589 Alpha-glutamyl/putrescinyl thymine pyrophosphorylase clade 3
482   aGPT-Pplase2            17   306   233     3.05  0.590 Alpha-glutamyl/putrescinyl thymine pyrophosphorylase clade 2
484   AgrB                   169   260   185     7.17  0.590 Accessory gene regulator B
485   AGRB_N                   7   221   177     0.82  0.591 Adhesion GPCR B N-terminal region
486   AgrD                     2    45    45     1.18  1.222 Staphylococcal AgrD protein
488   AGS_C                   51   184   129     2.66  0.590 Adenylyl/Guanylyl and SMODS C-terminal sensor domain
489   AGT                      1   355   355     0.38  0.589 DNA alpha-glucosyltransferase
490   AGTRAP                  12   158   148     0.91  0.591 Angiotensin II, type I receptor-associated protein (AGTRAP)
487   Agro_virD5               2   672   672     0.49  0.589 Agrobacterium VirD5 protein
493   AHH                     67   190   112     7.17  0.590 A nuclease family of the HNH/ENDO VII superfamily with conserved AHH
494   AHJR-like                7   128   123     1.04  0.590 REase_AHJR-like
491   Aha1_N                 215   265   136     4.46  0.590 Activator of Hsp90 ATPase, N-terminal
492   AHD                     42    92    61     7.18  0.916 ANC1 homology domain (AHD)
498   AHSA1                   81   199   125     6.92  0.590 Activator of Hsp90 ATPase homolog 1-like protein
495   AHL_synthase             5   392   376     0.92  0.592 Acyl homoserine lactone synthase
496   AhpC-TSA                86   220   124     5.46  0.590 AhpC/TSA family
497   AhpC-TSA_2              48   357   114     6.79  0.590 AhpC/TSA antioxidant enzyme
499   AHSP                    13   101    87     0.78  0.652 Alpha-haemoglobin stabilising protein
502   AICARFT_IMPCHas        627   671   311     1.75  0.590 AICARFT/IMPCHase bienzyme
503   AID                      5    94    90     1.61  0.633 Activation induced deaminase
500   AI-2E_transport         29   370   327     5.73  0.590 AI-2E family transporter
501   AIB                     15   362   324     1.01  0.590 Aurora kinase A and ninein interacting protein
504   AIDA                    11    64    63     3.06  0.889 Adhesin of bacterial autotransporter system, probable stalk 
505   Aida_C2                 14   166   146     1.61  0.590 Axin interactor dorsalisation-associated protein, C-terminal
506   Aida_N                  13   109   103     1.36  0.590 Aida N-terminus
507   AidB_N                  38   215   156     2.02  0.591 Adaptive response protein AidB N-terminal domain
510   AIG1                    32   255   212     1.68  0.590 AIG1 family
511   AIG2_2                  18   119    83     2.04  0.684 AIG2-like family
508   AIF-MLS                 10   199   192     0.77  0.591 Mitochondria Localisation Sequence
509   AIF_C                   29   159   130     0.79  0.591 Apoptosis-inducing factor, mitochondrion-associated, C-term
512   Ail_Lom                  2   199   199     0.43  0.587 Enterobacterial Ail/Lom protein
513   Aim19                   34   148   119     2.36  0.590 Altered inheritance of mitochondria protein 19 
517   AIM5                    97   127    60     8.82  0.931 Altered inheritance of mitochondria 5
518   AIMP2_LysRS_bd           7    51    47     1.74  1.174 AIMP2 lysyl-tRNA synthetase binding domain
514   Aim21                   12  1041   718     2.41  0.590 Altered inheritance of mitochondria protein 21 
515   AIM24                  460   528   205     5.93  0.590 Mitochondrial biogenesis AIM24
516   AIM3                    20   146    85     2.08  0.668 Altered inheritance of mitochondria protein 3
520   AIPR                    53   537   306     4.74  0.590 AIPR protein
519   AIP3                    89   677   407     1.86  0.590 Actin interacting protein 3
521   AIRC                   595   208   148     1.81  0.589 AIR carboxylase
523   AIRS_C                 122   233   156    12.83  0.590 AIR synthase related protein, C-terminal domain
526   AKAP2_C                 13   384   341     1.98  0.591 A-kinase anchor protein 2 C-terminus
524   AJAP1_PANP_C             7   228   204     0.64  0.592 AJAP1/PANP C-terminus
525   AKAP28                  25   131   121     2.08  0.590 28 kDa A-kinase anchor 
522   AIRS                  1106   289   104     5.53  0.590 AIR synthase related protein, N-terminal domain
527   AKAP7_NLS               33   414   208     3.28  0.590 AKAP7 2'5' RNA ligase-like domain
528   AKAP7_RIRII_bdg          6    59    57     1.06  0.977 PKA-RI-RII subunit binding domain of A-kinase anchor protein
529   AKAP95                   8   142   136     0.94  0.589 A-kinase anchoring protein 95 (AKAP95)
530   AKAP_110                 6   719   692     0.55  0.590 A-kinase anchor protein 110 kDa (AKAP 110)
531   AKNA                    20   104    95     2.99  0.602 AT-hook-containing transcription factor
533   AlaDh_PNT_C             68   281   214     1.97  0.590 Alanine dehydrogenase/PNT, C-terminal domain
532   ALAD                   592   444   317     1.38  0.591 Delta-aminolevulinic acid dehydratase
534   AlaDh_PNT_N            234   182   136     3.18  0.590 Alanine dehydrogenase/PNT, N-terminal domain
535   AlaE                    10   144   141     0.78  0.592 L-alanine exporter
536   Alanine_zipper          23    76    69     4.34  0.815 Alanine-zipper, major outer membrane lipoprotein
537   Ala_racemase_C         881   295   127     2.83  0.590 Alanine racemase, C-terminal domain
538   Ala_racemase_N         268   387   221     6.85  0.590 Alanine racemase, N-terminal domain
540   Alba                    81   106    66    15.88  0.850 Alba
539   Alb1                    82   164   105     4.52  0.590 Alb1
541   AlbA_2                  72   292   116     6.02  0.590 Putative DNA-binding domain
542   Albumin_I                2    35    35     1.11  1.555 Albumin I chain b
543   Albumin_I_a              1    48    48     0.69  1.149 Albumin I chain a
546   Aldedh                  89   586   462     3.52  0.590 Aldehyde dehydrogenase family
547   Aldolase                 5   196   196     0.84  0.589 KDPG and KHG aldolase
544   ALC                      2   177   177     0.73  0.591 Phage ALC protein
545   AlcCBM31                 3    94    93     0.57  0.616 Family 31 carbohydrate binding protein
549   Aldose_epim             65   402   299     7.82  0.590 Aldose 1-epimerase
548   Aldolase_II            313   424   183     6.82  0.590 Class II Aldolase and Adducin N-terminal domain
550   Aldo_ket_red            30   508   292     5.86  0.590 Aldo/keto reductase family
552   Ald_Xan_dh_C            25   118   110     2.22  0.590 Aldehyde oxidase and xanthine dehydrogenase, a/b hammerhead domain
551   Ald_deCOase             21   218   218     0.66  0.588 Long-chain fatty aldehyde decarbonylase 
553   ALF                    127    49    42    26.49  1.305 Short repeats of unknown function
554   Alfin                   25   133   127     0.73  0.589 Alfin 
555   ALG11_N                152   307   209     1.17  0.591 ALG11 mannosyltransferase N-terminus
556   Alg14                   23   256   171     1.32  0.590 Oligosaccharide biosynthesis protein Alg14 like
559   AlgF                     5   182   178     0.94  0.588 Alginate O-acetyl transferase AlgF 
557   ALG3                   137   688   358     1.18  0.590 ALG3 protein
560   Alginate_exp            14   528   394     2.78  0.590 Alginate export 
558   Alg6_Alg8              203   893   483     1.95  0.590 ALG6, ALG8 glycosyltransferase family
562   Alginate_lyase2         66   439   228     4.58  0.590 Alginate lyase
561   Alginate_lyase          54   367   273     6.36  0.590 Alginate lyase
563   ALGX                    28   304   268     2.95  0.590 SGNH hydrolase-like domain, acetyltransferase AlgX
565   AlkA_N                  44   197   118     2.19  0.590 AlkA N-terminal domain
566   ALKBH8_N                 9    42    42     4.02  1.305 Alkylated DNA repair protein alkB homolog 8, N-terminal
564   ALIX_LYPXL_bnd         174   547   295     6.38  0.590 ALIX V-shaped domain binding to HIV 
567   Alkyl_sulf_C            83   166   125     4.33  0.590 Alkyl sulfatase C-terminal
568   Alkyl_sulf_dimr        127   185   139     2.57  0.590 Alkyl sulfatase dimerisation
570   Allantoicase           292   379   150     1.79  0.591 Allantoicase repeat
569   Alk_phosphatase          9   543   423     1.16  0.590 Alkaline phosphatase
572   Allene_ox_cyc           10   182   175     0.52  0.588 Allene oxide cyclase
573   Allexi_40kDa             7   279   271     0.78  0.588 Allexivirus 40kDa protein
576   ALMS_repeat             22    48    47     3.99  1.173 Alstrom syndrome repeat
574   Alliinase_C             10   379   363     0.81  0.591 Allinase
575   ALMS_motif              14   159   133     1.39  0.591 ALMS motif
571   Allatostatin             2    11    11     2.00  1.818 Allatostatin
578   ALO                     23   391   258     2.10  0.590 D-arabinono-1,4-lactone oxidase 
577   ALMT                    15   565   471     1.64  0.589 Aluminium activated malate transporter
579   ALOG_dom                18   161   126     0.68  0.591 ALOG domain
580   Alpha-2-MRAP_C          28   252   212     1.27  0.591 Alpha-2-macroglobulin RAP, C-terminal domain 
581   Alpha-2-MRAP_N          21   130   123     1.10  0.589 Alpha-2-macroglobulin RAP, N-terminal domain
582   Alpha-amylase           18   432   334     1.98  0.590 Alpha amylase, catalytic domain
583   Alpha-amylase_C        242   185    95     8.17  0.602 Alpha amylase, C-terminal all-beta domain
586   Alpha-amyl_C2           62    95    60     2.88  0.931 Alpha-amylase C-terminal beta-sheet domain
587   Alpha-amy_C_pro          4    68    57     1.49  0.976 Alpha-amylase C-terminal
584   Alpha-amylase_N         35   148   120     2.51  0.590 Alpha amylase, N-terminal ig-like domain
585   Alpha-amyl_C             3    68    67     1.17  0.840 Alpha-amylase, C terminal
588   Alpha-E                335   629   293     4.57  0.590 A predicted alpha-helical domain with a conserved ER motif.
589   alpha-hel2               8   390   303     2.56  0.590 Alpha-helical domain 2
590   Alpha-L-AF_C           229   493   189     4.90  0.590 Alpha-L-arabinofuranosidase C-terminal domain
593   AlphaC_N2                1    71    71     0.54  0.797 AlphaC N-terminal domain 2
592   AlphaC_N                 1   106   106     0.40  0.588 Alpha C protein N terminal
591   Alpha-mann_mid          45   122    96     3.50  0.595 Alpha mannosidase middle domain
594   Alpha_adaptinC2         97   149   111    10.35  0.590 Adaptin C-terminal domain
595   Alpha_adaptin_C         18   124   113     1.48  0.589 Alpha adaptin AP2, C-terminal domain
596   Alpha_E1_glycop          2   504   504     0.45  0.592 Alphavirus E1 glycoprotein
598   Alpha_E3_glycop          3    59    59     0.88  0.947 Alphavirus E3 glycoprotein
600   Alpha_Helical           13   127   127     1.08  0.591 Alpha helical domain
599   Alpha_GJ                 5   131   126     0.68  0.590 Alphavirus glycoprotein J
597   Alpha_E2_glycop          3   409   403     0.59  0.591 Alphavirus E2 glycoprotein
601   Alpha_kinase           163   456   185     4.98  0.590 Alpha-kinase family
602   Alpha_L_fucos          101   584   351     2.16  0.590 Alpha-L-fucosidase
604   Alph_Pro_TM             65   267   228     2.78  0.590 Putative transmembrane protein (Alph_Pro_TM)
603   Alpha_TIF                3   349   343     0.68  0.590 Alpha trans-inducing protein (Alpha-TIF) 
605   ALP_N                   60   211   147     6.41  0.590 Actin like proteins N terminal domain
606   ALS2CR11                 6   443   417     0.65  0.591 Amyotrophic lateral sclerosis 2 candidate 11
607   ALS2CR8                 14   306   224     2.46  0.590 Amyotrophic lateral sclerosis 2 chromosomal region candidate gene 8
608   ALS_ss_C               592    92    74     5.42  0.763 Small subunit of acetolactate synthase
610   ALTTAQ_rpt             146    39    38    14.01  1.435 ALTTAQ repeat
613   Amastin                 73   273   157     2.83  0.590 Amastin surface glycoprotein
614   Amdase                  12   224   217     0.92  0.591 Arylmalonate decarboxylase
612   AMA-1                    4   543   477     0.72  0.590 Apical membrane antigen 1
615   Amdo_NSP                 2    54    54     1.15  1.029 Amdovirus non-structural protein 
616   Amelin                   9   449   411     0.63  0.590 Ameloblastin precursor (Amelin)
617   Amelogenin               2   179   179     0.48  0.590 Amelogenin
619   amfpi-1                  2    91    91     0.45  0.624 Fungal protease inhibitor
618   Amelotin                14   198   195     0.82  0.590 Amelotin
609   AltA1                   58   179   110     2.81  0.590 Alternaria alternata allergen 1
611   Alveol-reg_P311          6    68    67     1.37  0.838 Neuronal protein 3.1 (p311)
622   Amidase_2              523   509   130     8.25  0.590 N-acetylmuramoyl-L-alanine amidase
620   AMH_N                   16   465   390     1.95  0.591 Anti-Mullerian hormone, N terminal region
623   Amidase_3               62   380   174     4.49  0.590 N-acetylmuramoyl-L-alanine amidase
624   Amidase_5                4   147   142     0.65  0.589 Bacteriophage peptidoglycan hydrolase 
626   Amidohydro_1            57   593   345    11.16  0.590 Amidohydrolase family
621   Amidase                 32   537   446     4.07  0.590 Amidase
625   Amidase_6               30   299   161     2.37  0.590 Putative amidase domain
630   Amido_AtzD_TrzD         19   422   362     1.32  0.591 Amidohydrolase ring-opening protein (Amido_AtzD_TrzD)
627   Amidohydro_2            75   607   286    16.13  0.590 Amidohydrolase
628   Amidohydro_3            42   672   472     9.66  0.590 Amidohydrolase family
629   Amidoligase_2           21   382   245     3.76  0.590 Putative amidoligase enzyme
631   AMIN                   111   132    98     8.26  0.590 AMIN domain
632   Aminoglyc_resit          2   174   174     0.48  0.592 Aminoglycoside-2''-adenylyltransferase
634   Aminotran_1_2           48   526   361     7.14  0.590 Aminotransferase class I and II
633   Aminopep                35   395   322     1.47  0.589 Putative aminopeptidase
636   Aminotran_4             69   348   222    10.12  0.590 Amino-transferase class IV
635   Aminotran_3             13   481   403     1.97  0.591 Aminotransferase class-III
639   AmiS_UreI               46   203   166     1.77  0.590 AmiS/UreI family transporter
637   Aminotran_5             34   421   371     2.98  0.590 Aminotransferase class-V
640   Amj                     43   284   253     1.46  0.589 Alternate to MurJ
642   Ammonium_transp         25   495   399     2.79  0.590 Ammonium Transporter Family
638   Amino_oxidase           83   800   441    14.21  0.590 Flavin containing amine oxidoreductase
641   AMMECR1                330   349   167     2.69  0.590 AMMECR1
644   AMNp_N                  81   190   153     1.71  0.591 Bacterial AMP nucleoside phosphorylase N-terminus 
645   AMO                      7   239   238     0.53  0.591 Ammonia monooxygenase
646   AmoC                     9   248   245     0.62  0.589 Ammonia monooxygenase/methane monooxygenase, subunit C
647   AMOP                    25   206   143     1.21  0.590 AMOP domain
643   Amnionless              32   578   452     2.28  0.590 Amnionless
650   AMP-binding_C_2        153   150    96     2.22  0.595 AMP-binding enzyme C-terminal domain
648   AMP-binding            141   831   427     7.13  0.590 AMP-binding enzyme
651   AmpE                     8   284   284     0.52  0.593 Regulatory signalling modulator protein AmpE
649   AMP-binding_C          244   150    76     9.94  0.744 AMP-binding enzyme C-terminal domain
652   Amphi-Trp              116   168    93     2.47  0.614 Amphi-Trp domain
653   AMPK1_CBM               88   105    85     2.28  0.669 Glycogen recognition site of AMP-activated protein kinase
654   AMPKBI                  91   199    71     2.47  0.793 5'-AMP-activated protein kinase beta subunit, interaction domain
656   AMP_N                  441   264   121     4.63  0.590 Aminopeptidase P, N-terminal domain
657   AMT4_dom_C              10    64    64     0.98  0.875 Glucan 1,4-alpha-maltotetraohydrolase, domain C
655   AMP_deaminase            6   695   630     0.61  0.589 AMP deaminase
659   AmyA-gluTrfs_C          20   321   284     2.37  0.590 Alpha-amylase/4-alpha-glucanotransferase, C-terminal
658   AmyA-A_glucT_m           8    84    80     0.86  0.706 Alpha-amylase/4-alpha-glucanotransferase, middle domain
660   ANAPC1                  52   457   298     4.01  0.590 Anaphase-promoting complex subunit 1 WD40 beta-propeller domain
661   ANAPC10                  8   231   185     1.08  0.591 Anaphase-promoting complex, subunit 10 (APC10)
663   ANAPC16                 31    82    80     0.52  0.713 Anaphase-promoting complex, subunit 16
664   ANAPC2                  82    65    60     5.35  0.930 Anaphase promoting complex (APC) subunit 2
662   ANAPC15                 35   108    90     2.95  0.633 Anaphase-promoting complex subunit 15
665   ANAPC3                  76   121    82    10.21  0.692 Anaphase-promoting complex, cyclosome, subunit 3
666   ANAPC4                  90   269   203     6.19  0.590 Anaphase-promoting complex, cyclosome, subunit 4
668   ANAPC5                  24   146    91     2.06  0.626 Anaphase-promoting complex subunit 5
667   ANAPC4_WD40             23   134    91     2.01  0.627 Anaphase-promoting complex subunit 4 WD40 domain
669   ANAPC8                  66   316   140     1.84  0.591 Anaphase promoting complex subunit 8 / Cdc23 
671   ANAPC_CDC26             36    98    74     7.27  0.763 Anaphase-promoting complex APC subunit CDC26
672   ANATO                  100    56    36     7.89  1.510 Anaphylotoxin-like domain
670   ANAPC9                  10   164   119     1.56  0.590 Anaphase-promoting complex subunit 9
673   Androgen_recep           2   501   501     0.48  0.592 Androgen receptor
674   Anemone_cytotox          3   177   176     0.48  0.592 Sea anemone cytotoxic protein
675   AnfG_VnfG               19   113   111     0.92  0.590 Vanadium/alternative nitrogenase delta subunit
676   AnfO_nitrog             34   236   190     2.07  0.590 Iron only nitrogenase protein AnfO (AnfO_nitrog)
677   ANF_receptor            70   689   351     9.42  0.590 Receptor family ligand binding region
679   Angiomotin_C            17   238   200     0.75  0.591 Angiomotin C terminal
678   ANGEL2_N                15   206   172     1.05  0.589 Protein angel homolog 2 N-terminal
680   Anillin                 79   270   140     4.73  0.590 Cell division protein anillin
681   Anillin_N               21    95    86     2.24  0.661 Anillin N-terminus
682   ANIS5_cation-bd         72   121   109     4.57  0.590 SXP/RAL-2 family protein Ani s 5-like, metal-binding domain
683   Ank                   1062   141    33  1062.00  1.085 Ankyrin repeat
684   ANKH                     3   345   344     0.42  0.593 Progressive ankylosis protein (ANKH)
685   AnkUBD                   2    97    97     0.49  0.586 Ankyrin ubiquitin-binding domain
687   Ank_3                  161    45    30   161.00  0.800 Ankyrin repeat
688   Ank_4                   62   112    54    62.00  0.870 Ankyrin repeats (many copies)
689   Ank_5                   49    66    56    49.00  0.862 Ankyrin repeats (many copies)
690   AnmK                     8   385   366     0.86  0.589 Anhydro-N-acetylmuramic acid kinase
686   Ank_2                  184   261    90    15.15  0.633 Ankyrin repeats (3 copies)
691   Annexin                100    72    66     8.07  0.850 Annexin
692   Annexin_like             4    95    93     0.57  0.617 Annexin-like domain
694   Anoct_dimer            112   435   224     2.15  0.590 Dimerisation domain of Ca+-activated chloride-channel, anoctamin
695   Anophelin                1    65    65     0.60  0.866 Thrombin inhibitor from mosquito
693   Anoctamin              307  1632   460     5.14  0.590 Calcium-activated chloride channel
696   ANP                     27    34    31     4.89  1.740 Atrial natriuretic peptide
698   ANT                    102   149   108     5.54  0.590 Phage antirepressor protein KilAC domain
699   AntA                    53   107    68     2.40  0.827 AntA/AntB antirepressor
697   Anp1                   126   366   264     1.76  0.590 Anp1
700   ANTAR                  613    64    54    14.25  1.028 ANTAR domain
701   ANTH                    28   325   276     3.98  0.590 ANTH domain
702   Anthrax-tox_M            1   287   287     0.39  0.593 Anthrax toxin lethal factor, middle domain
703   Anthrax_toxA             6   185   176     1.11  0.589 Anthrax toxin LF subunit
704   Anthrone_oxy           226   216   106     8.20  0.590 Anthrone oxygenase
705   Anth_Ig                 36   110   102     1.94  0.590 Anthrax receptor extracellular domain
706   Anth_synt_I_N           46   226   142     5.62  0.590 Anthranilate synthase component I, N terminal region
707   Anti-adapt_IraP          9    89    86     1.87  0.661 Sigma-S stabilisation anti-adaptor protein 
708   Anti-LPS-SCYG           10   106   100     0.97  0.589 Anti-lipopolysaccharide factor/Scygonadin
709   Anti-RecBCD_p2           1    97    97     0.38  0.595 Bacteriophage P22, anti-RecBCD protein 2
710   Anti-TRAP                4    64    59     1.21  0.944 Tryptophan RNA-binding attenuator protein inhibitory protein
712   Anticodon_1            160   271   147    10.07  0.590 Anticodon-binding domain of tRNA ligase
711   Antibiotic_NAT         108   333   233     3.77  0.590 Aminoglycoside 3-N-acetyltransferase
714   Anticodon_3            151   160   152     0.92  0.590 Anticodon binding domain of methionyl tRNA ligase
715   Antifungal_pept          6    34    33     2.38  1.641 Antifungal peptide
725   Antimicrobial15          3    19    19     3.00  1.962 Ocellatin family
738   Antimicrobial_4          5    24    24     5.00  2.107 Ant antimicrobial peptide
716   Antifungal_prot          9    53    50     1.85  1.107 Antifungal protein
739   Antimicrobial_5          6    31    31     1.94  1.739 Bee antimicrobial peptide
721   Antimicrobial11          2    16    16     2.00  2.493 Formaecin family
743   Antimicrobial_9          2    24    24     2.00  2.211 Ponericin L family
742   Antimicrobial_8          4    17    17     4.00  2.127 Uperin family
717   Antigen_Bd37             4   239   224     0.65  0.589 Glycosylphosphatidylinositol-anchored merozoite surface protein
733   Antimicrobial24          3    25    25     2.87  2.134 Frog antimicrobial peptide
718   Antigen_C               14   181   171     1.41  0.591 Cell surface antigen C-terminus
719   Antig_Caf1               1   136   136     0.40  0.589 Caf1 Capsule antigen
722   Antimicrobial12          4    42    42     1.43  1.306 Pleurocidin family
723   Antimicrobial13          2    15    15     2.00  2.432 Halocidin family
720   Antimicrobial10          2    50    50     1.00  1.106 Metchnikowin family
726   Antimicrobial17          2    57    57     0.67  0.976 Alpha/beta enterocin family
727   Antimicrobial18          2    60    60     0.86  0.931 Type A lantibiotic family
729   Antimicrobial20         14    13    13    14.00  2.095 Aurein-like antibiotic peptide
724   Antimicrobial14          2    31    31     1.21  1.745 Lactocin 705 family
730   Antimicrobial21         28    34    30     7.67  1.795 Plant antimicrobial peptide
713   Anticodon_2            393   256   141     6.40  0.590 Anticodon binding domain
740   Antimicrobial_6          3    40    39     1.08  1.399 Diapausin family of antimicrobial peptide
734   Antimicrobial25          4    63    54     1.06  1.030 Nematode antimicrobial peptide
728   Antimicrobial19          2    23    23     2.00  2.060 Pseudin antimicrobial peptide
735   Antimicrobial_1         25    24    24    12.44  2.218 Frog antimicrobial peptide 
731   Antimicrobial22          9    21    21     5.92  2.516 Frog antimicrobial peptide
732   Antimicrobial23          5    17    17     5.00  3.067 Frog antimicrobial peptide
741   Antimicrobial_7          4    43    43     1.50  1.278 Scorpion antimicrobial peptide 
736   Antimicrobial_2         18    37    33     8.07  1.641 Frog antimicrobial peptide 
737   Antimicrobial_3          2    37    37     1.29  1.473 Spider antimicrobial peptide
745   Antistasin             162    46    26    16.54  2.056 Antistasin family
746   Antiterm                13    95    87     2.85  0.654 Antitermination protein
747   Antitox_RHH             33    50    50     4.23  1.106 Antitoxin-like ribbon-helix-helix
744   Antirestrict            22   104    92     1.53  0.620 Antirestriction protein
752   AOX                    103   517   216     1.70  0.590 Alternative oxidase
753   AP-5_subunit_s1         13   224   192     1.69  0.589 AP-5 complex subunit sigma-1
754   AP1AR                    5   283   275     0.60  0.591 AP-1 complex-associated regulatory protein
755   AP2                     56    74    57    14.66  0.977 AP2 domain
748   Ant_C                   20    95    93     0.73  0.614 Anthrax receptor C-terminus region
749   ANXA2R                   7   244   190     1.34  0.590 Annexin-2 receptor
751   AOC_like                11   126   122     1.71  0.590 Allene oxide cyclase barrel like domain
759   AP4E_app_platf          25   117   100     2.56  0.590 Adaptin AP4 complex epsilon appendage platform
750   An_peroxidase          330  1325   529     3.50  0.590 Animal haem peroxidase
756   AP3B1_C                 33   187   148     1.87  0.590 Clathrin-adaptor complex-3 beta-1 subunit C-terminal
757   AP3D1                   17   201   156     1.70  0.589 AP-3 complex subunit delta-1 
758   Ap4A_phos_N             58   210   179     0.97  0.591 Ap4A phosphorylase N-terminal domain
764   Apc13p                   7   112    89     1.63  0.641 Apc13p protein
760   APAF1_C                  6   141   135     1.22  0.590 APAF-1 helical domain
761   ApbA                    79   221   150     6.27  0.590 Ketopantoate reductase PanE/ApbA
762   ApbA_C                  72   225   125     6.65  0.590 Ketopantoate reductase PanE/ApbA C terminal
766   APC1_C                  30   335   162     5.14  0.590 Anaphase-promoting complex sub unit 1 C-terminal domain 
767   Apc1_MidN                1   371   371     0.38  0.591 Anaphase-promoting complex subunit 1 middle domain
768   Apc1_N                   5   137   136     0.48  0.585 Anaphase-promoting complex subunit 1 N-terminal
769   APCDDC                  19   296   232     1.12  0.588 Adenomatosis polyposis coli down-regulated 1
770   APC_15aa                10    15    15    10.00  2.384 APC 15 residue motif
771   APC_basic               11   413   344     1.28  0.589 APC basic domain
772   APC_N_CC                 4    52    52     1.38  1.065 Coiled-coil N-terminus of APC, dimerisation domain
773   APC_r                   37    25    24    37.00  1.939 APC repeat
774   APC_rep                  6    81    76     0.95  0.742 Adenomatous polyposis coli (APC) repeat
778   APC_u5                   9   105   100     0.65  0.590 Unstructured region on APC between 1st and 2nd catenin-bdg motifs
775   APC_u13                  9    54    54     1.53  1.027 Unstructured region on APC between APC_crr and SAMP
776   APC_u14                 10    96    94     0.85  0.607 Unstructured region on APC between SAMP and APC_crr
777   APC_u15                 10    82    81     1.13  0.701 Unstructured region on APC between APC_crr regions 5 and 6
779   APC_u9                   9